=== Started 2018-02-03T11-08-30-372 ===
[INFO ][11:08:30] 419 bad words loaded
[WARN ][11:08:30] User account "Local Administrator" disabled
[WARN ][11:08:30] User account "Local Moderator" disabled
[WARN ][11:08:30] User account "Local User" disabled
[INFO ][11:08:30] 0 user records loaded.
[INFO ][11:08:30] 0 IP ban records loaded.
[INFO ][11:08:30] [1m[32mMultiOgar-Edited 1.6.1[37m - An open source multi-protocol ogar server[0m
[INFO ][11:08:30] WebSocket: ws
[INFO ][11:08:30] Started stats server on port 9090
[INFO ][11:08:30] Listening on port 8888
[INFO ][11:08:30] Current game mode is Free For All
[INFO ][11:08:30] Added 15 player bots
[NONE ][11:08:30]   __  __       _ _   _  ___                        _____    _ _ _           _    _   __    _ 
 |  \/  |_   _| | |_(_)/ _ \  __ _  __ _ _ __     | ____|__| (_) |_ ___  __| |  / | / /_  / |
 | |\/| | | | | | __| | | | |/ _` |/ _` | '__|____|  _| / _` | | __/ _ \/ _` |  | || '_ \ | |
 | |  | | |_| | | |_| | |_| | (_| | (_| | | |_____| |__| (_| | | ||  __/ (_| |  | || (_) || |
 |_|  |_|\__,_|_|\__|_|\___/ \__, |\__,_|_|       |_____\__,_|_|\__\___|\__,_|  |_(_)___(_)_|
                             |___/                                                           
[DEBUG][11:33:30] process.exit(1)
=== Shutdown 2018-02-03T11-33-30-528 ===
