=== Started 2018-01-19T17-58-52-676 ===
[INFO ][17:58:52] 419 bad words loaded
[WARN ][17:58:52] User account "Local Administrator" disabled
[WARN ][17:58:52] User account "Local Moderator" disabled
[WARN ][17:58:52] User account "Local User" disabled
[INFO ][17:58:52] 0 user records loaded.
[INFO ][17:58:52] 0 IP ban records loaded.
[INFO ][17:58:52] [1m[32mMultiOgar-Edited 1.6.1[37m - An open source multi-protocol ogar server[0m
[INFO ][17:58:52] WebSocket: ws
[INFO ][17:58:52] Started stats server on port 9090
[INFO ][17:58:52] Listening on port 8888
[INFO ][17:58:52] Current game mode is Free For All
[NONE ][17:58:52]   __  __       _ _   _  ___                        _____    _ _ _           _    _   __    _ 
 |  \/  |_   _| | |_(_)/ _ \  __ _  __ _ _ __     | ____|__| (_) |_ ___  __| |  / | / /_  / |
 | |\/| | | | | | __| | | | |/ _` |/ _` | '__|____|  _| / _` | | __/ _ \/ _` |  | || '_ \ | |
 | |  | | |_| | | |_| | |_| | (_| | (_| | | |_____| |__| (_| | | ||  __/ (_| |  | || (_) || |
 |_|  |_|\__,_|_|\__|_|\___/ \__, |\__,_|_|       |_____\__,_|_|\__\___|\__,_|  |_(_)___(_)_|
                             |___/                                                           
[NONE ][17:58:53] CONNECTED 127.0.0.1:62935, origin: "http://zapphy.epizy.com"
[NONE ][18:02:08] >ok
[WARN ][18:02:08] Invalid Command!
[NONE ][18:02:12] >m 1 7000
[NONE ][18:02:12] Set mass of zÎ±ÏÏĞ½Î¹ÑÑ” to 7000.000
[NONE ][18:02:22] >k 1
[NONE ][18:02:22] Killed zÎ±ÏÏĞ½Î¹ÑÑ” and removed 1 cells
[NONE ][18:04:27] >m 1 7000
[NONE ][18:04:27] Set mass of zÎ±ÏÏĞ½Î¹ÑÑ” to 7000.000
[NONE ][18:07:07] DISCONNECTED 127.0.0.1:62935, code: 1001, reason: "", name: " zÎ±ÏÏĞ½Î¹ÑÑ”"
[DEBUG][18:18:52] process.exit(1)
=== Shutdown 2018-01-19T18-18-52-908 ===
