=== Started 2018-02-19T13-47-32-588 ===
[INFO ][13:47:32] 419 bad words loaded
[WARN ][13:47:32] User account "Local Administrator" disabled
[WARN ][13:47:32] User account "Local Moderator" disabled
[WARN ][13:47:32] User account "Local User" disabled
[INFO ][13:47:32] 0 user records loaded.
[INFO ][13:47:32] 0 IP ban records loaded.
[INFO ][13:47:32] [1m[32mMultiOgar-Edited 1.6.1[37m - An open source multi-protocol ogar server[0m
[INFO ][13:47:32] WebSocket: ws
[INFO ][13:47:32] Started stats server on port 9090
[INFO ][13:47:32] Listening on port 8888
[INFO ][13:47:32] Current game mode is Free For All
[INFO ][13:47:32] Added 5 player bots
[NONE ][13:47:32]   __  __       _ _   _  ___                        _____    _ _ _           _    _   __    _ 
 |  \/  |_   _| | |_(_)/ _ \  __ _  __ _ _ __     | ____|__| (_) |_ ___  __| |  / | / /_  / |
 | |\/| | | | | | __| | | | |/ _` |/ _` | '__|____|  _| / _` | | __/ _ \/ _` |  | || '_ \ | |
 | |  | | |_| | | |_| | |_| | (_| | (_| | | |_____| |__| (_| | | ||  __/ (_| |  | || (_) || |
 |_|  |_|\__,_|_|\__|_|\___/ \__, |\__,_|_|       |_____\__,_|_|\__\___|\__,_|  |_(_)___(_)_|
                             |___/                                                           
[NONE ][13:47:33] CONNECTED 191.88.73.76:49208, origin: "http://zapphy.epizy.com"
[NONE ][13:47:37] >m 6 10000
[NONE ][13:47:37] Set mass of Zap to 10000.000
[NONE ][13:48:00] >m 6 19000
[NONE ][13:48:00] Set mass of Zap to 19000.000
[NONE ][13:49:39] >k 6
[NONE ][13:49:39] Killed Zap and removed 16 cells
[NONE ][13:49:45] >k 6
[NONE ][13:49:45] Killed Zap and removed 2 cells
[NONE ][13:50:16] >m 6 19000
[NONE ][13:50:16] Set mass of Zap to 19000.000
[NONE ][13:51:27] >m 6 10000
[NONE ][13:51:27] Set mass of Zap to 10000.000
[NONE ][13:51:53] >m 6 10000
[NONE ][13:51:53] Set mass of Zap to 10000.000
[NONE ][13:52:29] >k 6
[NONE ][13:52:29] Killed Zap and removed 16 cells
[NONE ][13:53:12] >m 6 15000
[NONE ][13:53:12] Set mass of Zap to 15000.000
[NONE ][13:54:29] >m 6 19000
[NONE ][13:54:29] Set mass of Zap to 19000.000
[NONE ][13:54:53] >exit
[WARN ][13:54:53] Closing server...
[DEBUG][13:54:53] process.exit(1)
=== Shutdown 2018-02-19T13-54-53-142 ===
