=== Started 2018-01-22T14-47-47-886 ===
[INFO ][14:47:47] 419 bad words loaded
[WARN ][14:47:47] User account "Local Administrator" disabled
[WARN ][14:47:47] User account "Local Moderator" disabled
[WARN ][14:47:47] User account "Local User" disabled
[INFO ][14:47:47] 0 user records loaded.
[INFO ][14:47:47] 0 IP ban records loaded.
[INFO ][14:47:47] [1m[32mMultiOgar-Edited 1.6.1[37m - An open source multi-protocol ogar server[0m
[INFO ][14:47:47] WebSocket: ws
[INFO ][14:47:48] Started stats server on port 9090
[INFO ][14:47:48] Listening on port 8888
[INFO ][14:47:48] Current game mode is Free For All
[FATAL][14:47:48] TypeError: this.gameServer.nodesPlayer.prompt is not a function
    at PlayerCell.onAdd (C:\Users\Sebastian\Downloads\server\src\entity\PlayerCell.js:30:30)
    at GameServer.addNode (C:\Users\Sebastian\Downloads\server\src\GameServer.js:230:10)
    at GameServer.spawnPlayer (C:\Users\Sebastian\Downloads\server\src\GameServer.js:853:10)
    at FFA.onPlayerSpawn (C:\Users\Sebastian\Downloads\server\src\gamemodes\FFA.js:19:16)
    at BotPlayer.PlayerTracker.joinGame (C:\Users\Sebastian\Downloads\server\src\PlayerTracker.js:170:30)
    at PacketHandler.setNickname (C:\Users\Sebastian\Downloads\server\src\PacketHandler.js:306:31)
    at BotLoader.addBot (C:\Users\Sebastian\Downloads\server\src\ai\BotLoader.js:49:21)
    at GameServer.onHttpServerOpen (C:\Users\Sebastian\Downloads\server\src\GameServer.js:212:23)
    at Object.onceWrapper (events.js:313:30)
    at emitNone (events.js:111:20)
[DEBUG][14:47:48] process.exit(1)
=== Shutdown 2018-01-22T14-47-48-032 ===
