=== Started 2018-01-30T19-18-25-613 ===
[INFO ][19:18:25] 419 bad words loaded
[WARN ][19:18:25] User account "Local Administrator" disabled
[WARN ][19:18:25] User account "Local Moderator" disabled
[WARN ][19:18:25] User account "Local User" disabled
[INFO ][19:18:25] 0 user records loaded.
[INFO ][19:18:25] 0 IP ban records loaded.
[INFO ][19:18:25] [1m[32mMultiOgar-Edited 1.6.1[37m - An open source multi-protocol ogar server[0m
[INFO ][19:18:25] WebSocket: ws
[INFO ][19:18:25] Started stats server on port 9090
[INFO ][19:18:25] Listening on port 8888
[INFO ][19:18:25] Current game mode is Free For All
[INFO ][19:18:25] Added 15 player bots
[NONE ][19:18:25]   __  __       _ _   _  ___                        _____    _ _ _           _    _   __    _ 
 |  \/  |_   _| | |_(_)/ _ \  __ _  __ _ _ __     | ____|__| (_) |_ ___  __| |  / | / /_  / |
 | |\/| | | | | | __| | | | |/ _` |/ _` | '__|____|  _| / _` | | __/ _ \/ _` |  | || '_ \ | |
 | |  | | |_| | | |_| | |_| | (_| | (_| | | |_____| |__| (_| | | ||  __/ (_| |  | || (_) || |
 |_|  |_|\__,_|_|\__|_|\___/ \__, |\__,_|_|       |_____\__,_|_|\__\___|\__,_|  |_(_)___(_)_|
                             |___/                                                           
[DEBUG][19:43:25] process.exit(1)
=== Shutdown 2018-01-30T19-43-25-732 ===
