=== Started 2018-02-24T09-35-17-689 ===
[INFO ][09:35:17] 0 bad words loaded
[WARN ][09:35:17] User account "Local Moderator" disabled
[WARN ][09:35:17] User account "Local User" disabled
[INFO ][09:35:17] 1 user records loaded.
[INFO ][09:35:17] 1 IP ban records loaded.
[INFO ][09:35:17] [1m[32mMultiOgar-Edited 1.6.1[37m - An open source multi-protocol ogar server[0m
[INFO ][09:35:17] WebSocket: ws
[INFO ][09:35:17] Started stats server on port 88
[INFO ][09:35:17] Listening on port 25565
[INFO ][09:35:17] Current game mode is Free For All
[INFO ][09:35:17] Added 5 player bots
[NONE ][09:35:17]   __  __       _ _   _  ___                        _____    _ _ _           _    _   __    _ 
 |  \/  |_   _| | |_(_)/ _ \  __ _  __ _ _ __     | ____|__| (_) |_ ___  __| |  / | / /_  / |
 | |\/| | | | | | __| | | | |/ _` |/ _` | '__|____|  _| / _` | | __/ _ \/ _` |  | || '_ \ | |
 | |  | | |_| | | |_| | |_| | (_| | (_| | | |_____| |__| (_| | | ||  __/ (_| |  | || (_) || |
 |_|  |_|\__,_|_|\__|_|\___/ \__, |\__,_|_|       |_____\__,_|_|\__\___|\__,_|  |_(_)___(_)_|
                             |___/                                                           
[NONE ][09:35:19] CONNECTED 191.88.73.76:50257, origin: "http://localhost"
[NONE ][09:38:41] >m 6 4000
[NONE ][09:38:41] Set mass of ZAPPHIRE! to 4000.000
[NONE ][09:38:53] >m 6 4000
[NONE ][09:38:53] Set mass of ZAPPHIRE! to 4000.000
[NONE ][09:38:57] >m 6 6000
[NONE ][09:38:57] Set mass of ZAPPHIRE! to 6000.000
[NONE ][09:43:30] >m 6 60000
[NONE ][09:43:30] Set mass of ZAPPHIRE! to 60000.000
[NONE ][09:43:32] >ka
[NONE ][09:44:30] DISCONNECTED 191.88.73.76:50257, code: 1006, reason: "", name: "ZAPPHIRE!"
[NONE ][09:44:33] CONNECTED 191.88.73.76:51007, origin: "http://localhost"
[NONE ][09:44:51] DISCONNECTED 191.88.73.76:51007, code: 1001, reason: "", name: ""
[NONE ][09:48:24] CONNECTED 191.88.73.76:51366, origin: "http://localhost"
[NONE ][10:00:54] >m 6 6000
[WARN ][10:00:54] That player ID is non-existant!
[NONE ][10:00:55] >pl
[NONE ][10:00:55] 
Current players: 21
[NONE ][10:00:55] Do "playerlist m" or "pl m" to list minions

[NONE ][10:00:55]  ID     | IP              | P | CELLS | SCORE  |   POSITION   | NICK                           
[NONE ][10:00:55] ───────────────────────────────────────────────────────────────────────────────────────────────
[NONE ][10:00:55]       1 | [BOT]           | ? |     1 |  16387 | -4274, -4013 | acardego                      
[NONE ][10:00:55]       2 | [BOT]           | ? |     1 |    574 |  5690, -2205 | arcadego                      
[NONE ][10:00:55]       3 | [BOT]           | ? |     1 |     58 |  3424,  5683 | Cxxxxxx爱情                     
[NONE ][10:00:55]       4 | [BOT]           | ? |     1 |   3512 |  5455,  1943 | skype:Dr.potato               
[NONE ][10:00:55]       5 | [BOT]           | ? |     9 |    675 |  -459,   530 | PlanetDena                    
[NONE ][10:00:55]      38 | 191.88.73.76    | 6 |     1 |     43 | -6131, -2776 | ZAPPHIRE!                     
[NONE ][10:00:58] >m 38 10000
[NONE ][10:00:58] Set mass of ZAPPHIRE! to 10000.000
[NONE ][10:01:05] >m 38 10000
[NONE ][10:01:05] Set mass of ZAPPHIRE! to 10000.000
[NONE ][10:01:07] >m 38 10000
[NONE ][10:01:07] Set mass of ZAPPHIRE! to 10000.000
[NONE ][10:01:17] >m 38 10000
[NONE ][10:01:17] Set mass of ZAPPHIRE! to 10000.000
[NONE ][10:01:29] >m 38 22000
[NONE ][10:01:29] Set mass of ZAPPHIRE! to 22000.000
[NONE ][10:01:39] >m 38 22000
[NONE ][10:01:39] Set mass of ZAPPHIRE! to 22000.000
[NONE ][10:03:27] >m 38 22000
[NONE ][10:03:27] Set mass of ZAPPHIRE! to 22000.000
[NONE ][10:03:48] >ka
[DEBUG][10:05:17] process.exit(1)
=== Shutdown 2018-02-24T10-05-17-847 ===
