=== Started 2018-02-03T11-01-04-757 ===
[INFO ][11:01:04] 419 bad words loaded
[WARN ][11:01:04] User account "Local Administrator" disabled
[WARN ][11:01:04] User account "Local Moderator" disabled
[WARN ][11:01:04] User account "Local User" disabled
[INFO ][11:01:04] 0 user records loaded.
[INFO ][11:01:04] 0 IP ban records loaded.
[INFO ][11:01:04] [1m[32mMultiOgar-Edited 1.6.1[37m - An open source multi-protocol ogar server[0m
[INFO ][11:01:04] WebSocket: ws
[INFO ][11:01:04] Started stats server on port 9090
[INFO ][11:01:04] Listening on port 8888
[INFO ][11:01:04] Current game mode is Free For All
[INFO ][11:01:04] Added 15 player bots
[NONE ][11:01:04]   __  __       _ _   _  ___                        _____    _ _ _           _    _   __    _ 
 |  \/  |_   _| | |_(_)/ _ \  __ _  __ _ _ __     | ____|__| (_) |_ ___  __| |  / | / /_  / |
 | |\/| | | | | | __| | | | |/ _` |/ _` | '__|____|  _| / _` | | __/ _ \/ _` |  | || '_ \ | |
 | |  | | |_| | | |_| | |_| | (_| | (_| | | |_____| |__| (_| | | ||  __/ (_| |  | || (_) || |
 |_|  |_|\__,_|_|\__|_|\___/ \__, |\__,_|_|       |_____\__,_|_|\__\___|\__,_|  |_(_)___(_)_|
                             |___/                                                           
[NONE ][11:01:05] CONNECTED 127.0.0.1:57100, origin: "http://localhost"
