=== Started 2018-02-24T13-35-22-915 ===
[INFO ][13:35:22] 0 bad words loaded
[WARN ][13:35:22] User account "Local Moderator" disabled
[WARN ][13:35:22] User account "Local User" disabled
[INFO ][13:35:22] 1 user records loaded.
[INFO ][13:35:22] 1 IP ban records loaded.
[INFO ][13:35:22] [1m[32mMultiOgar-Edited 1.6.1[37m - An open source multi-protocol ogar server[0m
[INFO ][13:35:22] WebSocket: ws
[INFO ][13:35:23] Started stats server on port 88
[INFO ][13:35:23] Listening on port 25565
[INFO ][13:35:23] Current game mode is Free For All
[INFO ][13:35:23] Added 5 player bots
[NONE ][13:35:23]   __  __       _ _   _  ___                        _____    _ _ _           _    _   __    _ 
 |  \/  |_   _| | |_(_)/ _ \  __ _  __ _ _ __     | ____|__| (_) |_ ___  __| |  / | / /_  / |
 | |\/| | | | | | __| | | | |/ _` |/ _` | '__|____|  _| / _` | | __/ _ \/ _` |  | || '_ \ | |
 | |  | | |_| | | |_| | |_| | (_| | (_| | | |_____| |__| (_| | | ||  __/ (_| |  | || (_) || |
 |_|  |_|\__,_|_|\__|_|\___/ \__, |\__,_|_|       |_____\__,_|_|\__\___|\__,_|  |_(_)___(_)_|
                             |___/                                                           
[NONE ][13:39:14] CONNECTED 190.30.138.43:15321, origin: "http://zapphy.epizy.com"
[NONE ][13:41:49] DISCONNECTED 190.30.138.43:15321, code: 1001, reason: "", name: ""
[NONE ][13:46:26] CONNECTED 181.112.107.157:28154, origin: "http://zapphy.epizy.com"
[NONE ][13:47:09] DISCONNECTED 181.112.107.157:28154, code: 1006, reason: "undefined", name: ""
