=== Started 2018-01-19T17-16-11-675 ===
[INFO ][17:16:11] 419 bad words loaded
[WARN ][17:16:11] User account "Local Administrator" disabled
[WARN ][17:16:11] User account "Local Moderator" disabled
[WARN ][17:16:11] User account "Local User" disabled
[INFO ][17:16:11] 0 user records loaded.
[INFO ][17:16:11] 0 IP ban records loaded.
[INFO ][17:16:11] [1m[32mMultiOgar-Edited 1.6.1[37m - An open source multi-protocol ogar server[0m
[INFO ][17:16:11] WebSocket: ws
[INFO ][17:16:11] Started stats server on port 9090
[INFO ][17:16:11] Listening on port 8888
[INFO ][17:16:11] Current game mode is Free For All
[NONE ][17:16:11]   __  __       _ _   _  ___                        _____    _ _ _           _    _   __    _ 
 |  \/  |_   _| | |_(_)/ _ \  __ _  __ _ _ __     | ____|__| (_) |_ ___  __| |  / | / /_  / |
 | |\/| | | | | | __| | | | |/ _` |/ _` | '__|____|  _| / _` | | __/ _ \/ _` |  | || '_ \ | |
 | |  | | |_| | | |_| | |_| | (_| | (_| | | |_____| |__| (_| | | ||  __/ (_| |  | || (_) || |
 |_|  |_|\__,_|_|\__|_|\___/ \__, |\__,_|_|       |_____\__,_|_|\__\___|\__,_|  |_(_)___(_)_|
                             |___/                                                           
[NONE ][17:16:14] CONNECTED 127.0.0.1:62832, origin: "http://zapphy.epizy.com"
[NONE ][17:16:46] >l
[WARN ][17:16:46] Invalid Command!
[NONE ][17:16:47] >pl
[NONE ][17:16:47] 
Current players: 11
[NONE ][17:16:47] Do "playerlist m" or "pl m" to list minions

[NONE ][17:16:47]  ID     | IP              | P | CELLS | SCORE  |   POSITION   | NICK                           
[NONE ][17:16:47] â”€â”€â”€â”€â”€â”€â”€â”€â”€â”€â”€â”€â”€â”€â”€â”€â”€â”€â”€â”€â”€â”€â”€â”€â”€â”€â”€â”€â”€â”€â”€â”€â”€â”€â”€â”€â”€â”€â”€â”€â”€â”€â”€â”€â”€â”€â”€â”€â”€â”€â”€â”€â”€â”€â”€â”€â”€â”€â”€â”€â”€â”€â”€â”€â”€â”€â”€â”€â”€â”€â”€â”€â”€â”€â”€â”€â”€â”€â”€â”€â”€â”€â”€â”€â”€â”€â”€â”€â”€â”€â”€â”€â”€â”€â”€
[NONE ][17:16:47]       1 | 127.0.0.1       | 6 |     1 |    107 |  2722, -5098 | zÎ±ÏÏĞ½Î¹ÑÑ”                      
[NONE ][17:16:49] >m 1 12000
[NONE ][17:16:49] Set mass of zÎ±ÏÏĞ½Î¹ÑÑ” to 12000.000
[NONE ][17:17:03] >m 1 12000
[NONE ][17:17:03] Set mass of zÎ±ÏÏĞ½Î¹ÑÑ” to 12000.000
[NONE ][17:20:48] >m 1 12000
[NONE ][17:20:48] Set mass of zÎ±ÏÏĞ½Î¹ÑÑ” to 12000.000
[NONE ][17:23:34] >m 1 12000
[NONE ][17:23:34] Set mass of zÎ±ÏÏĞ½Î¹ÑÑ” to 12000.000
