=== Started 2018-01-18T20-55-38-289 ===
[INFO ][20:55:38] 419 bad words loaded
[WARN ][20:55:38] User account "Local Administrator" disabled
[WARN ][20:55:38] User account "Local Moderator" disabled
[WARN ][20:55:38] User account "Local User" disabled
[INFO ][20:55:38] 0 user records loaded.
[INFO ][20:55:38] 0 IP ban records loaded.
[INFO ][20:55:38] [1m[32mMultiOgar-Edited 1.6.1[37m - An open source multi-protocol ogar server[0m
[INFO ][20:55:38] WebSocket: ws
[INFO ][20:55:38] Started stats server on port 9090
[INFO ][20:55:38] Listening on port 8888
[INFO ][20:55:38] Current game mode is Free For All
[NONE ][20:55:38]   __  __       _ _   _  ___                        _____    _ _ _           _    _   __    _ 
 |  \/  |_   _| | |_(_)/ _ \  __ _  __ _ _ __     | ____|__| (_) |_ ___  __| |  / | / /_  / |
 | |\/| | | | | | __| | | | |/ _` |/ _` | '__|____|  _| / _` | | __/ _ \/ _` |  | || '_ \ | |
 | |  | | |_| | | |_| | |_| | (_| | (_| | | |_____| |__| (_| | | ||  __/ (_| |  | || (_) || |
 |_|  |_|\__,_|_|\__|_|\___/ \__, |\__,_|_|       |_____\__,_|_|\__\___|\__,_|  |_(_)___(_)_|
                             |___/                                                           
[DEBUG][21:15:38] process.exit(1)
=== Shutdown 2018-01-18T21-15-38-522 ===
