=== Started 2018-01-19T16-46-59-787 ===
[INFO ][16:46:59] 419 bad words loaded
[WARN ][16:46:59] User account "Local Administrator" disabled
[WARN ][16:46:59] User account "Local Moderator" disabled
[WARN ][16:46:59] User account "Local User" disabled
[INFO ][16:46:59] 0 user records loaded.
[INFO ][16:46:59] 0 IP ban records loaded.
[INFO ][16:46:59] [1m[32mMultiOgar-Edited 1.6.1[37m - An open source multi-protocol ogar server[0m
[INFO ][16:46:59] WebSocket: ws
[INFO ][16:46:59] Started stats server on port 9090
[INFO ][16:46:59] Listening on port 8888
[INFO ][16:46:59] Current game mode is Free For All
[NONE ][16:47:00]   __  __       _ _   _  ___                        _____    _ _ _           _    _   __    _ 
 |  \/  |_   _| | |_(_)/ _ \  __ _  __ _ _ __     | ____|__| (_) |_ ___  __| |  / | / /_  / |
 | |\/| | | | | | __| | | | |/ _` |/ _` | '__|____|  _| / _` | | __/ _ \/ _` |  | || '_ \ | |
 | |  | | |_| | | |_| | |_| | (_| | (_| | | |_____| |__| (_| | | ||  __/ (_| |  | || (_) || |
 |_|  |_|\__,_|_|\__|_|\___/ \__, |\__,_|_|       |_____\__,_|_|\__\___|\__,_|  |_(_)___(_)_|
                             |___/                                                           
[NONE ][16:47:07] CONNECTED 127.0.0.1:61644, origin: "http://localhost"
[NONE ][16:49:18] >m 1 12000
[NONE ][16:49:18] Set mass of Goblin to 12000.000
[NONE ][16:49:27] >m 1 12000
[NONE ][16:49:27] Set mass of Goblin to 12000.000
[NONE ][16:58:45] CONNECTED 127.0.0.1:62633, origin: "http://zapphy.epizy.com"
[NONE ][16:59:47] DISCONNECTED 127.0.0.1:62633, code: 1006, reason: "", name: " zαρρнιяє"
[NONE ][17:00:17] DISCONNECTED 127.0.0.1:61644, code: 1006, reason: "", name: " "
