=== Started 2018-01-19T17-47-39-988 ===
[INFO ][17:47:40] 419 bad words loaded
[WARN ][17:47:40] User account "Local Administrator" disabled
[WARN ][17:47:40] User account "Local Moderator" disabled
[WARN ][17:47:40] User account "Local User" disabled
[INFO ][17:47:40] 0 user records loaded.
[INFO ][17:47:40] 0 IP ban records loaded.
[INFO ][17:47:40] [1m[32mMultiOgar-Edited 1.6.1[37m - An open source multi-protocol ogar server[0m
[INFO ][17:47:40] WebSocket: ws
[INFO ][17:47:40] Started stats server on port 9090
[INFO ][17:47:40] Listening on port 8888
[INFO ][17:47:40] Current game mode is Free For All
[NONE ][17:47:40]   __  __       _ _   _  ___                        _____    _ _ _           _    _   __    _ 
 |  \/  |_   _| | |_(_)/ _ \  __ _  __ _ _ __     | ____|__| (_) |_ ___  __| |  / | / /_  / |
 | |\/| | | | | | __| | | | |/ _` |/ _` | '__|____|  _| / _` | | __/ _ \/ _` |  | || '_ \ | |
 | |  | | |_| | | |_| | |_| | (_| | (_| | | |_____| |__| (_| | | ||  __/ (_| |  | || (_) || |
 |_|  |_|\__,_|_|\__|_|\___/ \__, |\__,_|_|       |_____\__,_|_|\__\___|\__,_|  |_(_)___(_)_|
                             |___/                                                           
[NONE ][17:47:41] CONNECTED 127.0.0.1:62876, origin: "http://zapphy.epizy.com"
[NONE ][17:47:50] >m 1 10000
[NONE ][17:47:50] Set mass of zÎ±ÏÏĞ½Î¹ÑÑ” to 10000.000
[NONE ][17:48:15] >m 1 12000
[NONE ][17:48:15] Set mass of zÎ±ÏÏĞ½Î¹ÑÑ” to 12000.000
