=== Started 2018-02-21T19-11-53-377 ===
[INFO ][19:11:53] 0 bad words loaded
[WARN ][19:11:53] User account "Local Moderator" disabled
[WARN ][19:11:53] User account "Local User" disabled
[INFO ][19:11:53] 1 user records loaded.
[INFO ][19:11:53] 1 IP ban records loaded.
[INFO ][19:11:53] [1m[32mMultiOgar-Edited 1.6.1[37m - An open source multi-protocol ogar server[0m
[INFO ][19:11:53] WebSocket: ws
[INFO ][19:11:53] Started stats server on port 88
[INFO ][19:11:53] Listening on port 25565
[INFO ][19:11:53] Current game mode is Free For All
[INFO ][19:11:54] Added 5 player bots
[NONE ][19:11:54]   __  __       _ _   _  ___                        _____    _ _ _           _    _   __    _ 
 |  \/  |_   _| | |_(_)/ _ \  __ _  __ _ _ __     | ____|__| (_) |_ ___  __| |  / | / /_  / |
 | |\/| | | | | | __| | | | |/ _` |/ _` | '__|____|  _| / _` | | __/ _ \/ _` |  | || '_ \ | |
 | |  | | |_| | | |_| | |_| | (_| | (_| | | |_____| |__| (_| | | ||  __/ (_| |  | || (_) || |
 |_|  |_|\__,_|_|\__|_|\___/ \__, |\__,_|_|       |_____\__,_|_|\__\___|\__,_|  |_(_)___(_)_|
                             |___/                                                           
[NONE ][19:11:54] CONNECTED 190.152.211.131:1346, origin: "http://zapphy.epizy.com"
[NONE ][19:15:32] >`pl
[WARN ][19:15:32] Invalid Command!
[NONE ][19:15:32] >pl
[NONE ][19:15:32] 
Current players: 21
[NONE ][19:15:32] Do "playerlist m" or "pl m" to list minions

[NONE ][19:15:32]  ID     | IP              | P | CELLS | SCORE  |   POSITION   | NICK                           
[NONE ][19:15:32] ───────────────────────────────────────────────────────────────────────────────────────────────
[NONE ][19:15:32]       1 | [BOT]           | ? |     1 |   3196 |  5454,  1595 | ƬψƬ思❥一ＯＸＹＧＥＮᵖʳᵒ               
[NONE ][19:15:32]       2 | [BOT]           | ? |     6 |   4742 |   526,  -617 | Royal Fan                     
[NONE ][19:15:32]       3 | [BOT]           | ? |     1 |    118 |  4679, -1290 | Sith                          
[NONE ][19:15:32]       4 | [BOT]           | ? |     4 |   2268 |  1024, -1426 | Ya                            
[NONE ][19:15:32]       5 | [BOT]           | ? |     1 |   3786 |    13, -1934 | BUBLEBALZ⊱遊㊣                  
[NONE ][19:15:32]       6 | 190.152.211.131 | 6 | -------------------------------------------DEAD OR NOT PLAYING
[NONE ][19:15:33] >pl
[NONE ][19:15:33] 
Current players: 21
[NONE ][19:15:33] Do "playerlist m" or "pl m" to list minions

[NONE ][19:15:33]  ID     | IP              | P | CELLS | SCORE  |   POSITION   | NICK                           
[NONE ][19:15:33] ───────────────────────────────────────────────────────────────────────────────────────────────
[NONE ][19:15:33]       1 | [BOT]           | ? |     1 |   3190 |  5540,  1615 | ƬψƬ思❥一ＯＸＹＧＥＮᵖʳᵒ               
[NONE ][19:15:33]       2 | [BOT]           | ? |     6 |   4733 |   531,  -628 | Royal Fan                     
[NONE ][19:15:33]       3 | [BOT]           | ? |     1 |    117 |  4846, -1213 | Sith                          
[NONE ][19:15:33]       4 | [BOT]           | ? |     4 |   2263 |  1013, -1458 | Ya                            
[NONE ][19:15:33]       5 | [BOT]           | ? |     1 |   3779 |    82, -1885 | BUBLEBALZ⊱遊㊣                  
[NONE ][19:15:33]       6 | 190.152.211.131 | 6 | -------------------------------------------DEAD OR NOT PLAYING
[NONE ][19:15:33] >pl
[NONE ][19:15:33] 
Current players: 21
[NONE ][19:15:33] Do "playerlist m" or "pl m" to list minions

[NONE ][19:15:33]  ID     | IP              | P | CELLS | SCORE  |   POSITION   | NICK                           
[NONE ][19:15:33] ───────────────────────────────────────────────────────────────────────────────────────────────
[NONE ][19:15:33]       1 | [BOT]           | ? |     1 |   3191 |  5611,  1647 | ƬψƬ思❥一ＯＸＹＧＥＮᵖʳᵒ               
[NONE ][19:15:33]       2 | [BOT]           | ? |     6 |   4733 |   534,  -637 | Royal Fan                     
[NONE ][19:15:33]       3 | [BOT]           | ? |     1 |    117 |  4996, -1159 | Sith                          
[NONE ][19:15:33]       4 | [BOT]           | ? |     4 |   2263 |  1005, -1485 | Ya                            
[NONE ][19:15:33]       5 | [BOT]           | ? |     1 |   3780 |   139, -1837 | BUBLEBALZ⊱遊㊣                  
[NONE ][19:15:33]       6 | 190.152.211.131 | 6 | -------------------------------------------DEAD OR NOT PLAYING
[NONE ][19:15:34] >pl
[NONE ][19:15:34] 
Current players: 21
[NONE ][19:15:34] Do "playerlist m" or "pl m" to list minions

[NONE ][19:15:34]  ID     | IP              | P | CELLS | SCORE  |   POSITION   | NICK                           
[NONE ][19:15:34] ───────────────────────────────────────────────────────────────────────────────────────────────
[NONE ][19:15:34]       1 | [BOT]           | ? |     1 |   3188 |  5673,  1694 | ƬψƬ思❥一ＯＸＹＧＥＮᵖʳᵒ               
[NONE ][19:15:34]       2 | [BOT]           | ? |     6 |   4723 |   538,  -647 | Royal Fan                     
[NONE ][19:15:34]       3 | [BOT]           | ? |     1 |    117 |  5148, -1110 | Sith                          
[NONE ][19:15:34]       4 | [BOT]           | ? |     4 |   2262 |  1022, -1507 | Ya                            
[NONE ][19:15:34]       5 | [BOT]           | ? |     1 |   3772 |   196, -1790 | BUBLEBALZ⊱遊㊣                  
[NONE ][19:15:34]       6 | 190.152.211.131 | 6 | -------------------------------------------DEAD OR NOT PLAYING
[NONE ][19:15:35] >pl
[NONE ][19:15:35] 
Current players: 21
[NONE ][19:15:35] Do "playerlist m" or "pl m" to list minions

[NONE ][19:15:35]  ID     | IP              | P | CELLS | SCORE  |   POSITION   | NICK                           
[NONE ][19:15:35] ───────────────────────────────────────────────────────────────────────────────────────────────
[NONE ][19:15:35]       1 | [BOT]           | ? |     1 |   3193 |  5714,  1746 | ƬψƬ思❥一ＯＸＹＧＥＮᵖʳᵒ               
[NONE ][19:15:35]       2 | [BOT]           | ? |     6 |   4723 |   541,  -655 | Royal Fan                     
[NONE ][19:15:35]       3 | [BOT]           | ? |     1 |    117 |  5273, -1055 | Sith                          
[NONE ][19:15:35]       4 | [BOT]           | ? |     4 |   2264 |  1033, -1527 | Ya                            
[NONE ][19:15:35]       5 | [BOT]           | ? |     1 |   3772 |   258, -1788 | BUBLEBALZ⊱遊㊣                  
[NONE ][19:15:35]       6 | 190.152.211.131 | 6 | -------------------------------------------DEAD OR NOT PLAYING
[NONE ][19:15:35] >pl
[NONE ][19:15:35] 
Current players: 21
[NONE ][19:15:35] Do "playerlist m" or "pl m" to list minions

[NONE ][19:15:35]  ID     | IP              | P | CELLS | SCORE  |   POSITION   | NICK                           
[NONE ][19:15:35] ───────────────────────────────────────────────────────────────────────────────────────────────
[NONE ][19:15:35]       1 | [BOT]           | ? |     1 |   3201 |  5749,  1800 | ƬψƬ思❥一ＯＸＹＧＥＮᵖʳᵒ               
[NONE ][19:15:35]       2 | [BOT]           | ? |     6 |   4714 |   544,  -664 | Royal Fan                     
[NONE ][19:15:35]       3 | [BOT]           | ? |     1 |    118 |  5393,  -991 | Sith                          
[NONE ][19:15:35]       4 | [BOT]           | ? |     4 |   2263 |  1041, -1548 | Ya                            
[NONE ][19:15:35]       5 | [BOT]           | ? |     1 |   3765 |   323, -1790 | BUBLEBALZ⊱遊㊣                  
[NONE ][19:15:35]       6 | 190.152.211.131 | 6 | -------------------------------------------DEAD OR NOT PLAYING
[NONE ][19:15:35] >pl
[NONE ][19:15:35] 
Current players: 21
[NONE ][19:15:35] Do "playerlist m" or "pl m" to list minions

[NONE ][19:15:35]  ID     | IP              | P | CELLS | SCORE  |   POSITION   | NICK                           
[NONE ][19:15:35] ───────────────────────────────────────────────────────────────────────────────────────────────
[NONE ][19:15:35]       1 | [BOT]           | ? |     1 |   3212 |  5810,  1832 | ƬψƬ思❥一ＯＸＹＧＥＮᵖʳᵒ               
[NONE ][19:15:35]       2 | [BOT]           | ? |     6 |   4714 |   546,  -672 | Royal Fan                     
[NONE ][19:15:35]       3 | [BOT]           | ? |     1 |    118 |  5505,  -915 | Sith                          
[NONE ][19:15:36]       4 | [BOT]           | ? |     4 |   2264 |  1055, -1557 | Ya                            
[NONE ][19:15:36]       5 | [BOT]           | ? |     1 |   3765 |   314, -1848 | BUBLEBALZ⊱遊㊣                  
[NONE ][19:15:36]       6 | 190.152.211.131 | 6 | -------------------------------------------DEAD OR NOT PLAYING
[NONE ][19:15:36] >pl
[NONE ][19:15:36] 
Current players: 21
[NONE ][19:15:36] Do "playerlist m" or "pl m" to list minions

[NONE ][19:15:36]  ID     | IP              | P | CELLS | SCORE  |   POSITION   | NICK                           
[NONE ][19:15:36] ───────────────────────────────────────────────────────────────────────────────────────────────
[NONE ][19:15:36]       1 | [BOT]           | ? |     1 |   3205 |  5801,  1756 | ƬψƬ思❥一ＯＸＹＧＥＮᵖʳᵒ               
[NONE ][19:15:36]       2 | [BOT]           | ? |     6 |   4704 |   550,  -682 | Royal Fan                     
[NONE ][19:15:36]       3 | [BOT]           | ? |     1 |    133 |  5634,  -835 | Sith                          
[NONE ][19:15:36]       4 | [BOT]           | ? |     4 |   2262 |  1079, -1572 | Ya                            
[NONE ][19:15:36]       5 | [BOT]           | ? |     1 |   3757 |   270, -1879 | BUBLEBALZ⊱遊㊣                  
[NONE ][19:15:36]       6 | 190.152.211.131 | 6 | -------------------------------------------DEAD OR NOT PLAYING
[NONE ][19:15:37] >pl
[NONE ][19:15:37] 
Current players: 21
[NONE ][19:15:37] Do "playerlist m" or "pl m" to list minions

[NONE ][19:15:37]  ID     | IP              | P | CELLS | SCORE  |   POSITION   | NICK                           
[NONE ][19:15:37] ───────────────────────────────────────────────────────────────────────────────────────────────
[NONE ][19:15:37]       1 | [BOT]           | ? |     1 |   3205 |  5794,  1684 | ƬψƬ思❥一ＯＸＹＧＥＮᵖʳᵒ               
[NONE ][19:15:37]       2 | [BOT]           | ? |     6 |   4704 |   554,  -691 | Royal Fan                     
[NONE ][19:15:37]       3 | [BOT]           | ? |     1 |    133 |  5780,  -830 | Sith                          
[NONE ][19:15:37]       4 | [BOT]           | ? |     4 |   2262 |  1097, -1592 | Ya                            
[NONE ][19:15:37]       5 | [BOT]           | ? |     1 |   3757 |   224, -1879 | BUBLEBALZ⊱遊㊣                  
[NONE ][19:15:37]       6 | 190.152.211.131 | 6 | -------------------------------------------DEAD OR NOT PLAYING
[NONE ][19:15:37] >pl
[NONE ][19:15:37] 
Current players: 21
[NONE ][19:15:37] Do "playerlist m" or "pl m" to list minions

[NONE ][19:15:37]  ID     | IP              | P | CELLS | SCORE  |   POSITION   | NICK                           
[NONE ][19:15:37] ───────────────────────────────────────────────────────────────────────────────────────────────
[NONE ][19:15:37]       1 | [BOT]           | ? |     1 |   3199 |  5788,  1613 | ƬψƬ思❥一ＯＸＹＧＥＮᵖʳᵒ               
[NONE ][19:15:37]       2 | [BOT]           | ? |     6 |   4695 |   557,  -699 | Royal Fan                     
[NONE ][19:15:37]       3 | [BOT]           | ? |     1 |    132 |  5926,  -838 | Sith                          
[NONE ][19:15:37]       4 | [BOT]           | ? |     4 |   2264 |  1105, -1615 | Ya                            
[NONE ][19:15:37]       5 | [BOT]           | ? |     1 |   3750 |   180, -1922 | BUBLEBALZ⊱遊㊣                  
[NONE ][19:15:37]       6 | 190.152.211.131 | 6 | -------------------------------------------DEAD OR NOT PLAYING
[NONE ][19:15:38] >pl
[NONE ][19:15:38] 
Current players: 21
[NONE ][19:15:38] Do "playerlist m" or "pl m" to list minions

[NONE ][19:15:38]  ID     | IP              | P | CELLS | SCORE  |   POSITION   | NICK                           
[NONE ][19:15:38] ───────────────────────────────────────────────────────────────────────────────────────────────
[NONE ][19:15:38]       1 | [BOT]           | ? |     1 |   3202 |  5782,  1541 | ƬψƬ思❥一ＯＸＹＧＥＮᵖʳᵒ               
[NONE ][19:15:38]       2 | [BOT]           | ? |     6 |   4697 |   561,  -708 | Royal Fan                     
[NONE ][19:15:38]       3 | [BOT]           | ? |     1 |    136 |  6070,  -854 | Sith                          
[NONE ][19:15:38]       4 | [BOT]           | ? |     4 |   2264 |  1111, -1639 | Ya                            
[NONE ][19:15:38]       5 | [BOT]           | ? |     1 |   3750 |   147, -1982 | BUBLEBALZ⊱遊㊣                  
[NONE ][19:15:38]       6 | 190.152.211.131 | 6 | -------------------------------------------DEAD OR NOT PLAYING
[NONE ][19:15:38] >pl
[NONE ][19:15:38] 
Current players: 21
[NONE ][19:15:38] Do "playerlist m" or "pl m" to list minions

[NONE ][19:15:38]  ID     | IP              | P | CELLS | SCORE  |   POSITION   | NICK                           
[NONE ][19:15:38] ───────────────────────────────────────────────────────────────────────────────────────────────
[NONE ][19:15:38]       1 | [BOT]           | ? |     1 |   3199 |  5778,  1475 | ƬψƬ思❥一ＯＸＹＧＥＮᵖʳᵒ               
[NONE ][19:15:38]       2 | [BOT]           | ? |     6 |   4687 |   565,  -716 | Royal Fan                     
[NONE ][19:15:38]       3 | [BOT]           | ? |     1 |    136 |  6191,  -860 | Sith                          
[NONE ][19:15:38]       4 | [BOT]           | ? |     4 |   2262 |  1113, -1662 | Ya                            
[NONE ][19:15:38]       5 | [BOT]           | ? |     1 |   3778 |   157, -1990 | BUBLEBALZ⊱遊㊣                  
[NONE ][19:15:38]       6 | 190.152.211.131 | 6 | -------------------------------------------DEAD OR NOT PLAYING
[NONE ][19:15:39] >pl
[NONE ][19:15:39] 
Current players: 21
[NONE ][19:15:39] Do "playerlist m" or "pl m" to list minions

[NONE ][19:15:39]  ID     | IP              | P | CELLS | SCORE  |   POSITION   | NICK                           
[NONE ][19:15:39] ───────────────────────────────────────────────────────────────────────────────────────────────
[NONE ][19:15:39]       1 | [BOT]           | ? |     1 |   3205 |  5773,  1404 | ƬψƬ思❥一ＯＸＹＧＥＮᵖʳᵒ               
[NONE ][19:15:39]       2 | [BOT]           | ? |     6 |   4691 |   568,  -724 | Royal Fan                     
[NONE ][19:15:39]       3 | [BOT]           | ? |     1 |    136 |  6293,  -813 | Sith                          
[NONE ][19:15:39]       4 | [BOT]           | ? |     4 |   2265 |  1113, -1688 | Ya                            
[NONE ][19:15:39]       5 | [BOT]           | ? |     1 |   3778 |   120, -2048 | BUBLEBALZ⊱遊㊣                  
[NONE ][19:15:39]       6 | 190.152.211.131 | 6 | -------------------------------------------DEAD OR NOT PLAYING
[NONE ][19:15:39] >pl
[NONE ][19:15:39] 
Current players: 21
[NONE ][19:15:39] Do "playerlist m" or "pl m" to list minions

[NONE ][19:15:39]  ID     | IP              | P | CELLS | SCORE  |   POSITION   | NICK                           
[NONE ][19:15:39] ───────────────────────────────────────────────────────────────────────────────────────────────
[NONE ][19:15:39]       1 | [BOT]           | ? |     1 |   3199 |  5766,  1332 | ƬψƬ思❥一ＯＸＹＧＥＮᵖʳᵒ               
[NONE ][19:15:39]       2 | [BOT]           | ? |     6 |   4682 |   572,  -734 | Royal Fan                     
[NONE ][19:15:39]       3 | [BOT]           | ? |     1 |    136 |  6381,  -698 | Sith                          
[NONE ][19:15:39]       4 | [BOT]           | ? |    16 |   2364 |   276,  -424 | Ya                            
[NONE ][19:15:39]       5 | [BOT]           | ? |     1 |   3770 |    83, -2106 | BUBLEBALZ⊱遊㊣                  
[NONE ][19:15:39]       6 | 190.152.211.131 | 6 | -------------------------------------------DEAD OR NOT PLAYING
[NONE ][19:15:40] >pl
[NONE ][19:15:40] 
Current players: 21
[NONE ][19:15:40] Do "playerlist m" or "pl m" to list minions

[NONE ][19:15:40]  ID     | IP              | P | CELLS | SCORE  |   POSITION   | NICK                           
[NONE ][19:15:40] ───────────────────────────────────────────────────────────────────────────────────────────────
[NONE ][19:15:40]       1 | [BOT]           | ? |     1 |   3202 |  5760,  1272 | ƬψƬ思❥一ＯＸＹＧＥＮᵖʳᵒ               
[NONE ][19:15:40]       2 | [BOT]           | ? |     6 |   4682 |   576,  -743 | Royal Fan                     
[NONE ][19:15:40]       3 | [BOT]           | ? |     1 |    137 |  6415,  -579 | Sith                          
[NONE ][19:15:40]       4 | [BOT]           | ? |    16 |   2369 |   271,  -422 | Ya                            
[NONE ][19:15:40]       5 | [BOT]           | ? |     1 |   3770 |    52, -2156 | BUBLEBALZ⊱遊㊣                  
[NONE ][19:15:40]       6 | 190.152.211.131 | 6 | -------------------------------------------DEAD OR NOT PLAYING
[NONE ][19:15:40] >pl
[NONE ][19:15:40] 
Current players: 21
[NONE ][19:15:40] Do "playerlist m" or "pl m" to list minions

[NONE ][19:15:40]  ID     | IP              | P | CELLS | SCORE  |   POSITION   | NICK                           
[NONE ][19:15:40] ───────────────────────────────────────────────────────────────────────────────────────────────
[NONE ][19:15:40]       1 | [BOT]           | ? |     1 |   3195 |  5749,  1222 | ƬψƬ思❥一ＯＸＹＧＥＮᵖʳᵒ               
[NONE ][19:15:40]       2 | [BOT]           | ? |     6 |   4673 |   580,  -754 | Royal Fan                     
[NONE ][19:15:40]       3 | [BOT]           | ? |     1 |    142 |  6411,  -468 | Sith                          
[NONE ][19:15:40]       4 | [BOT]           | ? |    16 |   2365 |   266,  -420 | Ya                            
[NONE ][19:15:40]       5 | [BOT]           | ? |     1 |   3763 |    17, -2214 | BUBLEBALZ⊱遊㊣                  
[NONE ][19:15:40]       6 | 190.152.211.131 | 6 | -------------------------------------------DEAD OR NOT PLAYING
[NONE ][19:15:40] >pl
[NONE ][19:15:40] 
Current players: 21
[NONE ][19:15:40] Do "playerlist m" or "pl m" to list minions

[NONE ][19:15:40]  ID     | IP              | P | CELLS | SCORE  |   POSITION   | NICK                           
[NONE ][19:15:40] ───────────────────────────────────────────────────────────────────────────────────────────────
[NONE ][19:15:40]       1 | [BOT]           | ? |     1 |   3195 |  5716,  1272 | ƬψƬ思❥一ＯＸＹＧＥＮᵖʳᵒ               
[NONE ][19:15:40]       2 | [BOT]           | ? |     6 |   4673 |   584,  -764 | Royal Fan                     
[NONE ][19:15:40]       3 | [BOT]           | ? |     1 |    142 |  6367,  -447 | Sith                          
[NONE ][19:15:40]       4 | [BOT]           | ? |    16 |   2365 |   262,  -418 | Ya                            
[NONE ][19:15:40]       5 | [BOT]           | ? |     1 |   3800 |    -6, -2256 | BUBLEBALZ⊱遊㊣                  
[NONE ][19:15:40]       6 | 190.152.211.131 | 6 | -------------------------------------------DEAD OR NOT PLAYING
[NONE ][19:15:49] CONNECTED 191.88.73.76:49216, origin: "http://zapphy.epizy.com"
[NONE ][19:16:07] DISCONNECTED 190.152.211.131:1346, code: 1006, reason: "", name: " Wombax"
[NONE ][19:16:54] >pl
[NONE ][19:16:54] 
Current players: 21
[NONE ][19:16:54] Do "playerlist m" or "pl m" to list minions

[NONE ][19:16:54]  ID     | IP              | P | CELLS | SCORE  |   POSITION   | NICK                           
[NONE ][19:16:54] ───────────────────────────────────────────────────────────────────────────────────────────────
[NONE ][19:16:54]       1 | [BOT]           | ? |     4 |   2984 |   457,   494 | ƬψƬ思❥一ＯＸＹＧＥＮᵖʳᵒ               
[NONE ][19:16:54]       2 | [BOT]           | ? |     7 |    392 |     6,  -352 | Royal Fan                     
[NONE ][19:16:54]       3 | [BOT]           | ? |     1 |    274 |  6144, -1616 | Sith                          
[NONE ][19:16:54]       4 | [BOT]           | ? |     2 |   6310 |  1358, -2212 | Ya                            
[NONE ][19:16:54]       5 | [BOT]           | ? |     1 |   4399 |  -828, -4729 | BUBLEBALZ⊱遊㊣                  
[NONE ][19:16:54]      22 | 191.88.73.76    | 6 |     1 |     86 |  -501, -1799 | Zapphy                        
[NONE ][19:16:56] >m 22 10000
[NONE ][19:16:56] Set mass of Zapphy to 10000.000
[NONE ][19:17:03] >m 22 15000
[NONE ][19:17:03] Set mass of Zapphy to 15000.000
[NONE ][19:23:40] >m 22 15000
[NONE ][19:23:40] Set mass of Zapphy to 15000.000
[NONE ][19:24:47] >m 22 15000
[NONE ][19:24:47] Set mass of Zapphy to 15000.000
[NONE ][19:24:53] >m 22 22000
[NONE ][19:24:53] Set mass of Zapphy to 22000.000
[NONE ][19:26:23] >rec 22
[NONE ][19:26:23] Zapphy is now in rec mode!
[NONE ][19:26:49] >m 22 22000
[NONE ][19:26:49] Set mass of Zapphy to 22000.000
[NONE ][19:33:14] >m 22 12000
[NONE ][19:33:14] Set mass of Zapphy to 12000.000
[NONE ][19:33:35] >rec 22
[NONE ][19:33:35] Zapphy is no longer in rec mode
[NONE ][19:35:23] >m 22 12000
[NONE ][19:35:23] Set mass of Zapphy to 12000.000
[NONE ][19:36:08] >m 22 12000
[NONE ][19:36:08] Set mass of Zapphy to 12000.000
[NONE ][19:39:20] >pl
[NONE ][19:39:20] 
Current players: 21
[NONE ][19:39:20] Do "playerlist m" or "pl m" to list minions

[NONE ][19:39:20]  ID     | IP              | P | CELLS | SCORE  |   POSITION   | NICK                           
[NONE ][19:39:20] ───────────────────────────────────────────────────────────────────────────────────────────────
[NONE ][19:39:20]       1 | [BOT]           | ? |    16 |   2945 |   240,   209 | ƬψƬ思❥一ＯＸＹＧＥＮᵖʳᵒ               
[NONE ][19:39:20]       2 | [BOT]           | ? |     2 |   4627 | -1645,  3135 | Royal Fan                     
[NONE ][19:39:20]       3 | [BOT]           | ? |     1 |   4206 | -6037, -5990 | Sith                          
[NONE ][19:39:20]       4 | [BOT]           | ? |     1 |   1254 | -6319, -2418 | Ya                            
[NONE ][19:39:20]       5 | [BOT]           | ? |     1 |   2502 | -1282, -5507 | BUBLEBALZ⊱遊㊣                  
[NONE ][19:39:20]      22 | 191.88.73.76    | 6 |     7 |  16198 |  -332,  -757 | Zapphy                        
[NONE ][19:39:38] >pl
[NONE ][19:39:38] 
Current players: 21
[NONE ][19:39:38] Do "playerlist m" or "pl m" to list minions

[NONE ][19:39:38]  ID     | IP              | P | CELLS | SCORE  |   POSITION   | NICK                           
[NONE ][19:39:38] ───────────────────────────────────────────────────────────────────────────────────────────────
[NONE ][19:39:38]       1 | [BOT]           | ? |    16 |   3014 |   356,   346 | ƬψƬ思❥一ＯＸＹＧＥＮᵖʳᵒ               
[NONE ][19:39:38]       2 | [BOT]           | ? |     1 |   4580 | -1528,  5184 | Royal Fan                     
[NONE ][19:39:38]       3 | [BOT]           | ? |     1 |   4064 | -5038, -4741 | Sith                          
[NONE ][19:39:38]       4 | [BOT]           | ? |     2 |   1249 | -3457,  -870 | Ya                            
[NONE ][19:39:38]       5 | [BOT]           | ? |     1 |   7556 | -2237, -4849 | BUBLEBALZ⊱遊㊣                  
[NONE ][19:39:38]      22 | 191.88.73.76    | 6 |     4 |   8389 |  -903,  -779 | Zapphy                        
[NONE ][19:39:39] >pl
[NONE ][19:39:39] 
Current players: 21
[NONE ][19:39:39] Do "playerlist m" or "pl m" to list minions

[NONE ][19:39:39]  ID     | IP              | P | CELLS | SCORE  |   POSITION   | NICK                           
[NONE ][19:39:39] ───────────────────────────────────────────────────────────────────────────────────────────────
[NONE ][19:39:39]       1 | [BOT]           | ? |    11 |   3022 |   513,   512 | ƬψƬ思❥一ＯＸＹＧＥＮᵖʳᵒ               
[NONE ][19:39:39]       2 | [BOT]           | ? |     1 |   4590 | -1458,  5153 | Royal Fan                     
[NONE ][19:39:39]       3 | [BOT]           | ? |     1 |   4064 | -5025, -4665 | Sith                          
[NONE ][19:39:39]       4 | [BOT]           | ? |     2 |   1249 | -3466,  -841 | Ya                            
[NONE ][19:39:39]       5 | [BOT]           | ? |     1 |   7556 | -2294, -4812 | BUBLEBALZ⊱遊㊣                  
[NONE ][19:39:39]      22 | 191.88.73.76    | 6 |     4 |   8389 |  -921,  -768 | Zapphy                        
[NONE ][19:39:54] CONNECTED 186.27.137.3:50556, origin: "http://zapphy.epizy.com"
[NONE ][19:40:07] >k 22
[NONE ][19:40:07] Killed Zapphy and removed 16 cells
[NONE ][19:40:11] >pl
[NONE ][19:40:11] 
Current players: 37
[NONE ][19:40:11] Do "playerlist m" or "pl m" to list minions

[NONE ][19:40:11]  ID     | IP              | P | CELLS | SCORE  |   POSITION   | NICK                           
[NONE ][19:40:11] ───────────────────────────────────────────────────────────────────────────────────────────────
[NONE ][19:40:11]       1 | [BOT]           | ? |    15 |   3373 |   365,   227 | ƬψƬ思❥一ＯＸＹＧＥＮᵖʳᵒ               
[NONE ][19:40:11]       2 | [BOT]           | ? |     1 |   4360 |  -353,  3894 | Royal Fan                     
[NONE ][19:40:11]       3 | [BOT]           | ? |     1 |   3855 | -6443, -1200 | Sith                          
[NONE ][19:40:11]       4 | [BOT]           | ? |     8 |    900 |  -336,   307 | Ya                            
[NONE ][19:40:11]       5 | [BOT]           | ? |     1 |   2505 |  4544,  5473 | BUBLEBALZ⊱遊㊣                  
[NONE ][19:40:11]      22 | 191.88.73.76    | 6 |    16 |   2659 |   -91,  -405 | Zapphy                        
[NONE ][19:40:11]      38 | 186.27.137.3    | 6 | -----------------------------------------SPECTATING: Royal Fan
[NONE ][19:40:38] >pl
[NONE ][19:40:38] 
Current players: 37
[NONE ][19:40:38] Do "playerlist m" or "pl m" to list minions

[NONE ][19:40:38]  ID     | IP              | P | CELLS | SCORE  |   POSITION   | NICK                           
[NONE ][19:40:38] ───────────────────────────────────────────────────────────────────────────────────────────────
[NONE ][19:40:38]       1 | [BOT]           | ? |     1 |    487 |  6408,  1532 | ƬψƬ思❥一ＯＸＹＧＥＮᵖʳᵒ               
[NONE ][19:40:38]       2 | [BOT]           | ? |     8 |   4424 |   -94,   544 | Royal Fan                     
[NONE ][19:40:38]       3 | [BOT]           | ? |     1 |   3745 | -4274,   623 | Sith                          
[NONE ][19:40:38]       4 | [BOT]           | ? |     9 |   1710 |  -270,   162 | Ya                            
[NONE ][19:40:38]       5 | [BOT]           | ? |     3 |   5313 |  2046,   865 | BUBLEBALZ⊱遊㊣                  
[NONE ][19:40:38]      22 | 191.88.73.76    | 6 |     1 |  14959 |  -629, -2722 | Zapphy                        
[NONE ][19:40:38]      38 | 186.27.137.3    | 6 | --------------------------------------------SPECTATING: Zapphy
[NONE ][19:40:39] >pl
[NONE ][19:40:39] 
Current players: 37
[NONE ][19:40:39] Do "playerlist m" or "pl m" to list minions

[NONE ][19:40:39]  ID     | IP              | P | CELLS | SCORE  |   POSITION   | NICK                           
[NONE ][19:40:39] ───────────────────────────────────────────────────────────────────────────────────────────────
[NONE ][19:40:39]       1 | [BOT]           | ? |     1 |    495 |  6481,  1432 | ƬψƬ思❥一ＯＸＹＧＥＮᵖʳᵒ               
[NONE ][19:40:39]       2 | [BOT]           | ? |     8 |   4424 |   -90,   552 | Royal Fan                     
[NONE ][19:40:39]       3 | [BOT]           | ? |     1 |   3745 | -4198,   609 | Sith                          
[NONE ][19:40:39]       4 | [BOT]           | ? |     9 |   1710 |  -259,   168 | Ya                            
[NONE ][19:40:39]       5 | [BOT]           | ? |     3 |   5316 |  2064,   849 | BUBLEBALZ⊱遊㊣                  
[NONE ][19:40:39]      22 | 191.88.73.76    | 6 |     1 |  14980 |  -576, -2698 | Zapphy                        
[NONE ][19:40:39]      38 | 186.27.137.3    | 6 | --------------------------------------------SPECTATING: Zapphy
[NONE ][19:40:50] >wwpl
[WARN ][19:40:50] Invalid Command!
[NONE ][19:40:51] >pl
[NONE ][19:40:51] 
Current players: 37
[NONE ][19:40:51] Do "playerlist m" or "pl m" to list minions

[NONE ][19:40:51]  ID     | IP              | P | CELLS | SCORE  |   POSITION   | NICK                           
[NONE ][19:40:51] ───────────────────────────────────────────────────────────────────────────────────────────────
[NONE ][19:40:51]       1 | [BOT]           | ? |     1 |    611 |  5851,   361 | ƬψƬ思❥一ＯＸＹＧＥＮᵖʳᵒ               
[NONE ][19:40:51]       2 | [BOT]           | ? |     8 |   4477 |    -9,   644 | Royal Fan                     
[NONE ][19:40:51]       3 | [BOT]           | ? |     1 |   3719 | -3201,  1663 | Sith                          
[NONE ][19:40:51]       4 | [BOT]           | ? |     3 |   1692 |  -408,  1267 | Ya                            
[NONE ][19:40:51]       5 | [BOT]           | ? |     3 |   5201 |  2121,   770 | BUBLEBALZ⊱遊㊣                  
[NONE ][19:40:51]      22 | 191.88.73.76    | 6 |     6 |  20766 |  -133,  -467 | Zapphy                        
[NONE ][19:40:51]      38 | 186.27.137.3    | 6 | --------------------------------------------SPECTATING: Zapphy
[NONE ][19:40:52] >pl
[NONE ][19:40:52] 
Current players: 37
[NONE ][19:40:52] Do "playerlist m" or "pl m" to list minions

[NONE ][19:40:52]  ID     | IP              | P | CELLS | SCORE  |   POSITION   | NICK                           
[NONE ][19:40:52] ───────────────────────────────────────────────────────────────────────────────────────────────
[NONE ][19:40:52]       1 | [BOT]           | ? |     2 |    658 |  2826,   396 | ƬψƬ思❥一ＯＸＹＧＥＮᵖʳᵒ               
[NONE ][19:40:52]       2 | [BOT]           | ? |     8 |   4477 |    -3,   649 | Royal Fan                     
[NONE ][19:40:52]       3 | [BOT]           | ? |     1 |   3719 | -3162,  1719 | Sith                          
[NONE ][19:40:52]       4 | [BOT]           | ? |     3 |   1692 |  -384,  1290 | Ya                            
[NONE ][19:40:52]       5 | [BOT]           | ? |     3 |   5201 |  2119,   768 | BUBLEBALZ⊱遊㊣                  
[NONE ][19:40:52]      22 | 191.88.73.76    | 6 |     6 |  20768 |  -123,  -461 | Zapphy                        
[NONE ][19:40:52]      38 | 186.27.137.3    | 6 | --------------------------------------------SPECTATING: Zapphy
[NONE ][19:40:52] >pl
[NONE ][19:40:52] 
Current players: 37
[NONE ][19:40:52] Do "playerlist m" or "pl m" to list minions

[NONE ][19:40:52]  ID     | IP              | P | CELLS | SCORE  |   POSITION   | NICK                           
[NONE ][19:40:52] ───────────────────────────────────────────────────────────────────────────────────────────────
[NONE ][19:40:52]       1 | [BOT]           | ? |     2 |    661 |  2783,   458 | ƬψƬ思❥一ＯＸＹＧＥＮᵖʳᵒ               
[NONE ][19:40:52]       2 | [BOT]           | ? |     8 |   4468 |     0,   658 | Royal Fan                     
[NONE ][19:40:52]       3 | [BOT]           | ? |     1 |   3747 | -3109,  1778 | Sith                          
[NONE ][19:40:52]       4 | [BOT]           | ? |     3 |   1688 |  -356,  1317 | Ya                            
[NONE ][19:40:52]       5 | [BOT]           | ? |     3 |   5191 |  2117,   766 | BUBLEBALZ⊱遊㊣                  
[NONE ][19:40:52]      22 | 191.88.73.76    | 6 |     6 |  20807 |  -112,  -454 | Zapphy                        
[NONE ][19:40:52]      38 | 186.27.137.3    | 6 | --------------------------------------------SPECTATING: Zapphy
[NONE ][19:40:53] >pl
[NONE ][19:40:53] 
Current players: 37
[NONE ][19:40:53] Do "playerlist m" or "pl m" to list minions

[NONE ][19:40:53]  ID     | IP              | P | CELLS | SCORE  |   POSITION   | NICK                           
[NONE ][19:40:53] ───────────────────────────────────────────────────────────────────────────────────────────────
[NONE ][19:40:53]       1 | [BOT]           | ? |     2 |    660 |  2772,   421 | ƬψƬ思❥一ＯＸＹＧＥＮᵖʳᵒ               
[NONE ][19:40:53]       2 | [BOT]           | ? |     8 |   4459 |     3,   665 | Royal Fan                     
[NONE ][19:40:53]       3 | [BOT]           | ? |     1 |   3740 | -3049,  1807 | Sith                          
[NONE ][19:40:53]       4 | [BOT]           | ? |     3 |   1685 |  -332,  1341 | Ya                            
[NONE ][19:40:53]       5 | [BOT]           | ? |     3 |   5180 |  2114,   765 | BUBLEBALZ⊱遊㊣                  
[NONE ][19:40:53]      22 | 191.88.73.76    | 6 |     6 |  20772 |  -102,  -448 | Zapphy                        
[NONE ][19:40:53]      38 | 186.27.137.3    | 6 | --------------------------------------------SPECTATING: Zapphy
[DEBUG][19:41:54] process.exit(1)
=== Shutdown 2018-02-21T19-41-54-012 ===
