=== Started 2018-01-14T12-47-22-222 ===
[ERROR][12:47:22] ReferenceError: Logger is not defined
    at unsafe (C:\Users\Sebastian\Downloads\kjnboihnoijhn\src\modules\ini.js:184:13)
    at C:\Users\Sebastian\Downloads\kjnboihnoijhn\src\modules\ini.js:100:32
    at Array.forEach (<anonymous>)
    at Object.decode (C:\Users\Sebastian\Downloads\kjnboihnoijhn\src\modules\ini.js:77:11)
    at GameServer.loadFiles (C:\Users\Sebastian\Downloads\kjnboihnoijhn\src\GameServer.js:978:28)
    at new GameServer (C:\Users\Sebastian\Downloads\kjnboihnoijhn\src\GameServer.js:155:10)
    at Object.<anonymous> (C:\Users\Sebastian\Downloads\kjnboihnoijhn\src\index.js:25:18)
    at Module._compile (module.js:635:30)
    at Object.Module._extensions..js (module.js:646:10)
    at Module.load (module.js:554:32)
[ERROR][12:47:22] Failed to load ../src/gameserver.ini: Logger is not defined
[INFO ][12:47:22] 419 bad words loaded
[WARN ][12:47:22] User account "Local Administrator" disabled
[WARN ][12:47:22] User account "Local Moderator" disabled
[WARN ][12:47:22] User account "Local User" disabled
[INFO ][12:47:22] 0 user records loaded.
[INFO ][12:47:22] 0 IP ban records loaded.
[INFO ][12:47:22] [1m[32mMultiOgar-Edited 1.6.1[37m - An open source multi-protocol ogar server[0m
[INFO ][12:47:22] WebSocket: ws
[INFO ][12:47:22] Started stats server on port 88
[INFO ][12:47:22] Listening on port 443
[INFO ][12:47:22] Current game mode is Free For All
[NONE ][12:47:22]   __  __       _ _   _  ___                        _____    _ _ _           _    _   __    _ 
 |  \/  |_   _| | |_(_)/ _ \  __ _  __ _ _ __     | ____|__| (_) |_ ___  __| |  / | / /_  / |
 | |\/| | | | | | __| | | | |/ _` |/ _` | '__|____|  _| / _` | | __/ _ \/ _` |  | || '_ \ | |
 | |  | | |_| | | |_| | |_| | (_| | (_| | | |_____| |__| (_| | | ||  __/ (_| |  | || (_) || |
 |_|  |_|\__,_|_|\__|_|\___/ \__, |\__,_|_|       |_____\__,_|_|\__\___|\__,_|  |_(_)___(_)_|
                             |___/                                                           
[NONE ][12:47:29] >pl
[WARN ][12:47:29] No bots or players are currently connected to the server!
