=== Started 2018-02-17T15-28-32-229 ===
[INFO ][15:28:32] 419 bad words loaded
[WARN ][15:28:32] User account "Local Administrator" disabled
[WARN ][15:28:32] User account "Local Moderator" disabled
[WARN ][15:28:32] User account "Local User" disabled
[INFO ][15:28:32] 0 user records loaded.
[INFO ][15:28:32] 0 IP ban records loaded.
[INFO ][15:28:32] [1m[32mMultiOgar-Edited 1.6.1[37m - An open source multi-protocol ogar server[0m
[INFO ][15:28:32] WebSocket: ws
[INFO ][15:28:32] Started stats server on port 9090
[INFO ][15:28:32] Listening on port 8888
[INFO ][15:28:32] Current game mode is Free For All
[INFO ][15:28:32] Added 5 player bots
[NONE ][15:28:32]   __  __       _ _   _  ___                        _____    _ _ _           _    _   __    _ 
 |  \/  |_   _| | |_(_)/ _ \  __ _  __ _ _ __     | ____|__| (_) |_ ___  __| |  / | / /_  / |
 | |\/| | | | | | __| | | | |/ _` |/ _` | '__|____|  _| / _` | | __/ _ \/ _` |  | || '_ \ | |
 | |  | | |_| | | |_| | |_| | (_| | (_| | | |_____| |__| (_| | | ||  __/ (_| |  | || (_) || |
 |_|  |_|\__,_|_|\__|_|\___/ \__, |\__,_|_|       |_____\__,_|_|\__\___|\__,_|  |_(_)___(_)_|
                             |___/                                                           
[NONE ][15:28:33] CONNECTED 127.0.0.1:60129, origin: "http://localhost"
[NONE ][15:29:00] DISCONNECTED 127.0.0.1:60129, code: 1006, reason: "", name: ""
