=== Started 2018-02-23T16-51-39-285 ===
[INFO ][16:51:39] 0 bad words loaded
[WARN ][16:51:39] User account "Local Moderator" disabled
[WARN ][16:51:39] User account "Local User" disabled
[INFO ][16:51:39] 1 user records loaded.
[INFO ][16:51:39] 1 IP ban records loaded.
[INFO ][16:51:39] [1m[32mMultiOgar-Edited 1.6.1[37m - An open source multi-protocol ogar server[0m
[INFO ][16:51:39] WebSocket: ws
[INFO ][16:51:39] Started stats server on port 88
[INFO ][16:51:39] Listening on port 25565
[INFO ][16:51:39] Current game mode is Free For All
[INFO ][16:51:39] Added 5 player bots
[NONE ][16:51:39]   __  __       _ _   _  ___                        _____    _ _ _           _    _   __    _ 
 |  \/  |_   _| | |_(_)/ _ \  __ _  __ _ _ __     | ____|__| (_) |_ ___  __| |  / | / /_  / |
 | |\/| | | | | | __| | | | |/ _` |/ _` | '__|____|  _| / _` | | __/ _ \/ _` |  | || '_ \ | |
 | |  | | |_| | | |_| | |_| | (_| | (_| | | |_____| |__| (_| | | ||  __/ (_| |  | || (_) || |
 |_|  |_|\__,_|_|\__|_|\___/ \__, |\__,_|_|       |_____\__,_|_|\__\___|\__,_|  |_(_)___(_)_|
                             |___/                                                           
[NONE ][16:51:42] CONNECTED 191.88.73.76:51076, origin: "http://zapphy.epizy.com"
[NONE ][16:52:34] >pl
[NONE ][16:52:34] 
Current players: 21
[NONE ][16:52:34] Do "playerlist m" or "pl m" to list minions

[NONE ][16:52:34]  ID     | IP              | P | CELLS | SCORE  |   POSITION   | NICK                           
[NONE ][16:52:34] â”€â”€â”€â”€â”€â”€â”€â”€â”€â”€â”€â”€â”€â”€â”€â”€â”€â”€â”€â”€â”€â”€â”€â”€â”€â”€â”€â”€â”€â”€â”€â”€â”€â”€â”€â”€â”€â”€â”€â”€â”€â”€â”€â”€â”€â”€â”€â”€â”€â”€â”€â”€â”€â”€â”€â”€â”€â”€â”€â”€â”€â”€â”€â”€â”€â”€â”€â”€â”€â”€â”€â”€â”€â”€â”€â”€â”€â”€â”€â”€â”€â”€â”€â”€â”€â”€â”€â”€â”€â”€â”€â”€â”€â”€â”€
[NONE ][16:52:34]       1 | [BOT]           | ? |     9 |   1936 |  -127,   463 | xâŽâ§¸âŽ›ä¸‚å‚á¯ä¸¨ã„’å‚å°ºâŽžâ§¹âŽ x               
[NONE ][16:52:34]       2 | [BOT]           | ? |     8 |    218 |   249,   -77 | BUBBELBALZ                    
[NONE ][16:52:34]       3 | [BOT]           | ? |    13 |   2750 |   -14,   -64 | haney                         
[NONE ][16:52:34]       4 | [BOT]           | ? |     1 |   2381 | -5206,  -925 | ã€Œç±³ã€â¥à¹–â‚¡Ïƒâ„“Ñ”Î±ÃÑ”Ñâ‡€                
[NONE ][16:52:34]       5 | [BOT]           | ? |     8 |   3461 |  -177,   375 | Ariana                        
[NONE ][16:52:34]       6 | 191.88.73.76    | 6 |     1 |   1363 |  1695, -2274 | pro ._.                       
[NONE ][16:52:38] >m 6 11000
[NONE ][16:52:38] Set mass of pro ._. to 11000.000
[NONE ][16:53:32] >m 6 19000
[NONE ][16:53:32] Set mass of pro ._. to 19000.000
[NONE ][17:00:31] >m 6 19000
[NONE ][17:00:31] Set mass of pro ._. to 19000.000
[NONE ][17:07:09] >m 6 22000
[NONE ][17:07:09] Set mass of pro ._. to 22000.000
[NONE ][17:10:57] DISCONNECTED 191.88.73.76:51076, code: 1006, reason: "", name: "pro ._."
