=== Started 2018-02-18T21-40-17-629 ===
[INFO ][21:40:17] 419 bad words loaded
[WARN ][21:40:17] User account "Local Administrator" disabled
[WARN ][21:40:17] User account "Local Moderator" disabled
[WARN ][21:40:17] User account "Local User" disabled
[INFO ][21:40:17] 0 user records loaded.
[INFO ][21:40:17] 0 IP ban records loaded.
[INFO ][21:40:17] [1m[32mMultiOgar-Edited 1.6.1[37m - An open source multi-protocol ogar server[0m
[INFO ][21:40:17] WebSocket: ws
[INFO ][21:40:17] Started stats server on port 9090
[INFO ][21:40:17] Listening on port 8888
[INFO ][21:40:17] Current game mode is Free For All
[INFO ][21:40:17] Added 5 player bots
[NONE ][21:40:17]   __  __       _ _   _  ___                        _____    _ _ _           _    _   __    _ 
 |  \/  |_   _| | |_(_)/ _ \  __ _  __ _ _ __     | ____|__| (_) |_ ___  __| |  / | / /_  / |
 | |\/| | | | | | __| | | | |/ _` |/ _` | '__|____|  _| / _` | | __/ _ \/ _` |  | || '_ \ | |
 | |  | | |_| | | |_| | |_| | (_| | (_| | | |_____| |__| (_| | | ||  __/ (_| |  | || (_) || |
 |_|  |_|\__,_|_|\__|_|\___/ \__, |\__,_|_|       |_____\__,_|_|\__\___|\__,_|  |_(_)___(_)_|
                             |___/                                                           
[NONE ][21:40:18] CONNECTED 191.88.73.76:65204, origin: "http://zapphy.epizy.com"
[NONE ][21:40:18] CONNECTED 201.185.230.177:58590, origin: "http://zapphy.epizy.com"
[NONE ][21:49:42] >ok
[WARN ][21:49:42] Invalid Command!
[NONE ][21:49:42] >pl
[NONE ][21:49:42] 
Current players: 37
[NONE ][21:49:42] Do "playerlist m" or "pl m" to list minions

[NONE ][21:49:42]  ID     | IP              | P | CELLS | SCORE  |   POSITION   | NICK                           
[NONE ][21:49:42] ───────────────────────────────────────────────────────────────────────────────────────────────
[NONE ][21:49:42]       1 | [BOT]           | ? |     9 |    660 |   199,    64 | NthC@$c@de:D                  
[NONE ][21:49:42]       2 | [BOT]           | ? |    16 |   3112 |  -249,  -383 | Popsplit me                   
[NONE ][21:49:42]       3 | [BOT]           | ? |     9 |    224 |  -684,  -658 | 么ß¥ຮ༻一คຖนēl                   
[NONE ][21:49:42]       4 | [BOT]           | ? |     7 |    204 |   316,   169 | woody                         
[NONE ][21:49:42]       5 | [BOT]           | ? |     6 |    198 |  -239,   754 | Viciousクマ                     
[NONE ][21:49:42]       6 | 191.88.73.76    | 6 |     1 |    952 | -4056,  6066 | Zap                           
[NONE ][21:49:42]      22 | 201.185.230.177 | 6 |     1 |    870 |  2265,  3997 | :3                            
[NONE ][21:49:45] >m 22 50000
[NONE ][21:49:45] Set mass of :3 to 50000.000
[NONE ][21:49:55] >ka
[DEBUG][22:05:17] process.exit(1)
=== Shutdown 2018-02-18T22-05-17-794 ===
