=== Started 2018-01-18T17-02-23-314 ===
[INFO ][17:02:23] 419 bad words loaded
[WARN ][17:02:23] User account "Local Administrator" disabled
[WARN ][17:02:23] User account "Local Moderator" disabled
[WARN ][17:02:23] User account "Local User" disabled
[INFO ][17:02:23] 0 user records loaded.
[INFO ][17:02:23] 0 IP ban records loaded.
[INFO ][17:02:23] [1m[32mMultiOgar-Edited 1.6.1[37m - An open source multi-protocol ogar server[0m
[INFO ][17:02:23] WebSocket: ws
[INFO ][17:02:23] Started stats server on port 9090
[INFO ][17:02:23] Listening on port 8888
[INFO ][17:02:23] Current game mode is Free For All
[NONE ][17:02:23]   __  __       _ _   _  ___                        _____    _ _ _           _    _   __    _ 
 |  \/  |_   _| | |_(_)/ _ \  __ _  __ _ _ __     | ____|__| (_) |_ ___  __| |  / | / /_  / |
 | |\/| | | | | | __| | | | |/ _` |/ _` | '__|____|  _| / _` | | __/ _ \/ _` |  | || '_ \ | |
 | |  | | |_| | | |_| | |_| | (_| | (_| | | |_____| |__| (_| | | ||  __/ (_| |  | || (_) || |
 |_|  |_|\__,_|_|\__|_|\___/ \__, |\__,_|_|       |_____\__,_|_|\__\___|\__,_|  |_(_)___(_)_|
                             |___/                                                           
[NONE ][17:04:45] CONNECTED 127.0.0.1:55149, origin: "http://localhost"
[NONE ][17:05:16] >m 1 5000
[NONE ][17:05:16] Set mass of Goblin to 5000.000
[NONE ][17:05:25] >m 1 7000
[NONE ][17:05:25] Set mass of Goblin to 7000.000
[NONE ][17:06:24] DISCONNECTED 127.0.0.1:55149, code: 1006, reason: "", name: " Goblin"
[NONE ][17:06:29] >restart
[WARN ][17:06:29] Invalid Command!
[NONE ][17:06:32] CONNECTED 127.0.0.1:55166, origin: "http://localhost"
[NONE ][17:06:44] >m 1 22000
[WARN ][17:06:44] That player ID is non-existant!
[NONE ][17:06:47] >pl
[NONE ][17:06:47] 
Current players: 11
[NONE ][17:06:47] Do "playerlist m" or "pl m" to list minions

[NONE ][17:06:47]  ID     | IP              | P | CELLS | SCORE  |   POSITION   | NICK                           
[NONE ][17:06:47] ───────────────────────────────────────────────────────────────────────────────────────────────
[NONE ][17:06:47]      12 | 127.0.0.1       | 6 |     1 |   1998 | -1818,  5139 | Goblin                        
[NONE ][17:07:25] >m 12 22000
[NONE ][17:07:25] Set mass of Goblin to 22000.000
[NONE ][17:07:37] >k 12
[NONE ][17:07:37] Killed Goblin and removed 1 cells
[NONE ][17:07:49] >m 12 22000
[NONE ][17:07:49] Set mass of  to 22000.000
[NONE ][17:08:04] DISCONNECTED 127.0.0.1:55166, code: 1006, reason: "", name: " "
[NONE ][17:08:09] CONNECTED 127.0.0.1:55187, origin: "http://localhost"
[NONE ][17:08:23] >pl
[NONE ][17:08:23] 
Current players: 11
[NONE ][17:08:23] Do "playerlist m" or "pl m" to list minions

[NONE ][17:08:23]  ID     | IP              | P | CELLS | SCORE  |   POSITION   | NICK                           
[NONE ][17:08:23] ───────────────────────────────────────────────────────────────────────────────────────────────
[NONE ][17:08:23]      23 | 127.0.0.1       | 6 |     1 |     41 |  2612,   696 | Goblin                        
[NONE ][17:08:26] >m 23 3000
[NONE ][17:08:26] Set mass of Goblin to 3000.000
[NONE ][17:09:04] DISCONNECTED 127.0.0.1:55187, code: 1006, reason: "", name: " Goblin"
[NONE ][17:09:08] CONNECTED 127.0.0.1:55203, origin: "http://localhost"
[NONE ][17:10:09] DISCONNECTED 127.0.0.1:55203, code: 1006, reason: "undefined", name: " Goblin"
[NONE ][17:10:21] CONNECTED 127.0.0.1:55255, origin: "http://localhost"
[NONE ][17:10:30] >ka
[DEBUG][17:22:23] process.exit(1)
=== Shutdown 2018-01-18T17-22-23-474 ===
