=== Started 2018-01-19T17-27-39-073 ===
[INFO ][17:27:39] 419 bad words loaded
[WARN ][17:27:39] User account "Local Administrator" disabled
[WARN ][17:27:39] User account "Local Moderator" disabled
[WARN ][17:27:39] User account "Local User" disabled
[INFO ][17:27:39] 0 user records loaded.
[INFO ][17:27:39] 0 IP ban records loaded.
[INFO ][17:27:39] [1m[32mMultiOgar-Edited 1.6.1[37m - An open source multi-protocol ogar server[0m
[INFO ][17:27:39] WebSocket: ws
[INFO ][17:27:39] Started stats server on port 9090
[INFO ][17:27:39] Listening on port 8888
[INFO ][17:27:39] Current game mode is Free For All
[NONE ][17:27:39]   __  __       _ _   _  ___                        _____    _ _ _           _    _   __    _ 
 |  \/  |_   _| | |_(_)/ _ \  __ _  __ _ _ __     | ____|__| (_) |_ ___  __| |  / | / /_  / |
 | |\/| | | | | | __| | | | |/ _` |/ _` | '__|____|  _| / _` | | __/ _ \/ _` |  | || '_ \ | |
 | |  | | |_| | | |_| | |_| | (_| | (_| | | |_____| |__| (_| | | ||  __/ (_| |  | || (_) || |
 |_|  |_|\__,_|_|\__|_|\___/ \__, |\__,_|_|       |_____\__,_|_|\__\___|\__,_|  |_(_)___(_)_|
                             |___/                                                           
[NONE ][17:27:40] CONNECTED 127.0.0.1:62856, origin: "http://zapphy.epizy.com"
[NONE ][17:27:46] >m 1 12000
[NONE ][17:27:46] Set mass of zαρρнιяє to 12000.000
[NONE ][17:28:03] >m 1 12000
[NONE ][17:28:03] Set mass of zαρρнιяє to 12000.000
[NONE ][17:28:17] >rec 1
[NONE ][17:28:17] zαρρнιяє is now in rec mode!
[NONE ][17:28:24] >rec 1
[NONE ][17:28:24] zαρρнιяє is no longer in rec mode
[NONE ][17:29:26] >m 1 22000
[NONE ][17:29:26] Set mass of zαρρнιяє to 22000.000
[NONE ][17:31:03] >k 1
[NONE ][17:31:03] Killed zαρρнιяє and removed 16 cells
[NONE ][17:32:00] >m 1 22000
[NONE ][17:32:00] Set mass of zαρρнιяє to 22000.000
[NONE ][17:34:25] >m 1 22000
[NONE ][17:34:25] Set mass of zαρρнιяє to 22000.000
[NONE ][17:36:14] >m 1 22000
[NONE ][17:36:14] Set mass of zαρρнιяє to 22000.000
[NONE ][17:36:21] >rec 1
[NONE ][17:36:21] zαρρнιяє is now in rec mode!
[NONE ][17:37:32] >rec 1
[NONE ][17:37:32] zαρρнιяє is no longer in rec mode
[NONE ][17:38:42] >m 1 22000
[NONE ][17:38:42] Set mass of zαρρнιяє to 22000.000
[NONE ][17:41:15] >m 1 22000
[NONE ][17:41:15] Set mass of zαρρнιяє to 22000.000
[NONE ][17:43:26] >m 1 15000
[NONE ][17:43:26] Set mass of zαρρнιяє to 15000.000
[NONE ][17:46:27] >m 1 1200
[NONE ][17:46:27] Set mass of zαρρнιяє to 1200.000
[NONE ][17:46:30] >pl
[NONE ][17:46:30] 
Current players: 11
[NONE ][17:46:30] Do "playerlist m" or "pl m" to list minions

[NONE ][17:46:30]  ID     | IP              | P | CELLS | SCORE  |   POSITION   | NICK                           
[NONE ][17:46:30] ───────────────────────────────────────────────────────────────────────────────────────────────
[NONE ][17:46:30]       1 | 127.0.0.1       | 6 |     1 |   1189 |  5444, -2397 | zαρρнιяє                      
[NONE ][17:46:36] >m 12000
[WARN ][17:46:36] Please specify a valid number
[NONE ][17:46:41] >m 1 1200
[NONE ][17:46:41] Set mass of zαρρнιяє to 1200.000
[NONE ][17:46:44] >m 1 12000
[NONE ][17:46:44] Set mass of zαρρнιяє to 12000.000
[DEBUG][17:47:39] process.exit(1)
=== Shutdown 2018-01-19T17-47-39-336 ===
