=== Started 2018-02-08T20-17-23-117 ===
[INFO ][20:17:23] 419 bad words loaded
[WARN ][20:17:23] User account "Local Administrator" disabled
[WARN ][20:17:23] User account "Local Moderator" disabled
[WARN ][20:17:23] User account "Local User" disabled
[INFO ][20:17:23] 0 user records loaded.
[INFO ][20:17:23] 0 IP ban records loaded.
[INFO ][20:17:23] [1m[32mMultiOgar-Edited 1.6.1[37m - An open source multi-protocol ogar server[0m
[INFO ][20:17:23] WebSocket: ws
[INFO ][20:17:23] Started stats server on port 9090
[INFO ][20:17:23] Listening on port 8888
[INFO ][20:17:23] Current game mode is Free For All
[INFO ][20:17:23] Added 15 player bots
[NONE ][20:17:23]   __  __       _ _   _  ___                        _____    _ _ _           _    _   __    _ 
 |  \/  |_   _| | |_(_)/ _ \  __ _  __ _ _ __     | ____|__| (_) |_ ___  __| |  / | / /_  / |
 | |\/| | | | | | __| | | | |/ _` |/ _` | '__|____|  _| / _` | | __/ _ \/ _` |  | || '_ \ | |
 | |  | | |_| | | |_| | |_| | (_| | (_| | | |_____| |__| (_| | | ||  __/ (_| |  | || (_) || |
 |_|  |_|\__,_|_|\__|_|\___/ \__, |\__,_|_|       |_____\__,_|_|\__\___|\__,_|  |_(_)___(_)_|
                             |___/                                                           
[NONE ][20:17:23] CONNECTED 127.0.0.1:54400, origin: "http://zapphy.epizy.com"
[NONE ][20:19:40] DISCONNECTED 127.0.0.1:54400, code: 1006, reason: "undefined", name: ""
[NONE ][20:21:04] CONNECTED 127.0.0.1:54446, origin: "http://zapphy.epizy.com"
[NONE ][20:21:15] >pl
[NONE ][20:21:15] 
Current players: 31
[NONE ][20:21:15] Do "playerlist m" or "pl m" to list minions

[NONE ][20:21:15]  ID     | IP              | P | CELLS | SCORE  |   POSITION   | NICK                           
[NONE ][20:21:15] ───────────────────────────────────────────────────────────────────────────────────────────────
[NONE ][20:21:15]       1 | [BOT]           | ? |     8 |    156 |   695,  -228 | ƬψƬ☢Sirius                    
[NONE ][20:21:15]       2 | [BOT]           | ? |     8 |    585 |  -866,  -869 | SMOKE|🍩|💘                   
[NONE ][20:21:15]       3 | [BOT]           | ? |     1 |    889 | -3779,  4550 | mexico                        
[NONE ][20:21:15]       4 | [BOT]           | ? |     1 |    243 | -2039,  5003 | oscar                         
[NONE ][20:21:15]       5 | [BOT]           | ? |     1 |    894 | -4936,  -439 | acardego                      
[NONE ][20:21:15]       6 | [BOT]           | ? |     6 |   2772 |  1135,   530 | sirus                         
[NONE ][20:21:15]       7 | [BOT]           | ? |    16 |   1622 |  -317,  -261 | Ƥᒪᗩ¥✌✊                        
[NONE ][20:21:15]       8 | [BOT]           | ? |     1 |   7351 | -4910,  1494 | 😈ϾṒṆṆΣϾṪḭṆḠ🐉                
[NONE ][20:21:15]       9 | [BOT]           | ? |     4 |    945 |  -352,   159 | cxxxxl                        
[NONE ][20:21:15]      10 | [BOT]           | ? |     6 |    254 |  -610,  -689 | 🎮agelogamero🎮               
[NONE ][20:21:15]      11 | [BOT]           | ? |     1 |     53 | -7034, -7034 | PRO                           
[NONE ][20:21:15]      12 | [BOT]           | ? |    12 |   5587 |   -59,  -476 | Scooby teams                  
[NONE ][20:21:15]      13 | [BOT]           | ? |     1 |     54 | -5205,  3628 | mustache                      
[NONE ][20:21:15]      14 | [BOT]           | ? |     1 |   2830 | -6112, -1041 | 「米」χтяємє✧一❥緑🔒               
[NONE ][20:21:15]      15 | [BOT]           | ? |     4 |    104 |  1104,   667 | 【ĤãřđŁiиë】                    
[NONE ][20:21:15]      32 | 127.0.0.1       | 5 |     1 |    626 |  3898,  3704 | ♥Zapphire♥                    
