=== Started 2018-01-18T20-15-36-241 ===
[INFO ][20:15:36] 419 bad words loaded
[WARN ][20:15:36] User account "Local Administrator" disabled
[WARN ][20:15:36] User account "Local Moderator" disabled
[WARN ][20:15:36] User account "Local User" disabled
[INFO ][20:15:36] 0 user records loaded.
[INFO ][20:15:36] 0 IP ban records loaded.
[INFO ][20:15:36] [1m[32mMultiOgar-Edited 1.6.1[37m - An open source multi-protocol ogar server[0m
[INFO ][20:15:36] WebSocket: ws
[INFO ][20:15:36] Started stats server on port 9090
[INFO ][20:15:36] Listening on port 8888
[INFO ][20:15:36] Current game mode is Free For All
[NONE ][20:15:36]   __  __       _ _   _  ___                        _____    _ _ _           _    _   __    _ 
 |  \/  |_   _| | |_(_)/ _ \  __ _  __ _ _ __     | ____|__| (_) |_ ___  __| |  / | / /_  / |
 | |\/| | | | | | __| | | | |/ _` |/ _` | '__|____|  _| / _` | | __/ _ \/ _` |  | || '_ \ | |
 | |  | | |_| | | |_| | |_| | (_| | (_| | | |_____| |__| (_| | | ||  __/ (_| |  | || (_) || |
 |_|  |_|\__,_|_|\__|_|\___/ \__, |\__,_|_|       |_____\__,_|_|\__\___|\__,_|  |_(_)___(_)_|
                             |___/                                                           
[NONE ][20:16:11] CONNECTED 127.0.0.1:62477, origin: "http://localhost"
[NONE ][20:20:31] CONNECTED 127.0.0.1:62535, origin: "http://agar.io"
[NONE ][20:20:37] DISCONNECTED 127.0.0.1:62535, code: 1000, reason: "", name: ""
[NONE ][20:21:32] CONNECTED 127.0.0.1:62616, origin: "http://agar.io"
[NONE ][20:21:57] >pl
[NONE ][20:21:57] 
Current players: 22
[NONE ][20:21:57] Do "playerlist m" or "pl m" to list minions

[NONE ][20:21:57]  ID     | IP              | P | CELLS | SCORE  |   POSITION   | NICK                           
[NONE ][20:21:57] ───────────────────────────────────────────────────────────────────────────────────────────────
[NONE ][20:21:57]       1 | 127.0.0.1       | 6 | -------------------------------------------DEAD OR NOT PLAYING
[NONE ][20:21:57]      23 | 127.0.0.1       | 17 |     1 |    229 |  4237, -2317 | An unnamed cell               
[NONE ][20:22:02] >m 23 10000
[NONE ][20:22:02] Set mass of An unnamed cell to 10000.000
[NONE ][20:25:52] >m 23 15000
[NONE ][20:25:52] Set mass of An unnamed cell to 15000.000
[NONE ][20:30:38] DISCONNECTED 127.0.0.1:62616, code: 1006, reason: "", name: "An unnamed cell"
[NONE ][20:32:22] >pl
[NONE ][20:32:22] 
Current players: 11
[NONE ][20:32:22] Do "playerlist m" or "pl m" to list minions

[NONE ][20:32:22]  ID     | IP              | P | CELLS | SCORE  |   POSITION   | NICK                           
[NONE ][20:32:22] ───────────────────────────────────────────────────────────────────────────────────────────────
[NONE ][20:32:22]       1 | 127.0.0.1       | 6 |     1 |    104 | -1583,  2132 | Goblin                        
[NONE ][20:32:24] >m 1 12000
[NONE ][20:32:24] Set mass of Goblin to 12000.000
[NONE ][20:33:32] DISCONNECTED 127.0.0.1:62477, code: 1006, reason: "", name: " Goblin"
[NONE ][20:33:39] CONNECTED 127.0.0.1:63208, origin: "http://localhost"
[NONE ][20:34:04] >m 1 12000
[WARN ][20:34:04] That player ID is non-existant!
[NONE ][20:34:05] >l
[WARN ][20:34:05] Invalid Command!
[NONE ][20:34:07] >pl
[NONE ][20:34:07] 
Current players: 11
[NONE ][20:34:07] Do "playerlist m" or "pl m" to list minions

[NONE ][20:34:07]  ID     | IP              | P | CELLS | SCORE  |   POSITION   | NICK                           
[NONE ][20:34:07] ───────────────────────────────────────────────────────────────────────────────────────────────
[NONE ][20:34:07]      34 | 127.0.0.1       | 6 |     1 |    121 |  6547,  -853 | Goblin                        
[NONE ][20:34:11] >m 34 10000
[NONE ][20:34:11] Set mass of Goblin to 10000.000
[DEBUG][20:35:36] process.exit(1)
=== Shutdown 2018-01-18T20-35-36-477 ===
