=== Started 2018-02-21T14-56-00-844 ===
[INFO ][14:56:00] 0 bad words loaded
[WARN ][14:56:00] User account "Local Moderator" disabled
[WARN ][14:56:00] User account "Local User" disabled
[INFO ][14:56:00] 1 user records loaded.
[INFO ][14:56:00] 1 IP ban records loaded.
[INFO ][14:56:00] [1m[32mMultiOgar-Edited 1.6.1[37m - An open source multi-protocol ogar server[0m
[INFO ][14:56:00] WebSocket: ws
[INFO ][14:56:01] Started stats server on port 88
[INFO ][14:56:01] Listening on port 25565
[INFO ][14:56:01] Current game mode is Free For All
[INFO ][14:56:01] Added 5 player bots
[NONE ][14:56:01]   __  __       _ _   _  ___                        _____    _ _ _           _    _   __    _ 
 |  \/  |_   _| | |_(_)/ _ \  __ _  __ _ _ __     | ____|__| (_) |_ ___  __| |  / | / /_  / |
 | |\/| | | | | | __| | | | |/ _` |/ _` | '__|____|  _| / _` | | __/ _ \/ _` |  | || '_ \ | |
 | |  | | |_| | | |_| | |_| | (_| | (_| | | |_____| |__| (_| | | ||  __/ (_| |  | || (_) || |
 |_|  |_|\__,_|_|\__|_|\___/ \__, |\__,_|_|       |_____\__,_|_|\__\___|\__,_|  |_(_)___(_)_|
                             |___/                                                           
[NONE ][14:56:01] CONNECTED 191.88.73.76:49336, origin: "http://zapphy.epizy.com"
[NONE ][14:56:04] >pl
[NONE ][14:56:04] 
Current players: 21
[NONE ][14:56:04] Do "playerlist m" or "pl m" to list minions

[NONE ][14:56:04]  ID     | IP              | P | CELLS | SCORE  |   POSITION   | NICK                           
[NONE ][14:56:04] â”€â”€â”€â”€â”€â”€â”€â”€â”€â”€â”€â”€â”€â”€â”€â”€â”€â”€â”€â”€â”€â”€â”€â”€â”€â”€â”€â”€â”€â”€â”€â”€â”€â”€â”€â”€â”€â”€â”€â”€â”€â”€â”€â”€â”€â”€â”€â”€â”€â”€â”€â”€â”€â”€â”€â”€â”€â”€â”€â”€â”€â”€â”€â”€â”€â”€â”€â”€â”€â”€â”€â”€â”€â”€â”€â”€â”€â”€â”€â”€â”€â”€â”€â”€â”€â”€â”€â”€â”€â”€â”€â”€â”€â”€â”€
[NONE ][14:56:04]       1 | [BOT]           | ? |     1 |   2488 | -6192,  4402 | Alpha                         
[NONE ][14:56:04]       2 | [BOT]           | ? |     1 |   2488 |  4998,   945 | [SACK] JRED                   
[NONE ][14:56:04]       3 | [BOT]           | ? |     1 |   2493 |  4344,  3284 | TYT SIRIUS                    
[NONE ][14:56:04]       4 | [BOT]           | ? |     1 |   2498 | -5944,  6171 | No skin no skil               
[NONE ][14:56:04]       5 | [BOT]           | ? |     1 |   2498 |     0, -6692 | RaÍ¥ngÍ£eÍ«r ðŸŒ                  
[NONE ][14:56:04]       6 | 191.88.73.76    | 6 |     1 |   2494 |  5766,  4073 | Zap                           
[NONE ][14:56:06] >m 6 9000
[NONE ][14:56:06] Set mass of Zap to 9000.000
[NONE ][14:56:14] >m 6 12000
[NONE ][14:56:14] Set mass of Zap to 12000.000
[NONE ][14:56:34] CONNECTED 190.233.242.184:49317, origin: "http://zapphy.epizy.com"
[NONE ][14:57:10] >m 6 18000
[NONE ][14:57:10] Set mass of Zap to 18000.000
[NONE ][14:57:37] DISCONNECTED 190.233.242.184:49317, code: 1001, reason: "", name: " noob"
[NONE ][14:59:31] CONNECTED 190.233.242.184:49356, origin: "http://zapphy.epizy.com"
[NONE ][15:03:04] DISCONNECTED 190.233.242.184:49356, code: 1001, reason: "", name: " "
[NONE ][15:04:12] >m 6 18000
[NONE ][15:04:12] Set mass of Zap to 18000.000
