=== Started 2018-02-19T13-54-53-578 ===
[INFO ][13:54:53] 419 bad words loaded
[WARN ][13:54:53] User account "Local Administrator" disabled
[WARN ][13:54:53] User account "Local Moderator" disabled
[WARN ][13:54:53] User account "Local User" disabled
[INFO ][13:54:53] 0 user records loaded.
[INFO ][13:54:53] 0 IP ban records loaded.
[INFO ][13:54:53] [1m[32mMultiOgar-Edited 1.6.1[37m - An open source multi-protocol ogar server[0m
[INFO ][13:54:53] WebSocket: ws
[INFO ][13:54:53] Started stats server on port 9090
[INFO ][13:54:53] Listening on port 8888
[INFO ][13:54:53] Current game mode is Free For All
[INFO ][13:54:53] Added 5 player bots
[NONE ][13:54:53]   __  __       _ _   _  ___                        _____    _ _ _           _    _   __    _ 
 |  \/  |_   _| | |_(_)/ _ \  __ _  __ _ _ __     | ____|__| (_) |_ ___  __| |  / | / /_  / |
 | |\/| | | | | | __| | | | |/ _` |/ _` | '__|____|  _| / _` | | __/ _ \/ _` |  | || '_ \ | |
 | |  | | |_| | | |_| | |_| | (_| | (_| | | |_____| |__| (_| | | ||  __/ (_| |  | || (_) || |
 |_|  |_|\__,_|_|\__|_|\___/ \__, |\__,_|_|       |_____\__,_|_|\__\___|\__,_|  |_(_)___(_)_|
                             |___/                                                           
[NONE ][13:54:54] CONNECTED 191.88.73.76:49217, origin: "http://zapphy.epizy.com"
[NONE ][13:55:00] >m 6 10000
[NONE ][13:55:00] Set mass of Zap to 10000.000
[NONE ][13:55:36] >m 6 10000
[NONE ][13:55:36] Set mass of Zap to 10000.000
[NONE ][13:56:14] >m 6 16000
[NONE ][13:56:14] Set mass of Zap to 16000.000
[NONE ][13:58:10] >m 6 16000
[NONE ][13:58:10] Set mass of Zap to 16000.000
[NONE ][13:59:37] >m 6 16000
[NONE ][13:59:37] Set mass of Zap to 16000.000
[NONE ][14:01:01] >exit
[WARN ][14:01:01] Closing server...
[DEBUG][14:01:01] process.exit(1)
=== Shutdown 2018-02-19T14-01-01-147 ===
