=== Started 2018-02-18T18-32-47-371 ===
[INFO ][18:32:47] 419 bad words loaded
[WARN ][18:32:47] User account "Local Administrator" disabled
[WARN ][18:32:47] User account "Local Moderator" disabled
[WARN ][18:32:47] User account "Local User" disabled
[INFO ][18:32:47] 0 user records loaded.
[INFO ][18:32:47] 0 IP ban records loaded.
[INFO ][18:32:47] [1m[32mMultiOgar-Edited 1.6.1[37m - An open source multi-protocol ogar server[0m
[INFO ][18:32:47] WebSocket: ws
[INFO ][18:32:47] Started stats server on port 9090
[INFO ][18:32:47] Listening on port 8888
[INFO ][18:32:47] Current game mode is Free For All
[INFO ][18:32:47] Added 5 player bots
[NONE ][18:32:47]   __  __       _ _   _  ___                        _____    _ _ _           _    _   __    _ 
 |  \/  |_   _| | |_(_)/ _ \  __ _  __ _ _ __     | ____|__| (_) |_ ___  __| |  / | / /_  / |
 | |\/| | | | | | __| | | | |/ _` |/ _` | '__|____|  _| / _` | | __/ _ \/ _` |  | || '_ \ | |
 | |  | | |_| | | |_| | |_| | (_| | (_| | | |_____| |__| (_| | | ||  __/ (_| |  | || (_) || |
 |_|  |_|\__,_|_|\__|_|\___/ \__, |\__,_|_|       |_____\__,_|_|\__\___|\__,_|  |_(_)___(_)_|
                             |___/                                                           
[NONE ][18:32:48] CONNECTED 191.88.73.76:60660, origin: "http://zapphy.epizy.com"
[NONE ][18:32:53] >m 6 10000
[NONE ][18:32:53] Set mass of Crystal to 10000.000
[NONE ][18:33:06] >m 6 14000
[NONE ][18:33:06] Set mass of Crystal to 14000.000
[NONE ][18:34:14] >exit
[WARN ][18:34:14] Closing server...
[DEBUG][18:34:14] process.exit(1)
=== Shutdown 2018-02-18T18-34-14-936 ===
