=== Started 2018-02-24T10-05-18-365 ===
[INFO ][10:05:18] 0 bad words loaded
[WARN ][10:05:18] User account "Local Moderator" disabled
[WARN ][10:05:18] User account "Local User" disabled
[INFO ][10:05:18] 1 user records loaded.
[INFO ][10:05:18] 1 IP ban records loaded.
[INFO ][10:05:18] [1m[32mMultiOgar-Edited 1.6.1[37m - An open source multi-protocol ogar server[0m
[INFO ][10:05:18] WebSocket: ws
[INFO ][10:05:18] Started stats server on port 88
[INFO ][10:05:18] Listening on port 25565
[INFO ][10:05:18] Current game mode is Free For All
[INFO ][10:05:18] Added 5 player bots
[NONE ][10:05:18]   __  __       _ _   _  ___                        _____    _ _ _           _    _   __    _ 
 |  \/  |_   _| | |_(_)/ _ \  __ _  __ _ _ __     | ____|__| (_) |_ ___  __| |  / | / /_  / |
 | |\/| | | | | | __| | | | |/ _` |/ _` | '__|____|  _| / _` | | __/ _ \/ _` |  | || '_ \ | |
 | |  | | |_| | | |_| | |_| | (_| | (_| | | |_____| |__| (_| | | ||  __/ (_| |  | || (_) || |
 |_|  |_|\__,_|_|\__|_|\___/ \__, |\__,_|_|       |_____\__,_|_|\__\___|\__,_|  |_(_)___(_)_|
                             |___/                                                           
[NONE ][10:05:19] CONNECTED 191.88.73.76:52435, origin: "http://localhost"
[NONE ][10:27:32] DISCONNECTED 191.88.73.76:52435, code: 1006, reason: "", name: "ZAPPHIRE!"
[NONE ][10:27:34] CONNECTED 191.88.73.76:52472, origin: "http://localhost"
=== Shutdown 2018-02-24T10-35-18-573 ===
