=== Started 2018-02-19T13-45-51-566 ===
[INFO ][13:45:51] 419 bad words loaded
[WARN ][13:45:51] User account "Local Administrator" disabled
[WARN ][13:45:51] User account "Local Moderator" disabled
[WARN ][13:45:51] User account "Local User" disabled
[INFO ][13:45:51] 0 user records loaded.
[INFO ][13:45:51] 0 IP ban records loaded.
[INFO ][13:45:51] [1m[32mMultiOgar-Edited 1.6.1[37m - An open source multi-protocol ogar server[0m
[INFO ][13:45:51] WebSocket: ws
[INFO ][13:45:51] Started stats server on port 9090
[INFO ][13:45:51] Listening on port 8888
[INFO ][13:45:51] Current game mode is Free For All
[INFO ][13:45:51] Added 5 player bots
[NONE ][13:45:51]   __  __       _ _   _  ___                        _____    _ _ _           _    _   __    _ 
 |  \/  |_   _| | |_(_)/ _ \  __ _  __ _ _ __     | ____|__| (_) |_ ___  __| |  / | / /_  / |
 | |\/| | | | | | __| | | | |/ _` |/ _` | '__|____|  _| / _` | | __/ _ \/ _` |  | || '_ \ | |
 | |  | | |_| | | |_| | |_| | (_| | (_| | | |_____| |__| (_| | | ||  __/ (_| |  | || (_) || |
 |_|  |_|\__,_|_|\__|_|\___/ \__, |\__,_|_|       |_____\__,_|_|\__\___|\__,_|  |_(_)___(_)_|
                             |___/                                                           
[NONE ][13:45:52] CONNECTED 191.88.73.76:49204, origin: "http://zapphy.epizy.com"
[NONE ][13:45:56] >m 6 10000
[NONE ][13:45:56] Set mass of Zap to 10000.000
[NONE ][13:46:05] >m 6 10000
[NONE ][13:46:05] Set mass of Zap to 10000.000
[NONE ][13:47:32] >exit
[WARN ][13:47:32] Closing server...
[DEBUG][13:47:32] process.exit(1)
=== Shutdown 2018-02-19T13-47-32-089 ===
