=== Started 2018-01-15T19-25-11-676 ===
[INFO ][19:25:11] 419 bad words loaded
[WARN ][19:25:11] User account "Local Administrator" disabled
[WARN ][19:25:11] User account "Local Moderator" disabled
[WARN ][19:25:11] User account "Local User" disabled
[INFO ][19:25:11] 0 user records loaded.
[INFO ][19:25:11] 0 IP ban records loaded.
[INFO ][19:25:11] [1m[32mMultiOgar-Edited 1.6.1[37m - An open source multi-protocol ogar server[0m
[INFO ][19:25:11] WebSocket: ws
[INFO ][19:25:12] Started stats server on port 9090
[INFO ][19:25:12] Listening on port 8888
[INFO ][19:25:12] Current game mode is Free For All
[NONE ][19:25:12]   __  __       _ _   _  ___                        _____    _ _ _           _    _   __    _ 
 |  \/  |_   _| | |_(_)/ _ \  __ _  __ _ _ __     | ____|__| (_) |_ ___  __| |  / | / /_  / |
 | |\/| | | | | | __| | | | |/ _` |/ _` | '__|____|  _| / _` | | __/ _ \/ _` |  | || '_ \ | |
 | |  | | |_| | | |_| | |_| | (_| | (_| | | |_____| |__| (_| | | ||  __/ (_| |  | || (_) || |
 |_|  |_|\__,_|_|\__|_|\___/ \__, |\__,_|_|       |_____\__,_|_|\__\___|\__,_|  |_(_)___(_)_|
                             |___/                                                           
[NONE ][19:25:15] CONNECTED 127.0.0.1:57773, origin: "http://localhost"
[NONE ][19:28:33] >mass 1 10000
[NONE ][19:28:33] Set mass of {yt} to 10000.000
[NONE ][19:29:32] >mass 1 15000
[NONE ][19:29:32] Set mass of {yt} to 15000.000
[NONE ][19:33:21] >mass 1 15000
[NONE ][19:33:21] Set mass of {yt} to 15000.000
[NONE ][19:41:55] >mass 1 8000
[NONE ][19:41:55] Set mass of {yt} to 8000.000
[DEBUG][19:45:12] process.exit(1)
=== Shutdown 2018-01-15T19-45-12-197 ===
