=== Started 2018-02-22T18-22-31-511 ===
[INFO ][18:22:31] 0 bad words loaded
[WARN ][18:22:31] User account "Local Moderator" disabled
[WARN ][18:22:31] User account "Local User" disabled
[INFO ][18:22:31] 1 user records loaded.
[INFO ][18:22:31] 1 IP ban records loaded.
[INFO ][18:22:31] [1m[32mMultiOgar-Edited 1.6.1[37m - An open source multi-protocol ogar server[0m
[INFO ][18:22:31] WebSocket: ws
[INFO ][18:22:31] Started stats server on port 88
[INFO ][18:22:31] Listening on port 25565
[INFO ][18:22:31] Current game mode is Free For All
[INFO ][18:22:31] Added 5 player bots
[NONE ][18:22:31]   __  __       _ _   _  ___                        _____    _ _ _           _    _   __    _ 
 |  \/  |_   _| | |_(_)/ _ \  __ _  __ _ _ __     | ____|__| (_) |_ ___  __| |  / | / /_  / |
 | |\/| | | | | | __| | | | |/ _` |/ _` | '__|____|  _| / _` | | __/ _ \/ _` |  | || '_ \ | |
 | |  | | |_| | | |_| | |_| | (_| | (_| | | |_____| |__| (_| | | ||  __/ (_| |  | || (_) || |
 |_|  |_|\__,_|_|\__|_|\___/ \__, |\__,_|_|       |_____\__,_|_|\__\___|\__,_|  |_(_)___(_)_|
                             |___/                                                           
[NONE ][18:22:32] CONNECTED 191.88.73.76:49341, origin: "http://zapphy.epizy.com"
[NONE ][18:22:32] CONNECTED 187.138.228.188:50093, origin: "http://zapphy.epizy.com"
[NONE ][18:22:47] >pl
[NONE ][18:22:47] 
Current players: 37
[NONE ][18:22:47] Do "playerlist m" or "pl m" to list minions

[NONE ][18:22:47]  ID     | IP              | P | CELLS | SCORE  |   POSITION   | NICK                           
[NONE ][18:22:47] â”€â”€â”€â”€â”€â”€â”€â”€â”€â”€â”€â”€â”€â”€â”€â”€â”€â”€â”€â”€â”€â”€â”€â”€â”€â”€â”€â”€â”€â”€â”€â”€â”€â”€â”€â”€â”€â”€â”€â”€â”€â”€â”€â”€â”€â”€â”€â”€â”€â”€â”€â”€â”€â”€â”€â”€â”€â”€â”€â”€â”€â”€â”€â”€â”€â”€â”€â”€â”€â”€â”€â”€â”€â”€â”€â”€â”€â”€â”€â”€â”€â”€â”€â”€â”€â”€â”€â”€â”€â”€â”€â”€â”€â”€â”€
[NONE ][18:22:47]       1 | [BOT]           | ? |     4 |   2492 |   509,  1427 | å¤”Æ“â„³ ERICK                     
[NONE ][18:22:47]       2 | [BOT]           | ? |     8 |   2953 |  -533,  -258 | ä¹¡ð“™áƒâ˜…â‡ä¹¡Æ¤Ê³áµ‰á¶»áµ˜Ê³áµ‰x               
[NONE ][18:22:47]       3 | [BOT]           | ? |     8 |    694 |   -50,  -805 | #WeAreTeam                    
[NONE ][18:22:47]       4 | [BOT]           | ? |     1 |   2401 |  4876,  5211 | PuppuLovur64                  
[NONE ][18:22:47]       5 | [BOT]           | ? |     1 |   2401 | -3683,  4297 | ðŸ¼ðŸ¼Â¡Panda!ðŸ¼ðŸ¼               
[NONE ][18:22:47]       6 | 191.88.73.76    | 6 |     1 |    218 |  1908, -4799 | Zapphire                      
[NONE ][18:22:47]      22 | 187.138.228.188 | 6 |     1 |   2433 | -5850, -1965 | FYG                           
[NONE ][18:22:50] >m 22 6000
[NONE ][18:22:50] Set mass of FYG to 6000.000
[NONE ][18:22:56] >k 22
[NONE ][18:22:56] Killed FYG and removed 4 cells
[NONE ][18:22:59] >m 6 7000
[NONE ][18:22:59] Set mass of Zapphire to 7000.000
[NONE ][18:23:17] >m 6 15000
[NONE ][18:23:17] Set mass of Zapphire to 15000.000
[NONE ][18:23:33] DISCONNECTED 187.138.228.188:50093, code: 1001, reason: "", name: "FYG"
[NONE ][18:24:00] >exit
[WARN ][18:24:00] Closing server...
[DEBUG][18:24:00] process.exit(1)
=== Shutdown 2018-02-22T18-24-00-841 ===
