=== Started 2018-01-15T20-05-14-347 ===
[INFO ][20:05:14] 419 bad words loaded
[WARN ][20:05:14] User account "Local Administrator" disabled
[WARN ][20:05:14] User account "Local Moderator" disabled
[WARN ][20:05:14] User account "Local User" disabled
[INFO ][20:05:14] 0 user records loaded.
[INFO ][20:05:14] 0 IP ban records loaded.
[INFO ][20:05:14] [1m[32mMultiOgar-Edited 1.6.1[37m - An open source multi-protocol ogar server[0m
[INFO ][20:05:14] WebSocket: ws
[INFO ][20:05:14] Started stats server on port 9090
[INFO ][20:05:14] Listening on port 8888
[INFO ][20:05:14] Current game mode is Free For All
[NONE ][20:05:14]   __  __       _ _   _  ___                        _____    _ _ _           _    _   __    _ 
 |  \/  |_   _| | |_(_)/ _ \  __ _  __ _ _ __     | ____|__| (_) |_ ___  __| |  / | / /_  / |
 | |\/| | | | | | __| | | | |/ _` |/ _` | '__|____|  _| / _` | | __/ _ \/ _` |  | || '_ \ | |
 | |  | | |_| | | |_| | |_| | (_| | (_| | | |_____| |__| (_| | | ||  __/ (_| |  | || (_) || |
 |_|  |_|\__,_|_|\__|_|\___/ \__, |\__,_|_|       |_____\__,_|_|\__\___|\__,_|  |_(_)___(_)_|
                             |___/                                                           
[NONE ][20:07:32] CONNECTED 127.0.0.1:58338, origin: "http://localhost"
[NONE ][20:16:56] DISCONNECTED 127.0.0.1:58338, code: 1006, reason: "", name: "{dire_wolf}"
[DEBUG][20:25:14] process.exit(1)
=== Shutdown 2018-01-15T20-25-14-585 ===
