=== Started 2018-02-11T19-42-39-480 ===
[INFO ][19:42:39] 419 bad words loaded
[WARN ][19:42:39] User account "Local Administrator" disabled
[WARN ][19:42:39] User account "Local Moderator" disabled
[WARN ][19:42:39] User account "Local User" disabled
[INFO ][19:42:39] 0 user records loaded.
[INFO ][19:42:39] 0 IP ban records loaded.
[INFO ][19:42:39] [1m[32mMultiOgar-Edited 1.6.1[37m - An open source multi-protocol ogar server[0m
[INFO ][19:42:39] WebSocket: ws
[INFO ][19:42:39] Started stats server on port 9090
[INFO ][19:42:39] Listening on port 8888
[INFO ][19:42:39] Current game mode is Free For All
[INFO ][19:42:40] Added 15 player bots
[NONE ][19:42:40]   __  __       _ _   _  ___                        _____    _ _ _           _    _   __    _ 
 |  \/  |_   _| | |_(_)/ _ \  __ _  __ _ _ __     | ____|__| (_) |_ ___  __| |  / | / /_  / |
 | |\/| | | | | | __| | | | |/ _` |/ _` | '__|____|  _| / _` | | __/ _ \/ _` |  | || '_ \ | |
 | |  | | |_| | | |_| | |_| | (_| | (_| | | |_____| |__| (_| | | ||  __/ (_| |  | || (_) || |
 |_|  |_|\__,_|_|\__|_|\___/ \__, |\__,_|_|       |_____\__,_|_|\__\___|\__,_|  |_(_)___(_)_|
                             |___/                                                           
[NONE ][19:42:42] CONNECTED 127.0.0.1:53243, origin: "http://localhost"
[NONE ][19:42:57] >pl
[NONE ][19:42:57] 
Current players: 31
[NONE ][19:42:57] Do "playerlist m" or "pl m" to list minions

[NONE ][19:42:57]  ID     | IP              | P | CELLS | SCORE  |   POSITION   | NICK                           
[NONE ][19:42:57] ───────────────────────────────────────────────────────────────────────────────────────────────
[NONE ][19:42:57]       1 | [BOT]           | ? |     1 |    878 |  4062,    22 | Am I on youtube?              
[NONE ][19:42:57]       2 | [BOT]           | ? |     1 |    877 | -4174,  5767 | α𐍂𐌕ĮŜŤ                      
[NONE ][19:42:57]       3 | [BOT]           | ? |     6 |    705 |  1114,   -88 | iFinessed Chapo               
[NONE ][19:42:57]       4 | [BOT]           | ? |     4 |    971 | -1010,  1746 | ༄💀𝓓ยεภ𝓭ε✨༄舞西               
[NONE ][19:42:57]       5 | [BOT]           | ? |     8 |   1007 |   278,   419 | BubleBalZ Fan                 
[NONE ][19:42:57]       6 | [BOT]           | ? |     8 |    985 |   411,  -143 | ℳȱņştéℛ怪物                     
[NONE ][19:42:57]       7 | [BOT]           | ? |     1 |    871 |  2658, -3267 | TEAM PRO! 99%PR               
[NONE ][19:42:57]       8 | [BOT]           | ? |     2 |   1901 | -2406,  -992 | ༺🐉Aѕυмα🐉༻ƬψƬ                
[NONE ][19:42:57]       9 | [BOT]           | ? |     4 |    960 | -1392,   -71 | ⚔ᗩᎥᗰᶠᵘᶜᵏᵉᵈ⚔ YT                
[NONE ][19:42:57]      10 | [BOT]           | ? |     2 |   1090 |  1773, -1530 | DAVID fAK                     
[NONE ][19:42:57]      11 | [BOT]           | ? |     1 |    867 | -3675, -5005 | 遊ＰŁỮǤ༻                        
[NONE ][19:42:57]      12 | [BOT]           | ? |     4 |    947 |  1136,  1556 | MƛƦƧӇMЄԼԼƠ                    
[NONE ][19:42:57]      13 | [BOT]           | ? |     3 |    727 |  1722,  -686 | feed 2 team                   
[NONE ][19:42:57]      14 | [BOT]           | ? |     8 |   1193 |   812,    42 | βØŜŜ༻🎅                       
[NONE ][19:42:57]      15 | [BOT]           | ? |     8 |   1056 |  -362,   339 | Team Pro LvL 99               
[NONE ][19:42:57]      16 | 127.0.0.1       | 6 |     1 |    879 | -2396, -3243 | Zapphire                      
[NONE ][19:42:59] >m 16 10000
[NONE ][19:42:59] Set mass of Zapphire to 10000.000
[NONE ][19:43:36] >m 16 16000
[NONE ][19:43:36] Set mass of Zapphire to 16000.000
[NONE ][19:45:48] >m 16 16000
[NONE ][19:45:48] Set mass of Zapphire to 16000.000
[NONE ][19:48:07] >m 16 16000
[NONE ][19:48:07] Set mass of Zapphire to 16000.000
[NONE ][19:48:12] >la
[WARN ][19:48:12] Invalid Command!
[NONE ][19:48:13] >ka
[NONE ][19:48:16] >m 16 16000
[NONE ][19:48:16] Set mass of Zapphire to 16000.000
[NONE ][19:48:28] >m 16 16000
[NONE ][19:48:28] Set mass of Zapphire to 16000.000
[NONE ][19:52:06] >m 16 16000
[NONE ][19:52:06] Set mass of Zapphire to 16000.000
[NONE ][19:54:08] >m 16 16000
[NONE ][19:54:08] Set mass of Zapphire to 16000.000
[NONE ][19:58:06] DISCONNECTED 127.0.0.1:53243, code: 1006, reason: "", name: "Zapphire"
[NONE ][19:58:13] CONNECTED 127.0.0.1:53268, origin: "http://localhost"
[NONE ][19:59:01] >pl
[NONE ][19:59:01] 
Current players: 31
[NONE ][19:59:01] Do "playerlist m" or "pl m" to list minions

[NONE ][19:59:01]  ID     | IP              | P | CELLS | SCORE  |   POSITION   | NICK                           
[NONE ][19:59:01] ───────────────────────────────────────────────────────────────────────────────────────────────
[NONE ][19:59:01]       1 | [BOT]           | ? |     2 |     66 |  3360,   669 | Am I on youtube?              
[NONE ][19:59:01]       2 | [BOT]           | ? |    16 |   5036 |   429,   184 | α𐍂𐌕ĮŜŤ                      
[NONE ][19:59:01]       3 | [BOT]           | ? |     6 |    152 |   163,  -792 | iFinessed Chapo               
[NONE ][19:59:01]       4 | [BOT]           | ? |     1 |     18 |  3885,  7049 | ༄💀𝓓ยεภ𝓭ε✨༄舞西               
[NONE ][19:59:01]       5 | [BOT]           | ? |     5 |    286 |  -828,  -962 | BubleBalZ Fan                 
[NONE ][19:59:01]       6 | [BOT]           | ? |    12 |    664 |   224,  -285 | ℳȱņştéℛ怪物                     
[NONE ][19:59:01]       7 | [BOT]           | ? |    10 |   1658 |   195,   697 | TEAM PRO! 99%PR               
[NONE ][19:59:01]       8 | [BOT]           | ? |     3 |    220 | -1988,  -828 | ༺🐉Aѕυмα🐉༻ƬψƬ                
[NONE ][19:59:01]       9 | [BOT]           | ? |     3 |     65 |   760,  -896 | ⚔ᗩᎥᗰᶠᵘᶜᵏᵉᵈ⚔ YT                
[NONE ][19:59:01]      10 | [BOT]           | ? |     1 |   7545 |   108, -2902 | DAVID fAK                     
[NONE ][19:59:01]      11 | [BOT]           | ? |    13 |   1051 |   520,   129 | 遊ＰŁỮǤ༻                        
[NONE ][19:59:01]      12 | [BOT]           | ? |     5 |    139 | -1040,   721 | MƛƦƧӇMЄԼԼƠ                    
[NONE ][19:59:01]      13 | [BOT]           | ? |     1 |    169 | -6951, -6999 | feed 2 team                   
[NONE ][19:59:01]      14 | [BOT]           | ? |     1 |    891 |  4797,  1965 | βØŜŜ༻🎅                       
[NONE ][19:59:01]      15 | [BOT]           | ? |     6 |  13273 |  1000,   774 | Team Pro LvL 99               
[NONE ][19:59:01]      32 | 127.0.0.1       | 6 |     1 |    496 | -1383, -1845 | Zapphire                      
[NONE ][19:59:06] >m 32 10000
[NONE ][19:59:06] Set mass of Zapphire to 10000.000
[NONE ][19:59:24] >m 32 10000
[NONE ][19:59:24] Set mass of Zapphire to 10000.000
[NONE ][19:59:58] >m 32 10000
[NONE ][19:59:58] Set mass of Zapphire to 10000.000
[NONE ][20:00:00] >m 32 10000
[NONE ][20:00:00] Set mass of Zapphire to 10000.000
[NONE ][20:00:11] >pl
[NONE ][20:00:11] 
Current players: 31
[NONE ][20:00:11] Do "playerlist m" or "pl m" to list minions

[NONE ][20:00:11]  ID     | IP              | P | CELLS | SCORE  |   POSITION   | NICK                           
[NONE ][20:00:11] ───────────────────────────────────────────────────────────────────────────────────────────────
[NONE ][20:00:11]       1 | [BOT]           | ? |     3 |    147 |   512,   108 | Am I on youtube?              
[NONE ][20:00:11]       2 | [BOT]           | ? |     1 |   7841 |  1320,  2209 | α𐍂𐌕ĮŜŤ                      
[NONE ][20:00:11]       3 | [BOT]           | ? |     1 |    304 | -1041, -6419 | iFinessed Chapo               
[NONE ][20:00:11]       4 | [BOT]           | ? |     1 |    907 | -4222,  4782 | ༄💀𝓓ยεภ𝓭ε✨༄舞西               
[NONE ][20:00:11]       5 | [BOT]           | ? |     1 |    911 | -5750,  5274 | BubleBalZ Fan                 
[NONE ][20:00:11]       6 | [BOT]           | ? |    16 |    999 |  -180,  -341 | ℳȱņştéℛ怪物                     
[NONE ][20:00:11]       7 | [BOT]           | ? |     8 |    359 |    48,   833 | TEAM PRO! 99%PR               
[NONE ][20:00:11]       8 | [BOT]           | ? |     3 |    191 | -1305,   183 | ༺🐉Aѕυмα🐉༻ƬψƬ                
[NONE ][20:00:11]       9 | [BOT]           | ? |     1 |     34 | -3743, -2501 | ⚔ᗩᎥᗰᶠᵘᶜᵏᵉᵈ⚔ YT                
[NONE ][20:00:11]      10 | [BOT]           | ? |     2 |  14420 |   631, -2261 | DAVID fAK                     
[NONE ][20:00:11]      11 | [BOT]           | ? |     2 |   2233 |  2736, -2766 | 遊ＰŁỮǤ༻                        
[NONE ][20:00:11]      12 | [BOT]           | ? |    16 |   5823 |  -132,   134 | MƛƦƧӇMЄԼԼƠ                    
[NONE ][20:00:11]      13 | [BOT]           | ? |    12 |   1505 |  -475,  -242 | feed 2 team                   
[NONE ][20:00:11]      14 | [BOT]           | ? |     6 |    162 |  -354,   -83 | βØŜŜ༻🎅                       
[NONE ][20:00:11]      15 | [BOT]           | ? |     1 |   6563 |   258,  1824 | Team Pro LvL 99               
[NONE ][20:00:11]      32 | 127.0.0.1       | 6 |     5 |  22174 |   513,  -847 | Zapphire                      
[NONE ][20:01:27] DISCONNECTED 127.0.0.1:53268, code: 1001, reason: "", name: "Zapphire"
[NONE ][20:01:33] CONNECTED 127.0.0.1:53281, origin: "http://localhost"
[NONE ][20:03:44] DISCONNECTED 127.0.0.1:53281, code: 1006, reason: "", name: "Zapphire"
[NONE ][20:03:50] CONNECTED 127.0.0.1:53297, origin: "http://localhost"
[NONE ][20:06:04] DISCONNECTED 127.0.0.1:53297, code: 1006, reason: "undefined", name: "Zapphire"
[NONE ][20:06:30] CONNECTED 127.0.0.1:53328, origin: "http://localhost"
[DEBUG][20:07:39] process.exit(1)
=== Shutdown 2018-02-11T20-07-39-973 ===
