=== Started 2018-01-18T17-42-24-986 ===
[INFO ][17:42:25] 419 bad words loaded
[WARN ][17:42:25] User account "Local Administrator" disabled
[WARN ][17:42:25] User account "Local Moderator" disabled
[WARN ][17:42:25] User account "Local User" disabled
[INFO ][17:42:25] 0 user records loaded.
[INFO ][17:42:25] 0 IP ban records loaded.
[INFO ][17:42:25] [1m[32mMultiOgar-Edited 1.6.1[37m - An open source multi-protocol ogar server[0m
[INFO ][17:42:25] WebSocket: ws
[INFO ][17:42:25] Started stats server on port 9090
[INFO ][17:42:25] Listening on port 8888
[INFO ][17:42:25] Current game mode is Free For All
[NONE ][17:42:25]   __  __       _ _   _  ___                        _____    _ _ _           _    _   __    _ 
 |  \/  |_   _| | |_(_)/ _ \  __ _  __ _ _ __     | ____|__| (_) |_ ___  __| |  / | / /_  / |
 | |\/| | | | | | __| | | | |/ _` |/ _` | '__|____|  _| / _` | | __/ _ \/ _` |  | || '_ \ | |
 | |  | | |_| | | |_| | |_| | (_| | (_| | | |_____| |__| (_| | | ||  __/ (_| |  | || (_) || |
 |_|  |_|\__,_|_|\__|_|\___/ \__, |\__,_|_|       |_____\__,_|_|\__\___|\__,_|  |_(_)___(_)_|
                             |___/                                                           
[NONE ][17:42:26] CONNECTED 127.0.0.1:55418, origin: "http://localhost"
[NONE ][17:43:04] DISCONNECTED 127.0.0.1:55418, code: 1006, reason: "", name: ""
[NONE ][17:43:09] CONNECTED 127.0.0.1:55476, origin: "http://localhost"
[NONE ][17:43:26] >pl
[NONE ][17:43:26] 
Current players: 11
[NONE ][17:43:26] Do "playerlist m" or "pl m" to list minions

[NONE ][17:43:26]  ID     | IP              | P | CELLS | SCORE  |   POSITION   | NICK                           
[NONE ][17:43:26] ───────────────────────────────────────────────────────────────────────────────────────────────
[NONE ][17:43:26]      12 | 127.0.0.1       | 6 |     1 |    186 | -4711,  -537 | Goblin                        
[NONE ][17:43:28] >m 12 12000
[NONE ][17:43:28] Set mass of Goblin to 12000.000
[DEBUG][18:02:25] process.exit(1)
=== Shutdown 2018-01-18T18-02-25-174 ===
