=== Started 2018-02-20T20-19-02-022 ===
[INFO ][20:19:02] 0 bad words loaded
[WARN ][20:19:02] User account "Local Moderator" disabled
[WARN ][20:19:02] User account "Local User" disabled
[INFO ][20:19:02] 1 user records loaded.
[INFO ][20:19:02] 1 IP ban records loaded.
[INFO ][20:19:02] [1m[32mMultiOgar-Edited 1.6.1[37m - An open source multi-protocol ogar server[0m
[INFO ][20:19:02] WebSocket: ws
[INFO ][20:19:02] Started stats server on port 88
[INFO ][20:19:02] Listening on port 2222
[INFO ][20:19:02] Current game mode is Free For All
[INFO ][20:19:02] Added 5 player bots
[NONE ][20:19:02]   __  __       _ _   _  ___                        _____    _ _ _           _    _   __    _ 
 |  \/  |_   _| | |_(_)/ _ \  __ _  __ _ _ __     | ____|__| (_) |_ ___  __| |  / | / /_  / |
 | |\/| | | | | | __| | | | |/ _` |/ _` | '__|____|  _| / _` | | __/ _ \/ _` |  | || '_ \ | |
 | |  | | |_| | | |_| | |_| | (_| | (_| | | |_____| |__| (_| | | ||  __/ (_| |  | || (_) || |
 |_|  |_|\__,_|_|\__|_|\___/ \__, |\__,_|_|       |_____\__,_|_|\__\___|\__,_|  |_(_)___(_)_|
                             |___/                                                           
[NONE ][20:21:13] CONNECTED 191.88.73.76:52877, origin: "http://zapphy.epizy.com"
[NONE ][20:28:37] CONNECTED 190.152.207.234:3754, origin: "http://zapphy.epizy.com"
