=== Started 2018-02-22T18-01-09-149 ===
[INFO ][18:01:09] 0 bad words loaded
[WARN ][18:01:09] User account "Local Moderator" disabled
[WARN ][18:01:09] User account "Local User" disabled
[INFO ][18:01:09] 1 user records loaded.
[INFO ][18:01:09] 1 IP ban records loaded.
[INFO ][18:01:09] [1m[32mMultiOgar-Edited 1.6.1[37m - An open source multi-protocol ogar server[0m
[INFO ][18:01:09] WebSocket: ws
[INFO ][18:01:09] Started stats server on port 88
[INFO ][18:01:09] Listening on port 25565
[INFO ][18:01:09] Current game mode is Free For All
[INFO ][18:01:09] Added 5 player bots
[NONE ][18:01:09]   __  __       _ _   _  ___                        _____    _ _ _           _    _   __    _ 
 |  \/  |_   _| | |_(_)/ _ \  __ _  __ _ _ __     | ____|__| (_) |_ ___  __| |  / | / /_  / |
 | |\/| | | | | | __| | | | |/ _` |/ _` | '__|____|  _| / _` | | __/ _ \/ _` |  | || '_ \ | |
 | |  | | |_| | | |_| | |_| | (_| | (_| | | |_____| |__| (_| | | ||  __/ (_| |  | || (_) || |
 |_|  |_|\__,_|_|\__|_|\___/ \__, |\__,_|_|       |_____\__,_|_|\__\___|\__,_|  |_(_)___(_)_|
                             |___/                                                           
[NONE ][18:01:10] CONNECTED 191.88.73.76:49303, origin: "http://zapphy.epizy.com"
[NONE ][18:01:13] >ka
[NONE ][18:02:04] >m 6 8000
[NONE ][18:02:04] Set mass of Zapphire to 8000.000
[NONE ][18:05:19] DISCONNECTED 191.88.73.76:49303, code: 1006, reason: "", name: "Zapphire"
[NONE ][18:05:23] >exit
[WARN ][18:05:23] Closing server...
[DEBUG][18:05:23] process.exit(1)
=== Shutdown 2018-02-22T18-05-23-497 ===
