=== Started 2018-02-22T18-09-13-996 ===
[INFO ][18:09:14] 0 bad words loaded
[WARN ][18:09:14] User account "Local Moderator" disabled
[WARN ][18:09:14] User account "Local User" disabled
[INFO ][18:09:14] 1 user records loaded.
[INFO ][18:09:14] 1 IP ban records loaded.
[INFO ][18:09:14] [1m[32mMultiOgar-Edited 1.6.1[37m - An open source multi-protocol ogar server[0m
[INFO ][18:09:14] WebSocket: ws
[INFO ][18:09:14] Started stats server on port 88
[INFO ][18:09:14] Listening on port 25565
[INFO ][18:09:14] Current game mode is Free For All
[INFO ][18:09:14] Added 5 player bots
[NONE ][18:09:14]   __  __       _ _   _  ___                        _____    _ _ _           _    _   __    _ 
 |  \/  |_   _| | |_(_)/ _ \  __ _  __ _ _ __     | ____|__| (_) |_ ___  __| |  / | / /_  / |
 | |\/| | | | | | __| | | | |/ _` |/ _` | '__|____|  _| / _` | | __/ _ \/ _` |  | || '_ \ | |
 | |  | | |_| | | |_| | |_| | (_| | (_| | | |_____| |__| (_| | | ||  __/ (_| |  | || (_) || |
 |_|  |_|\__,_|_|\__|_|\___/ \__, |\__,_|_|       |_____\__,_|_|\__\___|\__,_|  |_(_)___(_)_|
                             |___/                                                           
[NONE ][18:09:15] CONNECTED 191.88.73.76:49331, origin: "http://zapphy.epizy.com"
[NONE ][18:09:18] >m 6 10000
[NONE ][18:09:18] Set mass of Zapphire to 10000.000
[NONE ][18:09:33] >m 6 15000
[NONE ][18:09:33] Set mass of Zapphire to 15000.000
[NONE ][18:12:06] >m 6 19000
[NONE ][18:12:06] Set mass of Zapphire to 19000.000
[NONE ][18:14:17] >k 6
[NONE ][18:14:17] Killed Zapphire and removed 16 cells
[NONE ][18:14:21] >k 6
[NONE ][18:14:21] Killed Zapphire and removed 16 cells
[NONE ][18:14:25] >k 6
[NONE ][18:14:25] Killed Zapphire and removed 16 cells
[NONE ][18:14:29] >k 6
[NONE ][18:14:29] Killed Zapphire and removed 16 cells
[NONE ][18:15:09] >k 6
[NONE ][18:15:09] Killed Zapphire and removed 16 cells
[NONE ][18:16:38] >exit
[WARN ][18:16:38] Closing server...
[DEBUG][18:16:38] process.exit(1)
=== Shutdown 2018-02-22T18-16-38-111 ===
