=== Started 2018-02-22T18-25-04-240 ===
[INFO ][18:25:04] 0 bad words loaded
[WARN ][18:25:04] User account "Local Moderator" disabled
[WARN ][18:25:04] User account "Local User" disabled
[INFO ][18:25:04] 1 user records loaded.
[INFO ][18:25:04] 1 IP ban records loaded.
[INFO ][18:25:04] [1m[32mMultiOgar-Edited 1.6.1[37m - An open source multi-protocol ogar server[0m
[INFO ][18:25:04] WebSocket: ws
[INFO ][18:25:04] Started stats server on port 88
[INFO ][18:25:04] Listening on port 25565
[INFO ][18:25:04] Current game mode is Free For All
[INFO ][18:25:04] Added 5 player bots
[NONE ][18:25:04]   __  __       _ _   _  ___                        _____    _ _ _           _    _   __    _ 
 |  \/  |_   _| | |_(_)/ _ \  __ _  __ _ _ __     | ____|__| (_) |_ ___  __| |  / | / /_  / |
 | |\/| | | | | | __| | | | |/ _` |/ _` | '__|____|  _| / _` | | __/ _ \/ _` |  | || '_ \ | |
 | |  | | |_| | | |_| | |_| | (_| | (_| | | |_____| |__| (_| | | ||  __/ (_| |  | || (_) || |
 |_|  |_|\__,_|_|\__|_|\___/ \__, |\__,_|_|       |_____\__,_|_|\__\___|\__,_|  |_(_)___(_)_|
                             |___/                                                           
[NONE ][18:25:05] CONNECTED 191.88.73.76:49345, origin: "http://zapphy.epizy.com"
[NONE ][18:25:08] >m 6 10000
[NONE ][18:25:08] Set mass of Zapphire to 10000.000
[NONE ][18:25:16] >m 6 18000
[NONE ][18:25:16] Set mass of Zapphire to 18000.000
[NONE ][18:28:23] >rec 6
[NONE ][18:28:23] Zapphire is now in rec mode!
[NONE ][18:28:43] >rec 6
[NONE ][18:28:43] Zapphire is no longer in rec mode
[NONE ][18:28:44] >m 6 18000
[NONE ][18:28:44] Set mass of Zapphire to 18000.000
[NONE ][18:37:57] >exit
[WARN ][18:37:57] Closing server...
[DEBUG][18:37:57] process.exit(1)
=== Shutdown 2018-02-22T18-37-57-520 ===
