=== Started 2018-01-03T15-33-03-279 ===
[INFO ][15:33:03] 419 bad words loaded
[WARN ][15:33:03] User account "Local Administrator" disabled
[WARN ][15:33:03] User account "Local Moderator" disabled
[WARN ][15:33:03] User account "Local User" disabled
[INFO ][15:33:03] 0 user records loaded.
[INFO ][15:33:03] 0 IP ban records loaded.
[INFO ][15:33:03] [1m[32mMultiOgar-Edited 1.6.1[37m - An open source multi-protocol ogar server[0m
[INFO ][15:33:03] WebSocket: ws
[INFO ][15:33:03] Started stats server on port 88
[INFO ][15:33:03] Listening on port 8888
[INFO ][15:33:03] Current game mode is Free For All
[INFO ][15:33:03] Added 3 player bots
[NONE ][15:33:03]   __  __       _ _   _  ___                        _____    _ _ _           _    _   __    _ 
 |  \/  |_   _| | |_(_)/ _ \  __ _  __ _ _ __     | ____|__| (_) |_ ___  __| |  / | / /_  / |
 | |\/| | | | | | __| | | | |/ _` |/ _` | '__|____|  _| / _` | | __/ _ \/ _` |  | || '_ \ | |
 | |  | | |_| | | |_| | |_| | (_| | (_| | | |_____| |__| (_| | | ||  __/ (_| |  | || (_) || |
 |_|  |_|\__,_|_|\__|_|\___/ \__, |\__,_|_|       |_____\__,_|_|\__\___|\__,_|  |_(_)___(_)_|
                             |___/                                                           
[DEBUG][15:33:39] process.exit(1)
=== Shutdown 2018-01-03T15-33-39-396 ===
