=== Started 2018-02-19T16-27-37-126 ===
[INFO ][16:27:37] 419 bad words loaded
[WARN ][16:27:37] User account "Local Administrator" disabled
[WARN ][16:27:37] User account "Local Moderator" disabled
[WARN ][16:27:37] User account "Local User" disabled
[INFO ][16:27:37] 0 user records loaded.
[INFO ][16:27:37] 0 IP ban records loaded.
[INFO ][16:27:37] [1m[32mMultiOgar-Edited 1.6.1[37m - An open source multi-protocol ogar server[0m
[INFO ][16:27:37] WebSocket: ws
[INFO ][16:27:37] Started stats server on port 9090
[INFO ][16:27:37] Listening on port 8888
[INFO ][16:27:37] Current game mode is Free For All
[INFO ][16:27:37] Added 5 player bots
[NONE ][16:27:37]   __  __       _ _   _  ___                        _____    _ _ _           _    _   __    _ 
 |  \/  |_   _| | |_(_)/ _ \  __ _  __ _ _ __     | ____|__| (_) |_ ___  __| |  / | / /_  / |
 | |\/| | | | | | __| | | | |/ _` |/ _` | '__|____|  _| / _` | | __/ _ \/ _` |  | || '_ \ | |
 | |  | | |_| | | |_| | |_| | (_| | (_| | | |_____| |__| (_| | | ||  __/ (_| |  | || (_) || |
 |_|  |_|\__,_|_|\__|_|\___/ \__, |\__,_|_|       |_____\__,_|_|\__\___|\__,_|  |_(_)___(_)_|
                             |___/                                                           
[NONE ][16:27:38] CONNECTED 201.185.230.177:1576, origin: "http://zapphy.epizy.com"
[NONE ][16:27:38] CONNECTED 191.88.73.76:51556, origin: "http://localhost"
[NONE ][16:27:38] CONNECTED 201.185.230.177:61189, origin: "http://zapphy.epizy.com"
[NONE ][16:37:43] >pl
[NONE ][16:37:43] 
Current players: 53
[NONE ][16:37:43] Do "playerlist m" or "pl m" to list minions

[NONE ][16:37:43]  ID     | IP              | P | CELLS | SCORE  |   POSITION   | NICK                           
[NONE ][16:37:43] ───────────────────────────────────────────────────────────────────────────────────────────────
[NONE ][16:37:43]       1 | [BOT]           | ? |     7 |    223 |  -543,  -821 | Lambodian                     
[NONE ][16:37:43]       2 | [BOT]           | ? |     3 |     76 |  2010,   762 | ๖ۣۜUriel㊗西蒙一㊣❥               
[NONE ][16:37:43]       3 | [BOT]           | ? |     6 |    194 |   508,  -880 | Ļчм𝔢ᑭןαч𝔰 🎄                
[NONE ][16:37:43]       4 | [BOT]           | ? |     8 |   1380 |  -190,  -725 | ൫પഠໞ༏ද YT                     
[NONE ][16:37:43]       5 | [BOT]           | ? |    15 |   1149 |   175,   -70 | ༄ΉΣΥDΛX༻一❥✖✖✖                 
[NONE ][16:37:43]       6 | 201.185.230.177 | 6 |     2 |  11620 |  1453,  1487 | Ｅᵐᵐᵗᵉˣ-◊                      
[NONE ][16:37:43]      22 | 191.88.73.76    | 6 | -------------------------------------------DEAD OR NOT PLAYING
[NONE ][16:37:43]      38 | 201.185.230.177 | 6 |     1 |   5388 |  3927,  1559 | [◊] ▬Eɴᴇʀɢʏ•                  
[NONE ][16:37:43] >pl
[NONE ][16:37:43] 
Current players: 53
[NONE ][16:37:43] Do "playerlist m" or "pl m" to list minions

[NONE ][16:37:43]  ID     | IP              | P | CELLS | SCORE  |   POSITION   | NICK                           
[NONE ][16:37:43] ───────────────────────────────────────────────────────────────────────────────────────────────
[NONE ][16:37:43]       1 | [BOT]           | ? |     7 |    242 |  -553,  -786 | Lambodian                     
[NONE ][16:37:43]       2 | [BOT]           | ? |     3 |     76 |  2033,   767 | ๖ۣۜUriel㊗西蒙一㊣❥               
[NONE ][16:37:43]       3 | [BOT]           | ? |     6 |    200 |   458,  -881 | Ļчм𝔢ᑭןαч𝔰 🎄                
[NONE ][16:37:43]       4 | [BOT]           | ? |     8 |   1380 |  -213,  -713 | ൫પഠໞ༏ද YT                     
[NONE ][16:37:43]       5 | [BOT]           | ? |    15 |   1146 |   165,   -69 | ༄ΉΣΥDΛX༻一❥✖✖✖                 
[NONE ][16:37:43]       6 | 201.185.230.177 | 6 |     2 |  11828 |  1450,  1484 | Ｅᵐᵐᵗᵉˣ-◊                      
[NONE ][16:37:43]      22 | 191.88.73.76    | 6 | -------------------------------------------DEAD OR NOT PLAYING
[NONE ][16:37:43]      38 | 201.185.230.177 | 6 |     1 |   5371 |  4005,  1571 | [◊] ▬Eɴᴇʀɢʏ•                  
[NONE ][16:37:44] >pl
[NONE ][16:37:44] 
Current players: 53
[NONE ][16:37:44] Do "playerlist m" or "pl m" to list minions

[NONE ][16:37:44]  ID     | IP              | P | CELLS | SCORE  |   POSITION   | NICK                           
[NONE ][16:37:44] ───────────────────────────────────────────────────────────────────────────────────────────────
[NONE ][16:37:44]       1 | [BOT]           | ? |     7 |    255 |  -560,  -762 | Lambodian                     
[NONE ][16:37:44]       2 | [BOT]           | ? |     3 |     76 |  2018,   761 | ๖ۣۜUriel㊗西蒙一㊣❥               
[NONE ][16:37:44]       3 | [BOT]           | ? |     6 |    203 |   423,  -882 | Ļчм𝔢ᑭןαч𝔰 🎄                
[NONE ][16:37:44]       4 | [BOT]           | ? |     7 |   1378 |  -261,  -805 | ൫પഠໞ༏ද YT                     
[NONE ][16:37:44]       5 | [BOT]           | ? |    15 |   1143 |   160,   -70 | ༄ΉΣΥDΛX༻一❥✖✖✖                 
[NONE ][16:37:44]       6 | 201.185.230.177 | 6 |     2 |  11793 |  1448,  1480 | Ｅᵐᵐᵗᵉˣ-◊                      
[NONE ][16:37:44]      22 | 191.88.73.76    | 6 | -------------------------------------------DEAD OR NOT PLAYING
[NONE ][16:37:44]      38 | 201.185.230.177 | 6 |     1 |   5326 |  3946,  1603 | [◊] ▬Eɴᴇʀɢʏ•                  
[NONE ][16:37:44] >pl
[NONE ][16:37:44] 
Current players: 53
[NONE ][16:37:44] Do "playerlist m" or "pl m" to list minions

[NONE ][16:37:44]  ID     | IP              | P | CELLS | SCORE  |   POSITION   | NICK                           
[NONE ][16:37:44] ───────────────────────────────────────────────────────────────────────────────────────────────
[NONE ][16:37:44]       1 | [BOT]           | ? |     7 |    261 |  -577,  -745 | Lambodian                     
[NONE ][16:37:44]       2 | [BOT]           | ? |     3 |     76 |  1994,   751 | ๖ۣۜUriel㊗西蒙一㊣❥               
[NONE ][16:37:44]       3 | [BOT]           | ? |     6 |    203 |   392,  -881 | Ļчм𝔢ᑭןαч𝔰 🎄                
[NONE ][16:37:44]       4 | [BOT]           | ? |     7 |   1378 |  -276,  -796 | ൫પഠໞ༏ද YT                     
[NONE ][16:37:44]       5 | [BOT]           | ? |    15 |   1143 |   157,   -72 | ༄ΉΣΥDΛX༻一❥✖✖✖                 
[NONE ][16:37:44]       6 | 201.185.230.177 | 6 |     2 |  11886 |  1446,  1479 | Ｅᵐᵐᵗᵉˣ-◊                      
[NONE ][16:37:44]      22 | 191.88.73.76    | 6 | -------------------------------------------DEAD OR NOT PLAYING
[NONE ][16:37:44]      38 | 201.185.230.177 | 6 |     4 |   4999 |   969,   408 | [◊] ▬Eɴᴇʀɢʏ•                  
[NONE ][16:37:45] >
[NONE ][16:39:26] >pl
[NONE ][16:39:26] 
Current players: 53
[NONE ][16:39:26] Do "playerlist m" or "pl m" to list minions

[NONE ][16:39:26]  ID     | IP              | P | CELLS | SCORE  |   POSITION   | NICK                           
[NONE ][16:39:26] ───────────────────────────────────────────────────────────────────────────────────────────────
[NONE ][16:39:26]       1 | [BOT]           | ? |    10 |    758 |  -272,  -230 | Lambodian                     
[NONE ][16:39:26]       2 | [BOT]           | ? |     8 |    328 |   489,   454 | ๖ۣۜUriel㊗西蒙一㊣❥               
[NONE ][16:39:26]       3 | [BOT]           | ? |     3 |    102 |   882, -2293 | Ļчм𝔢ᑭןαч𝔰 🎄                
[NONE ][16:39:26]       4 | [BOT]           | ? |    14 |   1643 |   324,  -328 | ൫પഠໞ༏ද YT                     
[NONE ][16:39:26]       5 | [BOT]           | ? |     7 |    171 |   520,  -536 | ༄ΉΣΥDΛX༻一❥✖✖✖                 
[NONE ][16:39:26]       6 | 201.185.230.177 | 6 |     1 |  14102 |  2305,   807 | Ｅᵐᵐᵗᵉˣ-◊                      
[NONE ][16:39:26]      22 | 191.88.73.76    | 6 |     1 |   6674 |    85,   328 | xddqd                         
[NONE ][16:39:26]      38 | 201.185.230.177 | 6 |    14 |    590 |  -171,   154 | [◊] ▬Eɴᴇʀɢʏ•                  
[NONE ][16:39:26] >pl
[NONE ][16:39:26] 
Current players: 53
[NONE ][16:39:26] Do "playerlist m" or "pl m" to list minions

[NONE ][16:39:26]  ID     | IP              | P | CELLS | SCORE  |   POSITION   | NICK                           
[NONE ][16:39:26] ───────────────────────────────────────────────────────────────────────────────────────────────
[NONE ][16:39:26]       1 | [BOT]           | ? |    10 |    801 |  -278,  -215 | Lambodian                     
[NONE ][16:39:26]       2 | [BOT]           | ? |     8 |    329 |   467,   472 | ๖ۣۜUriel㊗西蒙一㊣❥               
[NONE ][16:39:26]       3 | [BOT]           | ? |     3 |    102 |   864, -2308 | Ļчм𝔢ᑭןαч𝔰 🎄                
[NONE ][16:39:26]       4 | [BOT]           | ? |    14 |   1643 |   312,  -318 | ൫પഠໞ༏ද YT                     
[NONE ][16:39:26]       5 | [BOT]           | ? |     7 |    172 |   490,  -525 | ༄ΉΣΥDΛX༻一❥✖✖✖                 
[NONE ][16:39:26]       6 | 201.185.230.177 | 6 |     1 |  14103 |  2235,   833 | Ｅᵐᵐᵗᵉˣ-◊                      
[NONE ][16:39:26]      22 | 191.88.73.76    | 6 |     1 |   6654 |    16,   383 | xddqd                         
[NONE ][16:39:26]      38 | 201.185.230.177 | 6 |    13 |    559 |  -185,   182 | [◊] ▬Eɴᴇʀɢʏ•                  
[NONE ][16:39:27] >pl
[NONE ][16:39:27] 
Current players: 53
[NONE ][16:39:27] Do "playerlist m" or "pl m" to list minions

[NONE ][16:39:27]  ID     | IP              | P | CELLS | SCORE  |   POSITION   | NICK                           
[NONE ][16:39:27] ───────────────────────────────────────────────────────────────────────────────────────────────
[NONE ][16:39:27]       1 | [BOT]           | ? |    10 |    799 |  -278,  -203 | Lambodian                     
[NONE ][16:39:27]       2 | [BOT]           | ? |    10 |    330 |   364,   387 | ๖ۣۜUriel㊗西蒙一㊣❥               
[NONE ][16:39:27]       3 | [BOT]           | ? |     3 |    105 |   848, -2321 | Ļчм𝔢ᑭןαч𝔰 🎄                
[NONE ][16:39:27]       4 | [BOT]           | ? |    14 |   1638 |   303,  -311 | ൫પഠໞ༏ද YT                     
[NONE ][16:39:27]       5 | [BOT]           | ? |     7 |    172 |   466,  -512 | ༄ΉΣΥDΛX༻一❥✖✖✖                 
[NONE ][16:39:27]       6 | 201.185.230.177 | 6 |     1 |  14136 |  2184,   854 | Ｅᵐᵐᵗᵉˣ-◊                      
[NONE ][16:39:27]      22 | 191.88.73.76    | 6 |     1 |   6634 |   -34,   423 | xddqd                         
[NONE ][16:39:27]      38 | 201.185.230.177 | 6 |     7 |    745 |  -354,   346 | [◊] ▬Eɴᴇʀɢʏ•                  
[NONE ][16:39:27] >pl
[NONE ][16:39:27] 
Current players: 53
[NONE ][16:39:27] Do "playerlist m" or "pl m" to list minions

[NONE ][16:39:27]  ID     | IP              | P | CELLS | SCORE  |   POSITION   | NICK                           
[NONE ][16:39:27] ───────────────────────────────────────────────────────────────────────────────────────────────
[NONE ][16:39:27]       1 | [BOT]           | ? |    10 |    799 |  -278,  -194 | Lambodian                     
[NONE ][16:39:27]       2 | [BOT]           | ? |    10 |    340 |   350,   382 | ๖ۣۜUriel㊗西蒙一㊣❥               
[NONE ][16:39:27]       3 | [BOT]           | ? |     3 |    110 |   826, -2317 | Ļчм𝔢ᑭןαч𝔰 🎄                
[NONE ][16:39:27]       4 | [BOT]           | ? |    14 |   1649 |   295,  -303 | ൫પഠໞ༏ද YT                     
[NONE ][16:39:27]       5 | [BOT]           | ? |     7 |    178 |   391,  -482 | ༄ΉΣΥDΛX༻一❥✖✖✖                 
[NONE ][16:39:27]       6 | 201.185.230.177 | 6 |     1 |  14136 |  2134,   876 | Ｅᵐᵐᵗᵉˣ-◊                      
[NONE ][16:39:27]      22 | 191.88.73.76    | 6 |     1 |   6687 |   -85,   463 | xddqd                         
[NONE ][16:39:27]      38 | 201.185.230.177 | 6 |     5 |    699 |  -456,   498 | [◊] ▬Eɴᴇʀɢʏ•                  
[NONE ][16:39:28] >pl
[NONE ][16:39:28] 
Current players: 53
[NONE ][16:39:28] Do "playerlist m" or "pl m" to list minions

[NONE ][16:39:28]  ID     | IP              | P | CELLS | SCORE  |   POSITION   | NICK                           
[NONE ][16:39:28] ───────────────────────────────────────────────────────────────────────────────────────────────
[NONE ][16:39:28]       1 | [BOT]           | ? |    10 |    796 |  -279,  -186 | Lambodian                     
[NONE ][16:39:28]       2 | [BOT]           | ? |     9 |    323 |   372,   418 | ๖ۣۜUriel㊗西蒙一㊣❥               
[NONE ][16:39:28]       3 | [BOT]           | ? |     3 |    110 |   821, -2287 | Ļчм𝔢ᑭןαч𝔰 🎄                
[NONE ][16:39:28]       4 | [BOT]           | ? |    14 |   1646 |   287,  -296 | ൫પഠໞ༏ද YT                     
[NONE ][16:39:28]       5 | [BOT]           | ? |     7 |    182 |   363,  -473 | ༄ΉΣΥDΛX༻一❥✖✖✖                 
[NONE ][16:39:28]       6 | 201.185.230.177 | 6 |     1 |  14107 |  2087,   896 | Ｅᵐᵐᵗᵉˣ-◊                      
[NONE ][16:39:28]      22 | 191.88.73.76    | 6 |     1 |   6723 |  -132,   501 | xddqd                         
[NONE ][16:39:28]      38 | 201.185.230.177 | 6 |     6 |    816 |  -351,   429 | [◊] ▬Eɴᴇʀɢʏ•                  
[NONE ][16:39:28] >pl
[NONE ][16:39:28] 
Current players: 53
[NONE ][16:39:28] Do "playerlist m" or "pl m" to list minions

[NONE ][16:39:28]  ID     | IP              | P | CELLS | SCORE  |   POSITION   | NICK                           
[NONE ][16:39:28] ───────────────────────────────────────────────────────────────────────────────────────────────
[NONE ][16:39:28]       1 | [BOT]           | ? |    10 |    796 |  -285,  -183 | Lambodian                     
[NONE ][16:39:28]       2 | [BOT]           | ? |     9 |    323 |   357,   407 | ๖ۣۜUriel㊗西蒙一㊣❥               
[NONE ][16:39:28]       3 | [BOT]           | ? |     3 |    110 |   828, -2258 | Ļчм𝔢ᑭןαч𝔰 🎄                
[NONE ][16:39:28]       4 | [BOT]           | ? |    14 |   1646 |   279,  -290 | ൫પഠໞ༏ද YT                     
[NONE ][16:39:28]       5 | [BOT]           | ? |     9 |    182 |   292,  -386 | ༄ΉΣΥDΛX༻一❥✖✖✖                 
[NONE ][16:39:28]       6 | 201.185.230.177 | 6 |     1 |  14146 |  2040,   917 | Ｅᵐᵐᵗᵉˣ-◊                      
[NONE ][16:39:28]      22 | 191.88.73.76    | 6 |     1 |   6723 |  -179,   538 | xddqd                         
[NONE ][16:39:28]      38 | 201.185.230.177 | 6 |     5 |   1026 |  -384,   522 | [◊] ▬Eɴᴇʀɢʏ•                  
[NONE ][16:39:29] >pl
[NONE ][16:39:29] 
Current players: 53
[NONE ][16:39:29] Do "playerlist m" or "pl m" to list minions

[NONE ][16:39:29]  ID     | IP              | P | CELLS | SCORE  |   POSITION   | NICK                           
[NONE ][16:39:29] ───────────────────────────────────────────────────────────────────────────────────────────────
[NONE ][16:39:29]       1 | [BOT]           | ? |    10 |    798 |  -295,  -180 | Lambodian                     
[NONE ][16:39:29]       2 | [BOT]           | ? |     9 |    322 |   339,   397 | ๖ۣۜUriel㊗西蒙一㊣❥               
[NONE ][16:39:29]       3 | [BOT]           | ? |     3 |    110 |   843, -2231 | Ļчм𝔢ᑭןαч𝔰 🎄                
[NONE ][16:39:29]       4 | [BOT]           | ? |    14 |   1651 |   270,  -283 | ൫પഠໞ༏ද YT                     
[NONE ][16:39:29]       5 | [BOT]           | ? |     9 |    181 |   268,  -382 | ༄ΉΣΥDΛX༻一❥✖✖✖                 
[NONE ][16:39:29]       6 | 201.185.230.177 | 6 |     1 |  14103 |  1990,   940 | Ｅᵐᵐᵗᵉˣ-◊                      
[NONE ][16:39:29]      22 | 191.88.73.76    | 6 |     1 |   6702 |  -230,   578 | xddqd                         
[NONE ][16:39:29]      38 | 201.185.230.177 | 6 |    16 |   1163 |  -107,   164 | [◊] ▬Eɴᴇʀɢʏ•                  
[NONE ][16:39:30] >pl
[NONE ][16:39:30] 
Current players: 53
[NONE ][16:39:30] Do "playerlist m" or "pl m" to list minions

[NONE ][16:39:30]  ID     | IP              | P | CELLS | SCORE  |   POSITION   | NICK                           
[NONE ][16:39:30] ───────────────────────────────────────────────────────────────────────────────────────────────
[NONE ][16:39:30]       1 | [BOT]           | ? |    10 |    798 |  -302,  -177 | Lambodian                     
[NONE ][16:39:30]       2 | [BOT]           | ? |     9 |    322 |   322,   396 | ๖ۣۜUriel㊗西蒙一㊣❥               
[NONE ][16:39:30]       3 | [BOT]           | ? |     3 |    110 |   865, -2208 | Ļчм𝔢ᑭןαч𝔰 🎄                
[NONE ][16:39:30]       4 | [BOT]           | ? |    14 |   1653 |   261,  -277 | ൫પഠໞ༏ද YT                     
[NONE ][16:39:30]       5 | [BOT]           | ? |     9 |    181 |   245,  -375 | ༄ΉΣΥDΛX༻一❥✖✖✖                 
[NONE ][16:39:30]       6 | 201.185.230.177 | 6 |     1 |  14103 |  1944,   963 | Ｅᵐᵐᵗᵉˣ-◊                      
[NONE ][16:39:30]      22 | 191.88.73.76    | 6 |     1 |   6702 |  -277,   615 | xddqd                         
[NONE ][16:39:30]      38 | 201.185.230.177 | 6 |    16 |   1202 |   -95,   163 | [◊] ▬Eɴᴇʀɢʏ•                  
[NONE ][16:39:30] >pl
[NONE ][16:39:30] 
Current players: 53
[NONE ][16:39:30] Do "playerlist m" or "pl m" to list minions

[NONE ][16:39:30]  ID     | IP              | P | CELLS | SCORE  |   POSITION   | NICK                           
[NONE ][16:39:30] ───────────────────────────────────────────────────────────────────────────────────────────────
[NONE ][16:39:30]       1 | [BOT]           | ? |    10 |    795 |  -308,  -173 | Lambodian                     
[NONE ][16:39:30]       2 | [BOT]           | ? |     9 |    321 |   304,   397 | ๖ۣۜUriel㊗西蒙一㊣❥               
[NONE ][16:39:30]       3 | [BOT]           | ? |     3 |    109 |   902, -2179 | Ļчм𝔢ᑭןαч𝔰 🎄                
[NONE ][16:39:30]       4 | [BOT]           | ? |    14 |   1652 |   252,  -270 | ൫પഠໞ༏ද YT                     
[NONE ][16:39:30]       5 | [BOT]           | ? |     9 |    181 |   224,  -366 | ༄ΉΣΥDΛX༻一❥✖✖✖                 
[NONE ][16:39:30]       6 | 201.185.230.177 | 6 |     1 |  14062 |  1900,   987 | Ｅᵐᵐᵗᵉˣ-◊                      
[NONE ][16:39:30]      22 | 191.88.73.76    | 6 |     1 |   6733 |  -325,   653 | xddqd                         
[NONE ][16:39:30]      38 | 201.185.230.177 | 6 |    16 |    818 |   -83,   161 | [◊] ▬Eɴᴇʀɢʏ•                  
[NONE ][16:39:31] >pl
[NONE ][16:39:31] 
Current players: 53
[NONE ][16:39:31] Do "playerlist m" or "pl m" to list minions

[NONE ][16:39:31]  ID     | IP              | P | CELLS | SCORE  |   POSITION   | NICK                           
[NONE ][16:39:31] ───────────────────────────────────────────────────────────────────────────────────────────────
[NONE ][16:39:31]       1 | [BOT]           | ? |    10 |    797 |  -317,  -178 | Lambodian                     
[NONE ][16:39:31]       2 | [BOT]           | ? |     9 |    321 |   288,   399 | ๖ۣۜUriel㊗西蒙一㊣❥               
[NONE ][16:39:31]       3 | [BOT]           | ? |     3 |    114 |   942, -2159 | Ļчм𝔢ᑭןαч𝔰 🎄                
[NONE ][16:39:31]       4 | [BOT]           | ? |    14 |   1652 |   244,  -264 | ൫પഠໞ༏ද YT                     
[NONE ][16:39:31]       5 | [BOT]           | ? |     9 |    181 |   205,  -352 | ༄ΉΣΥDΛX༻一❥✖✖✖                 
[NONE ][16:39:31]       6 | 201.185.230.177 | 6 |     1 |  14069 |  1855,  1013 | Ｅᵐᵐᵗᵉˣ-◊                      
[NONE ][16:39:31]      22 | 191.88.73.76    | 6 |     1 |   6733 |  -372,   690 | xddqd                         
[NONE ][16:39:31]      38 | 201.185.230.177 | 6 |    16 |    992 |   -70,   160 | [◊] ▬Eɴᴇʀɢʏ•                  
[NONE ][16:39:31] >pl
[NONE ][16:39:31] 
Current players: 53
[NONE ][16:39:31] Do "playerlist m" or "pl m" to list minions

[NONE ][16:39:31]  ID     | IP              | P | CELLS | SCORE  |   POSITION   | NICK                           
[NONE ][16:39:31] ───────────────────────────────────────────────────────────────────────────────────────────────
[NONE ][16:39:31]       1 | [BOT]           | ? |    10 |    795 |  -331,  -185 | Lambodian                     
[NONE ][16:39:31]       2 | [BOT]           | ? |     9 |    321 |   272,   401 | ๖ۣۜUriel㊗西蒙一㊣❥               
[NONE ][16:39:31]       3 | [BOT]           | ? |     3 |    117 |   964, -2176 | Ļчм𝔢ᑭןαч𝔰 🎄                
[NONE ][16:39:31]       4 | [BOT]           | ? |    14 |   1650 |   235,  -257 | ൫પഠໞ༏ද YT                     
[NONE ][16:39:31]       5 | [BOT]           | ? |     9 |    190 |   196,  -336 | ༄ΉΣΥDΛX༻一❥✖✖✖                 
[NONE ][16:39:31]       6 | 201.185.230.177 | 6 |     1 |  14027 |  1809,  1043 | Ｅᵐᵐᵗᵉˣ-◊                      
[NONE ][16:39:31]      22 | 191.88.73.76    | 6 |     1 |   6748 |  -423,   730 | xddqd                         
[NONE ][16:39:31]      38 | 201.185.230.177 | 6 |    16 |   1009 |   -57,   158 | [◊] ▬Eɴᴇʀɢʏ•                  
[NONE ][16:39:32] >pl
[NONE ][16:39:32] 
Current players: 53
[NONE ][16:39:32] Do "playerlist m" or "pl m" to list minions

[NONE ][16:39:32]  ID     | IP              | P | CELLS | SCORE  |   POSITION   | NICK                           
[NONE ][16:39:32] ───────────────────────────────────────────────────────────────────────────────────────────────
[NONE ][16:39:32]       1 | [BOT]           | ? |    10 |    793 |  -347,  -187 | Lambodian                     
[NONE ][16:39:32]       2 | [BOT]           | ? |     9 |    320 |   258,   405 | ๖ۣۜUriel㊗西蒙一㊣❥               
[NONE ][16:39:32]       3 | [BOT]           | ? |     3 |    116 |   985, -2185 | Ļчм𝔢ᑭןαч𝔰 🎄                
[NONE ][16:39:32]       4 | [BOT]           | ? |    14 |   1645 |   226,  -249 | ൫પഠໞ༏ද YT                     
[NONE ][16:39:32]       5 | [BOT]           | ? |     9 |    190 |   176,  -324 | ༄ΉΣΥDΛX༻一❥✖✖✖                 
[NONE ][16:39:32]       6 | 201.185.230.177 | 6 |     1 |  13985 |  1763,  1074 | Ｅᵐᵐᵗᵉˣ-◊                      
[NONE ][16:39:32]      22 | 191.88.73.76    | 6 |     1 |   6728 |  -473,   770 | xddqd                         
[NONE ][16:39:32]      38 | 201.185.230.177 | 6 |    16 |   1040 |   -48,   158 | [◊] ▬Eɴᴇʀɢʏ•                  
[NONE ][16:39:32] >pl
[NONE ][16:39:32] 
Current players: 53
[NONE ][16:39:32] Do "playerlist m" or "pl m" to list minions

[NONE ][16:39:32]  ID     | IP              | P | CELLS | SCORE  |   POSITION   | NICK                           
[NONE ][16:39:32] ───────────────────────────────────────────────────────────────────────────────────────────────
[NONE ][16:39:32]       1 | [BOT]           | ? |    10 |    793 |  -361,  -188 | Lambodian                     
[NONE ][16:39:32]       2 | [BOT]           | ? |     9 |    320 |   244,   407 | ๖ۣۜUriel㊗西蒙一㊣❥               
[NONE ][16:39:32]       3 | [BOT]           | ? |     3 |    116 |  1005, -2194 | Ļчм𝔢ᑭןαч𝔰 🎄                
[NONE ][16:39:32]       4 | [BOT]           | ? |    14 |   1647 |   218,  -242 | ൫પഠໞ༏ද YT                     
[NONE ][16:39:32]       5 | [BOT]           | ? |     9 |    200 |   141,  -326 | ༄ΉΣΥDΛX༻一❥✖✖✖                 
[NONE ][16:39:32]       6 | 201.185.230.177 | 6 |     1 |  14020 |  1721,  1103 | Ｅᵐᵐᵗᵉˣ-◊                      
[NONE ][16:39:32]      22 | 191.88.73.76    | 6 |     1 |   6728 |  -521,   808 | xddqd                         
[NONE ][16:39:32]      38 | 201.185.230.177 | 6 |    16 |   1040 |   -40,   159 | [◊] ▬Eɴᴇʀɢʏ•                  
[NONE ][16:39:33] >pl
[NONE ][16:39:33] 
Current players: 53
[NONE ][16:39:33] Do "playerlist m" or "pl m" to list minions

[NONE ][16:39:33]  ID     | IP              | P | CELLS | SCORE  |   POSITION   | NICK                           
[NONE ][16:39:33] ───────────────────────────────────────────────────────────────────────────────────────────────
[NONE ][16:39:33]       1 | [BOT]           | ? |    10 |    790 |  -377,  -187 | Lambodian                     
[NONE ][16:39:33]       2 | [BOT]           | ? |     9 |    319 |   228,   409 | ๖ۣۜUriel㊗西蒙一㊣❥               
[NONE ][16:39:33]       3 | [BOT]           | ? |     2 |    116 |  1554, -3318 | Ļчм𝔢ᑭןαч𝔰 🎄                
[NONE ][16:39:33]       4 | [BOT]           | ? |    14 |   1643 |   209,  -234 | ൫પഠໞ༏ද YT                     
[NONE ][16:39:33]       5 | [BOT]           | ? |     7 |    220 |   127,  -373 | ༄ΉΣΥDΛX༻一❥✖✖✖                 
[NONE ][16:39:33]       6 | 201.185.230.177 | 6 |     1 |  13978 |  1672,  1137 | Ｅᵐᵐᵗᵉˣ-◊                      
[NONE ][16:39:33]      22 | 191.88.73.76    | 6 |     1 |   6708 |  -575,   851 | xddqd                         
[NONE ][16:39:33]      38 | 201.185.230.177 | 6 |    16 |   1037 |   -31,   161 | [◊] ▬Eɴᴇʀɢʏ•                  
[NONE ][16:39:33] >pl
[NONE ][16:39:33] 
Current players: 53
[NONE ][16:39:33] Do "playerlist m" or "pl m" to list minions

[NONE ][16:39:33]  ID     | IP              | P | CELLS | SCORE  |   POSITION   | NICK                           
[NONE ][16:39:33] ───────────────────────────────────────────────────────────────────────────────────────────────
[NONE ][16:39:33]       1 | [BOT]           | ? |    10 |    795 |  -389,  -179 | Lambodian                     
[NONE ][16:39:33]       2 | [BOT]           | ? |     9 |    319 |   208,   413 | ๖ۣۜUriel㊗西蒙一㊣❥               
[NONE ][16:39:33]       3 | [BOT]           | ? |     2 |    117 |  1590, -3336 | Ļчм𝔢ᑭןαч𝔰 🎄                
[NONE ][16:39:33]       4 | [BOT]           | ? |    14 |   1645 |   201,  -226 | ൫પഠໞ༏ද YT                     
[NONE ][16:39:33]       5 | [BOT]           | ? |     6 |    220 |   139,  -410 | ༄ΉΣΥDΛX༻一❥✖✖✖                 
[NONE ][16:39:33]       6 | 201.185.230.177 | 6 |     1 |  13978 |  1631,  1173 | Ｅᵐᵐᵗᵉˣ-◊                      
[NONE ][16:39:33]      22 | 191.88.73.76    | 6 |     1 |   6708 |  -626,   891 | xddqd                         
[NONE ][16:39:33]      38 | 201.185.230.177 | 6 |    16 |    970 |   -22,   165 | [◊] ▬Eɴᴇʀɢʏ•                  
[NONE ][16:39:34] >pl
[NONE ][16:39:34] 
Current players: 53
[NONE ][16:39:34] Do "playerlist m" or "pl m" to list minions

[NONE ][16:39:34]  ID     | IP              | P | CELLS | SCORE  |   POSITION   | NICK                           
[NONE ][16:39:34] ───────────────────────────────────────────────────────────────────────────────────────────────
[NONE ][16:39:34]       1 | [BOT]           | ? |    10 |    793 |  -391,  -172 | Lambodian                     
[NONE ][16:39:34]       2 | [BOT]           | ? |     9 |    319 |   190,   415 | ๖ۣۜUriel㊗西蒙一㊣❥               
[NONE ][16:39:34]       3 | [BOT]           | ? |     2 |    117 |  1604, -3348 | Ļчм𝔢ᑭןαч𝔰 🎄                
[NONE ][16:39:34]       4 | [BOT]           | ? |    14 |   1640 |   195,  -219 | ൫પഠໞ༏ද YT                     
[NONE ][16:39:34]       5 | [BOT]           | ? |     6 |    219 |   154,  -393 | ༄ΉΣΥDΛX༻一❥✖✖✖                 
[NONE ][16:39:34]       6 | 201.185.230.177 | 6 |     1 |  13936 |  1626,  1209 | Ｅᵐᵐᵗᵉˣ-◊                      
[NONE ][16:39:34]      22 | 191.88.73.76    | 6 |     1 |   6688 |  -670,   926 | xddqd                         
[NONE ][16:39:34]      38 | 201.185.230.177 | 6 |    16 |    776 |   -14,   170 | [◊] ▬Eɴᴇʀɢʏ•                  
[NONE ][16:39:35] >pl
[NONE ][16:39:35] 
Current players: 53
[NONE ][16:39:35] Do "playerlist m" or "pl m" to list minions

[NONE ][16:39:35]  ID     | IP              | P | CELLS | SCORE  |   POSITION   | NICK                           
[NONE ][16:39:35] ───────────────────────────────────────────────────────────────────────────────────────────────
[NONE ][16:39:35]       1 | [BOT]           | ? |    10 |    793 |  -391,  -168 | Lambodian                     
[NONE ][16:39:35]       2 | [BOT]           | ? |     9 |    320 |   164,   416 | ๖ۣۜUriel㊗西蒙一㊣❥               
[NONE ][16:39:35]       3 | [BOT]           | ? |     2 |    117 |  1627, -3361 | Ļчм𝔢ᑭןαч𝔰 🎄                
[NONE ][16:39:35]       4 | [BOT]           | ? |    14 |   1642 |   183,  -207 | ൫પഠໞ༏ද YT                     
[NONE ][16:39:35]       5 | [BOT]           | ? |     6 |    219 |   174,  -362 | ༄ΉΣΥDΛX༻一❥✖✖✖                 
[NONE ][16:39:35]       6 | 201.185.230.177 | 6 |     1 |  13936 |  1701,  1212 | Ｅᵐᵐᵗᵉˣ-◊                      
[NONE ][16:39:35]      22 | 191.88.73.76    | 6 |     1 |   6688 |  -742,   983 | xddqd                         
[NONE ][16:39:35]      38 | 201.185.230.177 | 6 |    12 |    595 |    -2,   240 | [◊] ▬Eɴᴇʀɢʏ•                  
[NONE ][16:50:52] CONNECTED 170.78.110.230:50894, origin: "http://zapphy.epizy.com"
[NONE ][16:51:22] >reload
[INFO ][16:51:22] 0 bad words loaded
[WARN ][16:51:22] User account "Local Administrator" disabled
[WARN ][16:51:22] User account "Local Moderator" disabled
[WARN ][16:51:22] User account "Local User" disabled
[INFO ][16:51:22] 0 user records loaded.
[INFO ][16:51:22] 0 IP ban records loaded.
[NONE ][16:51:22] Reloaded files successfully
[NONE ][16:51:59] >pl
[NONE ][16:51:59] 
Current players: 69
[NONE ][16:51:59] Do "playerlist m" or "pl m" to list minions

[NONE ][16:51:59]  ID     | IP              | P | CELLS | SCORE  |   POSITION   | NICK                           
[NONE ][16:51:59] ───────────────────────────────────────────────────────────────────────────────────────────────
[NONE ][16:51:59]       1 | [BOT]           | ? |     5 |    142 |    17,  1359 | Lambodian                     
[NONE ][16:51:59]       2 | [BOT]           | ? |     4 |   1552 |  1017, -1609 | ๖ۣۜUriel㊗西蒙一㊣❥               
[NONE ][16:51:59]       3 | [BOT]           | ? |     4 |   2549 |  -390,  1358 | Ļчм𝔢ᑭןαч𝔰 🎄                
[NONE ][16:51:59]       4 | [BOT]           | ? |     2 |     75 |  3099,  3227 | ൫પഠໞ༏ද YT                     
[NONE ][16:51:59]       5 | [BOT]           | ? |     4 |   6184 |   591,  1161 | ༄ΉΣΥDΛX༻一❥✖✖✖                 
[NONE ][16:51:59]       6 | 201.185.230.177 | 6 |     1 |   2822 |   484, -4320 | Ｅᵐᵐᵗᵉˣ-◊                      
[NONE ][16:51:59]      22 | 191.88.73.76    | 6 |     1 |   5174 |  2276,  1030 | Zapphy                        
[NONE ][16:51:59]      38 | 201.185.230.177 | 6 |     2 |   9506 |  -448, -2088 | [◊] ▬Eɴᴇʀɢʏ•                  
[NONE ][16:51:59]      54 | 170.78.110.230  | 6 |     1 |    903 |  3520,  -507 | S                             
[NONE ][16:52:00] >pl
[NONE ][16:52:00] 
Current players: 69
[NONE ][16:52:00] Do "playerlist m" or "pl m" to list minions

[NONE ][16:52:00]  ID     | IP              | P | CELLS | SCORE  |   POSITION   | NICK                           
[NONE ][16:52:00] ───────────────────────────────────────────────────────────────────────────────────────────────
[NONE ][16:52:00]       1 | [BOT]           | ? |     5 |    148 |    71,  1398 | Lambodian                     
[NONE ][16:52:00]       2 | [BOT]           | ? |     3 |   1548 |  1179, -2018 | ๖ۣۜUriel㊗西蒙一㊣❥               
[NONE ][16:52:00]       3 | [BOT]           | ? |     4 |   2541 |  -364,  1389 | Ļчм𝔢ᑭןαч𝔰 🎄                
[NONE ][16:52:00]       4 | [BOT]           | ? |     2 |     75 |  3110,  3221 | ൫પഠໞ༏ද YT                     
[NONE ][16:52:00]       5 | [BOT]           | ? |     4 |   6166 |   590,  1173 | ༄ΉΣΥDΛX༻一❥✖✖✖                 
[NONE ][16:52:00]       6 | 201.185.230.177 | 6 |     1 |   2886 |   618, -4324 | Ｅᵐᵐᵗᵉˣ-◊                      
[NONE ][16:52:00]      22 | 191.88.73.76    | 6 |     1 |   5177 |  2354,   942 | Zapphy                        
[NONE ][16:52:00]      38 | 201.185.230.177 | 6 |     2 |   9448 |  -478, -2086 | [◊] ▬Eɴᴇʀɢʏ•                  
[NONE ][16:52:00]      54 | 170.78.110.230  | 6 |     1 |    902 |  3451,  -348 | S                             
[DEBUG][16:52:37] process.exit(1)
=== Shutdown 2018-02-19T16-52-37-268 ===
