=== Started 2018-01-18T20-35-37-383 ===
[INFO ][20:35:37] 419 bad words loaded
[WARN ][20:35:37] User account "Local Administrator" disabled
[WARN ][20:35:37] User account "Local Moderator" disabled
[WARN ][20:35:37] User account "Local User" disabled
[INFO ][20:35:37] 0 user records loaded.
[INFO ][20:35:37] 0 IP ban records loaded.
[INFO ][20:35:37] [1m[32mMultiOgar-Edited 1.6.1[37m - An open source multi-protocol ogar server[0m
[INFO ][20:35:37] WebSocket: ws
[INFO ][20:35:37] Started stats server on port 9090
[INFO ][20:35:37] Listening on port 8888
[INFO ][20:35:37] Current game mode is Free For All
[NONE ][20:35:37]   __  __       _ _   _  ___                        _____    _ _ _           _    _   __    _ 
 |  \/  |_   _| | |_(_)/ _ \  __ _  __ _ _ __     | ____|__| (_) |_ ___  __| |  / | / /_  / |
 | |\/| | | | | | __| | | | |/ _` |/ _` | '__|____|  _| / _` | | __/ _ \/ _` |  | || '_ \ | |
 | |  | | |_| | | |_| | |_| | (_| | (_| | | |_____| |__| (_| | | ||  __/ (_| |  | || (_) || |
 |_|  |_|\__,_|_|\__|_|\___/ \__, |\__,_|_|       |_____\__,_|_|\__\___|\__,_|  |_(_)___(_)_|
                             |___/                                                           
[NONE ][20:35:38] CONNECTED 127.0.0.1:63210, origin: "http://localhost"
[NONE ][20:35:43] >m 1 12000
[NONE ][20:35:43] Set mass of Goblin to 12000.000
[NONE ][20:36:08] >m 1 16000
[NONE ][20:36:08] Set mass of Goblin to 16000.000
[NONE ][20:36:14] >k 1
[NONE ][20:36:14] Killed Goblin and removed 16 cells
[NONE ][20:36:17] >k 1
[NONE ][20:36:17] Killed Goblin and removed 16 cells
[NONE ][20:36:33] >rec 1
[NONE ][20:36:33] Goblin is now in rec mode!
[NONE ][20:38:15] >rec 1
[NONE ][20:38:15] Goblin is no longer in rec mode
[NONE ][20:40:07] >m 1 16000
[NONE ][20:40:07] Set mass of Goblin to 16000.000
[NONE ][20:43:15] DISCONNECTED 127.0.0.1:63210, code: 1006, reason: "", name: " Goblin"
[DEBUG][20:55:37] process.exit(1)
=== Shutdown 2018-01-18T20-55-37-583 ===
