=== Started 2018-02-20T23-07-03-130 ===
[INFO ][23:07:03] 0 bad words loaded
[WARN ][23:07:03] User account "Local Moderator" disabled
[WARN ][23:07:03] User account "Local User" disabled
[INFO ][23:07:03] 1 user records loaded.
[INFO ][23:07:03] 1 IP ban records loaded.
[INFO ][23:07:03] [1m[32mMultiOgar-Edited 1.6.1[37m - An open source multi-protocol ogar server[0m
[INFO ][23:07:03] WebSocket: ws
[INFO ][23:07:03] Started stats server on port 88
[INFO ][23:07:03] Listening on port 25565
[INFO ][23:07:03] Current game mode is Free For All
[INFO ][23:07:03] Added 5 player bots
[NONE ][23:07:03]   __  __       _ _   _  ___                        _____    _ _ _           _    _   __    _ 
 |  \/  |_   _| | |_(_)/ _ \  __ _  __ _ _ __     | ____|__| (_) |_ ___  __| |  / | / /_  / |
 | |\/| | | | | | __| | | | |/ _` |/ _` | '__|____|  _| / _` | | __/ _ \/ _` |  | || '_ \ | |
 | |  | | |_| | | |_| | |_| | (_| | (_| | | |_____| |__| (_| | | ||  __/ (_| |  | || (_) || |
 |_|  |_|\__,_|_|\__|_|\___/ \__, |\__,_|_|       |_____\__,_|_|\__\___|\__,_|  |_(_)___(_)_|
                             |___/                                                           
[NONE ][23:07:22] CONNECTED 191.88.73.76:64695, origin: "http://localhost"
[NONE ][23:11:45] DISCONNECTED 191.88.73.76:64695, code: 1006, reason: "", name: "ZAPPHIRE!"
