=== Started 2018-02-21T17-59-11-581 ===
[INFO ][17:59:11] 0 bad words loaded
[WARN ][17:59:11] User account "Local Moderator" disabled
[WARN ][17:59:11] User account "Local User" disabled
[INFO ][17:59:11] 1 user records loaded.
[INFO ][17:59:11] 1 IP ban records loaded.
[INFO ][17:59:11] [1m[32mMultiOgar-Edited 1.6.1[37m - An open source multi-protocol ogar server[0m
[INFO ][17:59:11] WebSocket: ws
[INFO ][17:59:11] Started stats server on port 88
[INFO ][17:59:11] Listening on port 25565
[INFO ][17:59:11] Current game mode is Free For All
[INFO ][17:59:11] Added 5 player bots
[NONE ][17:59:11]   __  __       _ _   _  ___                        _____    _ _ _           _    _   __    _ 
 |  \/  |_   _| | |_(_)/ _ \  __ _  __ _ _ __     | ____|__| (_) |_ ___  __| |  / | / /_  / |
 | |\/| | | | | | __| | | | |/ _` |/ _` | '__|____|  _| / _` | | __/ _ \/ _` |  | || '_ \ | |
 | |  | | |_| | | |_| | |_| | (_| | (_| | | |_____| |__| (_| | | ||  __/ (_| |  | || (_) || |
 |_|  |_|\__,_|_|\__|_|\___/ \__, |\__,_|_|       |_____\__,_|_|\__\___|\__,_|  |_(_)___(_)_|
                             |___/                                                           
[NONE ][17:59:12] CONNECTED 191.88.73.76:51141, origin: "http://zapphy.epizy.com"
[NONE ][18:00:17] >pl
[NONE ][18:00:17] 
Current players: 21
[NONE ][18:00:17] Do "playerlist m" or "pl m" to list minions

[NONE ][18:00:17]  ID     | IP              | P | CELLS | SCORE  |   POSITION   | NICK                           
[NONE ][18:00:17] ───────────────────────────────────────────────────────────────────────────────────────────────
[NONE ][18:00:17]       1 | [BOT]           | ? |     9 |    432 |  -196,   161 | Reddit                        
[NONE ][18:00:17]       2 | [BOT]           | ? |     2 |   6332 |  -142, -1918 | Jill                          
[NONE ][18:00:17]       3 | [BOT]           | ? |     2 |    433 |  1773, -3339 | Tu Padre :3                   
[NONE ][18:00:17]       4 | [BOT]           | ? |     1 |   2775 | -1430, -3053 | LucasV                        
[NONE ][18:00:17]       5 | [BOT]           | ? |     1 |    480 |  3351,   -46 | Bro                           
[NONE ][18:00:17]       6 | 191.88.73.76    | 6 |     1 |    228 | -3920,  1925 | Zap                           
[NONE ][18:00:20] >m 6 6000
[NONE ][18:00:20] Set mass of Zap to 6000.000
[NONE ][18:01:03] >m 6 10000
[NONE ][18:01:03] Set mass of Zap to 10000.000
[NONE ][18:03:01] >m 6 10000
[NONE ][18:03:01] Set mass of Zap to 10000.000
[NONE ][18:06:49] >rec 6
[NONE ][18:06:49] Zap is now in rec mode!
[NONE ][18:08:25] >rec 6
[NONE ][18:08:25] Zap is no longer in rec mode
[NONE ][18:08:26] >m 6 10000
[NONE ][18:08:26] Set mass of Zap to 10000.000
[NONE ][18:08:27] CONNECTED 190.233.242.184:51163, origin: "http://zapphy.epizy.com"
[NONE ][18:08:36] >pol
[WARN ][18:08:36] Invalid Command!
[NONE ][18:08:37] >pl
[NONE ][18:08:37] 
Current players: 37
[NONE ][18:08:37] Do "playerlist m" or "pl m" to list minions

[NONE ][18:08:37]  ID     | IP              | P | CELLS | SCORE  |   POSITION   | NICK                           
[NONE ][18:08:37] ───────────────────────────────────────────────────────────────────────────────────────────────
[NONE ][18:08:37]       1 | [BOT]           | ? |    15 |   6015 |   122,  -186 | Reddit                        
[NONE ][18:08:37]       2 | [BOT]           | ? |     8 |    859 |   158,   188 | Jill                          
[NONE ][18:08:37]       3 | [BOT]           | ? |     1 |   6979 |  1494, -1974 | Tu Padre :3                   
[NONE ][18:08:37]       4 | [BOT]           | ? |     8 |    324 |   433,   160 | LucasV                        
[NONE ][18:08:37]       5 | [BOT]           | ? |     7 |    164 |   862,   152 | Bro                           
[NONE ][18:08:37]       6 | 191.88.73.76    | 6 |    11 |  19750 |  -550,  -189 | Zap                           
[NONE ][18:08:37]      22 | 190.233.242.184 | 6 |    16 |   2662 |   127,  -334 | noob                          
[NONE ][18:13:24] >m 6 17000
[NONE ][18:13:24] Set mass of Zap to 17000.000
[NONE ][18:14:11] DISCONNECTED 191.88.73.76:51141, code: 1006, reason: "", name: "Zap"
[NONE ][18:14:18] >pl
[NONE ][18:14:18] 
Current players: 21
[NONE ][18:14:18] Do "playerlist m" or "pl m" to list minions

[NONE ][18:14:18]  ID     | IP              | P | CELLS | SCORE  |   POSITION   | NICK                           
[NONE ][18:14:18] ───────────────────────────────────────────────────────────────────────────────────────────────
[NONE ][18:14:18]       1 | [BOT]           | ? |     6 |    384 |   788,   284 | Reddit                        
[NONE ][18:14:18]       2 | [BOT]           | ? |     6 |   7045 |  -339,   -28 | Jill                          
[NONE ][18:14:18]       3 | [BOT]           | ? |     5 |    228 |   806,   789 | Tu Padre :3                   
[NONE ][18:14:18]       4 | [BOT]           | ? |     8 |    272 |  -605,   150 | LucasV                        
[NONE ][18:14:18]       5 | [BOT]           | ? |     7 |    192 |   477,  -169 | Bro                           
[NONE ][18:14:18]      22 | 190.233.242.184 | 6 |     5 |   7576 |   117,   702 | noob                          
[NONE ][18:14:19] >pl
[NONE ][18:14:19] 
Current players: 21
[NONE ][18:14:19] Do "playerlist m" or "pl m" to list minions

[NONE ][18:14:19]  ID     | IP              | P | CELLS | SCORE  |   POSITION   | NICK                           
[NONE ][18:14:19] ───────────────────────────────────────────────────────────────────────────────────────────────
[NONE ][18:14:19]       1 | [BOT]           | ? |     6 |    384 |   766,   282 | Reddit                        
[NONE ][18:14:19]       2 | [BOT]           | ? |     6 |   7048 |  -344,   -21 | Jill                          
[NONE ][18:14:19]       3 | [BOT]           | ? |     5 |    228 |   798,   788 | Tu Padre :3                   
[NONE ][18:14:19]       4 | [BOT]           | ? |     6 |    272 |  -811,   213 | LucasV                        
[NONE ][18:14:19]       5 | [BOT]           | ? |     7 |    192 |   475,  -190 | Bro                           
[NONE ][18:14:19]      22 | 190.233.242.184 | 6 |     5 |   7439 |   131,   705 | noob                          
[NONE ][18:14:19] >pl
[NONE ][18:14:19] 
Current players: 21
[NONE ][18:14:19] Do "playerlist m" or "pl m" to list minions

[NONE ][18:14:19]  ID     | IP              | P | CELLS | SCORE  |   POSITION   | NICK                           
[NONE ][18:14:19] ───────────────────────────────────────────────────────────────────────────────────────────────
[NONE ][18:14:19]       1 | [BOT]           | ? |     6 |    383 |   743,   280 | Reddit                        
[NONE ][18:14:19]       2 | [BOT]           | ? |     6 |   7034 |  -350,   -15 | Jill                          
[NONE ][18:14:19]       3 | [BOT]           | ? |     5 |    227 |   788,   781 | Tu Padre :3                   
[NONE ][18:14:19]       4 | [BOT]           | ? |     6 |    272 |  -823,   223 | LucasV                        
[NONE ][18:14:19]       5 | [BOT]           | ? |     8 |    211 |   396,  -154 | Bro                           
[NONE ][18:14:19]      22 | 190.233.242.184 | 6 |     5 |   7249 |   146,   707 | noob                          
[NONE ][18:14:20] >pl
[NONE ][18:14:20] 
Current players: 21
[NONE ][18:14:20] Do "playerlist m" or "pl m" to list minions

[NONE ][18:14:20]  ID     | IP              | P | CELLS | SCORE  |   POSITION   | NICK                           
[NONE ][18:14:20] ───────────────────────────────────────────────────────────────────────────────────────────────
[NONE ][18:14:20]       1 | [BOT]           | ? |     4 |    383 |  1134,   399 | Reddit                        
[NONE ][18:14:20]       2 | [BOT]           | ? |     6 |   7045 |  -355,    -8 | Jill                          
[NONE ][18:14:20]       3 | [BOT]           | ? |     5 |    227 |   767,   773 | Tu Padre :3                   
[NONE ][18:14:20]       4 | [BOT]           | ? |     6 |    272 |  -837,   231 | LucasV                        
[NONE ][18:14:20]       5 | [BOT]           | ? |     8 |    211 |   390,  -164 | Bro                           
[NONE ][18:14:20]      22 | 190.233.242.184 | 6 |     5 |   7188 |   161,   711 | noob                          
[NONE ][18:14:20] >pl
[NONE ][18:14:20] 
Current players: 21
[NONE ][18:14:20] Do "playerlist m" or "pl m" to list minions

[NONE ][18:14:20]  ID     | IP              | P | CELLS | SCORE  |   POSITION   | NICK                           
[NONE ][18:14:20] ───────────────────────────────────────────────────────────────────────────────────────────────
[NONE ][18:14:20]       1 | [BOT]           | ? |     4 |    387 |  1107,   395 | Reddit                        
[NONE ][18:14:20]       2 | [BOT]           | ? |     6 |   7031 |  -361,    -2 | Jill                          
[NONE ][18:14:20]       3 | [BOT]           | ? |     5 |    238 |   745,   765 | Tu Padre :3                   
[NONE ][18:14:20]       4 | [BOT]           | ? |     6 |    271 |  -851,   238 | LucasV                        
[NONE ][18:14:20]       5 | [BOT]           | ? |     8 |    210 |   391,  -180 | Bro                           
[NONE ][18:14:20]      22 | 190.233.242.184 | 6 |     5 |   7027 |   178,   715 | noob                          
[NONE ][18:14:21] >pl
[NONE ][18:14:21] 
Current players: 21
[NONE ][18:14:21] Do "playerlist m" or "pl m" to list minions

[NONE ][18:14:21]  ID     | IP              | P | CELLS | SCORE  |   POSITION   | NICK                           
[NONE ][18:14:21] ───────────────────────────────────────────────────────────────────────────────────────────────
[NONE ][18:14:21]       1 | [BOT]           | ? |     4 |    387 |  1086,   395 | Reddit                        
[NONE ][18:14:21]       2 | [BOT]           | ? |     6 |   7031 |  -367,     2 | Jill                          
[NONE ][18:14:21]       3 | [BOT]           | ? |     5 |    238 |   722,   756 | Tu Padre :3                   
[NONE ][18:14:21]       4 | [BOT]           | ? |     6 |    271 |  -860,   240 | LucasV                        
[NONE ][18:14:21]       5 | [BOT]           | ? |     8 |    229 |   419,  -189 | Bro                           
[NONE ][18:14:21]      22 | 190.233.242.184 | 6 |     5 |   6909 |   199,   718 | noob                          
[NONE ][18:14:21] >pl
[NONE ][18:14:21] 
Current players: 21
[NONE ][18:14:21] Do "playerlist m" or "pl m" to list minions

[NONE ][18:14:21]  ID     | IP              | P | CELLS | SCORE  |   POSITION   | NICK                           
[NONE ][18:14:21] ───────────────────────────────────────────────────────────────────────────────────────────────
[NONE ][18:14:21]       1 | [BOT]           | ? |     4 |    387 |  1058,   394 | Reddit                        
[NONE ][18:14:21]       2 | [BOT]           | ? |     6 |   7031 |  -373,     7 | Jill                          
[NONE ][18:14:21]       3 | [BOT]           | ? |     5 |    241 |   698,   743 | Tu Padre :3                   
[NONE ][18:14:21]       4 | [BOT]           | ? |     6 |    271 |  -868,   241 | LucasV                        
[NONE ][18:14:21]       5 | [BOT]           | ? |     8 |    229 |   409,  -192 | Bro                           
[NONE ][18:14:21]      22 | 190.233.242.184 | 6 |     5 |   6840 |   220,   727 | noob                          
[NONE ][18:14:22] >pl
[NONE ][18:14:22] 
Current players: 21
[NONE ][18:14:22] Do "playerlist m" or "pl m" to list minions

[NONE ][18:14:22]  ID     | IP              | P | CELLS | SCORE  |   POSITION   | NICK                           
[NONE ][18:14:22] ───────────────────────────────────────────────────────────────────────────────────────────────
[NONE ][18:14:22]       1 | [BOT]           | ? |     4 |    386 |  1033,   386 | Reddit                        
[NONE ][18:14:22]       2 | [BOT]           | ? |     6 |   7017 |  -378,    12 | Jill                          
[NONE ][18:14:22]       3 | [BOT]           | ? |     5 |    241 |   692,   725 | Tu Padre :3                   
[NONE ][18:14:22]       4 | [BOT]           | ? |     6 |    271 |  -876,   241 | LucasV                        
[NONE ][18:14:22]       5 | [BOT]           | ? |     8 |    228 |   402,  -197 | Bro                           
[NONE ][18:14:22]      22 | 190.233.242.184 | 6 |     5 |   6755 |   239,   739 | noob                          
[NONE ][18:14:22] >pl
[NONE ][18:14:22] 
Current players: 21
[NONE ][18:14:22] Do "playerlist m" or "pl m" to list minions

[NONE ][18:14:22]  ID     | IP              | P | CELLS | SCORE  |   POSITION   | NICK                           
[NONE ][18:14:22] ───────────────────────────────────────────────────────────────────────────────────────────────
[NONE ][18:14:22]       1 | [BOT]           | ? |     4 |    386 |  1007,   378 | Reddit                        
[NONE ][18:14:22]       2 | [BOT]           | ? |     6 |   7017 |  -384,    17 | Jill                          
[NONE ][18:14:22]       3 | [BOT]           | ? |     5 |    241 |   714,   708 | Tu Padre :3                   
[NONE ][18:14:22]       4 | [BOT]           | ? |     6 |    271 |  -885,   240 | LucasV                        
[NONE ][18:14:22]       5 | [BOT]           | ? |     8 |    228 |   393,  -201 | Bro                           
[NONE ][18:14:22]      22 | 190.233.242.184 | 6 |     5 |   6647 |   261,   753 | noob                          
[NONE ][18:14:23] >pl
[NONE ][18:14:23] 
Current players: 21
[NONE ][18:14:23] Do "playerlist m" or "pl m" to list minions

[NONE ][18:14:23]  ID     | IP              | P | CELLS | SCORE  |   POSITION   | NICK                           
[NONE ][18:14:23] ───────────────────────────────────────────────────────────────────────────────────────────────
[NONE ][18:14:23]       1 | [BOT]           | ? |     4 |    385 |   984,   375 | Reddit                        
[NONE ][18:14:23]       2 | [BOT]           | ? |     6 |   7027 |  -390,    22 | Jill                          
[NONE ][18:14:23]       3 | [BOT]           | ? |     5 |    240 |   737,   696 | Tu Padre :3                   
[NONE ][18:14:23]       4 | [BOT]           | ? |     6 |    273 |  -894,   240 | LucasV                        
[NONE ][18:14:23]       5 | [BOT]           | ? |     8 |    230 |   385,  -204 | Bro                           
[NONE ][18:14:23]      22 | 190.233.242.184 | 6 |     5 |   6547 |   284,   765 | noob                          
[NONE ][18:14:23] >pl
[NONE ][18:14:23] 
Current players: 21
[NONE ][18:14:23] Do "playerlist m" or "pl m" to list minions

[NONE ][18:14:23]  ID     | IP              | P | CELLS | SCORE  |   POSITION   | NICK                           
[NONE ][18:14:23] ───────────────────────────────────────────────────────────────────────────────────────────────
[NONE ][18:14:23]       1 | [BOT]           | ? |     4 |    385 |   962,   378 | Reddit                        
[NONE ][18:14:23]       2 | [BOT]           | ? |     6 |   7027 |  -396,    27 | Jill                          
[NONE ][18:14:23]       3 | [BOT]           | ? |     5 |    240 |   756,   681 | Tu Padre :3                   
[NONE ][18:14:23]       4 | [BOT]           | ? |     6 |    273 |  -901,   238 | LucasV                        
[NONE ][18:14:23]       5 | [BOT]           | ? |     8 |    233 |   376,  -206 | Bro                           
[NONE ][18:14:23]      22 | 190.233.242.184 | 6 |     5 |   6457 |   308,   775 | noob                          
[NONE ][18:14:23] >pl
[NONE ][18:14:23] 
Current players: 21
[NONE ][18:14:23] Do "playerlist m" or "pl m" to list minions

[NONE ][18:14:23]  ID     | IP              | P | CELLS | SCORE  |   POSITION   | NICK                           
[NONE ][18:14:23] ───────────────────────────────────────────────────────────────────────────────────────────────
[NONE ][18:14:23]       1 | [BOT]           | ? |     7 |    385 |   501,   209 | Reddit                        
[NONE ][18:14:23]       2 | [BOT]           | ? |     6 |   7013 |  -403,    32 | Jill                          
[NONE ][18:14:23]       3 | [BOT]           | ? |     5 |    242 |   776,   662 | Tu Padre :3                   
[NONE ][18:14:23]       4 | [BOT]           | ? |     6 |    273 |  -909,   236 | LucasV                        
[NONE ][18:14:23]       5 | [BOT]           | ? |     8 |    233 |   365,  -206 | Bro                           
[NONE ][18:14:23]      22 | 190.233.242.184 | 6 |     5 |   6412 |   335,   784 | noob                          
[NONE ][18:14:24] >pl
[NONE ][18:14:24] 
Current players: 21
[NONE ][18:14:24] Do "playerlist m" or "pl m" to list minions

[NONE ][18:14:24]  ID     | IP              | P | CELLS | SCORE  |   POSITION   | NICK                           
[NONE ][18:14:24] ───────────────────────────────────────────────────────────────────────────────────────────────
[NONE ][18:14:24]       1 | [BOT]           | ? |     7 |    404 |   442,   204 | Reddit                        
[NONE ][18:14:24]       2 | [BOT]           | ? |     6 |   7033 |  -409,    38 | Jill                          
[NONE ][18:14:24]       3 | [BOT]           | ? |     5 |    242 |   791,   640 | Tu Padre :3                   
[NONE ][18:14:24]       4 | [BOT]           | ? |     6 |    273 |  -917,   234 | LucasV                        
[NONE ][18:14:24]       5 | [BOT]           | ? |     8 |    233 |   354,  -205 | Bro                           
[NONE ][18:14:24]      22 | 190.233.242.184 | 6 |     4 |   6405 |   456,   989 | noob                          
[NONE ][18:14:24] >pl
[NONE ][18:14:24] 
Current players: 21
[NONE ][18:14:24] Do "playerlist m" or "pl m" to list minions

[NONE ][18:14:24]  ID     | IP              | P | CELLS | SCORE  |   POSITION   | NICK                           
[NONE ][18:14:24] ───────────────────────────────────────────────────────────────────────────────────────────────
[NONE ][18:14:24]       1 | [BOT]           | ? |     7 |    403 |   447,   204 | Reddit                        
[NONE ][18:14:24]       2 | [BOT]           | ? |     6 |   7020 |  -416,    45 | Jill                          
[NONE ][18:14:24]       3 | [BOT]           | ? |     5 |    245 |   805,   620 | Tu Padre :3                   
[NONE ][18:14:24]       4 | [BOT]           | ? |     6 |    272 |  -925,   231 | LucasV                        
[NONE ][18:14:24]       5 | [BOT]           | ? |     8 |    232 |   341,  -201 | Bro                           
[NONE ][18:14:24]      22 | 190.233.242.184 | 6 |     4 |   6356 |   491,   993 | noob                          
[NONE ][18:14:25] >pl
[NONE ][18:14:25] 
Current players: 21
[NONE ][18:14:25] Do "playerlist m" or "pl m" to list minions

[NONE ][18:14:25]  ID     | IP              | P | CELLS | SCORE  |   POSITION   | NICK                           
[NONE ][18:14:25] ───────────────────────────────────────────────────────────────────────────────────────────────
[NONE ][18:14:25]       1 | [BOT]           | ? |     7 |    403 |   463,   209 | Reddit                        
[NONE ][18:14:25]       2 | [BOT]           | ? |     6 |   7022 |  -423,    52 | Jill                          
[NONE ][18:14:25]       3 | [BOT]           | ? |     7 |    249 |   580,   426 | Tu Padre :3                   
[NONE ][18:14:25]       4 | [BOT]           | ? |     6 |    272 |  -932,   227 | LucasV                        
[NONE ][18:14:25]       5 | [BOT]           | ? |     8 |    232 |   326,  -194 | Bro                           
[NONE ][18:14:25]      22 | 190.233.242.184 | 6 |     4 |   6356 |   531,   994 | noob                          
[NONE ][18:14:25] >pl
[NONE ][18:14:25] 
Current players: 21
[NONE ][18:14:25] Do "playerlist m" or "pl m" to list minions

[NONE ][18:14:25]  ID     | IP              | P | CELLS | SCORE  |   POSITION   | NICK                           
[NONE ][18:14:25] ───────────────────────────────────────────────────────────────────────────────────────────────
[NONE ][18:14:25]       1 | [BOT]           | ? |     7 |    402 |   477,   219 | Reddit                        
[NONE ][18:14:25]       2 | [BOT]           | ? |     6 |   7010 |  -429,    57 | Jill                          
[NONE ][18:14:25]       3 | [BOT]           | ? |     7 |    267 |   505,   395 | Tu Padre :3                   
[NONE ][18:14:25]       4 | [BOT]           | ? |     6 |    271 |  -938,   223 | LucasV                        
[NONE ][18:14:25]       5 | [BOT]           | ? |     8 |    232 |   315,  -187 | Bro                           
[NONE ][18:14:25]      22 | 190.233.242.184 | 6 |     4 |   6347 |   564,   991 | noob                          
[NONE ][18:14:25] >
[NONE ][18:14:26] >pl
[NONE ][18:14:26] 
Current players: 21
[NONE ][18:14:26] Do "playerlist m" or "pl m" to list minions

[NONE ][18:14:26]  ID     | IP              | P | CELLS | SCORE  |   POSITION   | NICK                           
[NONE ][18:14:26] ───────────────────────────────────────────────────────────────────────────────────────────────
[NONE ][18:14:26]       1 | [BOT]           | ? |     7 |    402 |   498,   233 | Reddit                        
[NONE ][18:14:26]       2 | [BOT]           | ? |     6 |   7014 |  -438,    66 | Jill                          
[NONE ][18:14:26]       3 | [BOT]           | ? |     8 |    274 |   433,   328 | Tu Padre :3                   
[NONE ][18:14:26]       4 | [BOT]           | ? |     6 |    271 |  -946,   217 | LucasV                        
[NONE ][18:14:26]       5 | [BOT]           | ? |     8 |    232 |   299,  -177 | Bro                           
[NONE ][18:14:26]      22 | 190.233.242.184 | 6 |     4 |   6347 |   615,   982 | noob                          
[NONE ][18:14:26] >pl
[NONE ][18:14:26] 
Current players: 21
[NONE ][18:14:26] Do "playerlist m" or "pl m" to list minions

[NONE ][18:14:26]  ID     | IP              | P | CELLS | SCORE  |   POSITION   | NICK                           
[NONE ][18:14:26] ───────────────────────────────────────────────────────────────────────────────────────────────
[NONE ][18:14:26]       1 | [BOT]           | ? |     7 |    402 |   508,   238 | Reddit                        
[NONE ][18:14:26]       2 | [BOT]           | ? |     6 |   7014 |  -442,    70 | Jill                          
[NONE ][18:14:26]       3 | [BOT]           | ? |     8 |    296 |   433,   350 | Tu Padre :3                   
[NONE ][18:14:26]       4 | [BOT]           | ? |     8 |    289 |  -691,   101 | LucasV                        
[NONE ][18:14:26]       5 | [BOT]           | ? |     8 |    232 |   291,  -172 | Bro                           
[NONE ][18:14:26]      22 | 190.233.242.184 | 6 |     4 |   6347 |   635,   976 | noob                          
[NONE ][18:14:26] >pl
[NONE ][18:14:26] 
Current players: 21
[NONE ][18:14:26] Do "playerlist m" or "pl m" to list minions

[NONE ][18:14:26]  ID     | IP              | P | CELLS | SCORE  |   POSITION   | NICK                           
[NONE ][18:14:26] ───────────────────────────────────────────────────────────────────────────────────────────────
[NONE ][18:14:26]       1 | [BOT]           | ? |     7 |    402 |   511,   239 | Reddit                        
[NONE ][18:14:26]       2 | [BOT]           | ? |     6 |   7014 |  -443,    71 | Jill                          
[NONE ][18:14:26]       3 | [BOT]           | ? |     8 |    296 |   429,   349 | Tu Padre :3                   
[NONE ][18:14:26]       4 | [BOT]           | ? |     8 |    300 |  -686,    92 | LucasV                        
[NONE ][18:14:26]       5 | [BOT]           | ? |     8 |    232 |   288,  -171 | Bro                           
[NONE ][18:14:26]      22 | 190.233.242.184 | 6 |     4 |   6347 |   641,   973 | noob                          
[NONE ][18:14:26] >l
[WARN ][18:14:26] Invalid Command!
[NONE ][18:14:27] >l
[WARN ][18:14:27] Invalid Command!
[NONE ][18:14:27] >pl
[NONE ][18:14:27] 
Current players: 21
[NONE ][18:14:27] Do "playerlist m" or "pl m" to list minions

[NONE ][18:14:27]  ID     | IP              | P | CELLS | SCORE  |   POSITION   | NICK                           
[NONE ][18:14:27] ───────────────────────────────────────────────────────────────────────────────────────────────
[NONE ][18:14:27]       1 | [BOT]           | ? |    13 |    405 |   292,   171 | Reddit                        
[NONE ][18:14:27]       2 | [BOT]           | ? |     6 |   7003 |  -451,    78 | Jill                          
[NONE ][18:14:27]       3 | [BOT]           | ? |     8 |    325 |   424,   333 | Tu Padre :3                   
[NONE ][18:14:27]       4 | [BOT]           | ? |     8 |    300 |  -683,    73 | LucasV                        
[NONE ][18:14:27]       5 | [BOT]           | ? |     8 |    231 |   269,  -158 | Bro                           
[NONE ][18:14:27]      22 | 190.233.242.184 | 6 |     3 |   6305 |   913,  1274 | noob                          
[NONE ][18:15:13] CONNECTED 191.88.73.76:51167, origin: "http://zapphy.epizy.com"
[NONE ][18:15:29] DISCONNECTED 190.233.242.184:51163, code: 1001, reason: "", name: "  noob"
[NONE ][18:15:43] CONNECTED 190.233.242.184:51182, origin: "http://zapphy.epizy.com"
[NONE ][18:17:25] DISCONNECTED 191.88.73.76:51167, code: 1001, reason: "", name: "Zapphy"
[NONE ][18:18:10] CONNECTED 191.88.73.76:51198, origin: "http://zapphy.epizy.com"
[NONE ][18:18:17] >pl
[NONE ][18:18:17] 
Current players: 37
[NONE ][18:18:17] Do "playerlist m" or "pl m" to list minions

[NONE ][18:18:17]  ID     | IP              | P | CELLS | SCORE  |   POSITION   | NICK                           
[NONE ][18:18:17] ───────────────────────────────────────────────────────────────────────────────────────────────
[NONE ][18:18:17]       1 | [BOT]           | ? |     5 |    135 |   896,   431 | Reddit                        
[NONE ][18:18:17]       2 | [BOT]           | ? |     4 |  27742 |   314,   328 | Jill                          
[NONE ][18:18:17]       3 | [BOT]           | ? |     8 |   4449 |   567,   828 | Tu Padre :3                   
[NONE ][18:18:17]       4 | [BOT]           | ? |     8 |   1197 |   611,  -748 | LucasV                        
[NONE ][18:18:17]       5 | [BOT]           | ? |    11 |    992 |   562,   107 | Bro                           
[NONE ][18:18:17]      54 | 190.233.242.184 | 6 | ----------------------------------------------SPECTATING: Jill
[NONE ][18:18:17]      70 | 191.88.73.76    | 6 |    16 |   2619 |  -279,   345 | Zapphy                        
[NONE ][18:18:20] DISCONNECTED 190.233.242.184:51182, code: 1001, reason: "", name: "  noob"
[NONE ][18:18:26] CONNECTED 190.233.242.184:51194, origin: "http://zapphy.epizy.com"
[NONE ][18:19:20] DISCONNECTED 190.233.242.184:51194, code: 1001, reason: "", name: "  noob"
[NONE ][18:19:24] CONNECTED 190.233.242.184:51208, origin: "http://zapphy.epizy.com"
[NONE ][18:19:53] DISCONNECTED 191.88.73.76:51198, code: 1006, reason: "", name: "Zapphy"
[NONE ][18:20:41] DISCONNECTED 190.233.242.184:51208, code: 1001, reason: "", name: "  noob"
[NONE ][18:20:47] CONNECTED 190.233.242.184:51221, origin: "http://zapphy.epizy.com"
[NONE ][18:22:34] >pl
[NONE ][18:22:34] 
Current players: 21
[NONE ][18:22:34] Do "playerlist m" or "pl m" to list minions

[NONE ][18:22:34]  ID     | IP              | P | CELLS | SCORE  |   POSITION   | NICK                           
[NONE ][18:22:34] ───────────────────────────────────────────────────────────────────────────────────────────────
[NONE ][18:22:34]       1 | [BOT]           | ? |     2 |    306 |  2847, -1003 | Reddit                        
[NONE ][18:22:34]       2 | [BOT]           | ? |     5 |  19952 |   634,   751 | Jill                          
[NONE ][18:22:34]       3 | [BOT]           | ? |     1 |   5147 | -6666,  6117 | Tu Padre :3                   
[NONE ][18:22:34]       4 | [BOT]           | ? |    16 |   2670 |   -72,  -360 | LucasV                        
[NONE ][18:22:34]       5 | [BOT]           | ? |     1 |   1408 |  5719,  -992 | Bro                           
[NONE ][18:22:34]     118 | 190.233.242.184 | 6 |     4 |   7869 |    76,  -686 | noob                          
[NONE ][18:22:34] >pl
[NONE ][18:22:34] 
Current players: 21
[NONE ][18:22:34] Do "playerlist m" or "pl m" to list minions

[NONE ][18:22:34]  ID     | IP              | P | CELLS | SCORE  |   POSITION   | NICK                           
[NONE ][18:22:34] ───────────────────────────────────────────────────────────────────────────────────────────────
[NONE ][18:22:34]       1 | [BOT]           | ? |     2 |    311 |  2825, -1064 | Reddit                        
[NONE ][18:22:34]       2 | [BOT]           | ? |     5 |  19952 |   641,   758 | Jill                          
[NONE ][18:22:34]       3 | [BOT]           | ? |     1 |   5152 | -6694,  6050 | Tu Padre :3                   
[NONE ][18:22:34]       4 | [BOT]           | ? |    16 |   2709 |   -77,  -363 | LucasV                        
[NONE ][18:22:34]       5 | [BOT]           | ? |     1 |   1411 |  5688, -1078 | Bro                           
[NONE ][18:22:34]     118 | 190.233.242.184 | 6 |     4 |   7937 |    75,  -692 | noob                          
[NONE ][18:22:35] >pl
[NONE ][18:22:35] 
Current players: 21
[NONE ][18:22:35] Do "playerlist m" or "pl m" to list minions

[NONE ][18:22:35]  ID     | IP              | P | CELLS | SCORE  |   POSITION   | NICK                           
[NONE ][18:22:35] ───────────────────────────────────────────────────────────────────────────────────────────────
[NONE ][18:22:35]       1 | [BOT]           | ? |     2 |    312 |  2788, -1126 | Reddit                        
[NONE ][18:22:35]       2 | [BOT]           | ? |    16 |  20020 |   203,   239 | Jill                          
[NONE ][18:22:35]       3 | [BOT]           | ? |     1 |   5142 | -6712,  5979 | Tu Padre :3                   
[NONE ][18:22:35]       4 | [BOT]           | ? |    16 |   2708 |   -83,  -366 | LucasV                        
[NONE ][18:22:35]       5 | [BOT]           | ? |     1 |   1408 |  5654, -1170 | Bro                           
[NONE ][18:22:35]     118 | 190.233.242.184 | 6 |     4 |   7921 |    72,  -698 | noob                          
[NONE ][18:22:36] >pl
[NONE ][18:22:36] 
Current players: 21
[NONE ][18:22:36] Do "playerlist m" or "pl m" to list minions

[NONE ][18:22:36]  ID     | IP              | P | CELLS | SCORE  |   POSITION   | NICK                           
[NONE ][18:22:36] ───────────────────────────────────────────────────────────────────────────────────────────────
[NONE ][18:22:36]       1 | [BOT]           | ? |     2 |    315 |  2767, -1202 | Reddit                        
[NONE ][18:22:36]       2 | [BOT]           | ? |    16 |  20023 |   208,   240 | Jill                          
[NONE ][18:22:36]       3 | [BOT]           | ? |     1 |   5131 | -6712,  5938 | Tu Padre :3                   
[NONE ][18:22:36]       4 | [BOT]           | ? |    16 |   2705 |   -89,  -370 | LucasV                        
[NONE ][18:22:36]       5 | [BOT]           | ? |     1 |   1406 |  5617, -1268 | Bro                           
[NONE ][18:22:36]     118 | 190.233.242.184 | 6 |     4 |   7906 |    69,  -703 | noob                          
[NONE ][18:22:36] >pl
[NONE ][18:22:36] 
Current players: 21
[NONE ][18:22:36] Do "playerlist m" or "pl m" to list minions

[NONE ][18:22:36]  ID     | IP              | P | CELLS | SCORE  |   POSITION   | NICK                           
[NONE ][18:22:36] ───────────────────────────────────────────────────────────────────────────────────────────────
[NONE ][18:22:36]       1 | [BOT]           | ? |     2 |    315 |  2757, -1265 | Reddit                        
[NONE ][18:22:36]       2 | [BOT]           | ? |    16 |  20070 |   211,   242 | Jill                          
[NONE ][18:22:36]       3 | [BOT]           | ? |     1 |   5133 | -6712,  5924 | Tu Padre :3                   
[NONE ][18:22:36]       4 | [BOT]           | ? |    16 |   2807 |   -94,  -373 | LucasV                        
[NONE ][18:22:36]       5 | [BOT]           | ? |     1 |   1409 |  5589, -1348 | Bro                           
[NONE ][18:22:36]     118 | 190.233.242.184 | 6 |     4 |   7906 |    66,  -707 | noob                          
[NONE ][18:22:37] >pl
[NONE ][18:22:37] 
Current players: 21
[NONE ][18:22:37] Do "playerlist m" or "pl m" to list minions

[NONE ][18:22:37]  ID     | IP              | P | CELLS | SCORE  |   POSITION   | NICK                           
[NONE ][18:22:37] ───────────────────────────────────────────────────────────────────────────────────────────────
[NONE ][18:22:37]       1 | [BOT]           | ? |     2 |    314 |  2756, -1329 | Reddit                        
[NONE ][18:22:37]       2 | [BOT]           | ? |    16 |  20034 |   215,   243 | Jill                          
[NONE ][18:22:37]       3 | [BOT]           | ? |     1 |   5122 | -6713,  5916 | Tu Padre :3                   
[NONE ][18:22:37]       4 | [BOT]           | ? |    16 |   2804 |   -99,  -377 | LucasV                        
[NONE ][18:22:37]       5 | [BOT]           | ? |     1 |   1406 |  5563, -1428 | Bro                           
[NONE ][18:22:37]     118 | 190.233.242.184 | 6 |     4 |   7927 |    63,  -711 | noob                          
[NONE ][18:22:37] >pl
[NONE ][18:22:37] 
Current players: 21
[NONE ][18:22:37] Do "playerlist m" or "pl m" to list minions

[NONE ][18:22:37]  ID     | IP              | P | CELLS | SCORE  |   POSITION   | NICK                           
[NONE ][18:22:37] ───────────────────────────────────────────────────────────────────────────────────────────────
[NONE ][18:22:37]       1 | [BOT]           | ? |     2 |    314 |  2759, -1387 | Reddit                        
[NONE ][18:22:37]       2 | [BOT]           | ? |    16 |  20034 |   218,   244 | Jill                          
[NONE ][18:22:37]       3 | [BOT]           | ? |     1 |   5125 | -6713,  5910 | Tu Padre :3                   
[NONE ][18:22:37]       4 | [BOT]           | ? |    16 |   2804 |  -104,  -380 | LucasV                        
[NONE ][18:22:37]       5 | [BOT]           | ? |     1 |   1409 |  5540, -1510 | Bro                           
[NONE ][18:22:37]     118 | 190.233.242.184 | 6 |     4 |   7927 |    61,  -715 | noob                          
[NONE ][18:22:38] >pl
[NONE ][18:22:38] 
Current players: 21
[NONE ][18:22:38] Do "playerlist m" or "pl m" to list minions

[NONE ][18:22:38]  ID     | IP              | P | CELLS | SCORE  |   POSITION   | NICK                           
[NONE ][18:22:38] ───────────────────────────────────────────────────────────────────────────────────────────────
[NONE ][18:22:38]       1 | [BOT]           | ? |     2 |    317 |  2764, -1427 | Reddit                        
[NONE ][18:22:38]       2 | [BOT]           | ? |    16 |  19996 |   222,   245 | Jill                          
[NONE ][18:22:38]       3 | [BOT]           | ? |     1 |   5116 | -6713,  5909 | Tu Padre :3                   
[NONE ][18:22:38]       4 | [BOT]           | ? |    16 |   2803 |  -109,  -383 | LucasV                        
[NONE ][18:22:38]       5 | [BOT]           | ? |     1 |   1407 |  5521, -1586 | Bro                           
[NONE ][18:22:38]     118 | 190.233.242.184 | 6 |     4 |   8043 |    59,  -719 | noob                          
[NONE ][18:22:38] >pl
[NONE ][18:22:38] 
Current players: 21
[NONE ][18:22:38] Do "playerlist m" or "pl m" to list minions

[NONE ][18:22:38]  ID     | IP              | P | CELLS | SCORE  |   POSITION   | NICK                           
[NONE ][18:22:38] ───────────────────────────────────────────────────────────────────────────────────────────────
[NONE ][18:22:38]       1 | [BOT]           | ? |     2 |    319 |  2769, -1473 | Reddit                        
[NONE ][18:22:38]       2 | [BOT]           | ? |    16 |  19998 |   226,   246 | Jill                          
[NONE ][18:22:38]       3 | [BOT]           | ? |     1 |   5116 | -6713,  5905 | Tu Padre :3                   
[NONE ][18:22:38]       4 | [BOT]           | ? |    16 |   2817 |  -113,  -388 | LucasV                        
[NONE ][18:22:38]       5 | [BOT]           | ? |     1 |   1409 |  5507, -1676 | Bro                           
[NONE ][18:22:38]     118 | 190.233.242.184 | 6 |     4 |   8043 |    59,  -715 | noob                          
[NONE ][18:22:39] >pl
[NONE ][18:22:39] 
Current players: 21
[NONE ][18:22:39] Do "playerlist m" or "pl m" to list minions

[NONE ][18:22:39]  ID     | IP              | P | CELLS | SCORE  |   POSITION   | NICK                           
[NONE ][18:22:39] ───────────────────────────────────────────────────────────────────────────────────────────────
[NONE ][18:22:39]       1 | [BOT]           | ? |     2 |    320 |  2762, -1514 | Reddit                        
[NONE ][18:22:39]       2 | [BOT]           | ? |    16 |  19965 |   230,   247 | Jill                          
[NONE ][18:22:39]       3 | [BOT]           | ? |     1 |   5106 | -6713,  5902 | Tu Padre :3                   
[NONE ][18:22:39]       4 | [BOT]           | ? |    16 |   2922 |  -116,  -392 | LucasV                        
[NONE ][18:22:39]       5 | [BOT]           | ? |     1 |   1406 |  5510, -1761 | Bro                           
[NONE ][18:22:39]     118 | 190.233.242.184 | 6 |     4 |   8027 |    60,  -711 | noob                          
[NONE ][18:22:39] >pl
[NONE ][18:22:39] 
Current players: 21
[NONE ][18:22:39] Do "playerlist m" or "pl m" to list minions

[NONE ][18:22:39]  ID     | IP              | P | CELLS | SCORE  |   POSITION   | NICK                           
[NONE ][18:22:39] ───────────────────────────────────────────────────────────────────────────────────────────────
[NONE ][18:22:39]       1 | [BOT]           | ? |     2 |    320 |  2739, -1556 | Reddit                        
[NONE ][18:22:39]       2 | [BOT]           | ? |    16 |  19965 |   234,   248 | Jill                          
[NONE ][18:22:39]       3 | [BOT]           | ? |     1 |   5110 | -6713,  5900 | Tu Padre :3                   
[NONE ][18:22:39]       4 | [BOT]           | ? |    16 |   2931 |  -118,  -397 | LucasV                        
[NONE ][18:22:39]       5 | [BOT]           | ? |     1 |   1409 |  5512, -1853 | Bro                           
[NONE ][18:22:39]     118 | 190.233.242.184 | 6 |     4 |   8028 |    63,  -704 | noob                          
[NONE ][18:22:40] >pl
[NONE ][18:22:40] 
Current players: 21
[NONE ][18:22:40] Do "playerlist m" or "pl m" to list minions

[NONE ][18:22:40]  ID     | IP              | P | CELLS | SCORE  |   POSITION   | NICK                           
[NONE ][18:22:40] ───────────────────────────────────────────────────────────────────────────────────────────────
[NONE ][18:22:40]       1 | [BOT]           | ? |     2 |    322 |  2716, -1600 | Reddit                        
[NONE ][18:22:40]       2 | [BOT]           | ? |    16 |  19972 |   237,   249 | Jill                          
[NONE ][18:22:40]       3 | [BOT]           | ? |     1 |   5100 | -6713,  5898 | Tu Padre :3                   
[NONE ][18:22:40]       4 | [BOT]           | ? |    16 |   3027 |  -122,  -395 | LucasV                        
[NONE ][18:22:40]       5 | [BOT]           | ? |     1 |   1407 |  5506, -1937 | Bro                           
[NONE ][18:22:40]     118 | 190.233.242.184 | 6 |     4 |   8016 |    67,  -703 | noob                          
[NONE ][18:22:41] >p`l
[WARN ][18:22:41] Invalid Command!
[NONE ][18:22:41] >pl
[NONE ][18:22:41] 
Current players: 21
[NONE ][18:22:41] Do "playerlist m" or "pl m" to list minions

[NONE ][18:22:41]  ID     | IP              | P | CELLS | SCORE  |   POSITION   | NICK                           
[NONE ][18:22:41] ───────────────────────────────────────────────────────────────────────────────────────────────
[NONE ][18:22:41]       1 | [BOT]           | ? |     2 |    325 |  2634, -1703 | Reddit                        
[NONE ][18:22:41]       2 | [BOT]           | ? |    16 |  19951 |   247,   251 | Jill                          
[NONE ][18:22:41]       3 | [BOT]           | ? |     1 |   5089 | -6714,  5889 | Tu Padre :3                   
[NONE ][18:22:41]       4 | [BOT]           | ? |    16 |   3140 |  -136,  -388 | LucasV                        
[NONE ][18:22:41]       5 | [BOT]           | ? |     1 |   1408 |  5380, -2127 | Bro                           
[NONE ][18:22:41]     118 | 190.233.242.184 | 6 |     4 |   7999 |    56,  -706 | noob                          
[NONE ][18:22:42] >pl
[NONE ][18:22:42] 
Current players: 21
[NONE ][18:22:42] Do "playerlist m" or "pl m" to list minions

[NONE ][18:22:42]  ID     | IP              | P | CELLS | SCORE  |   POSITION   | NICK                           
[NONE ][18:22:42] ───────────────────────────────────────────────────────────────────────────────────────────────
[NONE ][18:22:42]       1 | [BOT]           | ? |     2 |    326 |  2603, -1746 | Reddit                        
[NONE ][18:22:42]       2 | [BOT]           | ? |    16 |  19911 |   251,   252 | Jill                          
[NONE ][18:22:42]       3 | [BOT]           | ? |     1 |   5081 | -6714,  5886 | Tu Padre :3                   
[NONE ][18:22:42]       4 | [BOT]           | ? |    16 |   3341 |  -142,  -385 | LucasV                        
[NONE ][18:22:42]       5 | [BOT]           | ? |     1 |   1405 |  5350, -2213 | Bro                           
[NONE ][18:22:42]     118 | 190.233.242.184 | 6 |     4 |   7985 |    76,  -698 | noob                          
[NONE ][18:22:42] >pl
[NONE ][18:22:42] 
Current players: 21
[NONE ][18:22:42] Do "playerlist m" or "pl m" to list minions

[NONE ][18:22:42]  ID     | IP              | P | CELLS | SCORE  |   POSITION   | NICK                           
[NONE ][18:22:42] ───────────────────────────────────────────────────────────────────────────────────────────────
[NONE ][18:22:42]       1 | [BOT]           | ? |     2 |    329 |  2571, -1786 | Reddit                        
[NONE ][18:22:42]       2 | [BOT]           | ? |    16 |  19919 |   255,   253 | Jill                          
[NONE ][18:22:42]       3 | [BOT]           | ? |     1 |   5081 | -6714,  5883 | Tu Padre :3                   
[NONE ][18:22:42]       4 | [BOT]           | ? |    16 |   3346 |  -144,  -382 | LucasV                        
[NONE ][18:22:42]       5 | [BOT]           | ? |     1 |   1405 |  5329, -2295 | Bro                           
[NONE ][18:22:42]     118 | 190.233.242.184 | 6 |     4 |   7928 |    96,  -693 | noob                          
[NONE ][18:22:43] >
[NONE ][18:22:43] >pl
[NONE ][18:22:43] 
Current players: 21
[NONE ][18:22:43] Do "playerlist m" or "pl m" to list minions

[NONE ][18:22:43]  ID     | IP              | P | CELLS | SCORE  |   POSITION   | NICK                           
[NONE ][18:22:43] ───────────────────────────────────────────────────────────────────────────────────────────────
[NONE ][18:22:43]       1 | [BOT]           | ? |     2 |    332 |  2513, -1861 | Reddit                        
[NONE ][18:22:43]       2 | [BOT]           | ? |    16 |  19879 |   262,   255 | Jill                          
[NONE ][18:22:43]       3 | [BOT]           | ? |     1 |   5071 | -6714,  5879 | Tu Padre :3                   
[NONE ][18:22:43]       4 | [BOT]           | ? |    16 |   3348 |  -148,  -376 | LucasV                        
[NONE ][18:22:43]       5 | [BOT]           | ? |     1 |   1402 |  5298, -2449 | Bro                           
[NONE ][18:22:43]     118 | 190.233.242.184 | 6 |     4 |   7682 |   132,  -680 | noob                          
[NONE ][18:22:44] >pl
[NONE ][18:22:44] 
Current players: 21
[NONE ][18:22:44] Do "playerlist m" or "pl m" to list minions

[NONE ][18:22:44]  ID     | IP              | P | CELLS | SCORE  |   POSITION   | NICK                           
[NONE ][18:22:44] ───────────────────────────────────────────────────────────────────────────────────────────────
[NONE ][18:22:44]       1 | [BOT]           | ? |     2 |    336 |  2493, -1897 | Reddit                        
[NONE ][18:22:44]       2 | [BOT]           | ? |    16 |  19839 |   265,   256 | Jill                          
[NONE ][18:22:44]       3 | [BOT]           | ? |     1 |   5061 | -6715,  5876 | Tu Padre :3                   
[NONE ][18:22:44]       4 | [BOT]           | ? |    16 |   3343 |  -150,  -374 | LucasV                        
[NONE ][18:22:44]       5 | [BOT]           | ? |     1 |   1402 |  5283, -2520 | Bro                           
[NONE ][18:22:44]     118 | 190.233.242.184 | 6 |     4 |   7669 |   148,  -674 | noob                          
[NONE ][18:22:44] >pl
[NONE ][18:22:44] 
Current players: 21
[NONE ][18:22:44] Do "playerlist m" or "pl m" to list minions

[NONE ][18:22:44]  ID     | IP              | P | CELLS | SCORE  |   POSITION   | NICK                           
[NONE ][18:22:44] ───────────────────────────────────────────────────────────────────────────────────────────────
[NONE ][18:22:44]       1 | [BOT]           | ? |     2 |    338 |  2479, -1937 | Reddit                        
[NONE ][18:22:44]       2 | [BOT]           | ? |    16 |  19839 |   268,   257 | Jill                          
[NONE ][18:22:44]       3 | [BOT]           | ? |     1 |   5061 | -6715,  5871 | Tu Padre :3                   
[NONE ][18:22:44]       4 | [BOT]           | ? |    16 |   3345 |  -152,  -372 | LucasV                        
[NONE ][18:22:44]       5 | [BOT]           | ? |     1 |   1402 |  5265, -2603 | Bro                           
[NONE ][18:22:44]     118 | 190.233.242.184 | 6 |     4 |   7497 |   167,  -667 | noob                          
[NONE ][18:22:50] CONNECTED 191.88.73.76:51272, origin: "http://zapphy.epizy.com"
[NONE ][18:26:41] DISCONNECTED 190.233.242.184:51221, code: 1001, reason: "", name: "  noob"
[NONE ][18:26:48] CONNECTED 190.233.242.184:51234, origin: "http://zapphy.epizy.com"
[NONE ][18:27:26] DISCONNECTED 191.88.73.76:51272, code: 1006, reason: "", name: "Zapphy"
[NONE ][18:27:28] CONNECTED 191.88.73.76:51307, origin: "http://zapphy.epizy.com"
[NONE ][18:27:54] DISCONNECTED 190.233.242.184:51234, code: 1001, reason: "", name: ""
[NONE ][18:27:57] CONNECTED 190.233.242.184:51251, origin: "http://zapphy.epizy.com"
[DEBUG][18:29:11] process.exit(1)
=== Shutdown 2018-02-21T18-29-11-784 ===
