=== Started 2018-02-19T21-11-11-339 ===
[INFO ][21:11:11] 0 bad words loaded
[WARN ][21:11:11] User account "Local Administrator" disabled
[WARN ][21:11:11] User account "Local Moderator" disabled
[WARN ][21:11:11] User account "Local User" disabled
[INFO ][21:11:11] 0 user records loaded.
[INFO ][21:11:11] 0 IP ban records loaded.
[INFO ][21:11:11] [1m[32mMultiOgar-Edited 1.6.1[37m - An open source multi-protocol ogar server[0m
[INFO ][21:11:11] WebSocket: ws
[INFO ][21:11:11] Started stats server on port 9090
[INFO ][21:11:11] Listening on port 8888
[INFO ][21:11:11] Current game mode is Free For All
[INFO ][21:11:11] Added 5 player bots
[NONE ][21:11:11]   __  __       _ _   _  ___                        _____    _ _ _           _    _   __    _ 
 |  \/  |_   _| | |_(_)/ _ \  __ _  __ _ _ __     | ____|__| (_) |_ ___  __| |  / | / /_  / |
 | |\/| | | | | | __| | | | |/ _` |/ _` | '__|____|  _| / _` | | __/ _ \/ _` |  | || '_ \ | |
 | |  | | |_| | | |_| | |_| | (_| | (_| | | |_____| |__| (_| | | ||  __/ (_| |  | || (_) || |
 |_|  |_|\__,_|_|\__|_|\___/ \__, |\__,_|_|       |_____\__,_|_|\__\___|\__,_|  |_(_)___(_)_|
                             |___/                                                           
[NONE ][21:11:12] CONNECTED 186.113.205.221:29166, origin: "http://zapphy.epizy.com"
[NONE ][21:11:13] CONNECTED 191.88.73.76:56237, origin: "http://zapphy.epizy.com"
[NONE ][21:11:48] DISCONNECTED 186.113.205.221:29166, code: 1006, reason: "undefined", name: ""
[NONE ][21:12:35] >st
[NONE ][21:12:35] Connected players: 21/128
[NONE ][21:12:35] Players: 1 - Bots: 20
[NONE ][21:12:35] Average score: 437.28
[NONE ][21:12:35] Server has been running for a total of1 minutes
[NONE ][21:12:35] Current memory usage: 13.4/28.4 mb
[NONE ][21:12:35] Current game mode: Free For All
[NONE ][21:12:35] Current update time: 1.945 [ms]  (perfectly smooth)
