=== Started 2018-01-03T15-14-08-008 ===
[INFO ][15:14:08] 419 bad words loaded
[WARN ][15:14:08] User account "Local Administrator" disabled
[WARN ][15:14:08] User account "Local Moderator" disabled
[WARN ][15:14:08] User account "Local User" disabled
[INFO ][15:14:08] 0 user records loaded.
[INFO ][15:14:08] 0 IP ban records loaded.
[INFO ][15:14:08] [1m[32mMultiOgar-Edited 1.6.1[37m - An open source multi-protocol ogar server[0m
[INFO ][15:14:08] WebSocket: ws
[INFO ][15:14:08] Started stats server on port 88
[INFO ][15:14:08] Listening on port 8888
[INFO ][15:14:08] Current game mode is Free For All
[INFO ][15:14:08] Added 3 player bots
[NONE ][15:14:08]   __  __       _ _   _  ___                        _____    _ _ _           _    _   __    _ 
 |  \/  |_   _| | |_(_)/ _ \  __ _  __ _ _ __     | ____|__| (_) |_ ___  __| |  / | / /_  / |
 | |\/| | | | | | __| | | | |/ _` |/ _` | '__|____|  _| / _` | | __/ _ \/ _` |  | || '_ \ | |
 | |  | | |_| | | |_| | |_| | (_| | (_| | | |_____| |__| (_| | | ||  __/ (_| |  | || (_) || |
 |_|  |_|\__,_|_|\__|_|\___/ \__, |\__,_|_|       |_____\__,_|_|\__\___|\__,_|  |_(_)___(_)_|
                             |___/                                                           
[NONE ][15:14:22] CONNECTED 127.0.0.1:52175, origin: "http://agar.io"
[DEBUG][15:15:08] process.exit(1)
=== Shutdown 2018-01-03T15-15-08-194 ===
