=== Started 2018-01-19T17-50-20-645 ===
[INFO ][17:50:20] 419 bad words loaded
[WARN ][17:50:20] User account "Local Administrator" disabled
[WARN ][17:50:20] User account "Local Moderator" disabled
[WARN ][17:50:20] User account "Local User" disabled
[INFO ][17:50:20] 0 user records loaded.
[INFO ][17:50:20] 0 IP ban records loaded.
[INFO ][17:50:20] [1m[32mMultiOgar-Edited 1.6.1[37m - An open source multi-protocol ogar server[0m
[INFO ][17:50:20] WebSocket: ws
[INFO ][17:50:20] Started stats server on port 9090
[INFO ][17:50:20] Listening on port 8888
[INFO ][17:50:20] Current game mode is Free For All
[NONE ][17:50:20]   __  __       _ _   _  ___                        _____    _ _ _           _    _   __    _ 
 |  \/  |_   _| | |_(_)/ _ \  __ _  __ _ _ __     | ____|__| (_) |_ ___  __| |  / | / /_  / |
 | |\/| | | | | | __| | | | |/ _` |/ _` | '__|____|  _| / _` | | __/ _ \/ _` |  | || '_ \ | |
 | |  | | |_| | | |_| | |_| | (_| | (_| | | |_____| |__| (_| | | ||  __/ (_| |  | || (_) || |
 |_|  |_|\__,_|_|\__|_|\___/ \__, |\__,_|_|       |_____\__,_|_|\__\___|\__,_|  |_(_)___(_)_|
                             |___/                                                           
[NONE ][17:50:22] CONNECTED 127.0.0.1:62882, origin: "http://zapphy.epizy.com"
[NONE ][17:50:29] >m 1 10000
[NONE ][17:50:29] Set mass of zÎ±ÏÏĞ½Î¹ÑÑ” to 10000.000
[NONE ][17:50:40] >m 1 10000
[NONE ][17:50:40] Set mass of zÎ±ÏÏĞ½Î¹ÑÑ” to 10000.000
[NONE ][17:51:00] >k 1
[NONE ][17:51:00] Killed zÎ±ÏÏĞ½Î¹ÑÑ” and removed 16 cells
[NONE ][17:51:48] >m 1 10000
[NONE ][17:51:48] Set mass of zÎ±ÏÏĞ½Î¹ÑÑ” to 10000.000
[NONE ][17:52:06] >m 1 14000
[NONE ][17:52:06] Set mass of zÎ±ÏÏĞ½Î¹ÑÑ” to 14000.000
