=== Started 2018-01-18T19-00-25-758 ===
[INFO ][19:00:25] 419 bad words loaded
[WARN ][19:00:25] User account "Local Administrator" disabled
[WARN ][19:00:25] User account "Local Moderator" disabled
[WARN ][19:00:25] User account "Local User" disabled
[INFO ][19:00:25] 0 user records loaded.
[INFO ][19:00:25] 0 IP ban records loaded.
[INFO ][19:00:25] [1m[32mMultiOgar-Edited 1.6.1[37m - An open source multi-protocol ogar server[0m
[INFO ][19:00:25] WebSocket: ws
[INFO ][19:00:25] Started stats server on port 9090
[INFO ][19:00:25] Listening on port 8888
[INFO ][19:00:25] Current game mode is Free For All
[NONE ][19:00:26]   __  __       _ _   _  ___                        _____    _ _ _           _    _   __    _ 
 |  \/  |_   _| | |_(_)/ _ \  __ _  __ _ _ __     | ____|__| (_) |_ ___  __| |  / | / /_  / |
 | |\/| | | | | | __| | | | |/ _` |/ _` | '__|____|  _| / _` | | __/ _ \/ _` |  | || '_ \ | |
 | |  | | |_| | | |_| | |_| | (_| | (_| | | |_____| |__| (_| | | ||  __/ (_| |  | || (_) || |
 |_|  |_|\__,_|_|\__|_|\___/ \__, |\__,_|_|       |_____\__,_|_|\__\___|\__,_|  |_(_)___(_)_|
                             |___/                                                           
[NONE ][19:00:26] CONNECTED 127.0.0.1:60140, origin: "http://localhost"
[NONE ][19:06:49] DISCONNECTED 127.0.0.1:60140, code: 1001, reason: "", name: ""
[NONE ][19:06:54] CONNECTED 127.0.0.1:60703, origin: "http://localhost"
[NONE ][19:09:22] DISCONNECTED 127.0.0.1:60703, code: 1006, reason: "", name: ""
[DEBUG][19:20:25] process.exit(1)
=== Shutdown 2018-01-18T19-20-25-980 ===
