=== Started 2018-01-19T17-57-57-462 ===
[INFO ][17:57:57] 419 bad words loaded
[WARN ][17:57:57] User account "Local Administrator" disabled
[WARN ][17:57:57] User account "Local Moderator" disabled
[WARN ][17:57:57] User account "Local User" disabled
[INFO ][17:57:57] 0 user records loaded.
[INFO ][17:57:57] 0 IP ban records loaded.
[INFO ][17:57:57] [1m[32mMultiOgar-Edited 1.6.1[37m - An open source multi-protocol ogar server[0m
[INFO ][17:57:57] WebSocket: ws
[INFO ][17:57:57] Started stats server on port 9090
[INFO ][17:57:57] Listening on port 8888
[INFO ][17:57:57] Current game mode is Free For All
[NONE ][17:57:57]   __  __       _ _   _  ___                        _____    _ _ _           _    _   __    _ 
 |  \/  |_   _| | |_(_)/ _ \  __ _  __ _ _ __     | ____|__| (_) |_ ___  __| |  / | / /_  / |
 | |\/| | | | | | __| | | | |/ _` |/ _` | '__|____|  _| / _` | | __/ _ \/ _` |  | || '_ \ | |
 | |  | | |_| | | |_| | |_| | (_| | (_| | | |_____| |__| (_| | | ||  __/ (_| |  | || (_) || |
 |_|  |_|\__,_|_|\__|_|\___/ \__, |\__,_|_|       |_____\__,_|_|\__\___|\__,_|  |_(_)___(_)_|
                             |___/                                                           
[NONE ][17:58:00] CONNECTED 127.0.0.1:62927, origin: "http://zapphy.epizy.com"
[NONE ][17:58:27] >	reload
[WARN ][17:58:27] Invalid Command!
