=== Started 2018-02-22T18-05-23-959 ===
[INFO ][18:05:23] 0 bad words loaded
[WARN ][18:05:23] User account "Local Moderator" disabled
[WARN ][18:05:23] User account "Local User" disabled
[INFO ][18:05:24] 1 user records loaded.
[INFO ][18:05:24] 1 IP ban records loaded.
[INFO ][18:05:24] [1m[32mMultiOgar-Edited 1.6.1[37m - An open source multi-protocol ogar server[0m
[INFO ][18:05:24] WebSocket: ws
[INFO ][18:05:24] Started stats server on port 88
[INFO ][18:05:24] Listening on port 25565
[INFO ][18:05:24] Current game mode is Free For All
[INFO ][18:05:24] Added 5 player bots
[NONE ][18:05:24]   __  __       _ _   _  ___                        _____    _ _ _           _    _   __    _ 
 |  \/  |_   _| | |_(_)/ _ \  __ _  __ _ _ __     | ____|__| (_) |_ ___  __| |  / | / /_  / |
 | |\/| | | | | | __| | | | |/ _` |/ _` | '__|____|  _| / _` | | __/ _ \/ _` |  | || '_ \ | |
 | |  | | |_| | | |_| | |_| | (_| | (_| | | |_____| |__| (_| | | ||  __/ (_| |  | || (_) || |
 |_|  |_|\__,_|_|\__|_|\___/ \__, |\__,_|_|       |_____\__,_|_|\__\___|\__,_|  |_(_)___(_)_|
                             |___/                                                           
[NONE ][18:05:28] CONNECTED 191.88.73.76:49327, origin: "http://zapphy.epizy.com"
[NONE ][18:05:31] >pl
[NONE ][18:05:31] 
Current players: 21
[NONE ][18:05:31] Do "playerlist m" or "pl m" to list minions

[NONE ][18:05:31]  ID     | IP              | P | CELLS | SCORE  |   POSITION   | NICK                           
[NONE ][18:05:31] â”€â”€â”€â”€â”€â”€â”€â”€â”€â”€â”€â”€â”€â”€â”€â”€â”€â”€â”€â”€â”€â”€â”€â”€â”€â”€â”€â”€â”€â”€â”€â”€â”€â”€â”€â”€â”€â”€â”€â”€â”€â”€â”€â”€â”€â”€â”€â”€â”€â”€â”€â”€â”€â”€â”€â”€â”€â”€â”€â”€â”€â”€â”€â”€â”€â”€â”€â”€â”€â”€â”€â”€â”€â”€â”€â”€â”€â”€â”€â”€â”€â”€â”€â”€â”€â”€â”€â”€â”€â”€â”€â”€â”€â”€â”€
[NONE ][18:05:31]       1 | [BOT]           | ? |     1 |   2467 | -5236,   816 | â©ð“©â„¯â„¯Æ¬Î±Î±â‡€è¯¶â™ä¹…ã‚ã‚º                
[NONE ][18:05:31]       2 | [BOT]           | ? |     1 |   2482 |  -346, -1436 | â¤â–ºÅœÎ”ÅžÒœâ‚¬â—„ï€€â™›                    
[NONE ][18:05:31]       3 | [BOT]           | ? |     2 |   2518 |  -684,    22 | SorryUrDead                   
[NONE ][18:05:31]       4 | [BOT]           | ? |     1 |   2489 | -5230,  5699 | â—¥â˜…â—¤ ðŸŽ…ÅžÅ¦Å˜Î”Â¥Òœâ‚¬Å˜                
[NONE ][18:05:31]       5 | [BOT]           | ? |     1 |   2470 | -5244, -2605 | KKK>swey                      
[NONE ][18:05:31]       6 | 191.88.73.76    | 6 |     1 |   2485 | -3285,  -253 | Zapphire                      
[NONE ][18:05:33] >m 6 1000
[NONE ][18:05:33] Set mass of Zapphire to 1000.000
[NONE ][18:05:35] >m 6 10000
[NONE ][18:05:35] Set mass of Zapphire to 10000.000
[NONE ][18:05:50] >m 6 18000
[NONE ][18:05:50] Set mass of Zapphire to 18000.000
[NONE ][18:06:40] >m 6 18000
[NONE ][18:06:40] Set mass of Zapphire to 18000.000
[NONE ][18:06:54] >exit
[WARN ][18:06:54] Closing server...
[DEBUG][18:06:54] process.exit(1)
=== Shutdown 2018-02-22T18-06-54-219 ===
