=== Started 2018-01-03T15-16-10-504 ===
[INFO ][15:16:10] 419 bad words loaded
[WARN ][15:16:10] User account "Local Administrator" disabled
[WARN ][15:16:10] User account "Local Moderator" disabled
[WARN ][15:16:10] User account "Local User" disabled
[INFO ][15:16:10] 0 user records loaded.
[INFO ][15:16:10] 0 IP ban records loaded.
[INFO ][15:16:10] [1m[32mMultiOgar-Edited 1.6.1[37m - An open source multi-protocol ogar server[0m
[INFO ][15:16:10] WebSocket: ws
[INFO ][15:16:10] Started stats server on port 88
[INFO ][15:16:10] Listening on port 8888
[INFO ][15:16:10] Current game mode is Free For All
[INFO ][15:16:10] Added 3 player bots
[NONE ][15:16:10]   __  __       _ _   _  ___                        _____    _ _ _           _    _   __    _ 
 |  \/  |_   _| | |_(_)/ _ \  __ _  __ _ _ __     | ____|__| (_) |_ ___  __| |  / | / /_  / |
 | |\/| | | | | | __| | | | |/ _` |/ _` | '__|____|  _| / _` | | __/ _ \/ _` |  | || '_ \ | |
 | |  | | |_| | | |_| | |_| | (_| | (_| | | |_____| |__| (_| | | ||  __/ (_| |  | || (_) || |
 |_|  |_|\__,_|_|\__|_|\___/ \__, |\__,_|_|       |_____\__,_|_|\__\___|\__,_|  |_(_)___(_)_|
                             |___/                                                           
[NONE ][15:16:15] CONNECTED 127.0.0.1:52213, origin: "http://agar.io"
