=== Started 2018-02-21T21-32-22-079 ===
[INFO ][21:32:22] 0 bad words loaded
[WARN ][21:32:22] User account "Local Moderator" disabled
[WARN ][21:32:22] User account "Local User" disabled
[INFO ][21:32:22] 1 user records loaded.
[INFO ][21:32:22] 1 IP ban records loaded.
[INFO ][21:32:22] [1m[32mMultiOgar-Edited 1.6.1[37m - An open source multi-protocol ogar server[0m
[INFO ][21:32:22] WebSocket: ws
[INFO ][21:32:22] Started stats server on port 88
[INFO ][21:32:22] Listening on port 25565
[INFO ][21:32:22] Current game mode is Free For All
[INFO ][21:32:22] Added 5 player bots
[NONE ][21:32:22]   __  __       _ _   _  ___                        _____    _ _ _           _    _   __    _ 
 |  \/  |_   _| | |_(_)/ _ \  __ _  __ _ _ __     | ____|__| (_) |_ ___  __| |  / | / /_  / |
 | |\/| | | | | | __| | | | |/ _` |/ _` | '__|____|  _| / _` | | __/ _ \/ _` |  | || '_ \ | |
 | |  | | |_| | | |_| | |_| | (_| | (_| | | |_____| |__| (_| | | ||  __/ (_| |  | || (_) || |
 |_|  |_|\__,_|_|\__|_|\___/ \__, |\__,_|_|       |_____\__,_|_|\__\___|\__,_|  |_(_)___(_)_|
                             |___/                                                           
[NONE ][21:32:33] CONNECTED 181.54.232.4:51922, origin: "http://zapphy.epizy.com"
[NONE ][21:33:26] >pl
[NONE ][21:33:26] 
Current players: 21
[NONE ][21:33:26] Do "playerlist m" or "pl m" to list minions

[NONE ][21:33:26]  ID     | IP              | P | CELLS | SCORE  |   POSITION   | NICK                           
[NONE ][21:33:26] â”€â”€â”€â”€â”€â”€â”€â”€â”€â”€â”€â”€â”€â”€â”€â”€â”€â”€â”€â”€â”€â”€â”€â”€â”€â”€â”€â”€â”€â”€â”€â”€â”€â”€â”€â”€â”€â”€â”€â”€â”€â”€â”€â”€â”€â”€â”€â”€â”€â”€â”€â”€â”€â”€â”€â”€â”€â”€â”€â”€â”€â”€â”€â”€â”€â”€â”€â”€â”€â”€â”€â”€â”€â”€â”€â”€â”€â”€â”€â”€â”€â”€â”€â”€â”€â”€â”€â”€â”€â”€â”€â”€â”€â”€â”€
[NONE ][21:33:26]       1 | [BOT]           | ? |    14 |   5268 |    94,   335 | cw KKK fag                    
[NONE ][21:33:26]       2 | [BOT]           | ? |     2 |     67 |  -440,  3239 | TrickzYTðŸ‘Š                    
[NONE ][21:33:26]       3 | [BOT]           | ? |    10 |   2657 |   224,  -216 | 0 _ 0                         
[NONE ][21:33:26]       4 | [BOT]           | ? |     7 |    252 |   100,   990 | sara fan                      
[NONE ][21:33:26]       5 | [BOT]           | ? |    16 |   2540 |  -177,   436 | è—Å È¶à¼»HÐ„Æ›ÆŠHÆ²ÆÆ¬Ð„Æ¦È¤               
[NONE ][21:33:26]       6 | 181.54.232.4    | 6 |    16 |   4658 |   260,   292 | nepe 7u7                      
[NONE ][21:33:27] >pl
[NONE ][21:33:27] 
Current players: 21
[NONE ][21:33:27] Do "playerlist m" or "pl m" to list minions

[NONE ][21:33:27]  ID     | IP              | P | CELLS | SCORE  |   POSITION   | NICK                           
[NONE ][21:33:27] â”€â”€â”€â”€â”€â”€â”€â”€â”€â”€â”€â”€â”€â”€â”€â”€â”€â”€â”€â”€â”€â”€â”€â”€â”€â”€â”€â”€â”€â”€â”€â”€â”€â”€â”€â”€â”€â”€â”€â”€â”€â”€â”€â”€â”€â”€â”€â”€â”€â”€â”€â”€â”€â”€â”€â”€â”€â”€â”€â”€â”€â”€â”€â”€â”€â”€â”€â”€â”€â”€â”€â”€â”€â”€â”€â”€â”€â”€â”€â”€â”€â”€â”€â”€â”€â”€â”€â”€â”€â”€â”€â”€â”€â”€â”€
[NONE ][21:33:27]       1 | [BOT]           | ? |    13 |   5281 |   110,   357 | cw KKK fag                    
[NONE ][21:33:27]       2 | [BOT]           | ? |     2 |     67 |  -512,  3189 | TrickzYTðŸ‘Š                    
[NONE ][21:33:27]       3 | [BOT]           | ? |    10 |   2657 |   214,  -207 | 0 _ 0                         
[NONE ][21:33:27]       4 | [BOT]           | ? |     7 |    254 |    74,   984 | sara fan                      
[NONE ][21:33:27]       5 | [BOT]           | ? |    16 |   2543 |  -170,   436 | è—Å È¶à¼»HÐ„Æ›ÆŠHÆ²ÆÆ¬Ð„Æ¦È¤               
[NONE ][21:33:27]       6 | 181.54.232.4    | 6 |     9 |   4043 |   452,   517 | nepe 7u7                      
[NONE ][21:33:27] >pl
[NONE ][21:33:27] 
Current players: 21
[NONE ][21:33:27] Do "playerlist m" or "pl m" to list minions

[NONE ][21:33:27]  ID     | IP              | P | CELLS | SCORE  |   POSITION   | NICK                           
[NONE ][21:33:27] â”€â”€â”€â”€â”€â”€â”€â”€â”€â”€â”€â”€â”€â”€â”€â”€â”€â”€â”€â”€â”€â”€â”€â”€â”€â”€â”€â”€â”€â”€â”€â”€â”€â”€â”€â”€â”€â”€â”€â”€â”€â”€â”€â”€â”€â”€â”€â”€â”€â”€â”€â”€â”€â”€â”€â”€â”€â”€â”€â”€â”€â”€â”€â”€â”€â”€â”€â”€â”€â”€â”€â”€â”€â”€â”€â”€â”€â”€â”€â”€â”€â”€â”€â”€â”€â”€â”€â”€â”€â”€â”€â”€â”€â”€â”€
[NONE ][21:33:27]       1 | [BOT]           | ? |    13 |   5275 |   117,   354 | cw KKK fag                    
[NONE ][21:33:27]       2 | [BOT]           | ? |     2 |     67 |  -599,  3231 | TrickzYTðŸ‘Š                    
[NONE ][21:33:27]       3 | [BOT]           | ? |     9 |   2652 |   228,  -221 | 0 _ 0                         
[NONE ][21:33:27]       4 | [BOT]           | ? |     7 |    254 |    53,   977 | sara fan                      
[NONE ][21:33:27]       5 | [BOT]           | ? |    16 |   2538 |  -164,   436 | è—Å È¶à¼»HÐ„Æ›ÆŠHÆ²ÆÆ¬Ð„Æ¦È¤               
[NONE ][21:33:27]       6 | 181.54.232.4    | 6 |     8 |   3770 |   498,   580 | nepe 7u7                      
[NONE ][21:33:28] >pl
[NONE ][21:33:28] 
Current players: 21
[NONE ][21:33:28] Do "playerlist m" or "pl m" to list minions

[NONE ][21:33:28]  ID     | IP              | P | CELLS | SCORE  |   POSITION   | NICK                           
[NONE ][21:33:28] â”€â”€â”€â”€â”€â”€â”€â”€â”€â”€â”€â”€â”€â”€â”€â”€â”€â”€â”€â”€â”€â”€â”€â”€â”€â”€â”€â”€â”€â”€â”€â”€â”€â”€â”€â”€â”€â”€â”€â”€â”€â”€â”€â”€â”€â”€â”€â”€â”€â”€â”€â”€â”€â”€â”€â”€â”€â”€â”€â”€â”€â”€â”€â”€â”€â”€â”€â”€â”€â”€â”€â”€â”€â”€â”€â”€â”€â”€â”€â”€â”€â”€â”€â”€â”€â”€â”€â”€â”€â”€â”€â”€â”€â”€â”€
[NONE ][21:33:28]       1 | [BOT]           | ? |    13 |   5278 |   124,   352 | cw KKK fag                    
[NONE ][21:33:28]       2 | [BOT]           | ? |     2 |     67 |  -607,  3281 | TrickzYTðŸ‘Š                    
[NONE ][21:33:28]       3 | [BOT]           | ? |     9 |   2652 |   222,  -219 | 0 _ 0                         
[NONE ][21:33:28]       4 | [BOT]           | ? |     7 |    256 |    32,   973 | sara fan                      
[NONE ][21:33:28]       5 | [BOT]           | ? |    16 |   2538 |  -157,   435 | è—Å È¶à¼»HÐ„Æ›ÆŠHÆ²ÆÆ¬Ð„Æ¦È¤               
[NONE ][21:33:28]       6 | 181.54.232.4    | 6 |    16 |   3818 |   244,   289 | nepe 7u7                      
[NONE ][21:33:28] >pl
[NONE ][21:33:28] 
Current players: 21
[NONE ][21:33:28] Do "playerlist m" or "pl m" to list minions

[NONE ][21:33:28]  ID     | IP              | P | CELLS | SCORE  |   POSITION   | NICK                           
[NONE ][21:33:28] â”€â”€â”€â”€â”€â”€â”€â”€â”€â”€â”€â”€â”€â”€â”€â”€â”€â”€â”€â”€â”€â”€â”€â”€â”€â”€â”€â”€â”€â”€â”€â”€â”€â”€â”€â”€â”€â”€â”€â”€â”€â”€â”€â”€â”€â”€â”€â”€â”€â”€â”€â”€â”€â”€â”€â”€â”€â”€â”€â”€â”€â”€â”€â”€â”€â”€â”€â”€â”€â”€â”€â”€â”€â”€â”€â”€â”€â”€â”€â”€â”€â”€â”€â”€â”€â”€â”€â”€â”€â”€â”€â”€â”€â”€â”€
[NONE ][21:33:28]       1 | [BOT]           | ? |    13 |   5291 |   132,   350 | cw KKK fag                    
[NONE ][21:33:28]       2 | [BOT]           | ? |     2 |     67 |  -549,  3327 | TrickzYTðŸ‘Š                    
[NONE ][21:33:28]       3 | [BOT]           | ? |     8 |   2647 |   244,  -255 | 0 _ 0                         
[NONE ][21:33:28]       4 | [BOT]           | ? |     7 |    255 |     6,   969 | sara fan                      
[NONE ][21:33:28]       5 | [BOT]           | ? |    15 |   2534 |  -142,   439 | è—Å È¶à¼»HÐ„Æ›ÆŠHÆ²ÆÆ¬Ð„Æ¦È¤               
[NONE ][21:33:28]       6 | 181.54.232.4    | 6 |    16 |   4021 |   237,   288 | nepe 7u7                      
[NONE ][21:33:29] >pl
[NONE ][21:33:29] 
Current players: 21
[NONE ][21:33:29] Do "playerlist m" or "pl m" to list minions

[NONE ][21:33:29]  ID     | IP              | P | CELLS | SCORE  |   POSITION   | NICK                           
[NONE ][21:33:29] â”€â”€â”€â”€â”€â”€â”€â”€â”€â”€â”€â”€â”€â”€â”€â”€â”€â”€â”€â”€â”€â”€â”€â”€â”€â”€â”€â”€â”€â”€â”€â”€â”€â”€â”€â”€â”€â”€â”€â”€â”€â”€â”€â”€â”€â”€â”€â”€â”€â”€â”€â”€â”€â”€â”€â”€â”€â”€â”€â”€â”€â”€â”€â”€â”€â”€â”€â”€â”€â”€â”€â”€â”€â”€â”€â”€â”€â”€â”€â”€â”€â”€â”€â”€â”€â”€â”€â”€â”€â”€â”€â”€â”€â”€â”€
[NONE ][21:33:29]       1 | [BOT]           | ? |    13 |   5291 |   139,   348 | cw KKK fag                    
[NONE ][21:33:29]       2 | [BOT]           | ? |     2 |     67 |  -470,  3357 | TrickzYTðŸ‘Š                    
[NONE ][21:33:29]       3 | [BOT]           | ? |     8 |   2642 |   239,  -265 | 0 _ 0                         
[NONE ][21:33:29]       4 | [BOT]           | ? |    10 |    255 |     5,   692 | sara fan                      
[NONE ][21:33:29]       5 | [BOT]           | ? |    15 |   2538 |  -134,   438 | è—Å È¶à¼»HÐ„Æ›ÆŠHÆ²ÆÆ¬Ð„Æ¦È¤               
[NONE ][21:33:29]       6 | 181.54.232.4    | 6 |    16 |   4112 |   231,   288 | nepe 7u7                      
[NONE ][21:33:29] >pl
[NONE ][21:33:29] 
Current players: 21
[NONE ][21:33:29] Do "playerlist m" or "pl m" to list minions

[NONE ][21:33:29]  ID     | IP              | P | CELLS | SCORE  |   POSITION   | NICK                           
[NONE ][21:33:29] â”€â”€â”€â”€â”€â”€â”€â”€â”€â”€â”€â”€â”€â”€â”€â”€â”€â”€â”€â”€â”€â”€â”€â”€â”€â”€â”€â”€â”€â”€â”€â”€â”€â”€â”€â”€â”€â”€â”€â”€â”€â”€â”€â”€â”€â”€â”€â”€â”€â”€â”€â”€â”€â”€â”€â”€â”€â”€â”€â”€â”€â”€â”€â”€â”€â”€â”€â”€â”€â”€â”€â”€â”€â”€â”€â”€â”€â”€â”€â”€â”€â”€â”€â”€â”€â”€â”€â”€â”€â”€â”€â”€â”€â”€â”€
[NONE ][21:33:29]       1 | [BOT]           | ? |    13 |   5291 |   147,   348 | cw KKK fag                    
[NONE ][21:33:29]       2 | [BOT]           | ? |     3 |     67 |   -93,  2221 | TrickzYTðŸ‘Š                    
[NONE ][21:33:29]       3 | [BOT]           | ? |     8 |   2645 |   232,  -277 | 0 _ 0                         
[NONE ][21:33:29]       4 | [BOT]           | ? |    10 |    255 |     7,   698 | sara fan                      
[NONE ][21:33:29]       5 | [BOT]           | ? |    15 |   2544 |  -126,   437 | è—Å È¶à¼»HÐ„Æ›ÆŠHÆ²ÆÆ¬Ð„Æ¦È¤               
[NONE ][21:33:29]       6 | 181.54.232.4    | 6 |    16 |   4112 |   225,   287 | nepe 7u7                      
[NONE ][21:33:30] >pl
[NONE ][21:33:30] 
Current players: 21
[NONE ][21:33:30] Do "playerlist m" or "pl m" to list minions

[NONE ][21:33:30]  ID     | IP              | P | CELLS | SCORE  |   POSITION   | NICK                           
[NONE ][21:33:30] â”€â”€â”€â”€â”€â”€â”€â”€â”€â”€â”€â”€â”€â”€â”€â”€â”€â”€â”€â”€â”€â”€â”€â”€â”€â”€â”€â”€â”€â”€â”€â”€â”€â”€â”€â”€â”€â”€â”€â”€â”€â”€â”€â”€â”€â”€â”€â”€â”€â”€â”€â”€â”€â”€â”€â”€â”€â”€â”€â”€â”€â”€â”€â”€â”€â”€â”€â”€â”€â”€â”€â”€â”€â”€â”€â”€â”€â”€â”€â”€â”€â”€â”€â”€â”€â”€â”€â”€â”€â”€â”€â”€â”€â”€â”€
[NONE ][21:33:30]       1 | [BOT]           | ? |    13 |   5437 |   155,   349 | cw KKK fag                    
[NONE ][21:33:30]       2 | [BOT]           | ? |     3 |     67 |   -59,  2155 | TrickzYTðŸ‘Š                    
[NONE ][21:33:30]       3 | [BOT]           | ? |     6 |   2642 |   300,  -384 | 0 _ 0                         
[NONE ][21:33:30]       4 | [BOT]           | ? |    10 |    254 |    20,   691 | sara fan                      
[NONE ][21:33:30]       5 | [BOT]           | ? |    15 |   2542 |  -118,   436 | è—Å È¶à¼»HÐ„Æ›ÆŠHÆ²ÆÆ¬Ð„Æ¦È¤               
[NONE ][21:33:30]       6 | 181.54.232.4    | 6 |    14 |   3948 |   249,   327 | nepe 7u7                      
[NONE ][21:33:30] >pl
[NONE ][21:33:30] 
Current players: 21
[NONE ][21:33:30] Do "playerlist m" or "pl m" to list minions

[NONE ][21:33:30]  ID     | IP              | P | CELLS | SCORE  |   POSITION   | NICK                           
[NONE ][21:33:30] â”€â”€â”€â”€â”€â”€â”€â”€â”€â”€â”€â”€â”€â”€â”€â”€â”€â”€â”€â”€â”€â”€â”€â”€â”€â”€â”€â”€â”€â”€â”€â”€â”€â”€â”€â”€â”€â”€â”€â”€â”€â”€â”€â”€â”€â”€â”€â”€â”€â”€â”€â”€â”€â”€â”€â”€â”€â”€â”€â”€â”€â”€â”€â”€â”€â”€â”€â”€â”€â”€â”€â”€â”€â”€â”€â”€â”€â”€â”€â”€â”€â”€â”€â”€â”€â”€â”€â”€â”€â”€â”€â”€â”€â”€â”€
[NONE ][21:33:30]       1 | [BOT]           | ? |    13 |   5586 |   160,   349 | cw KKK fag                    
[NONE ][21:33:30]       2 | [BOT]           | ? |     3 |     67 |   -29,  2090 | TrickzYTðŸ‘Š                    
[NONE ][21:33:30]       3 | [BOT]           | ? |     6 |   2645 |   288,  -396 | 0 _ 0                         
[NONE ][21:33:30]       4 | [BOT]           | ? |    10 |    254 |    36,   689 | sara fan                      
[NONE ][21:33:30]       5 | [BOT]           | ? |    15 |   2542 |  -110,   435 | è—Å È¶à¼»HÐ„Æ›ÆŠHÆ²ÆÆ¬Ð„Æ¦È¤               
[NONE ][21:33:30]       6 | 181.54.232.4    | 6 |    12 |   3888 |   284,   386 | nepe 7u7                      
[NONE ][21:33:31] >
[NONE ][21:35:22] >pl
[NONE ][21:35:22] 
Current players: 21
[NONE ][21:35:22] Do "playerlist m" or "pl m" to list minions

[NONE ][21:35:22]  ID     | IP              | P | CELLS | SCORE  |   POSITION   | NICK                           
[NONE ][21:35:22] â”€â”€â”€â”€â”€â”€â”€â”€â”€â”€â”€â”€â”€â”€â”€â”€â”€â”€â”€â”€â”€â”€â”€â”€â”€â”€â”€â”€â”€â”€â”€â”€â”€â”€â”€â”€â”€â”€â”€â”€â”€â”€â”€â”€â”€â”€â”€â”€â”€â”€â”€â”€â”€â”€â”€â”€â”€â”€â”€â”€â”€â”€â”€â”€â”€â”€â”€â”€â”€â”€â”€â”€â”€â”€â”€â”€â”€â”€â”€â”€â”€â”€â”€â”€â”€â”€â”€â”€â”€â”€â”€â”€â”€â”€â”€
[NONE ][21:35:22]       1 | [BOT]           | ? |    15 |   2593 |  -265,  -387 | cw KKK fag                    
[NONE ][21:35:22]       2 | [BOT]           | ? |     1 |    127 |  5925,  2265 | TrickzYTðŸ‘Š                    
[NONE ][21:35:22]       3 | [BOT]           | ? |     1 |   2838 | -3516, -4473 | 0 _ 0                         
[NONE ][21:35:22]       4 | [BOT]           | ? |     1 |   2484 |  5201, -3386 | sara fan                      
[NONE ][21:35:22]       5 | [BOT]           | ? |    16 |   2070 |  -364,   282 | è—Å È¶à¼»HÐ„Æ›ÆŠHÆ²ÆÆ¬Ð„Æ¦È¤               
[NONE ][21:35:22]       6 | 181.54.232.4    | 6 |     1 |   2497 |  -499,  4793 | nepe 7u7                      
[NONE ][21:35:23] >pl
[NONE ][21:35:23] 
Current players: 21
[NONE ][21:35:23] Do "playerlist m" or "pl m" to list minions

[NONE ][21:35:23]  ID     | IP              | P | CELLS | SCORE  |   POSITION   | NICK                           
[NONE ][21:35:23] â”€â”€â”€â”€â”€â”€â”€â”€â”€â”€â”€â”€â”€â”€â”€â”€â”€â”€â”€â”€â”€â”€â”€â”€â”€â”€â”€â”€â”€â”€â”€â”€â”€â”€â”€â”€â”€â”€â”€â”€â”€â”€â”€â”€â”€â”€â”€â”€â”€â”€â”€â”€â”€â”€â”€â”€â”€â”€â”€â”€â”€â”€â”€â”€â”€â”€â”€â”€â”€â”€â”€â”€â”€â”€â”€â”€â”€â”€â”€â”€â”€â”€â”€â”€â”€â”€â”€â”€â”€â”€â”€â”€â”€â”€â”€
[NONE ][21:35:23]       1 | [BOT]           | ? |    15 |   2588 |  -262,  -392 | cw KKK fag                    
[NONE ][21:35:23]       2 | [BOT]           | ? |     1 |    126 |  5944,  2306 | TrickzYTðŸ‘Š                    
[NONE ][21:35:23]       3 | [BOT]           | ? |     1 |   2832 | -3544, -4540 | 0 _ 0                         
[NONE ][21:35:23]       4 | [BOT]           | ? |     1 |   2479 |  5251, -3443 | sara fan                      
[NONE ][21:35:23]       5 | [BOT]           | ? |    16 |   2068 |  -360,   279 | è—Å È¶à¼»HÐ„Æ›ÆŠHÆ²ÆÆ¬Ð„Æ¦È¤               
[NONE ][21:35:23]       6 | 181.54.232.4    | 6 |     1 |   2492 |  -438,  4835 | nepe 7u7                      
[NONE ][21:35:23] >pl
[NONE ][21:35:23] 
Current players: 21
[NONE ][21:35:23] Do "playerlist m" or "pl m" to list minions

[NONE ][21:35:23]  ID     | IP              | P | CELLS | SCORE  |   POSITION   | NICK                           
[NONE ][21:35:23] â”€â”€â”€â”€â”€â”€â”€â”€â”€â”€â”€â”€â”€â”€â”€â”€â”€â”€â”€â”€â”€â”€â”€â”€â”€â”€â”€â”€â”€â”€â”€â”€â”€â”€â”€â”€â”€â”€â”€â”€â”€â”€â”€â”€â”€â”€â”€â”€â”€â”€â”€â”€â”€â”€â”€â”€â”€â”€â”€â”€â”€â”€â”€â”€â”€â”€â”€â”€â”€â”€â”€â”€â”€â”€â”€â”€â”€â”€â”€â”€â”€â”€â”€â”€â”€â”€â”€â”€â”€â”€â”€â”€â”€â”€â”€
[NONE ][21:35:23]       1 | [BOT]           | ? |    15 |   2589 |  -261,  -396 | cw KKK fag                    
[NONE ][21:35:23]       2 | [BOT]           | ? |     1 |    126 |  5957,  2347 | TrickzYTðŸ‘Š                    
[NONE ][21:35:23]       3 | [BOT]           | ? |     1 |   2832 | -3563, -4593 | 0 _ 0                         
[NONE ][21:35:23]       4 | [BOT]           | ? |     1 |   2479 |  5291, -3486 | sara fan                      
[NONE ][21:35:23]       5 | [BOT]           | ? |    16 |   2068 |  -357,   276 | è—Å È¶à¼»HÐ„Æ›ÆŠHÆ²ÆÆ¬Ð„Æ¦È¤               
[NONE ][21:35:23]       6 | 181.54.232.4    | 6 |     1 |   2492 |  -388,  4865 | nepe 7u7                      
[NONE ][21:35:24] >pl
[NONE ][21:35:24] 
Current players: 21
[NONE ][21:35:24] Do "playerlist m" or "pl m" to list minions

[NONE ][21:35:24]  ID     | IP              | P | CELLS | SCORE  |   POSITION   | NICK                           
[NONE ][21:35:24] â”€â”€â”€â”€â”€â”€â”€â”€â”€â”€â”€â”€â”€â”€â”€â”€â”€â”€â”€â”€â”€â”€â”€â”€â”€â”€â”€â”€â”€â”€â”€â”€â”€â”€â”€â”€â”€â”€â”€â”€â”€â”€â”€â”€â”€â”€â”€â”€â”€â”€â”€â”€â”€â”€â”€â”€â”€â”€â”€â”€â”€â”€â”€â”€â”€â”€â”€â”€â”€â”€â”€â”€â”€â”€â”€â”€â”€â”€â”€â”€â”€â”€â”€â”€â”€â”€â”€â”€â”€â”€â”€â”€â”€â”€â”€
[NONE ][21:35:24]       1 | [BOT]           | ? |    15 |   2602 |  -259,  -402 | cw KKK fag                    
[NONE ][21:35:24]       2 | [BOT]           | ? |     1 |    126 |  5976,  2410 | TrickzYTðŸ‘Š                    
[NONE ][21:35:24]       3 | [BOT]           | ? |     1 |   2832 | -3582, -4651 | 0 _ 0                         
[NONE ][21:35:24]       4 | [BOT]           | ? |     1 |   2479 |  5337, -3530 | sara fan                      
[NONE ][21:35:24]       5 | [BOT]           | ? |    16 |   2068 |  -354,   273 | è—Å È¶à¼»HÐ„Æ›ÆŠHÆ²ÆÆ¬Ð„Æ¦È¤               
[NONE ][21:35:24]       6 | 181.54.232.4    | 6 |     1 |   2492 |  -334,  4897 | nepe 7u7                      
[NONE ][21:35:24] >pl
[NONE ][21:35:24] 
Current players: 21
[NONE ][21:35:24] Do "playerlist m" or "pl m" to list minions

[NONE ][21:35:24]  ID     | IP              | P | CELLS | SCORE  |   POSITION   | NICK                           
[NONE ][21:35:24] â”€â”€â”€â”€â”€â”€â”€â”€â”€â”€â”€â”€â”€â”€â”€â”€â”€â”€â”€â”€â”€â”€â”€â”€â”€â”€â”€â”€â”€â”€â”€â”€â”€â”€â”€â”€â”€â”€â”€â”€â”€â”€â”€â”€â”€â”€â”€â”€â”€â”€â”€â”€â”€â”€â”€â”€â”€â”€â”€â”€â”€â”€â”€â”€â”€â”€â”€â”€â”€â”€â”€â”€â”€â”€â”€â”€â”€â”€â”€â”€â”€â”€â”€â”€â”€â”€â”€â”€â”€â”€â”€â”€â”€â”€â”€
[NONE ][21:35:24]       1 | [BOT]           | ? |    15 |   2599 |  -259,  -405 | cw KKK fag                    
[NONE ][21:35:24]       2 | [BOT]           | ? |     1 |    126 |  5988,  2442 | TrickzYTðŸ‘Š                    
[NONE ][21:35:24]       3 | [BOT]           | ? |     1 |   2829 | -3591, -4683 | 0 _ 0                         
[NONE ][21:35:24]       4 | [BOT]           | ? |     1 |   2474 |  5364, -3552 | sara fan                      
[NONE ][21:35:24]       5 | [BOT]           | ? |    16 |   2067 |  -352,   272 | è—Å È¶à¼»HÐ„Æ›ÆŠHÆ²ÆÆ¬Ð„Æ¦È¤               
[NONE ][21:35:24]       6 | 181.54.232.4    | 6 |     1 |   2487 |  -304,  4914 | nepe 7u7                      
[NONE ][21:35:24] >pl
[NONE ][21:35:24] 
Current players: 21
[NONE ][21:35:24] Do "playerlist m" or "pl m" to list minions

[NONE ][21:35:24]  ID     | IP              | P | CELLS | SCORE  |   POSITION   | NICK                           
[NONE ][21:35:24] â”€â”€â”€â”€â”€â”€â”€â”€â”€â”€â”€â”€â”€â”€â”€â”€â”€â”€â”€â”€â”€â”€â”€â”€â”€â”€â”€â”€â”€â”€â”€â”€â”€â”€â”€â”€â”€â”€â”€â”€â”€â”€â”€â”€â”€â”€â”€â”€â”€â”€â”€â”€â”€â”€â”€â”€â”€â”€â”€â”€â”€â”€â”€â”€â”€â”€â”€â”€â”€â”€â”€â”€â”€â”€â”€â”€â”€â”€â”€â”€â”€â”€â”€â”€â”€â”€â”€â”€â”€â”€â”€â”€â”€â”€â”€
[NONE ][21:35:24]       1 | [BOT]           | ? |    15 |   2599 |  -259,  -408 | cw KKK fag                    
[NONE ][21:35:24]       2 | [BOT]           | ? |     1 |    126 |  6005,  2477 | TrickzYTðŸ‘Š                    
[NONE ][21:35:24]       3 | [BOT]           | ? |     1 |   2829 | -3601, -4721 | 0 _ 0                         
[NONE ][21:35:24]       4 | [BOT]           | ? |     1 |   2474 |  5396, -3576 | sara fan                      
[NONE ][21:35:24]       5 | [BOT]           | ? |    16 |   2067 |  -350,   270 | è—Å È¶à¼»HÐ„Æ›ÆŠHÆ²ÆÆ¬Ð„Æ¦È¤               
[NONE ][21:35:24]       6 | 181.54.232.4    | 6 |     1 |   2487 |  -269,  4935 | nepe 7u7                      
[NONE ][21:35:24] >pl
[NONE ][21:35:24] 
Current players: 21
[NONE ][21:35:24] Do "playerlist m" or "pl m" to list minions

[NONE ][21:35:24]  ID     | IP              | P | CELLS | SCORE  |   POSITION   | NICK                           
[NONE ][21:35:24] â”€â”€â”€â”€â”€â”€â”€â”€â”€â”€â”€â”€â”€â”€â”€â”€â”€â”€â”€â”€â”€â”€â”€â”€â”€â”€â”€â”€â”€â”€â”€â”€â”€â”€â”€â”€â”€â”€â”€â”€â”€â”€â”€â”€â”€â”€â”€â”€â”€â”€â”€â”€â”€â”€â”€â”€â”€â”€â”€â”€â”€â”€â”€â”€â”€â”€â”€â”€â”€â”€â”€â”€â”€â”€â”€â”€â”€â”€â”€â”€â”€â”€â”€â”€â”€â”€â”€â”€â”€â”€â”€â”€â”€â”€â”€
[NONE ][21:35:24]       1 | [BOT]           | ? |    15 |   2599 |  -259,  -411 | cw KKK fag                    
[NONE ][21:35:24]       2 | [BOT]           | ? |     1 |    126 |  6023,  2501 | TrickzYTðŸ‘Š                    
[NONE ][21:35:24]       3 | [BOT]           | ? |     1 |   2829 | -3610, -4754 | 0 _ 0                         
[NONE ][21:35:24]       4 | [BOT]           | ? |     1 |   2474 |  5425, -3595 | sara fan                      
[NONE ][21:35:24]       5 | [BOT]           | ? |    16 |   2067 |  -348,   268 | è—Å È¶à¼»HÐ„Æ›ÆŠHÆ²ÆÆ¬Ð„Æ¦È¤               
[NONE ][21:35:24]       6 | 181.54.232.4    | 6 |     1 |   2487 |  -239,  4953 | nepe 7u7                      
[NONE ][21:35:25] >pl
[NONE ][21:35:25] 
Current players: 21
[NONE ][21:35:25] Do "playerlist m" or "pl m" to list minions

[NONE ][21:35:25]  ID     | IP              | P | CELLS | SCORE  |   POSITION   | NICK                           
[NONE ][21:35:25] â”€â”€â”€â”€â”€â”€â”€â”€â”€â”€â”€â”€â”€â”€â”€â”€â”€â”€â”€â”€â”€â”€â”€â”€â”€â”€â”€â”€â”€â”€â”€â”€â”€â”€â”€â”€â”€â”€â”€â”€â”€â”€â”€â”€â”€â”€â”€â”€â”€â”€â”€â”€â”€â”€â”€â”€â”€â”€â”€â”€â”€â”€â”€â”€â”€â”€â”€â”€â”€â”€â”€â”€â”€â”€â”€â”€â”€â”€â”€â”€â”€â”€â”€â”€â”€â”€â”€â”€â”€â”€â”€â”€â”€â”€â”€
[NONE ][21:35:25]       1 | [BOT]           | ? |    15 |   2597 |  -254,  -413 | cw KKK fag                    
[NONE ][21:35:25]       2 | [BOT]           | ? |     1 |    126 |  6086,  2546 | TrickzYTðŸ‘Š                    
[NONE ][21:35:25]       3 | [BOT]           | ? |     1 |   2823 | -3627, -4825 | 0 _ 0                         
[NONE ][21:35:25]       4 | [BOT]           | ? |     2 |   2492 |  2902, -1878 | sara fan                      
[NONE ][21:35:25]       5 | [BOT]           | ? |    16 |   2063 |  -345,   265 | è—Å È¶à¼»HÐ„Æ›ÆŠHÆ²ÆÆ¬Ð„Æ¦È¤               
[NONE ][21:35:25]       6 | 181.54.232.4    | 6 |     1 |   2484 |  -175,  4991 | nepe 7u7                      
[NONE ][21:35:25] >
[NONE ][21:35:25] >pl
[NONE ][21:35:25] 
Current players: 21
[NONE ][21:35:25] Do "playerlist m" or "pl m" to list minions

[NONE ][21:35:25]  ID     | IP              | P | CELLS | SCORE  |   POSITION   | NICK                           
[NONE ][21:35:25] â”€â”€â”€â”€â”€â”€â”€â”€â”€â”€â”€â”€â”€â”€â”€â”€â”€â”€â”€â”€â”€â”€â”€â”€â”€â”€â”€â”€â”€â”€â”€â”€â”€â”€â”€â”€â”€â”€â”€â”€â”€â”€â”€â”€â”€â”€â”€â”€â”€â”€â”€â”€â”€â”€â”€â”€â”€â”€â”€â”€â”€â”€â”€â”€â”€â”€â”€â”€â”€â”€â”€â”€â”€â”€â”€â”€â”€â”€â”€â”€â”€â”€â”€â”€â”€â”€â”€â”€â”€â”€â”€â”€â”€â”€â”€
[NONE ][21:35:25]       1 | [BOT]           | ? |    15 |   2600 |  -250,  -416 | cw KKK fag                    
[NONE ][21:35:25]       2 | [BOT]           | ? |     1 |    129 |  6132,  2572 | TrickzYTðŸ‘Š                    
[NONE ][21:35:25]       3 | [BOT]           | ? |     1 |   2827 | -3637, -4885 | 0 _ 0                         
[NONE ][21:35:25]       4 | [BOT]           | ? |     2 |   2492 |  3083, -1982 | sara fan                      
[NONE ][21:35:25]       5 | [BOT]           | ? |    16 |   2068 |  -342,   262 | è—Å È¶à¼»HÐ„Æ›ÆŠHÆ²ÆÆ¬Ð„Æ¦È¤               
[NONE ][21:35:25]       6 | 181.54.232.4    | 6 |     1 |   2484 |  -121,  5023 | nepe 7u7                      
[NONE ][21:35:25] >pl
[NONE ][21:35:25] 
Current players: 21
[NONE ][21:35:25] Do "playerlist m" or "pl m" to list minions

[NONE ][21:35:25]  ID     | IP              | P | CELLS | SCORE  |   POSITION   | NICK                           
[NONE ][21:35:25] â”€â”€â”€â”€â”€â”€â”€â”€â”€â”€â”€â”€â”€â”€â”€â”€â”€â”€â”€â”€â”€â”€â”€â”€â”€â”€â”€â”€â”€â”€â”€â”€â”€â”€â”€â”€â”€â”€â”€â”€â”€â”€â”€â”€â”€â”€â”€â”€â”€â”€â”€â”€â”€â”€â”€â”€â”€â”€â”€â”€â”€â”€â”€â”€â”€â”€â”€â”€â”€â”€â”€â”€â”€â”€â”€â”€â”€â”€â”€â”€â”€â”€â”€â”€â”€â”€â”€â”€â”€â”€â”€â”€â”€â”€â”€
[NONE ][21:35:25]       1 | [BOT]           | ? |    15 |   2604 |  -249,  -418 | cw KKK fag                    
[NONE ][21:35:25]       2 | [BOT]           | ? |     1 |    129 |  6138,  2584 | TrickzYTðŸ‘Š                    
[NONE ][21:35:25]       3 | [BOT]           | ? |     1 |   2827 | -3641, -4913 | 0 _ 0                         
[NONE ][21:35:25]       4 | [BOT]           | ? |     2 |   2493 |  3109, -2012 | sara fan                      
[NONE ][21:35:25]       5 | [BOT]           | ? |    16 |   2070 |  -341,   260 | è—Å È¶à¼»HÐ„Æ›ÆŠHÆ²ÆÆ¬Ð„Æ¦È¤               
[NONE ][21:35:25]       6 | 181.54.232.4    | 6 |     1 |   2484 |   -96,  5038 | nepe 7u7                      
[NONE ][21:35:26] >pl
[NONE ][21:35:26] 
Current players: 21
[NONE ][21:35:26] Do "playerlist m" or "pl m" to list minions

[NONE ][21:35:26]  ID     | IP              | P | CELLS | SCORE  |   POSITION   | NICK                           
[NONE ][21:35:26] â”€â”€â”€â”€â”€â”€â”€â”€â”€â”€â”€â”€â”€â”€â”€â”€â”€â”€â”€â”€â”€â”€â”€â”€â”€â”€â”€â”€â”€â”€â”€â”€â”€â”€â”€â”€â”€â”€â”€â”€â”€â”€â”€â”€â”€â”€â”€â”€â”€â”€â”€â”€â”€â”€â”€â”€â”€â”€â”€â”€â”€â”€â”€â”€â”€â”€â”€â”€â”€â”€â”€â”€â”€â”€â”€â”€â”€â”€â”€â”€â”€â”€â”€â”€â”€â”€â”€â”€â”€â”€â”€â”€â”€â”€â”€
[NONE ][21:35:26]       1 | [BOT]           | ? |    15 |   2598 |  -247,  -420 | cw KKK fag                    
[NONE ][21:35:26]       2 | [BOT]           | ? |     1 |    129 |  6143,  2598 | TrickzYTðŸ‘Š                    
[NONE ][21:35:26]       3 | [BOT]           | ? |     1 |   2821 | -3645, -4946 | 0 _ 0                         
[NONE ][21:35:26]       4 | [BOT]           | ? |     2 |   2488 |  3122, -2040 | sara fan                      
[NONE ][21:35:26]       5 | [BOT]           | ? |    16 |   2068 |  -340,   259 | è—Å È¶à¼»HÐ„Æ›ÆŠHÆ²ÆÆ¬Ð„Æ¦È¤               
[NONE ][21:35:26]       6 | 181.54.232.4    | 6 |     1 |   2479 |   -66,  5055 | nepe 7u7                      
[NONE ][21:35:26] >pl
[NONE ][21:35:26] 
Current players: 21
[NONE ][21:35:26] Do "playerlist m" or "pl m" to list minions

[NONE ][21:35:26]  ID     | IP              | P | CELLS | SCORE  |   POSITION   | NICK                           
[NONE ][21:35:26] â”€â”€â”€â”€â”€â”€â”€â”€â”€â”€â”€â”€â”€â”€â”€â”€â”€â”€â”€â”€â”€â”€â”€â”€â”€â”€â”€â”€â”€â”€â”€â”€â”€â”€â”€â”€â”€â”€â”€â”€â”€â”€â”€â”€â”€â”€â”€â”€â”€â”€â”€â”€â”€â”€â”€â”€â”€â”€â”€â”€â”€â”€â”€â”€â”€â”€â”€â”€â”€â”€â”€â”€â”€â”€â”€â”€â”€â”€â”€â”€â”€â”€â”€â”€â”€â”€â”€â”€â”€â”€â”€â”€â”€â”€â”€
[NONE ][21:35:26]       1 | [BOT]           | ? |    15 |   2601 |  -245,  -421 | cw KKK fag                    
[NONE ][21:35:26]       2 | [BOT]           | ? |     1 |    129 |  6145,  2607 | TrickzYTðŸ‘Š                    
[NONE ][21:35:26]       3 | [BOT]           | ? |     1 |   2825 | -3648, -4969 | 0 _ 0                         
[NONE ][21:35:26]       4 | [BOT]           | ? |     2 |   2488 |  3127, -2056 | sara fan                      
[NONE ][21:35:26]       5 | [BOT]           | ? |    16 |   2069 |  -339,   257 | è—Å È¶à¼»HÐ„Æ›ÆŠHÆ²ÆÆ¬Ð„Æ¦È¤               
[NONE ][21:35:26]       6 | 181.54.232.4    | 6 |     1 |   2479 |   -46,  5067 | nepe 7u7                      
[NONE ][21:35:26] >pl
[NONE ][21:35:26] 
Current players: 21
[NONE ][21:35:26] Do "playerlist m" or "pl m" to list minions

[NONE ][21:35:26]  ID     | IP              | P | CELLS | SCORE  |   POSITION   | NICK                           
[NONE ][21:35:26] â”€â”€â”€â”€â”€â”€â”€â”€â”€â”€â”€â”€â”€â”€â”€â”€â”€â”€â”€â”€â”€â”€â”€â”€â”€â”€â”€â”€â”€â”€â”€â”€â”€â”€â”€â”€â”€â”€â”€â”€â”€â”€â”€â”€â”€â”€â”€â”€â”€â”€â”€â”€â”€â”€â”€â”€â”€â”€â”€â”€â”€â”€â”€â”€â”€â”€â”€â”€â”€â”€â”€â”€â”€â”€â”€â”€â”€â”€â”€â”€â”€â”€â”€â”€â”€â”€â”€â”€â”€â”€â”€â”€â”€â”€â”€
[NONE ][21:35:26]       1 | [BOT]           | ? |    15 |   2602 |  -243,  -424 | cw KKK fag                    
[NONE ][21:35:26]       2 | [BOT]           | ? |     1 |    129 |  6149,  2619 | TrickzYTðŸ‘Š                    
[NONE ][21:35:26]       3 | [BOT]           | ? |     1 |   2825 | -3651, -5008 | 0 _ 0                         
[NONE ][21:35:26]       4 | [BOT]           | ? |     2 |   2488 |  3130, -2083 | sara fan                      
[NONE ][21:35:26]       5 | [BOT]           | ? |    16 |   2069 |  -337,   255 | è—Å È¶à¼»HÐ„Æ›ÆŠHÆ²ÆÆ¬Ð„Æ¦È¤               
[NONE ][21:35:26]       6 | 181.54.232.4    | 6 |     1 |   2479 |   -12,  5088 | nepe 7u7                      
[NONE ][21:35:50] CONNECTED 186.1.180.215:48756, origin: "http://zapphy.epizy.com"
[NONE ][21:37:03] CONNECTED 186.101.231.216:50188, origin: "http://zapphy.epizy.com"
[NONE ][21:37:56] >pl
[NONE ][21:37:56] 
Current players: 53
[NONE ][21:37:56] Do "playerlist m" or "pl m" to list minions

[NONE ][21:37:56]  ID     | IP              | P | CELLS | SCORE  |   POSITION   | NICK                           
[NONE ][21:37:56] â”€â”€â”€â”€â”€â”€â”€â”€â”€â”€â”€â”€â”€â”€â”€â”€â”€â”€â”€â”€â”€â”€â”€â”€â”€â”€â”€â”€â”€â”€â”€â”€â”€â”€â”€â”€â”€â”€â”€â”€â”€â”€â”€â”€â”€â”€â”€â”€â”€â”€â”€â”€â”€â”€â”€â”€â”€â”€â”€â”€â”€â”€â”€â”€â”€â”€â”€â”€â”€â”€â”€â”€â”€â”€â”€â”€â”€â”€â”€â”€â”€â”€â”€â”€â”€â”€â”€â”€â”€â”€â”€â”€â”€â”€â”€
[NONE ][21:37:56]       1 | [BOT]           | ? |    11 |   3242 |  -549,  -626 | cw KKK fag                    
[NONE ][21:37:56]       2 | [BOT]           | ? |     2 |    122 |  3129,   486 | TrickzYTðŸ‘Š                    
[NONE ][21:37:56]       3 | [BOT]           | ? |     3 |   6017 | -1882, -2097 | 0 _ 0                         
[NONE ][21:37:56]       4 | [BOT]           | ? |     5 |    174 |  1234,  -467 | sara fan                      
[NONE ][21:37:56]       5 | [BOT]           | ? |    15 |   2269 |   209,   327 | è—Å È¶à¼»HÐ„Æ›ÆŠHÆ²ÆÆ¬Ð„Æ¦È¤               
[NONE ][21:37:56]       6 | 181.54.232.4    | 6 |     1 |  17756 |   576,   588 | nepe 7u7                      
[NONE ][21:37:56]      22 | 186.1.180.215   | 6 |    16 |   7223 |  -232,  -149 | An unnamed cell               
[NONE ][21:37:56]      38 | 186.101.231.216 | 6 |     2 |   5299 |  1270, -1414 | [ãŠ›] - An[?]um                 
[NONE ][21:38:00] >pl
[NONE ][21:38:00] 
Current players: 53
[NONE ][21:38:00] Do "playerlist m" or "pl m" to list minions

[NONE ][21:38:00]  ID     | IP              | P | CELLS | SCORE  |   POSITION   | NICK                           
[NONE ][21:38:00] â”€â”€â”€â”€â”€â”€â”€â”€â”€â”€â”€â”€â”€â”€â”€â”€â”€â”€â”€â”€â”€â”€â”€â”€â”€â”€â”€â”€â”€â”€â”€â”€â”€â”€â”€â”€â”€â”€â”€â”€â”€â”€â”€â”€â”€â”€â”€â”€â”€â”€â”€â”€â”€â”€â”€â”€â”€â”€â”€â”€â”€â”€â”€â”€â”€â”€â”€â”€â”€â”€â”€â”€â”€â”€â”€â”€â”€â”€â”€â”€â”€â”€â”€â”€â”€â”€â”€â”€â”€â”€â”€â”€â”€â”€â”€
[NONE ][21:38:00]       1 | [BOT]           | ? |     3 |    946 | -2266, -2310 | cw KKK fag                    
[NONE ][21:38:00]       2 | [BOT]           | ? |     1 |    131 |  5655,   673 | TrickzYTðŸ‘Š                    
[NONE ][21:38:00]       3 | [BOT]           | ? |     3 |   8242 | -1954, -2204 | 0 _ 0                         
[NONE ][21:38:00]       4 | [BOT]           | ? |     2 |    187 |  2576, -1397 | sara fan                      
[NONE ][21:38:00]       5 | [BOT]           | ? |    15 |   2261 |   173,   326 | è—Å È¶à¼»HÐ„Æ›ÆŠHÆ²ÆÆ¬Ð„Æ¦È¤               
[NONE ][21:38:00]       6 | 181.54.232.4    | 6 |     1 |  17240 |   563,   234 | nepe 7u7                      
[NONE ][21:38:00]      22 | 186.1.180.215   | 6 |    16 |   5789 |  -204,  -187 | An unnamed cell               
[NONE ][21:38:00]      38 | 186.101.231.216 | 6 |    16 |   5051 |   138,  -198 | [ãŠ›] - An[?]um                 
[NONE ][21:38:01] >pl
[NONE ][21:38:01] 
Current players: 53
[NONE ][21:38:01] Do "playerlist m" or "pl m" to list minions

[NONE ][21:38:01]  ID     | IP              | P | CELLS | SCORE  |   POSITION   | NICK                           
[NONE ][21:38:01] â”€â”€â”€â”€â”€â”€â”€â”€â”€â”€â”€â”€â”€â”€â”€â”€â”€â”€â”€â”€â”€â”€â”€â”€â”€â”€â”€â”€â”€â”€â”€â”€â”€â”€â”€â”€â”€â”€â”€â”€â”€â”€â”€â”€â”€â”€â”€â”€â”€â”€â”€â”€â”€â”€â”€â”€â”€â”€â”€â”€â”€â”€â”€â”€â”€â”€â”€â”€â”€â”€â”€â”€â”€â”€â”€â”€â”€â”€â”€â”€â”€â”€â”€â”€â”€â”€â”€â”€â”€â”€â”€â”€â”€â”€â”€
[NONE ][21:38:01]       1 | [BOT]           | ? |     3 |    944 | -2266, -2310 | cw KKK fag                    
[NONE ][21:38:01]       2 | [BOT]           | ? |     1 |    134 |  5635,   604 | TrickzYTðŸ‘Š                    
[NONE ][21:38:01]       3 | [BOT]           | ? |     3 |   8226 | -1996, -2207 | 0 _ 0                         
[NONE ][21:38:01]       4 | [BOT]           | ? |     1 |    204 |  5300, -2971 | sara fan                      
[NONE ][21:38:01]       5 | [BOT]           | ? |    15 |   2259 |   165,   322 | è—Å È¶à¼»HÐ„Æ›ÆŠHÆ²ÆÆ¬Ð„Æ¦È¤               
[NONE ][21:38:01]       6 | 181.54.232.4    | 6 |     1 |  17210 |   492,   151 | nepe 7u7                      
[NONE ][21:38:01]      22 | 186.1.180.215   | 6 |     1 |    973 | -4035, -3449 | An unnamed cell               
[NONE ][21:38:01]      38 | 186.101.231.216 | 6 |    16 |   5253 |   129,  -213 | [ãŠ›] - An[?]um                 
[NONE ][21:38:02] >pl
[NONE ][21:38:02] 
Current players: 53
[NONE ][21:38:02] Do "playerlist m" or "pl m" to list minions

[NONE ][21:38:02]  ID     | IP              | P | CELLS | SCORE  |   POSITION   | NICK                           
[NONE ][21:38:02] â”€â”€â”€â”€â”€â”€â”€â”€â”€â”€â”€â”€â”€â”€â”€â”€â”€â”€â”€â”€â”€â”€â”€â”€â”€â”€â”€â”€â”€â”€â”€â”€â”€â”€â”€â”€â”€â”€â”€â”€â”€â”€â”€â”€â”€â”€â”€â”€â”€â”€â”€â”€â”€â”€â”€â”€â”€â”€â”€â”€â”€â”€â”€â”€â”€â”€â”€â”€â”€â”€â”€â”€â”€â”€â”€â”€â”€â”€â”€â”€â”€â”€â”€â”€â”€â”€â”€â”€â”€â”€â”€â”€â”€â”€â”€
[NONE ][21:38:02]       1 | [BOT]           | ? |     3 |    942 | -2266, -2311 | cw KKK fag                    
[NONE ][21:38:02]       2 | [BOT]           | ? |     1 |    134 |  5601,   617 | TrickzYTðŸ‘Š                    
[NONE ][21:38:02]       3 | [BOT]           | ? |     3 |   8210 | -2017, -2207 | 0 _ 0                         
[NONE ][21:38:02]       4 | [BOT]           | ? |     1 |    203 |  5404, -3088 | sara fan                      
[NONE ][21:38:02]       5 | [BOT]           | ? |    15 |   2258 |   161,   319 | è—Å È¶à¼»HÐ„Æ›ÆŠHÆ²ÆÆ¬Ð„Æ¦È¤               
[NONE ][21:38:02]       6 | 181.54.232.4    | 6 |     1 |  17175 |   455,   108 | nepe 7u7                      
[NONE ][21:38:02]      22 | 186.1.180.215   | 6 |     1 |    971 | -4092, -3526 | An unnamed cell               
[NONE ][21:38:02]      38 | 186.101.231.216 | 6 |    16 |   5216 |   127,  -221 | [ãŠ›] - An[?]um                 
[NONE ][21:38:02] >pl
[NONE ][21:38:02] 
Current players: 53
[NONE ][21:38:02] Do "playerlist m" or "pl m" to list minions

[NONE ][21:38:02]  ID     | IP              | P | CELLS | SCORE  |   POSITION   | NICK                           
[NONE ][21:38:02] â”€â”€â”€â”€â”€â”€â”€â”€â”€â”€â”€â”€â”€â”€â”€â”€â”€â”€â”€â”€â”€â”€â”€â”€â”€â”€â”€â”€â”€â”€â”€â”€â”€â”€â”€â”€â”€â”€â”€â”€â”€â”€â”€â”€â”€â”€â”€â”€â”€â”€â”€â”€â”€â”€â”€â”€â”€â”€â”€â”€â”€â”€â”€â”€â”€â”€â”€â”€â”€â”€â”€â”€â”€â”€â”€â”€â”€â”€â”€â”€â”€â”€â”€â”€â”€â”€â”€â”€â”€â”€â”€â”€â”€â”€â”€
[NONE ][21:38:02]       1 | [BOT]           | ? |     4 |    180 | -1757, -1651 | cw KKK fag                    
[NONE ][21:38:02]       2 | [BOT]           | ? |     1 |    134 |  5557,   639 | TrickzYTðŸ‘Š                    
[NONE ][21:38:02]       3 | [BOT]           | ? |     3 |   8972 | -2019, -2189 | 0 _ 0                         
[NONE ][21:38:02]       4 | [BOT]           | ? |     1 |    207 |  5492, -3159 | sara fan                      
[NONE ][21:38:02]       5 | [BOT]           | ? |    15 |   2258 |   159,   317 | è—Å È¶à¼»HÐ„Æ›ÆŠHÆ²ÆÆ¬Ð„Æ¦È¤               
[NONE ][21:38:02]       6 | 181.54.232.4    | 6 |     1 |  17211 |   428,    76 | nepe 7u7                      
[NONE ][21:38:02]      22 | 186.1.180.215   | 6 |     1 |    971 | -4135, -3588 | An unnamed cell               
[NONE ][21:38:02]      38 | 186.101.231.216 | 6 |    16 |   5117 |   124,  -227 | [ãŠ›] - An[?]um                 
[NONE ][21:38:03] >pl
[NONE ][21:38:03] 
Current players: 53
[NONE ][21:38:03] Do "playerlist m" or "pl m" to list minions

[NONE ][21:38:03]  ID     | IP              | P | CELLS | SCORE  |   POSITION   | NICK                           
[NONE ][21:38:03] â”€â”€â”€â”€â”€â”€â”€â”€â”€â”€â”€â”€â”€â”€â”€â”€â”€â”€â”€â”€â”€â”€â”€â”€â”€â”€â”€â”€â”€â”€â”€â”€â”€â”€â”€â”€â”€â”€â”€â”€â”€â”€â”€â”€â”€â”€â”€â”€â”€â”€â”€â”€â”€â”€â”€â”€â”€â”€â”€â”€â”€â”€â”€â”€â”€â”€â”€â”€â”€â”€â”€â”€â”€â”€â”€â”€â”€â”€â”€â”€â”€â”€â”€â”€â”€â”€â”€â”€â”€â”€â”€â”€â”€â”€â”€
[NONE ][21:38:03]       1 | [BOT]           | ? |     5 |    149 | -1408, -1319 | cw KKK fag                    
[NONE ][21:38:03]       2 | [BOT]           | ? |     1 |    136 |  5493,   689 | TrickzYTðŸ‘Š                    
[NONE ][21:38:03]       3 | [BOT]           | ? |     3 |   8985 | -2022, -2178 | 0 _ 0                         
[NONE ][21:38:03]       4 | [BOT]           | ? |     1 |    207 |  5581, -3209 | sara fan                      
[NONE ][21:38:03]       5 | [BOT]           | ? |    15 |   2253 |   157,   316 | è—Å È¶à¼»HÐ„Æ›ÆŠHÆ²ÆÆ¬Ð„Æ¦È¤               
[NONE ][21:38:03]       6 | 181.54.232.4    | 6 |     1 |  17228 |   403,    48 | nepe 7u7                      
[NONE ][21:38:03]      22 | 186.1.180.215   | 6 |    16 |   7647 |  -259,  -228 | An unnamed cell               
[NONE ][21:38:03]      38 | 186.101.231.216 | 6 |    16 |   5150 |   122,  -226 | [ãŠ›] - An[?]um                 
[NONE ][21:38:03] >pl
[NONE ][21:38:03] 
Current players: 53
[NONE ][21:38:03] Do "playerlist m" or "pl m" to list minions

[NONE ][21:38:03]  ID     | IP              | P | CELLS | SCORE  |   POSITION   | NICK                           
[NONE ][21:38:03] â”€â”€â”€â”€â”€â”€â”€â”€â”€â”€â”€â”€â”€â”€â”€â”€â”€â”€â”€â”€â”€â”€â”€â”€â”€â”€â”€â”€â”€â”€â”€â”€â”€â”€â”€â”€â”€â”€â”€â”€â”€â”€â”€â”€â”€â”€â”€â”€â”€â”€â”€â”€â”€â”€â”€â”€â”€â”€â”€â”€â”€â”€â”€â”€â”€â”€â”€â”€â”€â”€â”€â”€â”€â”€â”€â”€â”€â”€â”€â”€â”€â”€â”€â”€â”€â”€â”€â”€â”€â”€â”€â”€â”€â”€â”€
[NONE ][21:38:03]       1 | [BOT]           | ? |     5 |    149 | -1408, -1322 | cw KKK fag                    
[NONE ][21:38:03]       2 | [BOT]           | ? |     1 |    136 |  5473,   750 | TrickzYTðŸ‘Š                    
[NONE ][21:38:03]       3 | [BOT]           | ? |     3 |   8985 | -2019, -2163 | 0 _ 0                         
[NONE ][21:38:03]       4 | [BOT]           | ? |     1 |    210 |  5686, -3246 | sara fan                      
[NONE ][21:38:03]       5 | [BOT]           | ? |    15 |   2253 |   154,   314 | è—Å È¶à¼»HÐ„Æ›ÆŠHÆ²ÆÆ¬Ð„Æ¦È¤               
[NONE ][21:38:03]       6 | 181.54.232.4    | 6 |     1 |  17241 |   376,    16 | nepe 7u7                      
[NONE ][21:38:03]      22 | 186.1.180.215   | 6 |    16 |   7812 |  -277,  -231 | An unnamed cell               
[NONE ][21:38:03]      38 | 186.101.231.216 | 6 |    16 |   5124 |   121,  -227 | [ãŠ›] - An[?]um                 
[NONE ][21:38:04] >pl
[NONE ][21:38:04] 
Current players: 53
[NONE ][21:38:04] Do "playerlist m" or "pl m" to list minions

[NONE ][21:38:04]  ID     | IP              | P | CELLS | SCORE  |   POSITION   | NICK                           
[NONE ][21:38:04] â”€â”€â”€â”€â”€â”€â”€â”€â”€â”€â”€â”€â”€â”€â”€â”€â”€â”€â”€â”€â”€â”€â”€â”€â”€â”€â”€â”€â”€â”€â”€â”€â”€â”€â”€â”€â”€â”€â”€â”€â”€â”€â”€â”€â”€â”€â”€â”€â”€â”€â”€â”€â”€â”€â”€â”€â”€â”€â”€â”€â”€â”€â”€â”€â”€â”€â”€â”€â”€â”€â”€â”€â”€â”€â”€â”€â”€â”€â”€â”€â”€â”€â”€â”€â”€â”€â”€â”€â”€â”€â”€â”€â”€â”€â”€
[NONE ][21:38:04]       1 | [BOT]           | ? |     5 |    149 | -1408, -1326 | cw KKK fag                    
[NONE ][21:38:04]       2 | [BOT]           | ? |     1 |    136 |  5459,   809 | TrickzYTðŸ‘Š                    
[NONE ][21:38:04]       3 | [BOT]           | ? |     3 |   8985 | -2015, -2151 | 0 _ 0                         
[NONE ][21:38:04]       4 | [BOT]           | ? |     1 |    218 |  5769, -3281 | sara fan                      
[NONE ][21:38:04]       5 | [BOT]           | ? |    15 |   2253 |   153,   312 | è—Å È¶à¼»HÐ„Æ›ÆŠHÆ²ÆÆ¬Ð„Æ¦È¤               
[NONE ][21:38:04]       6 | 181.54.232.4    | 6 |     1 |  17241 |   354,    -8 | nepe 7u7                      
[NONE ][21:38:04]      22 | 186.1.180.215   | 6 |    16 |   7561 |  -273,  -233 | An unnamed cell               
[NONE ][21:38:04]      38 | 186.101.231.216 | 6 |    16 |   5016 |   122,  -227 | [ãŠ›] - An[?]um                 
[NONE ][21:38:04] >pl
[NONE ][21:38:04] 
Current players: 53
[NONE ][21:38:04] Do "playerlist m" or "pl m" to list minions

[NONE ][21:38:04]  ID     | IP              | P | CELLS | SCORE  |   POSITION   | NICK                           
[NONE ][21:38:04] â”€â”€â”€â”€â”€â”€â”€â”€â”€â”€â”€â”€â”€â”€â”€â”€â”€â”€â”€â”€â”€â”€â”€â”€â”€â”€â”€â”€â”€â”€â”€â”€â”€â”€â”€â”€â”€â”€â”€â”€â”€â”€â”€â”€â”€â”€â”€â”€â”€â”€â”€â”€â”€â”€â”€â”€â”€â”€â”€â”€â”€â”€â”€â”€â”€â”€â”€â”€â”€â”€â”€â”€â”€â”€â”€â”€â”€â”€â”€â”€â”€â”€â”€â”€â”€â”€â”€â”€â”€â”€â”€â”€â”€â”€â”€
[NONE ][21:38:04]       1 | [BOT]           | ? |     5 |    148 | -1408, -1331 | cw KKK fag                    
[NONE ][21:38:04]       2 | [BOT]           | ? |     1 |    136 |  5457,   879 | TrickzYTðŸ‘Š                    
[NONE ][21:38:04]       3 | [BOT]           | ? |     3 |   8970 | -2010, -2140 | 0 _ 0                         
[NONE ][21:38:04]       4 | [BOT]           | ? |     1 |    226 |  5832, -3331 | sara fan                      
[NONE ][21:38:04]       5 | [BOT]           | ? |    15 |   2249 |   152,   310 | è—Å È¶à¼»HÐ„Æ›ÆŠHÆ²ÆÆ¬Ð„Æ¦È¤               
[NONE ][21:38:04]       6 | 181.54.232.4    | 6 |     1 |  17242 |   361,   -29 | nepe 7u7                      
[NONE ][21:38:04]      22 | 186.1.180.215   | 6 |    13 |   7153 |  -332,  -288 | An unnamed cell               
[NONE ][21:38:04]      38 | 186.101.231.216 | 6 |    16 |   5039 |   122,  -228 | [ãŠ›] - An[?]um                 
[NONE ][21:38:04] >pl
[NONE ][21:38:04] 
Current players: 53
[NONE ][21:38:04] Do "playerlist m" or "pl m" to list minions

[NONE ][21:38:04]  ID     | IP              | P | CELLS | SCORE  |   POSITION   | NICK                           
[NONE ][21:38:04] â”€â”€â”€â”€â”€â”€â”€â”€â”€â”€â”€â”€â”€â”€â”€â”€â”€â”€â”€â”€â”€â”€â”€â”€â”€â”€â”€â”€â”€â”€â”€â”€â”€â”€â”€â”€â”€â”€â”€â”€â”€â”€â”€â”€â”€â”€â”€â”€â”€â”€â”€â”€â”€â”€â”€â”€â”€â”€â”€â”€â”€â”€â”€â”€â”€â”€â”€â”€â”€â”€â”€â”€â”€â”€â”€â”€â”€â”€â”€â”€â”€â”€â”€â”€â”€â”€â”€â”€â”€â”€â”€â”€â”€â”€â”€
[NONE ][21:38:04]       1 | [BOT]           | ? |     5 |    148 | -1408, -1336 | cw KKK fag                    
[NONE ][21:38:04]       2 | [BOT]           | ? |     1 |    136 |  5471,   944 | TrickzYTðŸ‘Š                    
[NONE ][21:38:04]       3 | [BOT]           | ? |     3 |   8970 | -2007, -2132 | 0 _ 0                         
[NONE ][21:38:04]       4 | [BOT]           | ? |     1 |    228 |  5880, -3367 | sara fan                      
[NONE ][21:38:04]       5 | [BOT]           | ? |    15 |   2249 |   151,   309 | è—Å È¶à¼»HÐ„Æ›ÆŠHÆ²ÆÆ¬Ð„Æ¦È¤               
[NONE ][21:38:04]       6 | 181.54.232.4    | 6 |     1 |  17278 |   373,   -48 | nepe 7u7                      
[NONE ][21:38:04]      22 | 186.1.180.215   | 6 |    13 |   7021 |  -329,  -288 | An unnamed cell               
[NONE ][21:38:04]      38 | 186.101.231.216 | 6 |    16 |   5030 |   122,  -229 | [ãŠ›] - An[?]um                 
[NONE ][21:38:04] >pl
[NONE ][21:38:04] 
Current players: 53
[NONE ][21:38:04] Do "playerlist m" or "pl m" to list minions

[NONE ][21:38:04]  ID     | IP              | P | CELLS | SCORE  |   POSITION   | NICK                           
[NONE ][21:38:04] â”€â”€â”€â”€â”€â”€â”€â”€â”€â”€â”€â”€â”€â”€â”€â”€â”€â”€â”€â”€â”€â”€â”€â”€â”€â”€â”€â”€â”€â”€â”€â”€â”€â”€â”€â”€â”€â”€â”€â”€â”€â”€â”€â”€â”€â”€â”€â”€â”€â”€â”€â”€â”€â”€â”€â”€â”€â”€â”€â”€â”€â”€â”€â”€â”€â”€â”€â”€â”€â”€â”€â”€â”€â”€â”€â”€â”€â”€â”€â”€â”€â”€â”€â”€â”€â”€â”€â”€â”€â”€â”€â”€â”€â”€â”€
[NONE ][21:38:04]       1 | [BOT]           | ? |     5 |    148 | -1408, -1341 | cw KKK fag                    
[NONE ][21:38:04]       2 | [BOT]           | ? |     1 |    141 |  5490,  1006 | TrickzYTðŸ‘Š                    
[NONE ][21:38:04]       3 | [BOT]           | ? |     3 |   8970 | -2004, -2124 | 0 _ 0                         
[NONE ][21:38:04]       4 | [BOT]           | ? |     1 |    228 |  5933, -3397 | sara fan                      
[NONE ][21:38:04]       5 | [BOT]           | ? |    15 |   2251 |   151,   308 | è—Å È¶à¼»HÐ„Æ›ÆŠHÆ²ÆÆ¬Ð„Æ¦È¤               
[NONE ][21:38:04]       6 | 181.54.232.4    | 6 |     1 |  17239 |   375,   -70 | nepe 7u7                      
[NONE ][21:38:04]      22 | 186.1.180.215   | 6 |    13 |   6857 |  -328,  -288 | An unnamed cell               
[NONE ][21:38:04]      38 | 186.101.231.216 | 6 |    16 |   5030 |   123,  -231 | [ãŠ›] - An[?]um                 
[NONE ][21:38:05] >pl
[NONE ][21:38:05] 
Current players: 53
[NONE ][21:38:05] Do "playerlist m" or "pl m" to list minions

[NONE ][21:38:05]  ID     | IP              | P | CELLS | SCORE  |   POSITION   | NICK                           
[NONE ][21:38:05] â”€â”€â”€â”€â”€â”€â”€â”€â”€â”€â”€â”€â”€â”€â”€â”€â”€â”€â”€â”€â”€â”€â”€â”€â”€â”€â”€â”€â”€â”€â”€â”€â”€â”€â”€â”€â”€â”€â”€â”€â”€â”€â”€â”€â”€â”€â”€â”€â”€â”€â”€â”€â”€â”€â”€â”€â”€â”€â”€â”€â”€â”€â”€â”€â”€â”€â”€â”€â”€â”€â”€â”€â”€â”€â”€â”€â”€â”€â”€â”€â”€â”€â”€â”€â”€â”€â”€â”€â”€â”€â”€â”€â”€â”€â”€
[NONE ][21:38:05]       1 | [BOT]           | ? |     5 |    148 | -1408, -1347 | cw KKK fag                    
[NONE ][21:38:05]       2 | [BOT]           | ? |     1 |    143 |  5502,  1046 | TrickzYTðŸ‘Š                    
[NONE ][21:38:05]       3 | [BOT]           | ? |     3 |   8970 | -2000, -2116 | 0 _ 0                         
[NONE ][21:38:05]       4 | [BOT]           | ? |     1 |    228 |  5990, -3411 | sara fan                      
[NONE ][21:38:05]       5 | [BOT]           | ? |    15 |   2251 |   150,   306 | è—Å È¶à¼»HÐ„Æ›ÆŠHÆ²ÆÆ¬Ð„Æ¦È¤               
[NONE ][21:38:05]       6 | 181.54.232.4    | 6 |     1 |  17204 |   372,   -93 | nepe 7u7                      
[NONE ][21:38:05]      22 | 186.1.180.215   | 6 |    13 |   6726 |  -327,  -288 | An unnamed cell               
[NONE ][21:38:05]      38 | 186.101.231.216 | 6 |    16 |   5054 |   124,  -230 | [ãŠ›] - An[?]um                 
[NONE ][21:38:05] >pl
[NONE ][21:38:05] 
Current players: 53
[NONE ][21:38:05] Do "playerlist m" or "pl m" to list minions

[NONE ][21:38:05]  ID     | IP              | P | CELLS | SCORE  |   POSITION   | NICK                           
[NONE ][21:38:05] â”€â”€â”€â”€â”€â”€â”€â”€â”€â”€â”€â”€â”€â”€â”€â”€â”€â”€â”€â”€â”€â”€â”€â”€â”€â”€â”€â”€â”€â”€â”€â”€â”€â”€â”€â”€â”€â”€â”€â”€â”€â”€â”€â”€â”€â”€â”€â”€â”€â”€â”€â”€â”€â”€â”€â”€â”€â”€â”€â”€â”€â”€â”€â”€â”€â”€â”€â”€â”€â”€â”€â”€â”€â”€â”€â”€â”€â”€â”€â”€â”€â”€â”€â”€â”€â”€â”€â”€â”€â”€â”€â”€â”€â”€â”€
[NONE ][21:38:05]       1 | [BOT]           | ? |     5 |    148 | -1408, -1355 | cw KKK fag                    
[NONE ][21:38:05]       2 | [BOT]           | ? |     1 |    143 |  5491,  1094 | TrickzYTðŸ‘Š                    
[NONE ][21:38:05]       3 | [BOT]           | ? |     3 |   8952 | -1996, -2107 | 0 _ 0                         
[NONE ][21:38:05]       4 | [BOT]           | ? |     1 |    230 |  6059, -3430 | sara fan                      
[NONE ][21:38:05]       5 | [BOT]           | ? |    15 |   2246 |   150,   305 | è—Å È¶à¼»HÐ„Æ›ÆŠHÆ²ÆÆ¬Ð„Æ¦È¤               
[NONE ][21:38:05]       6 | 181.54.232.4    | 6 |     1 |  17131 |   369,  -119 | nepe 7u7                      
[NONE ][21:38:05]      22 | 186.1.180.215   | 6 |    14 |   5005 |  -300,  -269 | An unnamed cell               
[NONE ][21:38:05]      38 | 186.101.231.216 | 6 |    16 |   5082 |   126,  -230 | [ãŠ›] - An[?]um                 
[NONE ][21:38:05] >pl
[NONE ][21:38:05] 
Current players: 53
[NONE ][21:38:05] Do "playerlist m" or "pl m" to list minions

[NONE ][21:38:05]  ID     | IP              | P | CELLS | SCORE  |   POSITION   | NICK                           
[NONE ][21:38:05] â”€â”€â”€â”€â”€â”€â”€â”€â”€â”€â”€â”€â”€â”€â”€â”€â”€â”€â”€â”€â”€â”€â”€â”€â”€â”€â”€â”€â”€â”€â”€â”€â”€â”€â”€â”€â”€â”€â”€â”€â”€â”€â”€â”€â”€â”€â”€â”€â”€â”€â”€â”€â”€â”€â”€â”€â”€â”€â”€â”€â”€â”€â”€â”€â”€â”€â”€â”€â”€â”€â”€â”€â”€â”€â”€â”€â”€â”€â”€â”€â”€â”€â”€â”€â”€â”€â”€â”€â”€â”€â”€â”€â”€â”€â”€
[NONE ][21:38:05]       1 | [BOT]           | ? |     5 |    148 | -1408, -1361 | cw KKK fag                    
[NONE ][21:38:05]       2 | [BOT]           | ? |     1 |    143 |  5482,  1128 | TrickzYTðŸ‘Š                    
[NONE ][21:38:05]       3 | [BOT]           | ? |     3 |   8952 | -1992, -2101 | 0 _ 0                         
[NONE ][21:38:05]       4 | [BOT]           | ? |     1 |    231 |  6103, -3449 | sara fan                      
[NONE ][21:38:05]       5 | [BOT]           | ? |    15 |   2246 |   150,   305 | è—Å È¶à¼»HÐ„Æ›ÆŠHÆ²ÆÆ¬Ð„Æ¦È¤               
[NONE ][21:38:05]       6 | 181.54.232.4    | 6 |     1 |  17105 |   366,  -138 | nepe 7u7                      
[NONE ][21:38:05]      22 | 186.1.180.215   | 6 |    11 |   2438 |  -378,  -411 | An unnamed cell               
[NONE ][21:38:05]      38 | 186.101.231.216 | 6 |    16 |   5082 |   127,  -229 | [ãŠ›] - An[?]um                 
[NONE ][21:38:05] >pl
[NONE ][21:38:05] 
Current players: 53
[NONE ][21:38:05] Do "playerlist m" or "pl m" to list minions

[NONE ][21:38:05]  ID     | IP              | P | CELLS | SCORE  |   POSITION   | NICK                           
[NONE ][21:38:05] â”€â”€â”€â”€â”€â”€â”€â”€â”€â”€â”€â”€â”€â”€â”€â”€â”€â”€â”€â”€â”€â”€â”€â”€â”€â”€â”€â”€â”€â”€â”€â”€â”€â”€â”€â”€â”€â”€â”€â”€â”€â”€â”€â”€â”€â”€â”€â”€â”€â”€â”€â”€â”€â”€â”€â”€â”€â”€â”€â”€â”€â”€â”€â”€â”€â”€â”€â”€â”€â”€â”€â”€â”€â”€â”€â”€â”€â”€â”€â”€â”€â”€â”€â”€â”€â”€â”€â”€â”€â”€â”€â”€â”€â”€â”€
[NONE ][21:38:05]       1 | [BOT]           | ? |     5 |    148 | -1408, -1369 | cw KKK fag                    
[NONE ][21:38:05]       2 | [BOT]           | ? |     1 |    143 |  5469,  1169 | TrickzYTðŸ‘Š                    
[NONE ][21:38:05]       3 | [BOT]           | ? |     3 |   8952 | -1991, -2092 | 0 _ 0                         
[NONE ][21:38:05]       4 | [BOT]           | ? |     1 |    231 |  6149, -3457 | sara fan                      
[NONE ][21:38:05]       5 | [BOT]           | ? |    15 |   2246 |   152,   306 | è—Å È¶à¼»HÐ„Æ›ÆŠHÆ²ÆÆ¬Ð„Æ¦È¤               
[NONE ][21:38:05]       6 | 181.54.232.4    | 6 |     1 |  17066 |   362,  -160 | nepe 7u7                      
[NONE ][21:38:05]      22 | 186.1.180.215   | 6 |     8 |   1292 |  -514,  -568 | An unnamed cell               
[NONE ][21:38:05]      38 | 186.101.231.216 | 6 |    16 |   5101 |   128,  -228 | [ãŠ›] - An[?]um                 
[NONE ][21:38:06] >pl
[NONE ][21:38:06] 
Current players: 53
[NONE ][21:38:06] Do "playerlist m" or "pl m" to list minions

[NONE ][21:38:06]  ID     | IP              | P | CELLS | SCORE  |   POSITION   | NICK                           
[NONE ][21:38:06] â”€â”€â”€â”€â”€â”€â”€â”€â”€â”€â”€â”€â”€â”€â”€â”€â”€â”€â”€â”€â”€â”€â”€â”€â”€â”€â”€â”€â”€â”€â”€â”€â”€â”€â”€â”€â”€â”€â”€â”€â”€â”€â”€â”€â”€â”€â”€â”€â”€â”€â”€â”€â”€â”€â”€â”€â”€â”€â”€â”€â”€â”€â”€â”€â”€â”€â”€â”€â”€â”€â”€â”€â”€â”€â”€â”€â”€â”€â”€â”€â”€â”€â”€â”€â”€â”€â”€â”€â”€â”€â”€â”€â”€â”€â”€
[NONE ][21:38:06]       1 | [BOT]           | ? |     5 |    148 | -1408, -1376 | cw KKK fag                    
[NONE ][21:38:06]       2 | [BOT]           | ? |     1 |    143 |  5462,  1203 | TrickzYTðŸ‘Š                    
[NONE ][21:38:06]       3 | [BOT]           | ? |     3 |   8952 | -1990, -2086 | 0 _ 0                         
[NONE ][21:38:06]       4 | [BOT]           | ? |     1 |    231 |  6186, -3463 | sara fan                      
[NONE ][21:38:06]       5 | [BOT]           | ? |    15 |   2246 |   152,   304 | è—Å È¶à¼»HÐ„Æ›ÆŠHÆ²ÆÆ¬Ð„Æ¦È¤               
[NONE ][21:38:06]       6 | 181.54.232.4    | 6 |     1 |  17040 |   359,  -179 | nepe 7u7                      
[NONE ][21:38:06]      22 | 186.1.180.215   | 6 |     8 |   1292 |  -519,  -569 | An unnamed cell               
[NONE ][21:38:06]      38 | 186.101.231.216 | 6 |    16 |   5101 |   129,  -227 | [ãŠ›] - An[?]um                 
[NONE ][21:38:06] >pl
[NONE ][21:38:06] 
Current players: 53
[NONE ][21:38:06] Do "playerlist m" or "pl m" to list minions

[NONE ][21:38:06]  ID     | IP              | P | CELLS | SCORE  |   POSITION   | NICK                           
[NONE ][21:38:06] â”€â”€â”€â”€â”€â”€â”€â”€â”€â”€â”€â”€â”€â”€â”€â”€â”€â”€â”€â”€â”€â”€â”€â”€â”€â”€â”€â”€â”€â”€â”€â”€â”€â”€â”€â”€â”€â”€â”€â”€â”€â”€â”€â”€â”€â”€â”€â”€â”€â”€â”€â”€â”€â”€â”€â”€â”€â”€â”€â”€â”€â”€â”€â”€â”€â”€â”€â”€â”€â”€â”€â”€â”€â”€â”€â”€â”€â”€â”€â”€â”€â”€â”€â”€â”€â”€â”€â”€â”€â”€â”€â”€â”€â”€â”€
[NONE ][21:38:06]       1 | [BOT]           | ? |     5 |    148 | -1408, -1385 | cw KKK fag                    
[NONE ][21:38:06]       2 | [BOT]           | ? |     1 |    142 |  5448,  1248 | TrickzYTðŸ‘Š                    
[NONE ][21:38:06]       3 | [BOT]           | ? |     3 |   8934 | -1987, -2079 | 0 _ 0                         
[NONE ][21:38:06]       4 | [BOT]           | ? |     1 |    230 |  6217, -3460 | sara fan                      
[NONE ][21:38:06]       5 | [BOT]           | ? |    15 |   2242 |   153,   303 | è—Å È¶à¼»HÐ„Æ›ÆŠHÆ²ÆÆ¬Ð„Æ¦È¤               
[NONE ][21:38:06]       6 | 181.54.232.4    | 6 |     1 |  16967 |   355,  -201 | nepe 7u7                      
[NONE ][21:38:06]      22 | 186.1.180.215   | 6 |     3 |    513 | -1613, -1359 | An unnamed cell               
[NONE ][21:38:06]      38 | 186.101.231.216 | 6 |    16 |   5091 |   131,  -226 | [ãŠ›] - An[?]um                 
[NONE ][21:38:06] >pl
[NONE ][21:38:06] 
Current players: 53
[NONE ][21:38:06] Do "playerlist m" or "pl m" to list minions

[NONE ][21:38:06]  ID     | IP              | P | CELLS | SCORE  |   POSITION   | NICK                           
[NONE ][21:38:06] â”€â”€â”€â”€â”€â”€â”€â”€â”€â”€â”€â”€â”€â”€â”€â”€â”€â”€â”€â”€â”€â”€â”€â”€â”€â”€â”€â”€â”€â”€â”€â”€â”€â”€â”€â”€â”€â”€â”€â”€â”€â”€â”€â”€â”€â”€â”€â”€â”€â”€â”€â”€â”€â”€â”€â”€â”€â”€â”€â”€â”€â”€â”€â”€â”€â”€â”€â”€â”€â”€â”€â”€â”€â”€â”€â”€â”€â”€â”€â”€â”€â”€â”€â”€â”€â”€â”€â”€â”€â”€â”€â”€â”€â”€â”€
[NONE ][21:38:06]       1 | [BOT]           | ? |     5 |    148 | -1408, -1389 | cw KKK fag                    
[NONE ][21:38:06]       2 | [BOT]           | ? |     1 |    142 |  5439,  1273 | TrickzYTðŸ‘Š                    
[NONE ][21:38:06]       3 | [BOT]           | ? |     3 |   8934 | -1985, -2075 | 0 _ 0                         
[NONE ][21:38:06]       4 | [BOT]           | ? |     1 |    230 |  6241, -3461 | sara fan                      
[NONE ][21:38:06]       5 | [BOT]           | ? |    15 |   2242 |   153,   303 | è—Å È¶à¼»HÐ„Æ›ÆŠHÆ²ÆÆ¬Ð„Æ¦È¤               
[NONE ][21:38:06]       6 | 181.54.232.4    | 6 |     1 |  16941 |   352,  -212 | nepe 7u7                      
[NONE ][21:38:06]      22 | 186.1.180.215   | 6 |     2 |    484 | -2422, -2051 | An unnamed cell               
[NONE ][21:38:06]      38 | 186.101.231.216 | 6 |    16 |   5091 |   131,  -226 | [ãŠ›] - An[?]um                 
[NONE ][21:38:06] >pl
[NONE ][21:38:06] 
Current players: 53
[NONE ][21:38:06] Do "playerlist m" or "pl m" to list minions

[NONE ][21:38:06]  ID     | IP              | P | CELLS | SCORE  |   POSITION   | NICK                           
[NONE ][21:38:06] â”€â”€â”€â”€â”€â”€â”€â”€â”€â”€â”€â”€â”€â”€â”€â”€â”€â”€â”€â”€â”€â”€â”€â”€â”€â”€â”€â”€â”€â”€â”€â”€â”€â”€â”€â”€â”€â”€â”€â”€â”€â”€â”€â”€â”€â”€â”€â”€â”€â”€â”€â”€â”€â”€â”€â”€â”€â”€â”€â”€â”€â”€â”€â”€â”€â”€â”€â”€â”€â”€â”€â”€â”€â”€â”€â”€â”€â”€â”€â”€â”€â”€â”€â”€â”€â”€â”€â”€â”€â”€â”€â”€â”€â”€â”€
[NONE ][21:38:06]       1 | [BOT]           | ? |     5 |    148 | -1408, -1389 | cw KKK fag                    
[NONE ][21:38:06]       2 | [BOT]           | ? |     1 |    142 |  5418,  1320 | TrickzYTðŸ‘Š                    
[NONE ][21:38:06]       3 | [BOT]           | ? |     3 |   8934 | -1982, -2069 | 0 _ 0                         
[NONE ][21:38:06]       4 | [BOT]           | ? |     1 |    230 |  6278, -3455 | sara fan                      
[NONE ][21:38:06]       5 | [BOT]           | ? |    15 |   2243 |   154,   302 | è—Å È¶à¼»HÐ„Æ›ÆŠHÆ²ÆÆ¬Ð„Æ¦È¤               
[NONE ][21:38:06]       6 | 181.54.232.4    | 6 |     1 |  16915 |   349,  -231 | nepe 7u7                      
[NONE ][21:38:06]      22 | 186.1.180.215   | 6 | -------------------------------------------DEAD OR NOT PLAYING
[NONE ][21:38:06]      38 | 186.101.231.216 | 6 |    16 |   5091 |   132,  -225 | [ãŠ›] - An[?]um                 
[NONE ][21:38:06] >pl
[NONE ][21:38:06] 
Current players: 53
[NONE ][21:38:06] Do "playerlist m" or "pl m" to list minions

[NONE ][21:38:06]  ID     | IP              | P | CELLS | SCORE  |   POSITION   | NICK                           
[NONE ][21:38:06] â”€â”€â”€â”€â”€â”€â”€â”€â”€â”€â”€â”€â”€â”€â”€â”€â”€â”€â”€â”€â”€â”€â”€â”€â”€â”€â”€â”€â”€â”€â”€â”€â”€â”€â”€â”€â”€â”€â”€â”€â”€â”€â”€â”€â”€â”€â”€â”€â”€â”€â”€â”€â”€â”€â”€â”€â”€â”€â”€â”€â”€â”€â”€â”€â”€â”€â”€â”€â”€â”€â”€â”€â”€â”€â”€â”€â”€â”€â”€â”€â”€â”€â”€â”€â”€â”€â”€â”€â”€â”€â”€â”€â”€â”€â”€
[NONE ][21:38:06]       1 | [BOT]           | ? |     5 |    148 | -1408, -1389 | cw KKK fag                    
[NONE ][21:38:06]       2 | [BOT]           | ? |     1 |    145 |  5399,  1350 | TrickzYTðŸ‘Š                    
[NONE ][21:38:06]       3 | [BOT]           | ? |     3 |   8934 | -1978, -2063 | 0 _ 0                         
[NONE ][21:38:06]       4 | [BOT]           | ? |     1 |    230 |  6311, -3441 | sara fan                      
[NONE ][21:38:06]       5 | [BOT]           | ? |    15 |   2243 |   154,   301 | è—Å È¶à¼»HÐ„Æ›ÆŠHÆ²ÆÆ¬Ð„Æ¦È¤               
[NONE ][21:38:06]       6 | 181.54.232.4    | 6 |     1 |  16876 |   346,  -249 | nepe 7u7                      
[NONE ][21:38:06]      22 | 186.1.180.215   | 6 | -------------------------------------------DEAD OR NOT PLAYING
[NONE ][21:38:06]      38 | 186.101.231.216 | 6 |    16 |   5130 |   134,  -223 | [ãŠ›] - An[?]um                 
[NONE ][21:38:06] >pl
[NONE ][21:38:06] 
Current players: 53
[NONE ][21:38:06] Do "playerlist m" or "pl m" to list minions

[NONE ][21:38:06]  ID     | IP              | P | CELLS | SCORE  |   POSITION   | NICK                           
[NONE ][21:38:06] â”€â”€â”€â”€â”€â”€â”€â”€â”€â”€â”€â”€â”€â”€â”€â”€â”€â”€â”€â”€â”€â”€â”€â”€â”€â”€â”€â”€â”€â”€â”€â”€â”€â”€â”€â”€â”€â”€â”€â”€â”€â”€â”€â”€â”€â”€â”€â”€â”€â”€â”€â”€â”€â”€â”€â”€â”€â”€â”€â”€â”€â”€â”€â”€â”€â”€â”€â”€â”€â”€â”€â”€â”€â”€â”€â”€â”€â”€â”€â”€â”€â”€â”€â”€â”€â”€â”€â”€â”€â”€â”€â”€â”€â”€â”€
[NONE ][21:38:06]       1 | [BOT]           | ? |     5 |    148 | -1408, -1389 | cw KKK fag                    
[NONE ][21:38:06]       2 | [BOT]           | ? |     1 |    145 |  5383,  1369 | TrickzYTðŸ‘Š                    
[NONE ][21:38:06]       3 | [BOT]           | ? |     3 |   8934 | -1974, -2059 | 0 _ 0                         
[NONE ][21:38:06]       4 | [BOT]           | ? |     1 |    230 |  6337, -3421 | sara fan                      
[NONE ][21:38:06]       5 | [BOT]           | ? |    15 |   2243 |   155,   301 | è—Å È¶à¼»HÐ„Æ›ÆŠHÆ²ÆÆ¬Ð„Æ¦È¤               
[NONE ][21:38:06]       6 | 181.54.232.4    | 6 |     1 |  16850 |   343,  -264 | nepe 7u7                      
[NONE ][21:38:06]      22 | 186.1.180.215   | 6 | -------------------------------------------DEAD OR NOT PLAYING
[NONE ][21:38:06]      38 | 186.101.231.216 | 6 |    16 |   5130 |   134,  -223 | [ãŠ›] - An[?]um                 
[NONE ][21:38:07] >pl
[NONE ][21:38:07] 
Current players: 53
[NONE ][21:38:07] Do "playerlist m" or "pl m" to list minions

[NONE ][21:38:07]  ID     | IP              | P | CELLS | SCORE  |   POSITION   | NICK                           
[NONE ][21:38:07] â”€â”€â”€â”€â”€â”€â”€â”€â”€â”€â”€â”€â”€â”€â”€â”€â”€â”€â”€â”€â”€â”€â”€â”€â”€â”€â”€â”€â”€â”€â”€â”€â”€â”€â”€â”€â”€â”€â”€â”€â”€â”€â”€â”€â”€â”€â”€â”€â”€â”€â”€â”€â”€â”€â”€â”€â”€â”€â”€â”€â”€â”€â”€â”€â”€â”€â”€â”€â”€â”€â”€â”€â”€â”€â”€â”€â”€â”€â”€â”€â”€â”€â”€â”€â”€â”€â”€â”€â”€â”€â”€â”€â”€â”€â”€
[NONE ][21:38:07]       1 | [BOT]           | ? |     5 |    148 | -1408, -1389 | cw KKK fag                    
[NONE ][21:38:07]       2 | [BOT]           | ? |     1 |    145 |  5360,  1393 | TrickzYTðŸ‘Š                    
[NONE ][21:38:07]       3 | [BOT]           | ? |     3 |   8934 | -1969, -2053 | 0 _ 0                         
[NONE ][21:38:07]       4 | [BOT]           | ? |     1 |    230 |  6373, -3385 | sara fan                      
[NONE ][21:38:07]       5 | [BOT]           | ? |    15 |   2243 |   156,   300 | è—Å È¶à¼»HÐ„Æ›ÆŠHÆ²ÆÆ¬Ð„Æ¦È¤               
[NONE ][21:38:07]       6 | 181.54.232.4    | 6 |     1 |  16824 |   339,  -283 | nepe 7u7                      
[NONE ][21:38:07]      22 | 186.1.180.215   | 6 | -------------------------------------------DEAD OR NOT PLAYING
[NONE ][21:38:07]      38 | 186.101.231.216 | 6 |    15 |   4871 |   146,  -237 | [ãŠ›] - An[?]um                 
[NONE ][21:38:07] >pl
[NONE ][21:38:07] 
Current players: 53
[NONE ][21:38:07] Do "playerlist m" or "pl m" to list minions

[NONE ][21:38:07]  ID     | IP              | P | CELLS | SCORE  |   POSITION   | NICK                           
[NONE ][21:38:07] â”€â”€â”€â”€â”€â”€â”€â”€â”€â”€â”€â”€â”€â”€â”€â”€â”€â”€â”€â”€â”€â”€â”€â”€â”€â”€â”€â”€â”€â”€â”€â”€â”€â”€â”€â”€â”€â”€â”€â”€â”€â”€â”€â”€â”€â”€â”€â”€â”€â”€â”€â”€â”€â”€â”€â”€â”€â”€â”€â”€â”€â”€â”€â”€â”€â”€â”€â”€â”€â”€â”€â”€â”€â”€â”€â”€â”€â”€â”€â”€â”€â”€â”€â”€â”€â”€â”€â”€â”€â”€â”€â”€â”€â”€â”€
[NONE ][21:38:07]       1 | [BOT]           | ? |     5 |    148 | -1408, -1391 | cw KKK fag                    
[NONE ][21:38:07]       2 | [BOT]           | ? |     1 |    148 |  5342,  1399 | TrickzYTðŸ‘Š                    
[NONE ][21:38:07]       3 | [BOT]           | ? |     3 |   8916 | -1964, -2048 | 0 _ 0                         
[NONE ][21:38:07]       4 | [BOT]           | ? |     1 |    232 |  6398, -3347 | sara fan                      
[NONE ][21:38:07]       5 | [BOT]           | ? |    15 |   2239 |   157,   299 | è—Å È¶à¼»HÐ„Æ›ÆŠHÆ²ÆÆ¬Ð„Æ¦È¤               
[NONE ][21:38:07]       6 | 181.54.232.4    | 6 |     1 |  16788 |   335,  -301 | nepe 7u7                      
[NONE ][21:38:07]      22 | 186.1.180.215   | 6 | -------------------------------------------DEAD OR NOT PLAYING
[NONE ][21:38:07]      38 | 186.101.231.216 | 6 |    15 |   4862 |   148,  -237 | [ãŠ›] - An[?]um                 
[NONE ][21:38:07] >pl
[NONE ][21:38:07] 
Current players: 53
[NONE ][21:38:07] Do "playerlist m" or "pl m" to list minions

[NONE ][21:38:07]  ID     | IP              | P | CELLS | SCORE  |   POSITION   | NICK                           
[NONE ][21:38:07] â”€â”€â”€â”€â”€â”€â”€â”€â”€â”€â”€â”€â”€â”€â”€â”€â”€â”€â”€â”€â”€â”€â”€â”€â”€â”€â”€â”€â”€â”€â”€â”€â”€â”€â”€â”€â”€â”€â”€â”€â”€â”€â”€â”€â”€â”€â”€â”€â”€â”€â”€â”€â”€â”€â”€â”€â”€â”€â”€â”€â”€â”€â”€â”€â”€â”€â”€â”€â”€â”€â”€â”€â”€â”€â”€â”€â”€â”€â”€â”€â”€â”€â”€â”€â”€â”€â”€â”€â”€â”€â”€â”€â”€â”€â”€
[NONE ][21:38:07]       1 | [BOT]           | ? |     5 |    148 | -1408, -1391 | cw KKK fag                    
[NONE ][21:38:07]       2 | [BOT]           | ? |     1 |    148 |  5328,  1394 | TrickzYTðŸ‘Š                    
[NONE ][21:38:07]       3 | [BOT]           | ? |     3 |   8916 | -1960, -2044 | 0 _ 0                         
[NONE ][21:38:07]       4 | [BOT]           | ? |     1 |    232 |  6425, -3317 | sara fan                      
[NONE ][21:38:07]       5 | [BOT]           | ? |    15 |   2239 |   157,   298 | è—Å È¶à¼»HÐ„Æ›ÆŠHÆ²ÆÆ¬Ð„Æ¦È¤               
[NONE ][21:38:07]       6 | 181.54.232.4    | 6 |     1 |  16762 |   331,  -316 | nepe 7u7                      
[NONE ][21:38:07]      22 | 186.1.180.215   | 6 | -------------------------------------------DEAD OR NOT PLAYING
[NONE ][21:38:07]      38 | 186.101.231.216 | 6 |    15 |   4862 |   151,  -237 | [ãŠ›] - An[?]um                 
[NONE ][21:38:07] >pl
[NONE ][21:38:07] 
Current players: 53
[NONE ][21:38:07] Do "playerlist m" or "pl m" to list minions

[NONE ][21:38:07]  ID     | IP              | P | CELLS | SCORE  |   POSITION   | NICK                           
[NONE ][21:38:07] â”€â”€â”€â”€â”€â”€â”€â”€â”€â”€â”€â”€â”€â”€â”€â”€â”€â”€â”€â”€â”€â”€â”€â”€â”€â”€â”€â”€â”€â”€â”€â”€â”€â”€â”€â”€â”€â”€â”€â”€â”€â”€â”€â”€â”€â”€â”€â”€â”€â”€â”€â”€â”€â”€â”€â”€â”€â”€â”€â”€â”€â”€â”€â”€â”€â”€â”€â”€â”€â”€â”€â”€â”€â”€â”€â”€â”€â”€â”€â”€â”€â”€â”€â”€â”€â”€â”€â”€â”€â”€â”€â”€â”€â”€â”€
[NONE ][21:38:07]       1 | [BOT]           | ? |     5 |    148 | -1408, -1391 | cw KKK fag                    
[NONE ][21:38:07]       2 | [BOT]           | ? |     1 |    151 |  5326,  1384 | TrickzYTðŸ‘Š                    
[NONE ][21:38:07]       3 | [BOT]           | ? |     3 |   8916 | -1955, -2039 | 0 _ 0                         
[NONE ][21:38:07]       4 | [BOT]           | ? |     1 |    232 |  6461, -3282 | sara fan                      
[NONE ][21:38:07]       5 | [BOT]           | ? |    15 |   2239 |   158,   298 | è—Å È¶à¼»HÐ„Æ›ÆŠHÆ²ÆÆ¬Ð„Æ¦È¤               
[NONE ][21:38:07]       6 | 181.54.232.4    | 6 |     1 |  16736 |   326,  -334 | nepe 7u7                      
[NONE ][21:38:07]      22 | 186.1.180.215   | 6 | -------------------------------------------DEAD OR NOT PLAYING
[NONE ][21:38:07]      38 | 186.101.231.216 | 6 |    15 |   4873 |   153,  -237 | [ãŠ›] - An[?]um                 
[NONE ][21:38:07] >pl
[NONE ][21:38:07] 
Current players: 53
[NONE ][21:38:07] Do "playerlist m" or "pl m" to list minions

[NONE ][21:38:07]  ID     | IP              | P | CELLS | SCORE  |   POSITION   | NICK                           
[NONE ][21:38:07] â”€â”€â”€â”€â”€â”€â”€â”€â”€â”€â”€â”€â”€â”€â”€â”€â”€â”€â”€â”€â”€â”€â”€â”€â”€â”€â”€â”€â”€â”€â”€â”€â”€â”€â”€â”€â”€â”€â”€â”€â”€â”€â”€â”€â”€â”€â”€â”€â”€â”€â”€â”€â”€â”€â”€â”€â”€â”€â”€â”€â”€â”€â”€â”€â”€â”€â”€â”€â”€â”€â”€â”€â”€â”€â”€â”€â”€â”€â”€â”€â”€â”€â”€â”€â”€â”€â”€â”€â”€â”€â”€â”€â”€â”€â”€
[NONE ][21:38:07]       1 | [BOT]           | ? |     5 |    148 | -1408, -1391 | cw KKK fag                    
[NONE ][21:38:07]       2 | [BOT]           | ? |     1 |    151 |  5333,  1373 | TrickzYTðŸ‘Š                    
[NONE ][21:38:07]       3 | [BOT]           | ? |     3 |   8916 | -1950, -2035 | 0 _ 0                         
[NONE ][21:38:07]       4 | [BOT]           | ? |     1 |    232 |  6490, -3254 | sara fan                      
[NONE ][21:38:07]       5 | [BOT]           | ? |    15 |   2239 |   159,   297 | è—Å È¶à¼»HÐ„Æ›ÆŠHÆ²ÆÆ¬Ð„Æ¦È¤               
[NONE ][21:38:07]       6 | 181.54.232.4    | 6 |     1 |  16710 |   323,  -349 | nepe 7u7                      
[NONE ][21:38:07]      22 | 186.1.180.215   | 6 | -------------------------------------------DEAD OR NOT PLAYING
[NONE ][21:38:07]      38 | 186.101.231.216 | 6 |    11 |   3654 |   241,  -342 | [ãŠ›] - An[?]um                 
[NONE ][21:38:08] >pl
[NONE ][21:38:08] 
Current players: 53
[NONE ][21:38:08] Do "playerlist m" or "pl m" to list minions

[NONE ][21:38:08]  ID     | IP              | P | CELLS | SCORE  |   POSITION   | NICK                           
[NONE ][21:38:08] â”€â”€â”€â”€â”€â”€â”€â”€â”€â”€â”€â”€â”€â”€â”€â”€â”€â”€â”€â”€â”€â”€â”€â”€â”€â”€â”€â”€â”€â”€â”€â”€â”€â”€â”€â”€â”€â”€â”€â”€â”€â”€â”€â”€â”€â”€â”€â”€â”€â”€â”€â”€â”€â”€â”€â”€â”€â”€â”€â”€â”€â”€â”€â”€â”€â”€â”€â”€â”€â”€â”€â”€â”€â”€â”€â”€â”€â”€â”€â”€â”€â”€â”€â”€â”€â”€â”€â”€â”€â”€â”€â”€â”€â”€â”€
[NONE ][21:38:08]       1 | [BOT]           | ? |     5 |    148 | -1408, -1391 | cw KKK fag                    
[NONE ][21:38:08]       2 | [BOT]           | ? |     1 |    151 |  5340,  1365 | TrickzYTðŸ‘Š                    
[NONE ][21:38:08]       3 | [BOT]           | ? |     3 |   8916 | -1946, -2032 | 0 _ 0                         
[NONE ][21:38:08]       4 | [BOT]           | ? |     1 |    232 |  6520, -3227 | sara fan                      
[NONE ][21:38:08]       5 | [BOT]           | ? |    15 |   2239 |   160,   297 | è—Å È¶à¼»HÐ„Æ›ÆŠHÆ²ÆÆ¬Ð„Æ¦È¤               
[NONE ][21:38:08]       6 | 181.54.232.4    | 6 |     1 |  16684 |   319,  -363 | nepe 7u7                      
[NONE ][21:38:08]      22 | 186.1.180.215   | 6 | -------------------------------------------DEAD OR NOT PLAYING
[NONE ][21:38:08]      38 | 186.101.231.216 | 6 |    11 |   3654 |   238,  -343 | [ãŠ›] - An[?]um                 
[NONE ][21:38:08] >pl
[NONE ][21:38:08] 
Current players: 53
[NONE ][21:38:08] Do "playerlist m" or "pl m" to list minions

[NONE ][21:38:08]  ID     | IP              | P | CELLS | SCORE  |   POSITION   | NICK                           
[NONE ][21:38:08] â”€â”€â”€â”€â”€â”€â”€â”€â”€â”€â”€â”€â”€â”€â”€â”€â”€â”€â”€â”€â”€â”€â”€â”€â”€â”€â”€â”€â”€â”€â”€â”€â”€â”€â”€â”€â”€â”€â”€â”€â”€â”€â”€â”€â”€â”€â”€â”€â”€â”€â”€â”€â”€â”€â”€â”€â”€â”€â”€â”€â”€â”€â”€â”€â”€â”€â”€â”€â”€â”€â”€â”€â”€â”€â”€â”€â”€â”€â”€â”€â”€â”€â”€â”€â”€â”€â”€â”€â”€â”€â”€â”€â”€â”€â”€
[NONE ][21:38:08]       1 | [BOT]           | ? |     5 |    147 | -1408, -1392 | cw KKK fag                    
[NONE ][21:38:08]       2 | [BOT]           | ? |     1 |    151 |  5350,  1355 | TrickzYTðŸ‘Š                    
[NONE ][21:38:08]       3 | [BOT]           | ? |     3 |   8898 | -1941, -2027 | 0 _ 0                         
[NONE ][21:38:08]       4 | [BOT]           | ? |     1 |    233 |  6553, -3189 | sara fan                      
[NONE ][21:38:08]       5 | [BOT]           | ? |    15 |   2234 |   161,   296 | è—Å È¶à¼»HÐ„Æ›ÆŠHÆ²ÆÆ¬Ð„Æ¦È¤               
[NONE ][21:38:08]       6 | 181.54.232.4    | 6 |     1 |  16652 |   315,  -382 | nepe 7u7                      
[NONE ][21:38:08]      22 | 186.1.180.215   | 6 | -------------------------------------------DEAD OR NOT PLAYING
[NONE ][21:38:08]      38 | 186.101.231.216 | 6 |     9 |   2973 |   191,  -486 | [ãŠ›] - An[?]um                 
[NONE ][21:38:08] >pl
[NONE ][21:38:08] 
Current players: 53
[NONE ][21:38:08] Do "playerlist m" or "pl m" to list minions

[NONE ][21:38:08]  ID     | IP              | P | CELLS | SCORE  |   POSITION   | NICK                           
[NONE ][21:38:08] â”€â”€â”€â”€â”€â”€â”€â”€â”€â”€â”€â”€â”€â”€â”€â”€â”€â”€â”€â”€â”€â”€â”€â”€â”€â”€â”€â”€â”€â”€â”€â”€â”€â”€â”€â”€â”€â”€â”€â”€â”€â”€â”€â”€â”€â”€â”€â”€â”€â”€â”€â”€â”€â”€â”€â”€â”€â”€â”€â”€â”€â”€â”€â”€â”€â”€â”€â”€â”€â”€â”€â”€â”€â”€â”€â”€â”€â”€â”€â”€â”€â”€â”€â”€â”€â”€â”€â”€â”€â”€â”€â”€â”€â”€â”€
[NONE ][21:38:08]       1 | [BOT]           | ? |     5 |    147 | -1408, -1394 | cw KKK fag                    
[NONE ][21:38:08]       2 | [BOT]           | ? |     1 |    151 |  5361,  1347 | TrickzYTðŸ‘Š                    
[NONE ][21:38:08]       3 | [BOT]           | ? |     3 |   8899 | -1935, -2022 | 0 _ 0                         
[NONE ][21:38:08]       4 | [BOT]           | ? |     1 |    233 |  6582, -3148 | sara fan                      
[NONE ][21:38:08]       5 | [BOT]           | ? |    15 |   2234 |   162,   295 | è—Å È¶à¼»HÐ„Æ›ÆŠHÆ²ÆÆ¬Ð„Æ¦È¤               
[NONE ][21:38:08]       6 | 181.54.232.4    | 6 |     1 |  16626 |   310,  -400 | nepe 7u7                      
[NONE ][21:38:08]      22 | 186.1.180.215   | 6 | -------------------------------------------DEAD OR NOT PLAYING
[NONE ][21:38:08]      38 | 186.101.231.216 | 6 |     9 |   2973 |   192,  -487 | [ãŠ›] - An[?]um                 
[NONE ][21:38:08] >pl
[NONE ][21:38:08] 
Current players: 53
[NONE ][21:38:08] Do "playerlist m" or "pl m" to list minions

[NONE ][21:38:08]  ID     | IP              | P | CELLS | SCORE  |   POSITION   | NICK                           
[NONE ][21:38:08] â”€â”€â”€â”€â”€â”€â”€â”€â”€â”€â”€â”€â”€â”€â”€â”€â”€â”€â”€â”€â”€â”€â”€â”€â”€â”€â”€â”€â”€â”€â”€â”€â”€â”€â”€â”€â”€â”€â”€â”€â”€â”€â”€â”€â”€â”€â”€â”€â”€â”€â”€â”€â”€â”€â”€â”€â”€â”€â”€â”€â”€â”€â”€â”€â”€â”€â”€â”€â”€â”€â”€â”€â”€â”€â”€â”€â”€â”€â”€â”€â”€â”€â”€â”€â”€â”€â”€â”€â”€â”€â”€â”€â”€â”€â”€
[NONE ][21:38:08]       1 | [BOT]           | ? |     5 |    147 | -1408, -1394 | cw KKK fag                    
[NONE ][21:38:08]       2 | [BOT]           | ? |     1 |    151 |  5372,  1341 | TrickzYTðŸ‘Š                    
[NONE ][21:38:08]       3 | [BOT]           | ? |     3 |   8899 | -1930, -2017 | 0 _ 0                         
[NONE ][21:38:08]       4 | [BOT]           | ? |     1 |    233 |  6611, -3107 | sara fan                      
[NONE ][21:38:08]       5 | [BOT]           | ? |    15 |   2234 |   163,   295 | è—Å È¶à¼»HÐ„Æ›ÆŠHÆ²ÆÆ¬Ð„Æ¦È¤               
[NONE ][21:38:08]       6 | 181.54.232.4    | 6 |     1 |  16669 |   306,  -419 | nepe 7u7                      
[NONE ][21:38:08]      22 | 186.1.180.215   | 6 | -------------------------------------------DEAD OR NOT PLAYING
[NONE ][21:38:08]      38 | 186.101.231.216 | 6 |     5 |   1588 |   277,  -847 | [ãŠ›] - An[?]um                 
[NONE ][21:38:08] >pl
[NONE ][21:38:08] 
Current players: 53
[NONE ][21:38:08] Do "playerlist m" or "pl m" to list minions

[NONE ][21:38:08]  ID     | IP              | P | CELLS | SCORE  |   POSITION   | NICK                           
[NONE ][21:38:08] â”€â”€â”€â”€â”€â”€â”€â”€â”€â”€â”€â”€â”€â”€â”€â”€â”€â”€â”€â”€â”€â”€â”€â”€â”€â”€â”€â”€â”€â”€â”€â”€â”€â”€â”€â”€â”€â”€â”€â”€â”€â”€â”€â”€â”€â”€â”€â”€â”€â”€â”€â”€â”€â”€â”€â”€â”€â”€â”€â”€â”€â”€â”€â”€â”€â”€â”€â”€â”€â”€â”€â”€â”€â”€â”€â”€â”€â”€â”€â”€â”€â”€â”€â”€â”€â”€â”€â”€â”€â”€â”€â”€â”€â”€â”€
[NONE ][21:38:08]       1 | [BOT]           | ? |     5 |    147 | -1408, -1395 | cw KKK fag                    
[NONE ][21:38:08]       2 | [BOT]           | ? |     1 |    151 |  5382,  1337 | TrickzYTðŸ‘Š                    
[NONE ][21:38:08]       3 | [BOT]           | ? |     3 |   8899 | -1924, -2012 | 0 _ 0                         
[NONE ][21:38:08]       4 | [BOT]           | ? |     1 |    233 |  6637, -3063 | sara fan                      
[NONE ][21:38:08]       5 | [BOT]           | ? |    15 |   2234 |   164,   295 | è—Å È¶à¼»HÐ„Æ›ÆŠHÆ²ÆÆ¬Ð„Æ¦È¤               
[NONE ][21:38:08]       6 | 181.54.232.4    | 6 |     1 |  16669 |   301,  -437 | nepe 7u7                      
[NONE ][21:38:08]      22 | 186.1.180.215   | 6 | -------------------------------------------DEAD OR NOT PLAYING
[NONE ][21:38:08]      38 | 186.101.231.216 | 6 |     4 |   1289 |   350, -1066 | [ãŠ›] - An[?]um                 
[NONE ][21:38:09] >pl
[NONE ][21:38:09] 
Current players: 53
[NONE ][21:38:09] Do "playerlist m" or "pl m" to list minions

[NONE ][21:38:09]  ID     | IP              | P | CELLS | SCORE  |   POSITION   | NICK                           
[NONE ][21:38:09] â”€â”€â”€â”€â”€â”€â”€â”€â”€â”€â”€â”€â”€â”€â”€â”€â”€â”€â”€â”€â”€â”€â”€â”€â”€â”€â”€â”€â”€â”€â”€â”€â”€â”€â”€â”€â”€â”€â”€â”€â”€â”€â”€â”€â”€â”€â”€â”€â”€â”€â”€â”€â”€â”€â”€â”€â”€â”€â”€â”€â”€â”€â”€â”€â”€â”€â”€â”€â”€â”€â”€â”€â”€â”€â”€â”€â”€â”€â”€â”€â”€â”€â”€â”€â”€â”€â”€â”€â”€â”€â”€â”€â”€â”€â”€
[NONE ][21:38:09]       1 | [BOT]           | ? |     5 |    147 | -1408, -1394 | cw KKK fag                    
[NONE ][21:38:09]       2 | [BOT]           | ? |     1 |    151 |  5390,  1338 | TrickzYTðŸ‘Š                    
[NONE ][21:38:09]       3 | [BOT]           | ? |     3 |   8899 | -1919, -2007 | 0 _ 0                         
[NONE ][21:38:09]       4 | [BOT]           | ? |     1 |    237 |  6666, -3027 | sara fan                      
[NONE ][21:38:09]       5 | [BOT]           | ? |    15 |   2234 |   165,   295 | è—Å È¶à¼»HÐ„Æ›ÆŠHÆ²ÆÆ¬Ð„Æ¦È¤               
[NONE ][21:38:09]       6 | 181.54.232.4    | 6 |     1 |  16718 |   296,  -456 | nepe 7u7                      
[NONE ][21:38:09]      22 | 186.1.180.215   | 6 | -------------------------------------------DEAD OR NOT PLAYING
[NONE ][21:38:09]      38 | 186.101.231.216 | 6 |     4 |   1289 |   357, -1073 | [ãŠ›] - An[?]um                 
[NONE ][21:38:09] >pl
[NONE ][21:38:09] 
Current players: 53
[NONE ][21:38:09] Do "playerlist m" or "pl m" to list minions

[NONE ][21:38:09]  ID     | IP              | P | CELLS | SCORE  |   POSITION   | NICK                           
[NONE ][21:38:09] â”€â”€â”€â”€â”€â”€â”€â”€â”€â”€â”€â”€â”€â”€â”€â”€â”€â”€â”€â”€â”€â”€â”€â”€â”€â”€â”€â”€â”€â”€â”€â”€â”€â”€â”€â”€â”€â”€â”€â”€â”€â”€â”€â”€â”€â”€â”€â”€â”€â”€â”€â”€â”€â”€â”€â”€â”€â”€â”€â”€â”€â”€â”€â”€â”€â”€â”€â”€â”€â”€â”€â”€â”€â”€â”€â”€â”€â”€â”€â”€â”€â”€â”€â”€â”€â”€â”€â”€â”€â”€â”€â”€â”€â”€â”€
[NONE ][21:38:09]       1 | [BOT]           | ? |     5 |    147 | -1408, -1395 | cw KKK fag                    
[NONE ][21:38:09]       2 | [BOT]           | ? |     1 |    151 |  5400,  1342 | TrickzYTðŸ‘Š                    
[NONE ][21:38:09]       3 | [BOT]           | ? |     3 |   8882 | -1913, -2003 | 0 _ 0                         
[NONE ][21:38:09]       4 | [BOT]           | ? |     1 |    236 |  6707, -3004 | sara fan                      
[NONE ][21:38:09]       5 | [BOT]           | ? |    15 |   2230 |   167,   295 | è—Å È¶à¼»HÐ„Æ›ÆŠHÆ²ÆÆ¬Ð„Æ¦È¤               
[NONE ][21:38:09]       6 | 181.54.232.4    | 6 |     1 |  16685 |   292,  -474 | nepe 7u7                      
[NONE ][21:38:09]      22 | 186.1.180.215   | 6 | -------------------------------------------DEAD OR NOT PLAYING
[NONE ][21:38:09]      38 | 186.101.231.216 | 6 |     4 |   1286 |   363, -1078 | [ãŠ›] - An[?]um                 
[NONE ][21:38:09] >pl
[NONE ][21:38:09] 
Current players: 53
[NONE ][21:38:09] Do "playerlist m" or "pl m" to list minions

[NONE ][21:38:09]  ID     | IP              | P | CELLS | SCORE  |   POSITION   | NICK                           
[NONE ][21:38:09] â”€â”€â”€â”€â”€â”€â”€â”€â”€â”€â”€â”€â”€â”€â”€â”€â”€â”€â”€â”€â”€â”€â”€â”€â”€â”€â”€â”€â”€â”€â”€â”€â”€â”€â”€â”€â”€â”€â”€â”€â”€â”€â”€â”€â”€â”€â”€â”€â”€â”€â”€â”€â”€â”€â”€â”€â”€â”€â”€â”€â”€â”€â”€â”€â”€â”€â”€â”€â”€â”€â”€â”€â”€â”€â”€â”€â”€â”€â”€â”€â”€â”€â”€â”€â”€â”€â”€â”€â”€â”€â”€â”€â”€â”€â”€
[NONE ][21:38:09]       1 | [BOT]           | ? |     5 |    147 | -1408, -1394 | cw KKK fag                    
[NONE ][21:38:09]       2 | [BOT]           | ? |     1 |    151 |  5410,  1347 | TrickzYTðŸ‘Š                    
[NONE ][21:38:09]       3 | [BOT]           | ? |     3 |   8882 | -1908, -1998 | 0 _ 0                         
[NONE ][21:38:09]       4 | [BOT]           | ? |     1 |    239 |  6745, -2984 | sara fan                      
[NONE ][21:38:09]       5 | [BOT]           | ? |    15 |   2230 |   168,   295 | è—Å È¶à¼»HÐ„Æ›ÆŠHÆ²ÆÆ¬Ð„Æ¦È¤               
[NONE ][21:38:09]       6 | 181.54.232.4    | 6 |     1 |  16685 |   287,  -492 | nepe 7u7                      
[NONE ][21:38:09]      22 | 186.1.180.215   | 6 | -------------------------------------------DEAD OR NOT PLAYING
[NONE ][21:38:09]      38 | 186.101.231.216 | 6 |     3 |    905 |   571, -1265 | [ãŠ›] - An[?]um                 
[NONE ][21:38:09] >pl
[NONE ][21:38:09] 
Current players: 53
[NONE ][21:38:09] Do "playerlist m" or "pl m" to list minions

[NONE ][21:38:09]  ID     | IP              | P | CELLS | SCORE  |   POSITION   | NICK                           
[NONE ][21:38:09] â”€â”€â”€â”€â”€â”€â”€â”€â”€â”€â”€â”€â”€â”€â”€â”€â”€â”€â”€â”€â”€â”€â”€â”€â”€â”€â”€â”€â”€â”€â”€â”€â”€â”€â”€â”€â”€â”€â”€â”€â”€â”€â”€â”€â”€â”€â”€â”€â”€â”€â”€â”€â”€â”€â”€â”€â”€â”€â”€â”€â”€â”€â”€â”€â”€â”€â”€â”€â”€â”€â”€â”€â”€â”€â”€â”€â”€â”€â”€â”€â”€â”€â”€â”€â”€â”€â”€â”€â”€â”€â”€â”€â”€â”€â”€
[NONE ][21:38:09]       1 | [BOT]           | ? |     5 |    147 | -1408, -1395 | cw KKK fag                    
[NONE ][21:38:09]       2 | [BOT]           | ? |     1 |    151 |  5417,  1351 | TrickzYTðŸ‘Š                    
[NONE ][21:38:09]       3 | [BOT]           | ? |     2 |   8698 | -2857, -2993 | 0 _ 0                         
[NONE ][21:38:09]       4 | [BOT]           | ? |     1 |    241 |  6763, -2967 | sara fan                      
[NONE ][21:38:09]       5 | [BOT]           | ? |    15 |   2230 |   169,   295 | è—Å È¶à¼»HÐ„Æ›ÆŠHÆ²ÆÆ¬Ð„Æ¦È¤               
[NONE ][21:38:09]       6 | 181.54.232.4    | 6 |     1 |  16685 |   285,  -503 | nepe 7u7                      
[NONE ][21:38:09]      22 | 186.1.180.215   | 6 | -------------------------------------------DEAD OR NOT PLAYING
[NONE ][21:38:09]      38 | 186.101.231.216 | 6 |     3 |    905 |   573, -1272 | [ãŠ›] - An[?]um                 
[NONE ][21:38:28] CONNECTED 191.88.73.76:49321, origin: "http://zapphy.epizy.com"
[NONE ][21:44:57] DISCONNECTED 186.101.231.216:50188, code: 1006, reason: "", name: "[ãŠ›] - An[?]um"
[NONE ][21:45:26] CONNECTED 186.101.231.216:50678, origin: "http://zapphy.epizy.com"
[NONE ][21:45:29] >pl
[NONE ][21:45:29] 
Current players: 69
[NONE ][21:45:29] Do "playerlist m" or "pl m" to list minions

[NONE ][21:45:29]  ID     | IP              | P | CELLS | SCORE  |   POSITION   | NICK                           
[NONE ][21:45:29] â”€â”€â”€â”€â”€â”€â”€â”€â”€â”€â”€â”€â”€â”€â”€â”€â”€â”€â”€â”€â”€â”€â”€â”€â”€â”€â”€â”€â”€â”€â”€â”€â”€â”€â”€â”€â”€â”€â”€â”€â”€â”€â”€â”€â”€â”€â”€â”€â”€â”€â”€â”€â”€â”€â”€â”€â”€â”€â”€â”€â”€â”€â”€â”€â”€â”€â”€â”€â”€â”€â”€â”€â”€â”€â”€â”€â”€â”€â”€â”€â”€â”€â”€â”€â”€â”€â”€â”€â”€â”€â”€â”€â”€â”€â”€
[NONE ][21:45:29]       1 | [BOT]           | ? |    13 |  66981 |  -338,  -211 | cw KKK fag                    
[NONE ][21:45:29]       2 | [BOT]           | ? |     6 |    321 |  1132,   196 | TrickzYTðŸ‘Š                    
[NONE ][21:45:29]       3 | [BOT]           | ? |     6 |   3184 |   825,  1017 | 0 _ 0                         
[NONE ][21:45:29]       4 | [BOT]           | ? |    10 |  14355 |   334,   487 | sara fan                      
[NONE ][21:45:29]       5 | [BOT]           | ? |    15 |   3839 |   211,  -172 | è—Å È¶à¼»HÐ„Æ›ÆŠHÆ²ÆÆ¬Ð„Æ¦È¤               
[NONE ][21:45:29]       6 | 181.54.232.4    | 6 |     1 |  18800 | -1197, -3774 | nepe 7u7                      
[NONE ][21:45:29]      22 | 186.1.180.215   | 6 | -------------------------------------------DEAD OR NOT PLAYING
[NONE ][21:45:29]      54 | 191.88.73.76    | 6 |     1 |   3209 |  3042,  6083 | Zapphire                      
[NONE ][21:45:29]      70 | 186.101.231.216 | 6 | -------------------------------------------DEAD OR NOT PLAYING
[NONE ][21:45:34] >pl
[NONE ][21:45:34] 
Current players: 69
[NONE ][21:45:34] Do "playerlist m" or "pl m" to list minions

[NONE ][21:45:34]  ID     | IP              | P | CELLS | SCORE  |   POSITION   | NICK                           
[NONE ][21:45:34] â”€â”€â”€â”€â”€â”€â”€â”€â”€â”€â”€â”€â”€â”€â”€â”€â”€â”€â”€â”€â”€â”€â”€â”€â”€â”€â”€â”€â”€â”€â”€â”€â”€â”€â”€â”€â”€â”€â”€â”€â”€â”€â”€â”€â”€â”€â”€â”€â”€â”€â”€â”€â”€â”€â”€â”€â”€â”€â”€â”€â”€â”€â”€â”€â”€â”€â”€â”€â”€â”€â”€â”€â”€â”€â”€â”€â”€â”€â”€â”€â”€â”€â”€â”€â”€â”€â”€â”€â”€â”€â”€â”€â”€â”€â”€
[NONE ][21:45:34]       1 | [BOT]           | ? |     2 |  37743 | -2250, -1349 | cw KKK fag                    
[NONE ][21:45:34]       2 | [BOT]           | ? |    11 |    369 |   587,    35 | TrickzYTðŸ‘Š                    
[NONE ][21:45:34]       3 | [BOT]           | ? |     5 |   3203 |  1142,  1333 | 0 _ 0                         
[NONE ][21:45:34]       4 | [BOT]           | ? |     2 |  12549 |  1685,  2700 | sara fan                      
[NONE ][21:45:34]       5 | [BOT]           | ? |    15 |   3824 |   194,  -104 | è—Å È¶à¼»HÐ„Æ›ÆŠHÆ²ÆÆ¬Ð„Æ¦È¤               
[NONE ][21:45:34]       6 | 181.54.232.4    | 6 |     3 |  48179 |  -229,  -953 | nepe 7u7                      
[NONE ][21:45:34]      22 | 186.1.180.215   | 6 | -------------------------------------------DEAD OR NOT PLAYING
[NONE ][21:45:34]      54 | 191.88.73.76    | 6 |     1 |   5195 |  3594,  6457 | Zapphire                      
[NONE ][21:45:34]      70 | 186.101.231.216 | 6 |     1 |   2510 |  1913,  4230 | [ãŠ›] - An[?]um                 
[NONE ][21:45:35] >pl
[NONE ][21:45:35] 
Current players: 69
[NONE ][21:45:35] Do "playerlist m" or "pl m" to list minions

[NONE ][21:45:35]  ID     | IP              | P | CELLS | SCORE  |   POSITION   | NICK                           
[NONE ][21:45:35] â”€â”€â”€â”€â”€â”€â”€â”€â”€â”€â”€â”€â”€â”€â”€â”€â”€â”€â”€â”€â”€â”€â”€â”€â”€â”€â”€â”€â”€â”€â”€â”€â”€â”€â”€â”€â”€â”€â”€â”€â”€â”€â”€â”€â”€â”€â”€â”€â”€â”€â”€â”€â”€â”€â”€â”€â”€â”€â”€â”€â”€â”€â”€â”€â”€â”€â”€â”€â”€â”€â”€â”€â”€â”€â”€â”€â”€â”€â”€â”€â”€â”€â”€â”€â”€â”€â”€â”€â”€â”€â”€â”€â”€â”€â”€
[NONE ][21:45:35]       1 | [BOT]           | ? |     2 |  37667 | -2241, -1390 | cw KKK fag                    
[NONE ][21:45:35]       2 | [BOT]           | ? |    11 |    372 |   604,    19 | TrickzYTðŸ‘Š                    
[NONE ][21:45:35]       3 | [BOT]           | ? |     5 |   3214 |  1165,  1349 | 0 _ 0                         
[NONE ][21:45:35]       4 | [BOT]           | ? |     2 |  12553 |  1701,  2737 | sara fan                      
[NONE ][21:45:35]       5 | [BOT]           | ? |    15 |   3862 |   198,   -92 | è—Å È¶à¼»HÐ„Æ›ÆŠHÆ²ÆÆ¬Ð„Æ¦È¤               
[NONE ][21:45:35]       6 | 181.54.232.4    | 6 |     3 |  48182 |  -255,  -957 | nepe 7u7                      
[NONE ][21:45:35]      22 | 186.1.180.215   | 6 | -------------------------------------------DEAD OR NOT PLAYING
[NONE ][21:45:35]      54 | 191.88.73.76    | 6 |     1 |   5199 |  3670,  6526 | Zapphire                      
[NONE ][21:45:35]      70 | 186.101.231.216 | 6 |     1 |   2505 |  1838,  4255 | [ãŠ›] - An[?]um                 
[NONE ][21:51:18] DISCONNECTED 191.88.73.76:49321, code: 1001, reason: "", name: "Zapphire"
[NONE ][21:53:15] DISCONNECTED 181.54.232.4:51922, code: 1001, reason: "", name: " nepe 7u7"
[NONE ][21:53:34] DISCONNECTED 186.101.231.216:50678, code: 1001, reason: "", name: "[ãŠ›] - An[?]um"
[NONE ][21:58:29] CONNECTED 181.54.232.4:53195, origin: "http://zapphy.epizy.com"
[DEBUG][22:02:22] process.exit(1)
=== Shutdown 2018-02-21T22-02-22-252 ===
