=== Started 2018-03-03T17-52-52-216 ===
[INFO ][17:52:52] 0 bad words loaded
[WARN ][17:52:52] User account "Local Moderator" disabled
[WARN ][17:52:52] User account "Local User" disabled
[INFO ][17:52:52] 1 user records loaded.
[INFO ][17:52:52] 1 IP ban records loaded.
[INFO ][17:52:52] [1m[32mMultiOgar-Edited 1.6.1[37m - An open source multi-protocol ogar server[0m
[INFO ][17:52:52] WebSocket: ws
[INFO ][17:52:52] Started stats server on port 1052
[INFO ][17:52:52] Listening on port 8888
[INFO ][17:52:52] Current game mode is Free For All
[INFO ][17:52:52] Added 2 player bots
[NONE ][17:52:52]   __  __       _ _   _  ___                        _____    _ _ _           _    _   __    _ 
 |  \/  |_   _| | |_(_)/ _ \  __ _  __ _ _ __     | ____|__| (_) |_ ___  __| |  / | / /_  / |
 | |\/| | | | | | __| | | | |/ _` |/ _` | '__|____|  _| / _` | | __/ _ \/ _` |  | || '_ \ | |
 | |  | | |_| | | |_| | |_| | (_| | (_| | | |_____| |__| (_| | | ||  __/ (_| |  | || (_) || |
 |_|  |_|\__,_|_|\__|_|\___/ \__, |\__,_|_|       |_____\__,_|_|\__\___|\__,_|  |_(_)___(_)_|
                             |___/                                                           
[NONE ][17:52:53] CONNECTED 127.0.0.1:21110, origin: "http://zapphy.epizy.com"
[NONE ][17:53:57] >pl
[NONE ][17:53:57] 
Current players: 23
[NONE ][17:53:57] Do "playerlist m" or "pl m" to list minions

[NONE ][17:53:57]  ID     | IP              | P | CELLS | SCORE  |   POSITION   | NICK                           
[NONE ][17:53:57] ───────────────────────────────────────────────────────────────────────────────────────────────
[NONE ][17:53:57]       1 | [BOT]           | ? |    16 |   2604 |  -117,    -4 | bulba                         
[NONE ][17:53:57]       2 | [BOT]           | ? |     4 |    166 |   979,  -325 | loco                          
[NONE ][17:53:57]       3 | 127.0.0.1       | 6 |     1 |    138 | -6085, -2165 | An unnamed cell               
[NONE ][17:53:59] >m 3 8000
[NONE ][17:53:59] Set mass of An unnamed cell to 8000.000
[NONE ][17:54:38] >m 3 13000
[NONE ][17:54:38] Set mass of An unnamed cell to 13000.000
[NONE ][17:56:12] >m 3 13000
[NONE ][17:56:12] Set mass of An unnamed cell to 13000.000
[NONE ][17:57:19] >exit
[WARN ][17:57:19] Closing server...
[DEBUG][17:57:19] process.exit(1)
=== Shutdown 2018-03-03T17-57-19-927 ===
