=== Started 2018-02-19T14-14-13-208 ===
[INFO ][14:14:13] 419 bad words loaded
[WARN ][14:14:13] User account "Local Administrator" disabled
[WARN ][14:14:13] User account "Local Moderator" disabled
[WARN ][14:14:13] User account "Local User" disabled
[INFO ][14:14:13] 0 user records loaded.
[INFO ][14:14:13] 0 IP ban records loaded.
[INFO ][14:14:13] [1m[32mMultiOgar-Edited 1.6.1[37m - An open source multi-protocol ogar server[0m
[INFO ][14:14:13] WebSocket: ws
[INFO ][14:14:13] Started stats server on port 9090
[INFO ][14:14:13] Listening on port 8888
[INFO ][14:14:13] Current game mode is Free For All
[INFO ][14:14:13] Added 5 player bots
[NONE ][14:14:13]   __  __       _ _   _  ___                        _____    _ _ _           _    _   __    _ 
 |  \/  |_   _| | |_(_)/ _ \  __ _  __ _ _ __     | ____|__| (_) |_ ___  __| |  / | / /_  / |
 | |\/| | | | | | __| | | | |/ _` |/ _` | '__|____|  _| / _` | | __/ _ \/ _` |  | || '_ \ | |
 | |  | | |_| | | |_| | |_| | (_| | (_| | | |_____| |__| (_| | | ||  __/ (_| |  | || (_) || |
 |_|  |_|\__,_|_|\__|_|\___/ \__, |\__,_|_|       |_____\__,_|_|\__\___|\__,_|  |_(_)___(_)_|
                             |___/                                                           
[NONE ][14:14:14] CONNECTED 191.88.73.76:49245, origin: "http://zapphy.epizy.com"
[NONE ][14:14:18] >m 6 17000
[NONE ][14:14:18] Set mass of Zap to 17000.000
[NONE ][14:14:40] >m 6 19000
[NONE ][14:14:40] Set mass of Zap to 19000.000
[NONE ][14:17:03] >m 6 19000
[NONE ][14:17:03] Set mass of Zap to 19000.000
[NONE ][14:21:22] >m 6 17200
[NONE ][14:21:22] Set mass of Zap to 17200.000
[NONE ][14:22:47] >m 6 19000
[NONE ][14:22:47] Set mass of Zap to 19000.000
[NONE ][14:25:02] >m 6 19000
[NONE ][14:25:02] Set mass of Zap to 19000.000
[NONE ][14:26:06] >m 6 19000
[NONE ][14:26:06] Set mass of Zap to 19000.000
[NONE ][14:27:51] >m 6 19000
[NONE ][14:27:51] Set mass of Zap to 19000.000
[NONE ][14:30:12] >m 6 19000
[NONE ][14:30:12] Set mass of Zap to 19000.000
[NONE ][14:32:16] >m 6 19000
[NONE ][14:32:16] Set mass of Zap to 19000.000
[NONE ][14:33:48] >m 6 19000
[NONE ][14:33:48] Set mass of Zap to 19000.000
[NONE ][14:34:33] >m 6 19000
[NONE ][14:34:33] Set mass of Zap to 19000.000
[NONE ][14:37:05] >m 6 19000
[NONE ][14:37:05] Set mass of Zap to 19000.000
[DEBUG][14:39:13] process.exit(1)
=== Shutdown 2018-02-19T14-39-13-393 ===
