=== Started 2018-02-21T22-02-22-693 ===
[INFO ][22:02:22] 0 bad words loaded
[WARN ][22:02:22] User account "Local Moderator" disabled
[WARN ][22:02:22] User account "Local User" disabled
[INFO ][22:02:22] 1 user records loaded.
[INFO ][22:02:22] 1 IP ban records loaded.
[INFO ][22:02:22] [1m[32mMultiOgar-Edited 1.6.1[37m - An open source multi-protocol ogar server[0m
[INFO ][22:02:22] WebSocket: ws
[INFO ][22:02:22] Started stats server on port 88
[INFO ][22:02:22] Listening on port 25565
[INFO ][22:02:22] Current game mode is Free For All
[INFO ][22:02:22] Added 5 player bots
[NONE ][22:02:22]   __  __       _ _   _  ___                        _____    _ _ _           _    _   __    _ 
 |  \/  |_   _| | |_(_)/ _ \  __ _  __ _ _ __     | ____|__| (_) |_ ___  __| |  / | / /_  / |
 | |\/| | | | | | __| | | | |/ _` |/ _` | '__|____|  _| / _` | | __/ _ \/ _` |  | || '_ \ | |
 | |  | | |_| | | |_| | |_| | (_| | (_| | | |_____| |__| (_| | | ||  __/ (_| |  | || (_) || |
 |_|  |_|\__,_|_|\__|_|\___/ \__, |\__,_|_|       |_____\__,_|_|\__\___|\__,_|  |_(_)___(_)_|
                             |___/                                                           
[NONE ][22:02:23] CONNECTED 186.1.180.215:49348, origin: "http://zapphy.epizy.com"
[NONE ][22:02:23] CONNECTED 181.54.232.4:53463, origin: "http://zapphy.epizy.com"
[NONE ][22:04:53] >st
[NONE ][22:04:53] Connected players: 37/128
[NONE ][22:04:53] Players: 2 - Bots: 35
[NONE ][22:04:53] Average score: 736.60
[NONE ][22:04:53] Server has been running for a total of2 minutes
[NONE ][22:04:53] Current memory usage: 12/29.9 mb
[NONE ][22:04:53] Current game mode: Free For All
[NONE ][22:04:53] Current update time: 2.295 [ms]  (perfectly smooth)
