=== Started 2018-02-19T14-01-01-620 ===
[INFO ][14:01:01] 419 bad words loaded
[WARN ][14:01:01] User account "Local Administrator" disabled
[WARN ][14:01:01] User account "Local Moderator" disabled
[WARN ][14:01:01] User account "Local User" disabled
[INFO ][14:01:01] 0 user records loaded.
[INFO ][14:01:01] 0 IP ban records loaded.
[INFO ][14:01:01] [1m[32mMultiOgar-Edited 1.6.1[37m - An open source multi-protocol ogar server[0m
[INFO ][14:01:01] WebSocket: ws
[INFO ][14:01:01] Started stats server on port 9090
[INFO ][14:01:01] Listening on port 8888
[INFO ][14:01:01] Current game mode is Free For All
[INFO ][14:01:01] Added 5 player bots
[NONE ][14:01:01]   __  __       _ _   _  ___                        _____    _ _ _           _    _   __    _ 
 |  \/  |_   _| | |_(_)/ _ \  __ _  __ _ _ __     | ____|__| (_) |_ ___  __| |  / | / /_  / |
 | |\/| | | | | | __| | | | |/ _` |/ _` | '__|____|  _| / _` | | __/ _ \/ _` |  | || '_ \ | |
 | |  | | |_| | | |_| | |_| | (_| | (_| | | |_____| |__| (_| | | ||  __/ (_| |  | || (_) || |
 |_|  |_|\__,_|_|\__|_|\___/ \__, |\__,_|_|       |_____\__,_|_|\__\___|\__,_|  |_(_)___(_)_|
                             |___/                                                           
[NONE ][14:01:02] CONNECTED 191.88.73.76:49221, origin: "http://zapphy.epizy.com"
[NONE ][14:01:47] >pl
[NONE ][14:01:47] 
Current players: 21
[NONE ][14:01:47] Do "playerlist m" or "pl m" to list minions

[NONE ][14:01:47]  ID     | IP              | P | CELLS | SCORE  |   POSITION   | NICK                           
[NONE ][14:01:47] ───────────────────────────────────────────────────────────────────────────────────────────────
[NONE ][14:01:47]       1 | [BOT]           | ? |     3 |   1049 |  1614,   547 | Jumbo Prouf🕵🤵               
[NONE ][14:01:47]       2 | [BOT]           | ? |     2 |    907 | -2152,  2322 | Gabriel MEXICO!               
[NONE ][14:01:47]       3 | [BOT]           | ? |     1 |    842 |  4521,  3923 | ƬψƬ☢▶►ŘØỮŞ◄◀                  
[NONE ][14:01:47]       4 | [BOT]           | ? |     9 |    802 |  -249,  -270 | Pahtohs                       
[NONE ][14:01:47]       5 | [BOT]           | ? |     8 |   1314 |  -258,  -322 | Sindαү ♥                      
[NONE ][14:01:47]       6 | 191.88.73.76    | 6 |     1 |    898 |  -226,  4126 | Zap                           
[NONE ][14:01:53] >m 6 8000
[NONE ][14:01:53] Set mass of Zap to 8000.000
[NONE ][14:01:58] >m 6 12000
[NONE ][14:01:58] Set mass of Zap to 12000.000
[NONE ][14:02:45] >m 6 12000
[NONE ][14:02:45] Set mass of Zap to 12000.000
[NONE ][14:03:44] >m 6 15000
[NONE ][14:03:44] Set mass of Zap to 15000.000
[NONE ][14:04:24] >exit
[WARN ][14:04:24] Closing server...
[DEBUG][14:04:24] process.exit(1)
=== Shutdown 2018-02-19T14-04-24-280 ===
