=== Started 2017-12-20T11-26-16-927 ===
[INFO ][11:26:16] 419 bad words loaded
[WARN ][11:26:16] User account "Local Administrator" disabled
[WARN ][11:26:16] User account "Local Moderator" disabled
[WARN ][11:26:16] User account "Local User" disabled
[INFO ][11:26:16] 0 user records loaded.
[INFO ][11:26:16] 0 IP ban records loaded.
[INFO ][11:26:16] [1m[32mMultiOgar-Edited 1.6.1[37m - An open source multi-protocol ogar server[0m
[INFO ][11:26:16] WebSocket: ws
[INFO ][11:26:17] Started stats server on port 88
[INFO ][11:26:17] Listening on port 443
[INFO ][11:26:17] Current game mode is Free For All
[NONE ][11:26:17]   __  __       _ _   _  ___                        _____    _ _ _           _    _   __    _ 
 |  \/  |_   _| | |_(_)/ _ \  __ _  __ _ _ __     | ____|__| (_) |_ ___  __| |  / | / /_  / |
 | |\/| | | | | | __| | | | |/ _` |/ _` | '__|____|  _| / _` | | __/ _ \/ _` |  | || '_ \ | |
 | |  | | |_| | | |_| | |_| | (_| | (_| | | |_____| |__| (_| | | ||  __/ (_| |  | || (_) || |
 |_|  |_|\__,_|_|\__|_|\___/ \__, |\__,_|_|       |_____\__,_|_|\__\___|\__,_|  |_(_)___(_)_|
                             |___/                                                           
[DEBUG][11:27:17] process.exit(1)
=== Shutdown 2017-12-20T11-27-17-011 ===
