=== Started 2018-01-15T19-45-13-200 ===
[INFO ][19:45:13] 419 bad words loaded
[WARN ][19:45:13] User account "Local Administrator" disabled
[WARN ][19:45:13] User account "Local Moderator" disabled
[WARN ][19:45:13] User account "Local User" disabled
[INFO ][19:45:13] 0 user records loaded.
[INFO ][19:45:13] 0 IP ban records loaded.
[INFO ][19:45:13] [1m[32mMultiOgar-Edited 1.6.1[37m - An open source multi-protocol ogar server[0m
[INFO ][19:45:13] WebSocket: ws
[INFO ][19:45:13] Started stats server on port 9090
[INFO ][19:45:13] Listening on port 8888
[INFO ][19:45:13] Current game mode is Free For All
[NONE ][19:45:13]   __  __       _ _   _  ___                        _____    _ _ _           _    _   __    _ 
 |  \/  |_   _| | |_(_)/ _ \  __ _  __ _ _ __     | ____|__| (_) |_ ___  __| |  / | / /_  / |
 | |\/| | | | | | __| | | | |/ _` |/ _` | '__|____|  _| / _` | | __/ _ \/ _` |  | || '_ \ | |
 | |  | | |_| | | |_| | |_| | (_| | (_| | | |_____| |__| (_| | | ||  __/ (_| |  | || (_) || |
 |_|  |_|\__,_|_|\__|_|\___/ \__, |\__,_|_|       |_____\__,_|_|\__\___|\__,_|  |_(_)___(_)_|
                             |___/                                                           
[NONE ][19:45:13] CONNECTED 127.0.0.1:58105, origin: "http://localhost"
[NONE ][19:48:38] DISCONNECTED 127.0.0.1:58105, code: 1006, reason: "", name: ""
=== Shutdown 2018-01-15T20-05-13-476 ===
