=== Started 2018-02-19T14-05-45-443 ===
[INFO ][14:05:45] 419 bad words loaded
[WARN ][14:05:45] User account "Local Administrator" disabled
[WARN ][14:05:45] User account "Local Moderator" disabled
[WARN ][14:05:45] User account "Local User" disabled
[INFO ][14:05:45] 0 user records loaded.
[INFO ][14:05:45] 0 IP ban records loaded.
[INFO ][14:05:45] [1m[32mMultiOgar-Edited 1.6.1[37m - An open source multi-protocol ogar server[0m
[INFO ][14:05:45] WebSocket: ws
[INFO ][14:05:45] Started stats server on port 9090
[INFO ][14:05:45] Listening on port 8888
[INFO ][14:05:45] Current game mode is Free For All
[INFO ][14:05:45] Added 5 player bots
[NONE ][14:05:45]   __  __       _ _   _  ___                        _____    _ _ _           _    _   __    _ 
 |  \/  |_   _| | |_(_)/ _ \  __ _  __ _ _ __     | ____|__| (_) |_ ___  __| |  / | / /_  / |
 | |\/| | | | | | __| | | | |/ _` |/ _` | '__|____|  _| / _` | | __/ _ \/ _` |  | || '_ \ | |
 | |  | | |_| | | |_| | |_| | (_| | (_| | | |_____| |__| (_| | | ||  __/ (_| |  | || (_) || |
 |_|  |_|\__,_|_|\__|_|\___/ \__, |\__,_|_|       |_____\__,_|_|\__\___|\__,_|  |_(_)___(_)_|
                             |___/                                                           
[NONE ][14:05:46] CONNECTED 191.88.73.76:49226, origin: "http://zapphy.epizy.com"
[NONE ][14:05:49] >m 6 10000
[NONE ][14:05:49] Set mass of Zap to 10000.000
[NONE ][14:06:31] >m 6 10000
[NONE ][14:06:31] Set mass of Zap to 10000.000
[NONE ][14:07:12] >exit
[WARN ][14:07:12] Closing server...
[DEBUG][14:07:12] process.exit(1)
=== Shutdown 2018-02-19T14-07-12-761 ===
