=== Started 2018-01-18T16-55-33-384 ===
[INFO ][16:55:33] 419 bad words loaded
[WARN ][16:55:33] User account "Local Administrator" disabled
[WARN ][16:55:33] User account "Local Moderator" disabled
[WARN ][16:55:33] User account "Local User" disabled
[INFO ][16:55:33] 0 user records loaded.
[INFO ][16:55:33] 0 IP ban records loaded.
[INFO ][16:55:33] [1m[32mMultiOgar-Edited 1.6.1[37m - An open source multi-protocol ogar server[0m
[INFO ][16:55:33] WebSocket: ws
[INFO ][16:55:33] Started stats server on port 9090
[INFO ][16:55:33] Listening on port 8888
[INFO ][16:55:33] Current game mode is Free For All
[NONE ][16:55:33]   __  __       _ _   _  ___                        _____    _ _ _           _    _   __    _ 
 |  \/  |_   _| | |_(_)/ _ \  __ _  __ _ _ __     | ____|__| (_) |_ ___  __| |  / | / /_  / |
 | |\/| | | | | | __| | | | |/ _` |/ _` | '__|____|  _| / _` | | __/ _ \/ _` |  | || '_ \ | |
 | |  | | |_| | | |_| | |_| | (_| | (_| | | |_____| |__| (_| | | ||  __/ (_| |  | || (_) || |
 |_|  |_|\__,_|_|\__|_|\___/ \__, |\__,_|_|       |_____\__,_|_|\__\___|\__,_|  |_(_)___(_)_|
                             |___/                                                           
[NONE ][16:55:34] >exit
[WARN ][16:55:34] Closing server...
[DEBUG][16:55:34] process.exit(1)
=== Shutdown 2018-01-18T16-55-34-947 ===
