=== Started 2018-01-28T12-56-26-739 ===
[INFO ][12:56:26] 419 bad words loaded
[WARN ][12:56:26] User account "Local Administrator" disabled
[WARN ][12:56:26] User account "Local Moderator" disabled
[WARN ][12:56:26] User account "Local User" disabled
[INFO ][12:56:26] 0 user records loaded.
[INFO ][12:56:26] 0 IP ban records loaded.
[INFO ][12:56:26] [1m[32mMultiOgar-Edited 1.6.1[37m - An open source multi-protocol ogar server[0m
[INFO ][12:56:26] WebSocket: ws
[INFO ][12:56:26] Started stats server on port 9090
[INFO ][12:56:26] Listening on port 8888
[INFO ][12:56:26] Current game mode is Free For All
[INFO ][12:56:26] Added 15 player bots
[NONE ][12:56:26]   __  __       _ _   _  ___                        _____    _ _ _           _    _   __    _ 
 |  \/  |_   _| | |_(_)/ _ \  __ _  __ _ _ __     | ____|__| (_) |_ ___  __| |  / | / /_  / |
 | |\/| | | | | | __| | | | |/ _` |/ _` | '__|____|  _| / _` | | __/ _ \/ _` |  | || '_ \ | |
 | |  | | |_| | | |_| | |_| | (_| | (_| | | |_____| |__| (_| | | ||  __/ (_| |  | || (_) || |
 |_|  |_|\__,_|_|\__|_|\___/ \__, |\__,_|_|       |_____\__,_|_|\__\___|\__,_|  |_(_)___(_)_|
                             |___/                                                           
[NONE ][12:56:28] CONNECTED 127.0.0.1:50651, origin: "http://localhost"
[NONE ][12:56:38] DISCONNECTED 127.0.0.1:50651, code: 1006, reason: "undefined", name: " "
[NONE ][12:58:49] CONNECTED 127.0.0.1:50796, origin: "http://localhost"
[NONE ][12:59:20] DISCONNECTED 127.0.0.1:50796, code: 1006, reason: "", name: ""
[NONE ][12:59:26] CONNECTED 127.0.0.1:50816, origin: "http://localhost"
[NONE ][12:59:52] DISCONNECTED 127.0.0.1:50816, code: 1006, reason: "undefined", name: "Zapphire 7u7"
[NONE ][12:59:56] CONNECTED 127.0.0.1:50833, origin: "http://localhost"
[NONE ][13:02:39] DISCONNECTED 127.0.0.1:50833, code: 1006, reason: "", name: "Zapphire 7u7"
[NONE ][13:02:44] CONNECTED 127.0.0.1:50851, origin: "http://localhost"
[NONE ][13:03:46] DISCONNECTED 127.0.0.1:50851, code: 1001, reason: "", name: "Zapphire 7u7"
[NONE ][13:03:49] CONNECTED 127.0.0.1:50864, origin: "http://localhost"
[NONE ][13:04:14] DISCONNECTED 127.0.0.1:50864, code: 1006, reason: "", name: ""
[NONE ][13:04:19] CONNECTED 127.0.0.1:50877, origin: "http://localhost"
[NONE ][13:05:12] >pl
[NONE ][13:05:12] 
Current players: 26
[NONE ][13:05:12] Do "playerlist m" or "pl m" to list minions

[NONE ][13:05:12]  ID     | IP              | P | CELLS | SCORE  |   POSITION   | NICK                           
[NONE ][13:05:12] â”€â”€â”€â”€â”€â”€â”€â”€â”€â”€â”€â”€â”€â”€â”€â”€â”€â”€â”€â”€â”€â”€â”€â”€â”€â”€â”€â”€â”€â”€â”€â”€â”€â”€â”€â”€â”€â”€â”€â”€â”€â”€â”€â”€â”€â”€â”€â”€â”€â”€â”€â”€â”€â”€â”€â”€â”€â”€â”€â”€â”€â”€â”€â”€â”€â”€â”€â”€â”€â”€â”€â”€â”€â”€â”€â”€â”€â”€â”€â”€â”€â”€â”€â”€â”€â”€â”€â”€â”€â”€â”€â”€â”€â”€â”€
[NONE ][13:05:12]       1 | [BOT]           | ? |     2 |    213 |  2289,  -656 | Æ¬ÏˆÆ¬ â˜¢ ä¸…ï¼¥Ï»×§ï¼¥á”•ä¸…                 
[NONE ][13:05:12]       2 | [BOT]           | ? |     1 |   2332 |   972,  3997 | ---)::::::>                   
[NONE ][13:05:12]       3 | [BOT]           | ? |     4 |   5150 |  -572,  -490 | ââ„›â„°áœâ„’âžâ–¬â¥â§ð““ð•Šâœ®                
[NONE ][13:05:12]       4 | [BOT]           | ? |     1 |    378 | -2832, -5964 | A+ on EVERYTHIN               
[NONE ][13:05:12]       5 | [BOT]           | ? |     2 |    601 |  2853, -2483 | DaddyLight                    
[NONE ][13:05:12]       6 | [BOT]           | ? |     1 |     27 | -4640,   235 | ð““ð’¾ð‘’ð‘”ð‘œâ„±Å¦áº„                 
[NONE ][13:05:12]       7 | [BOT]           | ? |     2 |     54 | -2097, -2785 | ãŠ—á™­Ò¯Å¦Äï¼»Î±ÄÆ³à¸„ã€›                   
[NONE ][13:05:12]       8 | [BOT]           | ? |     1 |     25 | -6268, -1563 | â¤ðŸ’‹Ãžï¼©ï¼¸ï¼©ï¼¥ï¼³â¤                    
[NONE ][13:05:12]       9 | [BOT]           | ? |     5 |    457 |  -689,   768 | à¹–Û£ÛœÏ‰Î¹Î¹zzÎ±Ñâˆ‚à¼»ä¸€é¬¼æ‰               
[NONE ][13:05:12]      10 | [BOT]           | ? |     3 |     88 | -1299, -1798 | â˜¢Æ¬ÏˆÆ¬ â˜¢ CLAN                   
[NONE ][13:05:12]      11 | [BOT]           | ? |    10 |    885 |  -451,  -406 | cxxxxl                        
[NONE ][13:05:12]      12 | [BOT]           | ? |     1 |     32 |  -113,  2925 | ð’ð“Ÿx SLAYER                  
[NONE ][13:05:12]      13 | [BOT]           | ? |     5 |    193 |   935,   843 | nasa                          
[NONE ][13:05:12]      14 | [BOT]           | ? |     2 |   6784 |   -44,  -392 | à¼„â“¦ Goku?                      
[NONE ][13:05:12]      15 | [BOT]           | ? |     1 |    162 |  2137, -6055 | TYTâ˜¢ï¸SIRIUSâ™”kin               
[NONE ][13:05:12]      82 | 127.0.0.1       | 6 |     1 |    619 |  1345,  3120 | Zapphire 7u7                  
[NONE ][13:05:16] >m 82 12000
[NONE ][13:05:16] Set mass of Zapphire 7u7 to 12000.000
[NONE ][13:06:09] >m 82 12000
[NONE ][13:06:09] Set mass of Zapphire 7u7 to 12000.000
[NONE ][13:07:35] >m 82 12000
[NONE ][13:07:35] Set mass of Zapphire 7u7 to 12000.000
[NONE ][13:07:58] >m 82 12000
[NONE ][13:07:58] Set mass of Zapphire 7u7 to 12000.000
[NONE ][13:08:02] >m 82 17000
[NONE ][13:08:02] Set mass of Zapphire 7u7 to 17000.000
[NONE ][13:10:45] >m 82 17000
[NONE ][13:10:45] Set mass of An unnamed cell to 17000.000
[NONE ][13:12:05] >m 82 17000
[NONE ][13:12:05] Set mass of An unnamed cell to 17000.000
[NONE ][13:13:36] >m 82 17000
[NONE ][13:13:36] Set mass of An unnamed cell to 17000.000
[NONE ][13:17:14] >restart
[WARN ][13:17:15] Invalid Command!
[NONE ][13:17:16] >exit
[WARN ][13:17:16] Closing server...
[DEBUG][13:17:16] process.exit(1)
=== Shutdown 2018-01-28T13-17-16-697 ===
