=== Started 2018-03-03T18-04-13-158 ===
[INFO ][18:04:13] 0 bad words loaded
[WARN ][18:04:13] User account "Local Moderator" disabled
[WARN ][18:04:13] User account "Local User" disabled
[INFO ][18:04:13] 1 user records loaded.
[INFO ][18:04:13] 1 IP ban records loaded.
[INFO ][18:04:13] [1m[32mMultiOgar-Edited 1.6.1[37m - An open source multi-protocol ogar server[0m
[INFO ][18:04:13] WebSocket: ws
[INFO ][18:04:13] Started stats server on port 1052
[INFO ][18:04:13] Listening on port 8888
[INFO ][18:04:13] Current game mode is Free For All
[INFO ][18:04:13] Added 2 player bots
[NONE ][18:04:13]   __  __       _ _   _  ___                        _____    _ _ _           _    _   __    _ 
 |  \/  |_   _| | |_(_)/ _ \  __ _  __ _ _ __     | ____|__| (_) |_ ___  __| |  / | / /_  / |
 | |\/| | | | | | __| | | | |/ _` |/ _` | '__|____|  _| / _` | | __/ _ \/ _` |  | || '_ \ | |
 | |  | | |_| | | |_| | |_| | (_| | (_| | | |_____| |__| (_| | | ||  __/ (_| |  | || (_) || |
 |_|  |_|\__,_|_|\__|_|\___/ \__, |\__,_|_|       |_____\__,_|_|\__\___|\__,_|  |_(_)___(_)_|
                             |___/                                                           
[NONE ][18:04:14] CONNECTED 127.0.0.1:21129, origin: "http://zapphy.epizy.com"
[NONE ][18:04:21] DISCONNECTED 127.0.0.1:21129, code: 1006, reason: "", name: ""
[DEBUG][18:34:13] process.exit(1)
=== Shutdown 2018-03-03T18-34-13-359 ===
