=== Started 2018-01-26T11-02-26-545 ===
[INFO ][11:02:26] 419 bad words loaded
[WARN ][11:02:26] User account "Local Administrator" disabled
[WARN ][11:02:26] User account "Local Moderator" disabled
[WARN ][11:02:26] User account "Local User" disabled
[INFO ][11:02:26] 0 user records loaded.
[INFO ][11:02:26] 0 IP ban records loaded.
[INFO ][11:02:26] [1m[32mMultiOgar-Edited 1.6.1[37m - An open source multi-protocol ogar server[0m
[INFO ][11:02:26] WebSocket: ws
[INFO ][11:02:26] Started stats server on port 9090
[INFO ][11:02:26] Listening on port 8888
[INFO ][11:02:26] Current game mode is Free For All
[INFO ][11:02:26] Added 15 player bots
[NONE ][11:02:26]   __  __       _ _   _  ___                        _____    _ _ _           _    _   __    _ 
 |  \/  |_   _| | |_(_)/ _ \  __ _  __ _ _ __     | ____|__| (_) |_ ___  __| |  / | / /_  / |
 | |\/| | | | | | __| | | | |/ _` |/ _` | '__|____|  _| / _` | | __/ _ \/ _` |  | || '_ \ | |
 | |  | | |_| | | |_| | |_| | (_| | (_| | | |_____| |__| (_| | | ||  __/ (_| |  | || (_) || |
 |_|  |_|\__,_|_|\__|_|\___/ \__, |\__,_|_|       |_____\__,_|_|\__\___|\__,_|  |_(_)___(_)_|
                             |___/                                                           
[NONE ][11:02:27] CONNECTED 127.0.0.1:49614, origin: "http://localhost"
[NONE ][11:23:11] >rec16
[WARN ][11:23:11] Invalid Command!
[NONE ][11:23:21] >rec 16
[NONE ][11:23:21] ◓Zapphire◒ is now in rec mode!
[NONE ][11:23:46] >m 16 12000
[NONE ][11:23:46] Set mass of ◓Zapphire◒ to 12000.000
[NONE ][11:26:23] DISCONNECTED 127.0.0.1:49614, code: 1006, reason: "", name: "◓Zapphire◒"
[DEBUG][11:27:26] process.exit(1)
=== Shutdown 2018-01-26T11-27-26-721 ===
