=== Started 2018-01-31T16-39-56-615 ===
[INFO ][16:39:56] 419 bad words loaded
[WARN ][16:39:56] User account "Local Administrator" disabled
[WARN ][16:39:56] User account "Local Moderator" disabled
[WARN ][16:39:56] User account "Local User" disabled
[INFO ][16:39:56] 0 user records loaded.
[INFO ][16:39:56] 0 IP ban records loaded.
[INFO ][16:39:56] [1m[32mMultiOgar-Edited 1.6.1[37m - An open source multi-protocol ogar server[0m
[INFO ][16:39:56] WebSocket: ws
[INFO ][16:39:56] Started stats server on port 9090
[INFO ][16:39:56] Listening on port 8888
[INFO ][16:39:56] Current game mode is Free For All
[INFO ][16:39:56] Added 15 player bots
[NONE ][16:39:57]   __  __       _ _   _  ___                        _____    _ _ _           _    _   __    _ 
 |  \/  |_   _| | |_(_)/ _ \  __ _  __ _ _ __     | ____|__| (_) |_ ___  __| |  / | / /_  / |
 | |\/| | | | | | __| | | | |/ _` |/ _` | '__|____|  _| / _` | | __/ _ \/ _` |  | || '_ \ | |
 | |  | | |_| | | |_| | |_| | (_| | (_| | | |_____| |__| (_| | | ||  __/ (_| |  | || (_) || |
 |_|  |_|\__,_|_|\__|_|\___/ \__, |\__,_|_|       |_____\__,_|_|\__\___|\__,_|  |_(_)___(_)_|
                             |___/                                                           
[NONE ][16:39:57] CONNECTED 127.0.0.1:56957, origin: "http://zapphy.epizy.com"
[NONE ][17:01:13] >m 16 8000
[NONE ][17:01:13] Set mass of Zapphire ¬¬ to 8000.000
[NONE ][17:02:34] >m 16 8000
[NONE ][17:02:34] Set mass of Zapphire ¬¬ to 8000.000
[NONE ][17:03:42] >m 16 15000
[NONE ][17:03:42] Set mass of Zapphire ¬¬ to 15000.000
[NONE ][17:04:13] DISCONNECTED 127.0.0.1:56957, code: 1006, reason: "", name: "Zapphire ¬¬"
[DEBUG][17:04:56] process.exit(1)
=== Shutdown 2018-01-31T17-04-56-915 ===
