=== Started 2018-01-21T18-48-24-043 ===
[INFO ][18:48:24] 419 bad words loaded
[WARN ][18:48:24] User account "Local Administrator" disabled
[WARN ][18:48:24] User account "Local Moderator" disabled
[WARN ][18:48:24] User account "Local User" disabled
[INFO ][18:48:24] 0 user records loaded.
[INFO ][18:48:24] 0 IP ban records loaded.
[INFO ][18:48:24] [1m[32mMultiOgar-Edited 1.6.1[37m - An open source multi-protocol ogar server[0m
[INFO ][18:48:24] WebSocket: ws
[INFO ][18:48:24] Started stats server on port 9090
[INFO ][18:48:24] Listening on port 8888
[INFO ][18:48:24] Current game mode is Free For All
[INFO ][18:48:24] Added 15 player bots
[NONE ][18:48:24]   __  __       _ _   _  ___                        _____    _ _ _           _    _   __    _ 
 |  \/  |_   _| | |_(_)/ _ \  __ _  __ _ _ __     | ____|__| (_) |_ ___  __| |  / | / /_  / |
 | |\/| | | | | | __| | | | |/ _` |/ _` | '__|____|  _| / _` | | __/ _ \/ _` |  | || '_ \ | |
 | |  | | |_| | | |_| | |_| | (_| | (_| | | |_____| |__| (_| | | ||  __/ (_| |  | || (_) || |
 |_|  |_|\__,_|_|\__|_|\___/ \__, |\__,_|_|       |_____\__,_|_|\__\___|\__,_|  |_(_)___(_)_|
                             |___/                                                           
[NONE ][18:48:24] CONNECTED 127.0.0.1:59985, origin: "http://localhost"
[NONE ][18:51:28] DISCONNECTED 127.0.0.1:59985, code: 1006, reason: "", name: "Im Cool "
