=== Started 2018-02-18T18-36-13-461 ===
[INFO ][18:36:13] 419 bad words loaded
[WARN ][18:36:13] User account "Local Administrator" disabled
[WARN ][18:36:13] User account "Local Moderator" disabled
[WARN ][18:36:13] User account "Local User" disabled
[INFO ][18:36:13] 0 user records loaded.
[INFO ][18:36:13] 0 IP ban records loaded.
[INFO ][18:36:13] [1m[32mMultiOgar-Edited 1.6.1[37m - An open source multi-protocol ogar server[0m
[INFO ][18:36:13] WebSocket: ws
[INFO ][18:36:13] Started stats server on port 9090
[INFO ][18:36:13] Listening on port 8888
[INFO ][18:36:13] Current game mode is Free For All
[INFO ][18:36:13] Added 5 player bots
[NONE ][18:36:13]   __  __       _ _   _  ___                        _____    _ _ _           _    _   __    _ 
 |  \/  |_   _| | |_(_)/ _ \  __ _  __ _ _ __     | ____|__| (_) |_ ___  __| |  / | / /_  / |
 | |\/| | | | | | __| | | | |/ _` |/ _` | '__|____|  _| / _` | | __/ _ \/ _` |  | || '_ \ | |
 | |  | | |_| | | |_| | |_| | (_| | (_| | | |_____| |__| (_| | | ||  __/ (_| |  | || (_) || |
 |_|  |_|\__,_|_|\__|_|\___/ \__, |\__,_|_|       |_____\__,_|_|\__\___|\__,_|  |_(_)___(_)_|
                             |___/                                                           
[NONE ][18:36:14] CONNECTED 191.88.73.76:60663, origin: "http://zapphy.epizy.com"
[NONE ][18:36:19] >m 6 7999
[NONE ][18:36:19] Set mass of Crystal to 7999.000
[NONE ][18:36:30] >m 6 12999
[NONE ][18:36:30] Set mass of Crystal to 12999.000
[NONE ][18:37:29] >exit
[WARN ][18:37:29] Closing server...
[DEBUG][18:37:29] process.exit(1)
=== Shutdown 2018-02-18T18-37-29-338 ===
