=== Started 2018-02-20T15-29-41-069 ===
[INFO ][15:29:41] 0 bad words loaded
[WARN ][15:29:41] User account "Local Administrator" disabled
[WARN ][15:29:41] User account "Local Moderator" disabled
[WARN ][15:29:41] User account "Local User" disabled
[INFO ][15:29:41] 0 user records loaded.
[INFO ][15:29:41] 0 IP ban records loaded.
[INFO ][15:29:41] [1m[32mMultiOgar-Edited 1.6.1[37m - An open source multi-protocol ogar server[0m
[INFO ][15:29:41] WebSocket: ws
[INFO ][15:29:41] Started stats server on port 9090
[INFO ][15:29:41] Listening on port 8888
[INFO ][15:29:41] Current game mode is Free For All
[INFO ][15:29:41] Added 5 player bots
[NONE ][15:29:41]   __  __       _ _   _  ___                        _____    _ _ _           _    _   __    _ 
 |  \/  |_   _| | |_(_)/ _ \  __ _  __ _ _ __     | ____|__| (_) |_ ___  __| |  / | / /_  / |
 | |\/| | | | | | __| | | | |/ _` |/ _` | '__|____|  _| / _` | | __/ _ \/ _` |  | || '_ \ | |
 | |  | | |_| | | |_| | |_| | (_| | (_| | | |_____| |__| (_| | | ||  __/ (_| |  | || (_) || |
 |_|  |_|\__,_|_|\__|_|\___/ \__, |\__,_|_|       |_____\__,_|_|\__\___|\__,_|  |_(_)___(_)_|
                             |___/                                                           
[NONE ][15:29:42] CONNECTED 191.88.73.76:49726, origin: "http://zapphy.epizy.com"
[NONE ][15:29:42] CONNECTED 190.167.205.229:54113, origin: "http://zapphy.epizy.com"
[NONE ][15:29:47] DISCONNECTED 190.167.205.229:54113, code: 1006, reason: "", name: ""
[NONE ][15:30:57] >pl
[NONE ][15:30:57] 
Current players: 21
[NONE ][15:30:57] Do "playerlist m" or "pl m" to list minions

[NONE ][15:30:57]  ID     | IP              | P | CELLS | SCORE  |   POSITION   | NICK                           
[NONE ][15:30:57] â”€â”€â”€â”€â”€â”€â”€â”€â”€â”€â”€â”€â”€â”€â”€â”€â”€â”€â”€â”€â”€â”€â”€â”€â”€â”€â”€â”€â”€â”€â”€â”€â”€â”€â”€â”€â”€â”€â”€â”€â”€â”€â”€â”€â”€â”€â”€â”€â”€â”€â”€â”€â”€â”€â”€â”€â”€â”€â”€â”€â”€â”€â”€â”€â”€â”€â”€â”€â”€â”€â”€â”€â”€â”€â”€â”€â”€â”€â”€â”€â”€â”€â”€â”€â”€â”€â”€â”€â”€â”€â”€â”€â”€â”€â”€
[NONE ][15:30:57]       1 | [BOT]           | ? |     5 |    116 |   361, -1215 | PlanetDena                    
[NONE ][15:30:57]       2 | [BOT]           | ? |     6 |    158 |  -699,  -684 | ï€€â¤ðŸŽ…Ã‡Ã“ÅžMÅ‚Å¢Ã–ðŸŽ…â¤ï€€               
[NONE ][15:30:57]       3 | [BOT]           | ? |     1 |    912 |  3440, -2529 | BTG-OST                       
[NONE ][15:30:57]       4 | [BOT]           | ? |    10 |    489 |  -100,  -254 | Sas16                         
[NONE ][15:30:57]       5 | [BOT]           | ? |     1 |     22 |   591, -2930 | âš”â„“Ñ”Î·âˆ‚Î±ÑÎ¹Ïƒ YTâ˜ ðŸ’–               
[NONE ][15:30:57]       6 | 191.88.73.76    | 6 |     1 |   1209 | -1729, -4497 | Zap                           
[NONE ][15:30:59] >m 6 5000
[NONE ][15:30:59] Set mass of Zap to 5000.000
[NONE ][15:32:17] DISCONNECTED 191.88.73.76:49726, code: 1006, reason: "undefined", name: "Zap"
[NONE ][15:33:14] CONNECTED 191.88.73.76:49748, origin: "http://zapphy.epizy.com"
[NONE ][15:33:50] >m 6 5000
[WARN ][15:33:50] That player ID is non-existant!
[NONE ][15:33:52] >pl
[NONE ][15:33:52] 
Current players: 21
[NONE ][15:33:52] Do "playerlist m" or "pl m" to list minions

[NONE ][15:33:52]  ID     | IP              | P | CELLS | SCORE  |   POSITION   | NICK                           
[NONE ][15:33:52] â”€â”€â”€â”€â”€â”€â”€â”€â”€â”€â”€â”€â”€â”€â”€â”€â”€â”€â”€â”€â”€â”€â”€â”€â”€â”€â”€â”€â”€â”€â”€â”€â”€â”€â”€â”€â”€â”€â”€â”€â”€â”€â”€â”€â”€â”€â”€â”€â”€â”€â”€â”€â”€â”€â”€â”€â”€â”€â”€â”€â”€â”€â”€â”€â”€â”€â”€â”€â”€â”€â”€â”€â”€â”€â”€â”€â”€â”€â”€â”€â”€â”€â”€â”€â”€â”€â”€â”€â”€â”€â”€â”€â”€â”€â”€
[NONE ][15:33:52]       1 | [BOT]           | ? |     2 |    961 | -1536,  -850 | PlanetDena                    
[NONE ][15:33:52]       2 | [BOT]           | ? |     4 |    140 |  -368,   147 | ï€€â¤ðŸŽ…Ã‡Ã“ÅžMÅ‚Å¢Ã–ðŸŽ…â¤ï€€               
[NONE ][15:33:52]       3 | [BOT]           | ? |     8 |   1669 |   303,    82 | BTG-OST                       
[NONE ][15:33:52]       4 | [BOT]           | ? |     5 |   1121 |   135,   -74 | Sas16                         
[NONE ][15:33:52]       5 | [BOT]           | ? |     4 |   1478 |  1603,   243 | âš”â„“Ñ”Î·âˆ‚Î±ÑÎ¹Ïƒ YTâ˜ ðŸ’–               
[NONE ][15:33:52]      38 | 191.88.73.76    | 6 |     1 |    899 |  5237,  1507 | Zap                           
[NONE ][15:33:55] >m 38 5000
[NONE ][15:33:55] Set mass of Zap to 5000.000
[NONE ][15:34:16] >m 38 14000
[NONE ][15:34:17] Set mass of Zap to 14000.000
[NONE ][15:35:13] >m 38 19000
[NONE ][15:35:13] Set mass of Zap to 19000.000
[NONE ][15:40:13] >m 38 19000
[NONE ][15:40:13] Set mass of Zap to 19000.000
[NONE ][15:43:48] >ka
[NONE ][15:43:55] >pl
[NONE ][15:43:55] 
Current players: 21
[NONE ][15:43:55] Do "playerlist m" or "pl m" to list minions

[NONE ][15:43:55]  ID     | IP              | P | CELLS | SCORE  |   POSITION   | NICK                           
[NONE ][15:43:55] â”€â”€â”€â”€â”€â”€â”€â”€â”€â”€â”€â”€â”€â”€â”€â”€â”€â”€â”€â”€â”€â”€â”€â”€â”€â”€â”€â”€â”€â”€â”€â”€â”€â”€â”€â”€â”€â”€â”€â”€â”€â”€â”€â”€â”€â”€â”€â”€â”€â”€â”€â”€â”€â”€â”€â”€â”€â”€â”€â”€â”€â”€â”€â”€â”€â”€â”€â”€â”€â”€â”€â”€â”€â”€â”€â”€â”€â”€â”€â”€â”€â”€â”€â”€â”€â”€â”€â”€â”€â”€â”€â”€â”€â”€â”€
[NONE ][15:43:55]       1 | [BOT]           | ? |     1 |    920 |  4596,   634 | PlanetDena                    
[NONE ][15:43:55]       2 | [BOT]           | ? |     4 |    934 | -1146, -1126 | ï€€â¤ðŸŽ…Ã‡Ã“ÅžMÅ‚Å¢Ã–ðŸŽ…â¤ï€€               
[NONE ][15:43:55]       3 | [BOT]           | ? |     4 |   1023 |  -516, -1438 | BTG-OST                       
[NONE ][15:43:55]       4 | [BOT]           | ? |     2 |    942 |  -272,   962 | Sas16                         
[NONE ][15:43:55]       5 | [BOT]           | ? |     4 |    969 |  -711,   377 | âš”â„“Ñ”Î·âˆ‚Î±ÑÎ¹Ïƒ YTâ˜ ðŸ’–               
[NONE ][15:43:55]      38 | 191.88.73.76    | 6 | -------------------------------------------SPECTATING: BTG-OST
[NONE ][15:43:55] >pl
[NONE ][15:43:55] 
Current players: 21
[NONE ][15:43:55] Do "playerlist m" or "pl m" to list minions

[NONE ][15:43:55]  ID     | IP              | P | CELLS | SCORE  |   POSITION   | NICK                           
[NONE ][15:43:55] â”€â”€â”€â”€â”€â”€â”€â”€â”€â”€â”€â”€â”€â”€â”€â”€â”€â”€â”€â”€â”€â”€â”€â”€â”€â”€â”€â”€â”€â”€â”€â”€â”€â”€â”€â”€â”€â”€â”€â”€â”€â”€â”€â”€â”€â”€â”€â”€â”€â”€â”€â”€â”€â”€â”€â”€â”€â”€â”€â”€â”€â”€â”€â”€â”€â”€â”€â”€â”€â”€â”€â”€â”€â”€â”€â”€â”€â”€â”€â”€â”€â”€â”€â”€â”€â”€â”€â”€â”€â”€â”€â”€â”€â”€â”€
[NONE ][15:43:55]       1 | [BOT]           | ? |     1 |    920 |  4613,   740 | PlanetDena                    
[NONE ][15:43:55]       2 | [BOT]           | ? |     4 |    932 | -1146, -1132 | ï€€â¤ðŸŽ…Ã‡Ã“ÅžMÅ‚Å¢Ã–ðŸŽ…â¤ï€€               
[NONE ][15:43:55]       3 | [BOT]           | ? |     4 |   1024 |  -578, -1458 | BTG-OST                       
[NONE ][15:43:55]       4 | [BOT]           | ? |     2 |    941 |  -334,   939 | Sas16                         
[NONE ][15:43:55]       5 | [BOT]           | ? |     4 |    969 |  -745,   374 | âš”â„“Ñ”Î·âˆ‚Î±ÑÎ¹Ïƒ YTâ˜ ðŸ’–               
[NONE ][15:43:55]      38 | 191.88.73.76    | 6 | -------------------------------------------SPECTATING: BTG-OST
[NONE ][15:43:56] >pl
[NONE ][15:43:56] 
Current players: 21
[NONE ][15:43:56] Do "playerlist m" or "pl m" to list minions

[NONE ][15:43:56]  ID     | IP              | P | CELLS | SCORE  |   POSITION   | NICK                           
[NONE ][15:43:56] â”€â”€â”€â”€â”€â”€â”€â”€â”€â”€â”€â”€â”€â”€â”€â”€â”€â”€â”€â”€â”€â”€â”€â”€â”€â”€â”€â”€â”€â”€â”€â”€â”€â”€â”€â”€â”€â”€â”€â”€â”€â”€â”€â”€â”€â”€â”€â”€â”€â”€â”€â”€â”€â”€â”€â”€â”€â”€â”€â”€â”€â”€â”€â”€â”€â”€â”€â”€â”€â”€â”€â”€â”€â”€â”€â”€â”€â”€â”€â”€â”€â”€â”€â”€â”€â”€â”€â”€â”€â”€â”€â”€â”€â”€â”€
[NONE ][15:43:56]       1 | [BOT]           | ? |     1 |    919 |  4623,   841 | PlanetDena                    
[NONE ][15:43:56]       2 | [BOT]           | ? |     4 |    930 | -1147, -1138 | ï€€â¤ðŸŽ…Ã‡Ã“ÅžMÅ‚Å¢Ã–ðŸŽ…â¤ï€€               
[NONE ][15:43:56]       3 | [BOT]           | ? |     4 |   1022 |  -586, -1462 | BTG-OST                       
[NONE ][15:43:56]       4 | [BOT]           | ? |    16 |   1039 |   -48,   117 | Sas16                         
[NONE ][15:43:56]       5 | [BOT]           | ? |     4 |    967 |  -760,   378 | âš”â„“Ñ”Î·âˆ‚Î±ÑÎ¹Ïƒ YTâ˜ ðŸ’–               
[NONE ][15:43:56]      38 | 191.88.73.76    | 6 | -------------------------------------------SPECTATING: BTG-OST
[NONE ][15:43:56] >pl
[NONE ][15:43:56] 
Current players: 21
[NONE ][15:43:56] Do "playerlist m" or "pl m" to list minions

[NONE ][15:43:56]  ID     | IP              | P | CELLS | SCORE  |   POSITION   | NICK                           
[NONE ][15:43:56] â”€â”€â”€â”€â”€â”€â”€â”€â”€â”€â”€â”€â”€â”€â”€â”€â”€â”€â”€â”€â”€â”€â”€â”€â”€â”€â”€â”€â”€â”€â”€â”€â”€â”€â”€â”€â”€â”€â”€â”€â”€â”€â”€â”€â”€â”€â”€â”€â”€â”€â”€â”€â”€â”€â”€â”€â”€â”€â”€â”€â”€â”€â”€â”€â”€â”€â”€â”€â”€â”€â”€â”€â”€â”€â”€â”€â”€â”€â”€â”€â”€â”€â”€â”€â”€â”€â”€â”€â”€â”€â”€â”€â”€â”€â”€
[NONE ][15:43:56]       1 | [BOT]           | ? |    16 |   1061 |   288,    54 | PlanetDena                    
[NONE ][15:43:56]       2 | [BOT]           | ? |     4 |    930 | -1146, -1143 | ï€€â¤ðŸŽ…Ã‡Ã“ÅžMÅ‚Å¢Ã–ðŸŽ…â¤ï€€               
[NONE ][15:43:56]       3 | [BOT]           | ? |     4 |   1022 |  -590, -1475 | BTG-OST                       
[NONE ][15:43:56]       4 | [BOT]           | ? |    16 |   1044 |   -53,   121 | Sas16                         
[NONE ][15:43:56]       5 | [BOT]           | ? |     4 |    967 |  -737,   388 | âš”â„“Ñ”Î·âˆ‚Î±ÑÎ¹Ïƒ YTâ˜ ðŸ’–               
[NONE ][15:43:56]      38 | 191.88.73.76    | 6 | -------------------------------------------SPECTATING: BTG-OST
[NONE ][15:43:57] >pl
[NONE ][15:43:57] 
Current players: 21
[NONE ][15:43:57] Do "playerlist m" or "pl m" to list minions

[NONE ][15:43:57]  ID     | IP              | P | CELLS | SCORE  |   POSITION   | NICK                           
[NONE ][15:43:57] â”€â”€â”€â”€â”€â”€â”€â”€â”€â”€â”€â”€â”€â”€â”€â”€â”€â”€â”€â”€â”€â”€â”€â”€â”€â”€â”€â”€â”€â”€â”€â”€â”€â”€â”€â”€â”€â”€â”€â”€â”€â”€â”€â”€â”€â”€â”€â”€â”€â”€â”€â”€â”€â”€â”€â”€â”€â”€â”€â”€â”€â”€â”€â”€â”€â”€â”€â”€â”€â”€â”€â”€â”€â”€â”€â”€â”€â”€â”€â”€â”€â”€â”€â”€â”€â”€â”€â”€â”€â”€â”€â”€â”€â”€â”€
[NONE ][15:43:57]       1 | [BOT]           | ? |    16 |   1071 |   288,    61 | PlanetDena                    
[NONE ][15:43:57]       2 | [BOT]           | ? |     4 |    928 | -1149, -1146 | ï€€â¤ðŸŽ…Ã‡Ã“ÅžMÅ‚Å¢Ã–ðŸŽ…â¤ï€€               
[NONE ][15:43:57]       3 | [BOT]           | ? |     4 |   1022 |  -600, -1486 | BTG-OST                       
[NONE ][15:43:57]       4 | [BOT]           | ? |    16 |   1042 |   -56,   125 | Sas16                         
[NONE ][15:43:57]       5 | [BOT]           | ? |     8 |    968 |  -360,   200 | âš”â„“Ñ”Î·âˆ‚Î±ÑÎ¹Ïƒ YTâ˜ ðŸ’–               
[NONE ][15:43:57]      38 | 191.88.73.76    | 6 | ----------------------------------------SPECTATING: PlanetDena
[NONE ][15:43:57] >pl
[NONE ][15:43:57] 
Current players: 21
[NONE ][15:43:57] Do "playerlist m" or "pl m" to list minions

[NONE ][15:43:57]  ID     | IP              | P | CELLS | SCORE  |   POSITION   | NICK                           
[NONE ][15:43:57] â”€â”€â”€â”€â”€â”€â”€â”€â”€â”€â”€â”€â”€â”€â”€â”€â”€â”€â”€â”€â”€â”€â”€â”€â”€â”€â”€â”€â”€â”€â”€â”€â”€â”€â”€â”€â”€â”€â”€â”€â”€â”€â”€â”€â”€â”€â”€â”€â”€â”€â”€â”€â”€â”€â”€â”€â”€â”€â”€â”€â”€â”€â”€â”€â”€â”€â”€â”€â”€â”€â”€â”€â”€â”€â”€â”€â”€â”€â”€â”€â”€â”€â”€â”€â”€â”€â”€â”€â”€â”€â”€â”€â”€â”€â”€
[NONE ][15:43:57]       1 | [BOT]           | ? |    16 |   1074 |   287,    66 | PlanetDena                    
[NONE ][15:43:57]       2 | [BOT]           | ? |     4 |    928 | -1153, -1147 | ï€€â¤ðŸŽ…Ã‡Ã“ÅžMÅ‚Å¢Ã–ðŸŽ…â¤ï€€               
[NONE ][15:43:57]       3 | [BOT]           | ? |     4 |   1026 |  -613, -1495 | BTG-OST                       
[NONE ][15:43:57]       4 | [BOT]           | ? |    16 |   1145 |   -61,   127 | Sas16                         
[NONE ][15:43:57]       5 | [BOT]           | ? |     8 |   1003 |  -412,   249 | âš”â„“Ñ”Î·âˆ‚Î±ÑÎ¹Ïƒ YTâ˜ ðŸ’–               
[NONE ][15:43:57]      38 | 191.88.73.76    | 6 | ----------------------------------------SPECTATING: PlanetDena
[NONE ][15:43:57] >pl
[NONE ][15:43:57] 
Current players: 21
[NONE ][15:43:57] Do "playerlist m" or "pl m" to list minions

[NONE ][15:43:57]  ID     | IP              | P | CELLS | SCORE  |   POSITION   | NICK                           
[NONE ][15:43:57] â”€â”€â”€â”€â”€â”€â”€â”€â”€â”€â”€â”€â”€â”€â”€â”€â”€â”€â”€â”€â”€â”€â”€â”€â”€â”€â”€â”€â”€â”€â”€â”€â”€â”€â”€â”€â”€â”€â”€â”€â”€â”€â”€â”€â”€â”€â”€â”€â”€â”€â”€â”€â”€â”€â”€â”€â”€â”€â”€â”€â”€â”€â”€â”€â”€â”€â”€â”€â”€â”€â”€â”€â”€â”€â”€â”€â”€â”€â”€â”€â”€â”€â”€â”€â”€â”€â”€â”€â”€â”€â”€â”€â”€â”€â”€
[NONE ][15:43:57]       1 | [BOT]           | ? |    16 |   1074 |   285,    71 | PlanetDena                    
[NONE ][15:43:57]       2 | [BOT]           | ? |     4 |    928 | -1161, -1150 | ï€€â¤ðŸŽ…Ã‡Ã“ÅžMÅ‚Å¢Ã–ðŸŽ…â¤ï€€               
[NONE ][15:43:57]       3 | [BOT]           | ? |     4 |   1026 |  -625, -1505 | BTG-OST                       
[NONE ][15:43:57]       4 | [BOT]           | ? |    16 |   1147 |   -66,   126 | Sas16                         
[NONE ][15:43:57]       5 | [BOT]           | ? |     8 |   1003 |  -424,   264 | âš”â„“Ñ”Î·âˆ‚Î±ÑÎ¹Ïƒ YTâ˜ ðŸ’–               
[NONE ][15:43:57]      38 | 191.88.73.76    | 6 | ---------------------------------------------SPECTATING: Sas16
[NONE ][15:43:58] >pl
[NONE ][15:43:58] 
Current players: 21
[NONE ][15:43:58] Do "playerlist m" or "pl m" to list minions

[NONE ][15:43:58]  ID     | IP              | P | CELLS | SCORE  |   POSITION   | NICK                           
[NONE ][15:43:58] â”€â”€â”€â”€â”€â”€â”€â”€â”€â”€â”€â”€â”€â”€â”€â”€â”€â”€â”€â”€â”€â”€â”€â”€â”€â”€â”€â”€â”€â”€â”€â”€â”€â”€â”€â”€â”€â”€â”€â”€â”€â”€â”€â”€â”€â”€â”€â”€â”€â”€â”€â”€â”€â”€â”€â”€â”€â”€â”€â”€â”€â”€â”€â”€â”€â”€â”€â”€â”€â”€â”€â”€â”€â”€â”€â”€â”€â”€â”€â”€â”€â”€â”€â”€â”€â”€â”€â”€â”€â”€â”€â”€â”€â”€â”€
[NONE ][15:43:58]       1 | [BOT]           | ? |    16 |   1182 |   283,    76 | PlanetDena                    
[NONE ][15:43:58]       2 | [BOT]           | ? |     4 |    926 | -1175, -1156 | ï€€â¤ðŸŽ…Ã‡Ã“ÅžMÅ‚Å¢Ã–ðŸŽ…â¤ï€€               
[NONE ][15:43:58]       3 | [BOT]           | ? |     4 |   1024 |  -648, -1511 | BTG-OST                       
[NONE ][15:43:58]       4 | [BOT]           | ? |    16 |   1145 |   -72,   126 | Sas16                         
[NONE ][15:43:58]       5 | [BOT]           | ? |     8 |   1001 |  -417,   269 | âš”â„“Ñ”Î·âˆ‚Î±ÑÎ¹Ïƒ YTâ˜ ðŸ’–               
[NONE ][15:43:58]      38 | 191.88.73.76    | 6 | ---------------------------------------------SPECTATING: Sas16
[NONE ][15:43:59] >pl
[NONE ][15:43:59] 
Current players: 21
[NONE ][15:43:59] Do "playerlist m" or "pl m" to list minions

[NONE ][15:43:59]  ID     | IP              | P | CELLS | SCORE  |   POSITION   | NICK                           
[NONE ][15:43:59] â”€â”€â”€â”€â”€â”€â”€â”€â”€â”€â”€â”€â”€â”€â”€â”€â”€â”€â”€â”€â”€â”€â”€â”€â”€â”€â”€â”€â”€â”€â”€â”€â”€â”€â”€â”€â”€â”€â”€â”€â”€â”€â”€â”€â”€â”€â”€â”€â”€â”€â”€â”€â”€â”€â”€â”€â”€â”€â”€â”€â”€â”€â”€â”€â”€â”€â”€â”€â”€â”€â”€â”€â”€â”€â”€â”€â”€â”€â”€â”€â”€â”€â”€â”€â”€â”€â”€â”€â”€â”€â”€â”€â”€â”€â”€
[NONE ][15:43:59]       1 | [BOT]           | ? |    16 |   1182 |   284,    83 | PlanetDena                    
[NONE ][15:43:59]       2 | [BOT]           | ? |     4 |    926 | -1200, -1166 | ï€€â¤ðŸŽ…Ã‡Ã“ÅžMÅ‚Å¢Ã–ðŸŽ…â¤ï€€               
[NONE ][15:43:59]       3 | [BOT]           | ? |     4 |   1027 |  -689, -1505 | BTG-OST                       
[NONE ][15:43:59]       4 | [BOT]           | ? |    16 |   1145 |   -81,   125 | Sas16                         
[NONE ][15:43:59]       5 | [BOT]           | ? |     8 |   1001 |  -399,   270 | âš”â„“Ñ”Î·âˆ‚Î±ÑÎ¹Ïƒ YTâ˜ ðŸ’–               
[NONE ][15:43:59]      38 | 191.88.73.76    | 6 | ----------------------------------------SPECTATING: PlanetDena
[NONE ][15:44:04] CONNECTED 200.93.104.53:10181, origin: "http://zapphy.epizy.com"
[NONE ][15:45:01] >pl
[NONE ][15:45:01] 
Current players: 37
[NONE ][15:45:01] Do "playerlist m" or "pl m" to list minions

[NONE ][15:45:01]  ID     | IP              | P | CELLS | SCORE  |   POSITION   | NICK                           
[NONE ][15:45:01] â”€â”€â”€â”€â”€â”€â”€â”€â”€â”€â”€â”€â”€â”€â”€â”€â”€â”€â”€â”€â”€â”€â”€â”€â”€â”€â”€â”€â”€â”€â”€â”€â”€â”€â”€â”€â”€â”€â”€â”€â”€â”€â”€â”€â”€â”€â”€â”€â”€â”€â”€â”€â”€â”€â”€â”€â”€â”€â”€â”€â”€â”€â”€â”€â”€â”€â”€â”€â”€â”€â”€â”€â”€â”€â”€â”€â”€â”€â”€â”€â”€â”€â”€â”€â”€â”€â”€â”€â”€â”€â”€â”€â”€â”€â”€
[NONE ][15:45:01]       1 | [BOT]           | ? |     4 |   1622 |   364,   682 | PlanetDena                    
[NONE ][15:45:01]       2 | [BOT]           | ? |     7 |    168 |   -65,  -538 | ï€€â¤ðŸŽ…Ã‡Ã“ÅžMÅ‚Å¢Ã–ðŸŽ…â¤ï€€               
[NONE ][15:45:01]       3 | [BOT]           | ? |     1 |   1841 | -5973, -6402 | BTG-OST                       
[NONE ][15:45:01]       4 | [BOT]           | ? |     7 |   1326 |  -996,   727 | Sas16                         
[NONE ][15:45:01]       5 | [BOT]           | ? |    11 |    309 |   285,     3 | âš”â„“Ñ”Î·âˆ‚Î±ÑÎ¹Ïƒ YTâ˜ ðŸ’–               
[NONE ][15:45:01]      38 | 191.88.73.76    | 6 | -------------------------------------------SPECTATING: BTG-OST
[NONE ][15:45:01]      54 | 200.93.104.53   | 6 | -------------------------------------------DEAD OR NOT PLAYING
[NONE ][15:45:03] >pl
[NONE ][15:45:03] 
Current players: 37
[NONE ][15:45:03] Do "playerlist m" or "pl m" to list minions

[NONE ][15:45:03]  ID     | IP              | P | CELLS | SCORE  |   POSITION   | NICK                           
[NONE ][15:45:03] â”€â”€â”€â”€â”€â”€â”€â”€â”€â”€â”€â”€â”€â”€â”€â”€â”€â”€â”€â”€â”€â”€â”€â”€â”€â”€â”€â”€â”€â”€â”€â”€â”€â”€â”€â”€â”€â”€â”€â”€â”€â”€â”€â”€â”€â”€â”€â”€â”€â”€â”€â”€â”€â”€â”€â”€â”€â”€â”€â”€â”€â”€â”€â”€â”€â”€â”€â”€â”€â”€â”€â”€â”€â”€â”€â”€â”€â”€â”€â”€â”€â”€â”€â”€â”€â”€â”€â”€â”€â”€â”€â”€â”€â”€â”€
[NONE ][15:45:03]       1 | [BOT]           | ? |     2 |   1615 |   735,  1286 | PlanetDena                    
[NONE ][15:45:03]       2 | [BOT]           | ? |     7 |    167 |  -141,  -528 | ï€€â¤ðŸŽ…Ã‡Ã“ÅžMÅ‚Å¢Ã–ðŸŽ…â¤ï€€               
[NONE ][15:45:03]       3 | [BOT]           | ? |     1 |   1834 | -5871, -6191 | BTG-OST                       
[NONE ][15:45:03]       4 | [BOT]           | ? |     7 |   1323 |  -995,   746 | Sas16                         
[NONE ][15:45:03]       5 | [BOT]           | ? |    11 |    326 |   338,   -26 | âš”â„“Ñ”Î·âˆ‚Î±ÑÎ¹Ïƒ YTâ˜ ðŸ’–               
[NONE ][15:45:03]      38 | 191.88.73.76    | 6 | -------------------------------------------SPECTATING: BTG-OST
[NONE ][15:45:03]      54 | 200.93.104.53   | 6 | -------------------------------------------DEAD OR NOT PLAYING
[NONE ][15:45:04] >pl
[NONE ][15:45:04] 
Current players: 37
[NONE ][15:45:04] Do "playerlist m" or "pl m" to list minions

[NONE ][15:45:04]  ID     | IP              | P | CELLS | SCORE  |   POSITION   | NICK                           
[NONE ][15:45:04] â”€â”€â”€â”€â”€â”€â”€â”€â”€â”€â”€â”€â”€â”€â”€â”€â”€â”€â”€â”€â”€â”€â”€â”€â”€â”€â”€â”€â”€â”€â”€â”€â”€â”€â”€â”€â”€â”€â”€â”€â”€â”€â”€â”€â”€â”€â”€â”€â”€â”€â”€â”€â”€â”€â”€â”€â”€â”€â”€â”€â”€â”€â”€â”€â”€â”€â”€â”€â”€â”€â”€â”€â”€â”€â”€â”€â”€â”€â”€â”€â”€â”€â”€â”€â”€â”€â”€â”€â”€â”€â”€â”€â”€â”€â”€
[NONE ][15:45:04]       1 | [BOT]           | ? |     2 |   1618 |   774,  1278 | PlanetDena                    
[NONE ][15:45:04]       2 | [BOT]           | ? |     7 |    167 |  -165,  -514 | ï€€â¤ðŸŽ…Ã‡Ã“ÅžMÅ‚Å¢Ã–ðŸŽ…â¤ï€€               
[NONE ][15:45:04]       3 | [BOT]           | ? |     1 |   1834 | -5830, -6122 | BTG-OST                       
[NONE ][15:45:04]       4 | [BOT]           | ? |     7 |   1324 |  -995,   753 | Sas16                         
[NONE ][15:45:04]       5 | [BOT]           | ? |    11 |    326 |   343,   -25 | âš”â„“Ñ”Î·âˆ‚Î±ÑÎ¹Ïƒ YTâ˜ ðŸ’–               
[NONE ][15:45:04]      38 | 191.88.73.76    | 6 | -------------------------------------------SPECTATING: BTG-OST
[NONE ][15:45:04]      54 | 200.93.104.53   | 6 | -------------------------------------------DEAD OR NOT PLAYING
[NONE ][15:45:04] >pl
[NONE ][15:45:04] 
Current players: 37
[NONE ][15:45:04] Do "playerlist m" or "pl m" to list minions

[NONE ][15:45:04]  ID     | IP              | P | CELLS | SCORE  |   POSITION   | NICK                           
[NONE ][15:45:04] â”€â”€â”€â”€â”€â”€â”€â”€â”€â”€â”€â”€â”€â”€â”€â”€â”€â”€â”€â”€â”€â”€â”€â”€â”€â”€â”€â”€â”€â”€â”€â”€â”€â”€â”€â”€â”€â”€â”€â”€â”€â”€â”€â”€â”€â”€â”€â”€â”€â”€â”€â”€â”€â”€â”€â”€â”€â”€â”€â”€â”€â”€â”€â”€â”€â”€â”€â”€â”€â”€â”€â”€â”€â”€â”€â”€â”€â”€â”€â”€â”€â”€â”€â”€â”€â”€â”€â”€â”€â”€â”€â”€â”€â”€â”€
[NONE ][15:45:04]       1 | [BOT]           | ? |     2 |   1614 |   817,  1266 | PlanetDena                    
[NONE ][15:45:04]       2 | [BOT]           | ? |     7 |    167 |  -195,  -514 | ï€€â¤ðŸŽ…Ã‡Ã“ÅžMÅ‚Å¢Ã–ðŸŽ…â¤ï€€               
[NONE ][15:45:04]       3 | [BOT]           | ? |     1 |   1834 | -5779, -6052 | BTG-OST                       
[NONE ][15:45:04]       4 | [BOT]           | ? |     7 |   1321 |  -994,   759 | Sas16                         
[NONE ][15:45:04]       5 | [BOT]           | ? |    11 |    325 |   349,   -23 | âš”â„“Ñ”Î·âˆ‚Î±ÑÎ¹Ïƒ YTâ˜ ðŸ’–               
[NONE ][15:45:04]      38 | 191.88.73.76    | 6 | -------------------------------------------SPECTATING: BTG-OST
[NONE ][15:45:04]      54 | 200.93.104.53   | 6 | -------------------------------------------DEAD OR NOT PLAYING
[NONE ][15:45:05] >pl
[NONE ][15:45:05] 
Current players: 37
[NONE ][15:45:05] Do "playerlist m" or "pl m" to list minions

[NONE ][15:45:05]  ID     | IP              | P | CELLS | SCORE  |   POSITION   | NICK                           
[NONE ][15:45:05] â”€â”€â”€â”€â”€â”€â”€â”€â”€â”€â”€â”€â”€â”€â”€â”€â”€â”€â”€â”€â”€â”€â”€â”€â”€â”€â”€â”€â”€â”€â”€â”€â”€â”€â”€â”€â”€â”€â”€â”€â”€â”€â”€â”€â”€â”€â”€â”€â”€â”€â”€â”€â”€â”€â”€â”€â”€â”€â”€â”€â”€â”€â”€â”€â”€â”€â”€â”€â”€â”€â”€â”€â”€â”€â”€â”€â”€â”€â”€â”€â”€â”€â”€â”€â”€â”€â”€â”€â”€â”€â”€â”€â”€â”€â”€
[NONE ][15:45:05]       1 | [BOT]           | ? |     2 |   1611 |   857,  1252 | PlanetDena                    
[NONE ][15:45:05]       2 | [BOT]           | ? |     7 |    177 |  -214,  -507 | ï€€â¤ðŸŽ…Ã‡Ã“ÅžMÅ‚Å¢Ã–ðŸŽ…â¤ï€€               
[NONE ][15:45:05]       3 | [BOT]           | ? |     1 |   1830 | -5733, -5986 | BTG-OST                       
[NONE ][15:45:05]       4 | [BOT]           | ? |     7 |   1320 |  -994,   764 | Sas16                         
[NONE ][15:45:05]       5 | [BOT]           | ? |    10 |    330 |   381,   -44 | âš”â„“Ñ”Î·âˆ‚Î±ÑÎ¹Ïƒ YTâ˜ ðŸ’–               
[NONE ][15:45:05]      38 | 191.88.73.76    | 6 | -------------------------------------------SPECTATING: BTG-OST
[NONE ][15:45:05]      54 | 200.93.104.53   | 6 | -------------------------------------------DEAD OR NOT PLAYING
[NONE ][15:45:05] >pl
[NONE ][15:45:05] 
Current players: 37
[NONE ][15:45:05] Do "playerlist m" or "pl m" to list minions

[NONE ][15:45:05]  ID     | IP              | P | CELLS | SCORE  |   POSITION   | NICK                           
[NONE ][15:45:05] â”€â”€â”€â”€â”€â”€â”€â”€â”€â”€â”€â”€â”€â”€â”€â”€â”€â”€â”€â”€â”€â”€â”€â”€â”€â”€â”€â”€â”€â”€â”€â”€â”€â”€â”€â”€â”€â”€â”€â”€â”€â”€â”€â”€â”€â”€â”€â”€â”€â”€â”€â”€â”€â”€â”€â”€â”€â”€â”€â”€â”€â”€â”€â”€â”€â”€â”€â”€â”€â”€â”€â”€â”€â”€â”€â”€â”€â”€â”€â”€â”€â”€â”€â”€â”€â”€â”€â”€â”€â”€â”€â”€â”€â”€â”€
[NONE ][15:45:05]       1 | [BOT]           | ? |     2 |   1611 |   898,  1241 | PlanetDena                    
[NONE ][15:45:05]       2 | [BOT]           | ? |     8 |    177 |  -196,  -421 | ï€€â¤ðŸŽ…Ã‡Ã“ÅžMÅ‚Å¢Ã–ðŸŽ…â¤ï€€               
[NONE ][15:45:05]       3 | [BOT]           | ? |     1 |   1830 | -5725, -5909 | BTG-OST                       
[NONE ][15:45:05]       4 | [BOT]           | ? |     7 |   1325 |  -994,   769 | Sas16                         
[NONE ][15:45:05]       5 | [BOT]           | ? |    10 |    330 |   384,   -52 | âš”â„“Ñ”Î·âˆ‚Î±ÑÎ¹Ïƒ YTâ˜ ðŸ’–               
[NONE ][15:45:05]      38 | 191.88.73.76    | 6 | -------------------------------------------SPECTATING: BTG-OST
[NONE ][15:45:05]      54 | 200.93.104.53   | 6 | -------------------------------------------DEAD OR NOT PLAYING
[NONE ][15:45:06] >pl
[NONE ][15:45:06] 
Current players: 37
[NONE ][15:45:06] Do "playerlist m" or "pl m" to list minions

[NONE ][15:45:06]  ID     | IP              | P | CELLS | SCORE  |   POSITION   | NICK                           
[NONE ][15:45:06] â”€â”€â”€â”€â”€â”€â”€â”€â”€â”€â”€â”€â”€â”€â”€â”€â”€â”€â”€â”€â”€â”€â”€â”€â”€â”€â”€â”€â”€â”€â”€â”€â”€â”€â”€â”€â”€â”€â”€â”€â”€â”€â”€â”€â”€â”€â”€â”€â”€â”€â”€â”€â”€â”€â”€â”€â”€â”€â”€â”€â”€â”€â”€â”€â”€â”€â”€â”€â”€â”€â”€â”€â”€â”€â”€â”€â”€â”€â”€â”€â”€â”€â”€â”€â”€â”€â”€â”€â”€â”€â”€â”€â”€â”€â”€
[NONE ][15:45:06]       1 | [BOT]           | ? |     1 |   1611 |  1874,  2450 | PlanetDena                    
[NONE ][15:45:06]       2 | [BOT]           | ? |     8 |    177 |  -206,  -416 | ï€€â¤ðŸŽ…Ã‡Ã“ÅžMÅ‚Å¢Ã–ðŸŽ…â¤ï€€               
[NONE ][15:45:06]       3 | [BOT]           | ? |     1 |   1826 | -5725, -5829 | BTG-OST                       
[NONE ][15:45:06]       4 | [BOT]           | ? |     7 |   1323 |  -994,   774 | Sas16                         
[NONE ][15:45:06]       5 | [BOT]           | ? |    10 |    332 |   389,   -61 | âš”â„“Ñ”Î·âˆ‚Î±ÑÎ¹Ïƒ YTâ˜ ðŸ’–               
[NONE ][15:45:06]      38 | 191.88.73.76    | 6 | -------------------------------------------SPECTATING: BTG-OST
[NONE ][15:45:06]      54 | 200.93.104.53   | 6 | -------------------------------------------DEAD OR NOT PLAYING
[NONE ][15:45:06] >pl
[NONE ][15:45:06] 
Current players: 37
[NONE ][15:45:06] Do "playerlist m" or "pl m" to list minions

[NONE ][15:45:06]  ID     | IP              | P | CELLS | SCORE  |   POSITION   | NICK                           
[NONE ][15:45:06] â”€â”€â”€â”€â”€â”€â”€â”€â”€â”€â”€â”€â”€â”€â”€â”€â”€â”€â”€â”€â”€â”€â”€â”€â”€â”€â”€â”€â”€â”€â”€â”€â”€â”€â”€â”€â”€â”€â”€â”€â”€â”€â”€â”€â”€â”€â”€â”€â”€â”€â”€â”€â”€â”€â”€â”€â”€â”€â”€â”€â”€â”€â”€â”€â”€â”€â”€â”€â”€â”€â”€â”€â”€â”€â”€â”€â”€â”€â”€â”€â”€â”€â”€â”€â”€â”€â”€â”€â”€â”€â”€â”€â”€â”€â”€
[NONE ][15:45:06]       1 | [BOT]           | ? |     1 |   1611 |  1952,  2407 | PlanetDena                    
[NONE ][15:45:06]       2 | [BOT]           | ? |     8 |    177 |  -228,  -418 | ï€€â¤ðŸŽ…Ã‡Ã“ÅžMÅ‚Å¢Ã–ðŸŽ…â¤ï€€               
[NONE ][15:45:06]       3 | [BOT]           | ? |     2 |   1867 | -3122, -2785 | BTG-OST                       
[NONE ][15:45:06]       4 | [BOT]           | ? |     7 |   1323 |  -993,   779 | Sas16                         
[NONE ][15:45:06]       5 | [BOT]           | ? |    10 |    344 |   395,   -70 | âš”â„“Ñ”Î·âˆ‚Î±ÑÎ¹Ïƒ YTâ˜ ðŸ’–               
[NONE ][15:45:06]      38 | 191.88.73.76    | 6 | -------------------------------------------SPECTATING: BTG-OST
[NONE ][15:45:06]      54 | 200.93.104.53   | 6 | -------------------------------------------DEAD OR NOT PLAYING
[NONE ][15:45:07] >pl
[NONE ][15:45:07] 
Current players: 37
[NONE ][15:45:07] Do "playerlist m" or "pl m" to list minions

[NONE ][15:45:07]  ID     | IP              | P | CELLS | SCORE  |   POSITION   | NICK                           
[NONE ][15:45:07] â”€â”€â”€â”€â”€â”€â”€â”€â”€â”€â”€â”€â”€â”€â”€â”€â”€â”€â”€â”€â”€â”€â”€â”€â”€â”€â”€â”€â”€â”€â”€â”€â”€â”€â”€â”€â”€â”€â”€â”€â”€â”€â”€â”€â”€â”€â”€â”€â”€â”€â”€â”€â”€â”€â”€â”€â”€â”€â”€â”€â”€â”€â”€â”€â”€â”€â”€â”€â”€â”€â”€â”€â”€â”€â”€â”€â”€â”€â”€â”€â”€â”€â”€â”€â”€â”€â”€â”€â”€â”€â”€â”€â”€â”€â”€
[NONE ][15:45:07]       1 | [BOT]           | ? |     1 |   1608 |  2019,  2359 | PlanetDena                    
[NONE ][15:45:07]       2 | [BOT]           | ? |     8 |    179 |  -253,  -421 | ï€€â¤ðŸŽ…Ã‡Ã“ÅžMÅ‚Å¢Ã–ðŸŽ…â¤ï€€               
[NONE ][15:45:07]       3 | [BOT]           | ? |     2 |   1863 | -3189, -2726 | BTG-OST                       
[NONE ][15:45:07]       4 | [BOT]           | ? |     7 |   1320 |  -993,   784 | Sas16                         
[NONE ][15:45:07]       5 | [BOT]           | ? |    10 |    344 |   398,   -68 | âš”â„“Ñ”Î·âˆ‚Î±ÑÎ¹Ïƒ YTâ˜ ðŸ’–               
[NONE ][15:45:07]      38 | 191.88.73.76    | 6 | -------------------------------------------SPECTATING: BTG-OST
[NONE ][15:45:07]      54 | 200.93.104.53   | 6 |     1 |    905 |  1446,  4103 | T?                            
[NONE ][15:45:07] >pl
[NONE ][15:45:07] 
Current players: 37
[NONE ][15:45:07] Do "playerlist m" or "pl m" to list minions

[NONE ][15:45:07]  ID     | IP              | P | CELLS | SCORE  |   POSITION   | NICK                           
[NONE ][15:45:07] â”€â”€â”€â”€â”€â”€â”€â”€â”€â”€â”€â”€â”€â”€â”€â”€â”€â”€â”€â”€â”€â”€â”€â”€â”€â”€â”€â”€â”€â”€â”€â”€â”€â”€â”€â”€â”€â”€â”€â”€â”€â”€â”€â”€â”€â”€â”€â”€â”€â”€â”€â”€â”€â”€â”€â”€â”€â”€â”€â”€â”€â”€â”€â”€â”€â”€â”€â”€â”€â”€â”€â”€â”€â”€â”€â”€â”€â”€â”€â”€â”€â”€â”€â”€â”€â”€â”€â”€â”€â”€â”€â”€â”€â”€â”€
[NONE ][15:45:07]       1 | [BOT]           | ? |     1 |   1611 |  2082,  2304 | PlanetDena                    
[NONE ][15:45:07]       2 | [BOT]           | ? |     8 |    181 |  -280,  -423 | ï€€â¤ðŸŽ…Ã‡Ã“ÅžMÅ‚Å¢Ã–ðŸŽ…â¤ï€€               
[NONE ][15:45:07]       3 | [BOT]           | ? |     2 |   1863 | -3186, -2689 | BTG-OST                       
[NONE ][15:45:07]       4 | [BOT]           | ? |     7 |   1320 |  -993,   789 | Sas16                         
[NONE ][15:45:07]       5 | [BOT]           | ? |    10 |    344 |   401,   -66 | âš”â„“Ñ”Î·âˆ‚Î±ÑÎ¹Ïƒ YTâ˜ ðŸ’–               
[NONE ][15:45:07]      38 | 191.88.73.76    | 6 | -------------------------------------------SPECTATING: BTG-OST
[NONE ][15:45:07]      54 | 200.93.104.53   | 6 |     1 |    905 |  1419,  4014 | T?                            
[NONE ][15:45:08] >pl
[NONE ][15:45:08] 
Current players: 37
[NONE ][15:45:08] Do "playerlist m" or "pl m" to list minions

[NONE ][15:45:08]  ID     | IP              | P | CELLS | SCORE  |   POSITION   | NICK                           
[NONE ][15:45:08] â”€â”€â”€â”€â”€â”€â”€â”€â”€â”€â”€â”€â”€â”€â”€â”€â”€â”€â”€â”€â”€â”€â”€â”€â”€â”€â”€â”€â”€â”€â”€â”€â”€â”€â”€â”€â”€â”€â”€â”€â”€â”€â”€â”€â”€â”€â”€â”€â”€â”€â”€â”€â”€â”€â”€â”€â”€â”€â”€â”€â”€â”€â”€â”€â”€â”€â”€â”€â”€â”€â”€â”€â”€â”€â”€â”€â”€â”€â”€â”€â”€â”€â”€â”€â”€â”€â”€â”€â”€â”€â”€â”€â”€â”€â”€
[NONE ][15:45:08]       1 | [BOT]           | ? |     1 |   1608 |  2134,  2249 | PlanetDena                    
[NONE ][15:45:08]       2 | [BOT]           | ? |     8 |    181 |  -283,  -433 | ï€€â¤ðŸŽ…Ã‡Ã“ÅžMÅ‚Å¢Ã–ðŸŽ…â¤ï€€               
[NONE ][15:45:08]       3 | [BOT]           | ? |     2 |   1863 | -3178, -2653 | BTG-OST                       
[NONE ][15:45:08]       4 | [BOT]           | ? |     7 |   1317 |  -994,   793 | Sas16                         
[NONE ][15:45:08]       5 | [BOT]           | ? |    10 |    343 |   404,   -64 | âš”â„“Ñ”Î·âˆ‚Î±ÑÎ¹Ïƒ YTâ˜ ðŸ’–               
[NONE ][15:45:08]      38 | 191.88.73.76    | 6 | -------------------------------------------SPECTATING: BTG-OST
[NONE ][15:45:08]      54 | 200.93.104.53   | 6 |     1 |    903 |  1440,  3938 | T?                            
[NONE ][15:45:49] CONNECTED 190.152.207.234:3380, origin: "http://zapphy.epizy.com"
[NONE ][15:47:39] DISCONNECTED 200.93.104.53:10181, code: 1001, reason: "", name: "T?"
[NONE ][15:50:31] CONNECTED 181.231.12.78:51095, origin: "http://zapphy.epizy.com"
[NONE ][15:51:00] CONNECTED 191.88.73.76:41647, origin: "http://zapphy.epizy.com"
[NONE ][15:51:27] >pl
[NONE ][15:51:27] 
Current players: 69
[NONE ][15:51:27] Do "playerlist m" or "pl m" to list minions

[NONE ][15:51:27]  ID     | IP              | P | CELLS | SCORE  |   POSITION   | NICK                           
[NONE ][15:51:27] â”€â”€â”€â”€â”€â”€â”€â”€â”€â”€â”€â”€â”€â”€â”€â”€â”€â”€â”€â”€â”€â”€â”€â”€â”€â”€â”€â”€â”€â”€â”€â”€â”€â”€â”€â”€â”€â”€â”€â”€â”€â”€â”€â”€â”€â”€â”€â”€â”€â”€â”€â”€â”€â”€â”€â”€â”€â”€â”€â”€â”€â”€â”€â”€â”€â”€â”€â”€â”€â”€â”€â”€â”€â”€â”€â”€â”€â”€â”€â”€â”€â”€â”€â”€â”€â”€â”€â”€â”€â”€â”€â”€â”€â”€â”€
[NONE ][15:51:27]       1 | [BOT]           | ? |    16 |   1617 |    45,    97 | PlanetDena                    
[NONE ][15:51:27]       2 | [BOT]           | ? |     9 |   1404 |  -217,    22 | ï€€â¤ðŸŽ…Ã‡Ã“ÅžMÅ‚Å¢Ã–ðŸŽ…â¤ï€€               
[NONE ][15:51:27]       3 | [BOT]           | ? |    13 |   1262 |   383,  -453 | BTG-OST                       
[NONE ][15:51:27]       4 | [BOT]           | ? |     1 |     61 |  5300,  7031 | Sas16                         
[NONE ][15:51:27]       5 | [BOT]           | ? |    14 |   3704 |   473,   473 | âš”â„“Ñ”Î·âˆ‚Î±ÑÎ¹Ïƒ YTâ˜ ðŸ’–               
[NONE ][15:51:27]      38 | 191.88.73.76    | 6 |     8 |  11541 |  -325,   239 | Zap                           
[NONE ][15:51:27]      70 | 190.152.207.234 | 6 | -------------------------------------------DEAD OR NOT PLAYING
[NONE ][15:51:27]      86 | 181.231.12.78   | 6 |    13 |   1843 |    37,   323 | âœ˜ â„±ï¾‘Æâ–²Å¤iâ“€â˜® âœ˜                  
[NONE ][15:51:27]     102 | 191.88.73.76    | 6 | -------------------------------------------DEAD OR NOT PLAYING
[NONE ][15:51:47] DISCONNECTED 191.88.73.76:41647, code: 1001, reason: "", name: ""
[NONE ][15:51:52] CONNECTED 191.88.73.76:41665, origin: "http://zapphy.epizy.com"
[NONE ][15:57:52] >pl
[NONE ][15:57:52] 
Current players: 69
[NONE ][15:57:52] Do "playerlist m" or "pl m" to list minions

[NONE ][15:57:52]  ID     | IP              | P | CELLS | SCORE  |   POSITION   | NICK                           
[NONE ][15:57:52] â”€â”€â”€â”€â”€â”€â”€â”€â”€â”€â”€â”€â”€â”€â”€â”€â”€â”€â”€â”€â”€â”€â”€â”€â”€â”€â”€â”€â”€â”€â”€â”€â”€â”€â”€â”€â”€â”€â”€â”€â”€â”€â”€â”€â”€â”€â”€â”€â”€â”€â”€â”€â”€â”€â”€â”€â”€â”€â”€â”€â”€â”€â”€â”€â”€â”€â”€â”€â”€â”€â”€â”€â”€â”€â”€â”€â”€â”€â”€â”€â”€â”€â”€â”€â”€â”€â”€â”€â”€â”€â”€â”€â”€â”€â”€
[NONE ][15:57:52]       1 | [BOT]           | ? |     6 |   3766 |   399,   588 | PlanetDena                    
[NONE ][15:57:52]       2 | [BOT]           | ? |    16 |   1821 |   210,  -232 | ï€€â¤ðŸŽ…Ã‡Ã“ÅžMÅ‚Å¢Ã–ðŸŽ…â¤ï€€               
[NONE ][15:57:52]       3 | [BOT]           | ? |     5 |    110 |   477,  -273 | BTG-OST                       
[NONE ][15:57:52]       4 | [BOT]           | ? |     9 |    881 |   101,   197 | Sas16                         
[NONE ][15:57:52]       5 | [BOT]           | ? |    11 |  44635 |  -198,  -409 | âš”â„“Ñ”Î·âˆ‚Î±ÑÎ¹Ïƒ YTâ˜ ðŸ’–               
[NONE ][15:57:52]      38 | 191.88.73.76    | 6 |     2 |    605 |  -455,  2990 | Zap                           
[NONE ][15:57:52]      70 | 190.152.207.234 | 6 | -------------------------------------------DEAD OR NOT PLAYING
[NONE ][15:57:52]      86 | 181.231.12.78   | 6 |     2 |   4277 | -2926, -3089 | âœ˜ â„±ï¾‘Æâ–²Å¤iâ“€â˜® âœ˜                  
[NONE ][15:57:52]     118 | 191.88.73.76    | 6 | -------------------------------------------DEAD OR NOT PLAYING
[NONE ][15:57:59] >m 118 5000
[WARN ][15:57:59] That player is either dead or not playing!
[NONE ][15:58:03] >m 118 5000
[WARN ][15:58:03] That player is either dead or not playing!
[NONE ][15:58:04] >pl
[NONE ][15:58:04] 
Current players: 69
[NONE ][15:58:04] Do "playerlist m" or "pl m" to list minions

[NONE ][15:58:04]  ID     | IP              | P | CELLS | SCORE  |   POSITION   | NICK                           
[NONE ][15:58:04] â”€â”€â”€â”€â”€â”€â”€â”€â”€â”€â”€â”€â”€â”€â”€â”€â”€â”€â”€â”€â”€â”€â”€â”€â”€â”€â”€â”€â”€â”€â”€â”€â”€â”€â”€â”€â”€â”€â”€â”€â”€â”€â”€â”€â”€â”€â”€â”€â”€â”€â”€â”€â”€â”€â”€â”€â”€â”€â”€â”€â”€â”€â”€â”€â”€â”€â”€â”€â”€â”€â”€â”€â”€â”€â”€â”€â”€â”€â”€â”€â”€â”€â”€â”€â”€â”€â”€â”€â”€â”€â”€â”€â”€â”€â”€
[NONE ][15:58:04]       1 | [BOT]           | ? |    16 |   3912 |   191,   196 | PlanetDena                    
[NONE ][15:58:04]       2 | [BOT]           | ? |     5 |   1930 |   781,  -411 | ï€€â¤ðŸŽ…Ã‡Ã“ÅžMÅ‚Å¢Ã–ðŸŽ…â¤ï€€               
[NONE ][15:58:04]       3 | [BOT]           | ? |     7 |    158 |   149,  -135 | BTG-OST                       
[NONE ][15:58:04]       4 | [BOT]           | ? |     6 |    903 |   188,   118 | Sas16                         
[NONE ][15:58:04]       5 | [BOT]           | ? |    10 |  44421 |  -319,  -464 | âš”â„“Ñ”Î·âˆ‚Î±ÑÎ¹Ïƒ YTâ˜ ðŸ’–               
[NONE ][15:58:04]      38 | 191.88.73.76    | 6 |     1 |    403 | -1806,  6234 | Zap                           
[NONE ][15:58:04]      70 | 190.152.207.234 | 6 | -------------------------------------------DEAD OR NOT PLAYING
[NONE ][15:58:04]      86 | 181.231.12.78   | 6 |     1 |    220 | -6466, -5844 | âœ˜ â„±ï¾‘Æâ–²Å¤iâ“€â˜® âœ˜                  
[NONE ][15:58:04]     118 | 191.88.73.76    | 6 | -------------------------------------------DEAD OR NOT PLAYING
[NONE ][15:58:12] >m 38 5000
[NONE ][15:58:12] Set mass of Zap to 5000.000
[NONE ][15:58:15] DISCONNECTED 190.152.207.234:3380, code: 1001, reason: "", name: " Wombax"
[NONE ][15:58:28] CONNECTED 200.93.104.53:10460, origin: "http://zapphy.epizy.com"
[NONE ][15:58:43] CONNECTED 181.176.79.120:3698, origin: "http://zapphy.epizy.com"
[NONE ][15:59:09] >m 38 1000
[NONE ][15:59:09] Set mass of Zap to 1000.000
[NONE ][15:59:11] >m 38 14000
[NONE ][15:59:11] Set mass of Zap to 14000.000
[NONE ][15:59:37] CONNECTED 181.54.232.4:55322, origin: "http://zapphy.epizy.com"
[NONE ][15:59:38] DISCONNECTED 181.176.79.120:3698, code: 1000, reason: "", name: "ï£¿ï£¿_"
[NONE ][15:59:39] CONNECTED 181.176.79.120:27711, origin: "http://zapphy.epizy.com"
[DEBUG][15:59:41] process.exit(1)
=== Shutdown 2018-02-20T15-59-41-211 ===
