=== Started 2018-02-19T17-42-38-919 ===
[INFO ][17:42:38] 0 bad words loaded
[WARN ][17:42:38] User account "Local Administrator" disabled
[WARN ][17:42:38] User account "Local Moderator" disabled
[WARN ][17:42:38] User account "Local User" disabled
[INFO ][17:42:38] 0 user records loaded.
[INFO ][17:42:38] 0 IP ban records loaded.
[INFO ][17:42:38] [1m[32mMultiOgar-Edited 1.6.1[37m - An open source multi-protocol ogar server[0m
[INFO ][17:42:38] WebSocket: ws
[INFO ][17:42:39] Started stats server on port 9090
[INFO ][17:42:39] Listening on port 8888
[INFO ][17:42:39] Current game mode is Free For All
[INFO ][17:42:39] Added 5 player bots
[NONE ][17:42:39]   __  __       _ _   _  ___                        _____    _ _ _           _    _   __    _ 
 |  \/  |_   _| | |_(_)/ _ \  __ _  __ _ _ __     | ____|__| (_) |_ ___  __| |  / | / /_  / |
 | |\/| | | | | | __| | | | |/ _` |/ _` | '__|____|  _| / _` | | __/ _ \/ _` |  | || '_ \ | |
 | |  | | |_| | | |_| | |_| | (_| | (_| | | |_____| |__| (_| | | ||  __/ (_| |  | || (_) || |
 |_|  |_|\__,_|_|\__|_|\___/ \__, |\__,_|_|       |_____\__,_|_|\__\___|\__,_|  |_(_)___(_)_|
                             |___/                                                           
[NONE ][17:42:39] CONNECTED 191.88.73.76:51845, origin: "http://localhost"
[NONE ][17:42:41] DISCONNECTED 191.88.73.76:51845, code: 1001, reason: "", name: ""
[NONE ][17:42:43] CONNECTED 191.88.73.76:51855, origin: "http://localhost"
[NONE ][17:43:16] >pl
[NONE ][17:43:16] 
Current players: 21
[NONE ][17:43:16] Do "playerlist m" or "pl m" to list minions

[NONE ][17:43:16]  ID     | IP              | P | CELLS | SCORE  |   POSITION   | NICK                           
[NONE ][17:43:16] ───────────────────────────────────────────────────────────────────────────────────────────────
[NONE ][17:43:16]       1 | [BOT]           | ? |     8 |    989 |   -94,   277 | RoYaL                         
[NONE ][17:43:16]       2 | [BOT]           | ? |    16 |   1124 |   262,     5 | Cαηαɗα1                       
[NONE ][17:43:16]       3 | [BOT]           | ? |     2 |    941 | -2083,  2311 | patriarchy                    
[NONE ][17:43:16]       4 | [BOT]           | ? |     1 |    841 |  4373,  2824 | CY|RatZ 㟼                     
[NONE ][17:43:16]       5 | [BOT]           | ? |     8 |   1095 |    35,  -463 | 夔Ɠℳ ERICK                     
[NONE ][17:43:16]      22 | 191.88.73.76    | 6 |     1 |     26 | -1139, -4903 | Zapphy                        
[NONE ][17:43:18] >m 22 10000
[NONE ][17:43:18] Set mass of Zapphy to 10000.000
[NONE ][17:44:08] DISCONNECTED 191.88.73.76:51855, code: 1001, reason: "", name: "Zapphy"
[NONE ][17:44:10] CONNECTED 191.88.73.76:51910, origin: "http://localhost"
[NONE ][17:44:28] DISCONNECTED 191.88.73.76:51910, code: 1001, reason: "", name: "Zapphy"
[NONE ][17:44:30] CONNECTED 191.88.73.76:51920, origin: "http://localhost"
[NONE ][17:44:40] >ok
[WARN ][17:44:40] Invalid Command!
[NONE ][17:44:41] >lpl
[WARN ][17:44:41] Invalid Command!
[NONE ][17:44:42] >pl
[NONE ][17:44:42] 
Current players: 21
[NONE ][17:44:42] Do "playerlist m" or "pl m" to list minions

[NONE ][17:44:42]  ID     | IP              | P | CELLS | SCORE  |   POSITION   | NICK                           
[NONE ][17:44:42] ───────────────────────────────────────────────────────────────────────────────────────────────
[NONE ][17:44:42]       1 | [BOT]           | ? |     7 |    433 |  -707,  -654 | RoYaL                         
[NONE ][17:44:42]       2 | [BOT]           | ? |     8 |   1126 |  -573,  -473 | Cαηαɗα1                       
[NONE ][17:44:42]       3 | [BOT]           | ? |     1 |     59 |   451,  2947 | patriarchy                    
[NONE ][17:44:42]       4 | [BOT]           | ? |     4 |    186 |  -203,   532 | CY|RatZ 㟼                     
[NONE ][17:44:42]       5 | [BOT]           | ? |    10 |   4769 |    70,   225 | 夔Ɠℳ ERICK                     
[NONE ][17:44:42]      54 | 191.88.73.76    | 6 |     1 |    883 | -4971,  2295 | Zapphy                        
[NONE ][17:44:44] >m 54 10000
[NONE ][17:44:44] Set mass of Zapphy to 10000.000
[NONE ][17:44:55] DISCONNECTED 191.88.73.76:51920, code: 1001, reason: "", name: "Zapphy"
[NONE ][17:44:57] CONNECTED 191.88.73.76:51931, origin: "http://localhost"
[NONE ][17:45:11] >pl
[NONE ][17:45:11] 
Current players: 21
[NONE ][17:45:11] Do "playerlist m" or "pl m" to list minions

[NONE ][17:45:11]  ID     | IP              | P | CELLS | SCORE  |   POSITION   | NICK                           
[NONE ][17:45:11] ───────────────────────────────────────────────────────────────────────────────────────────────
[NONE ][17:45:11]       1 | [BOT]           | ? |     2 |    121 |  -606, -3375 | RoYaL                         
[NONE ][17:45:11]       2 | [BOT]           | ? |    13 |   1637 |  -163,  -512 | Cαηαɗα1                       
[NONE ][17:45:11]       3 | [BOT]           | ? |     4 |     92 |  -639,  1416 | patriarchy                    
[NONE ][17:45:11]       4 | [BOT]           | ? |     2 |     58 | -1288,  2934 | CY|RatZ 㟼                     
[NONE ][17:45:11]       5 | [BOT]           | ? |     3 |   5009 |   -54,  1357 | 夔Ɠℳ ERICK                     
[NONE ][17:45:11]      70 | 191.88.73.76    | 6 |     1 |     30 |  1370,  4163 | Zapphy                        
[NONE ][17:45:16] >m 70 7000
[NONE ][17:45:16] Set mass of Zapphy to 7000.000
[NONE ][17:45:37] >m 70 7000
[NONE ][17:45:37] Set mass of Zapphy to 7000.000
[NONE ][17:47:42] DISCONNECTED 191.88.73.76:51931, code: 1006, reason: "", name: "Zapphy"
[NONE ][17:47:45] CONNECTED 191.88.73.76:51948, origin: "http://zapphy.epizy.com"
[NONE ][17:48:04] >pl
[NONE ][17:48:04] 
Current players: 21
[NONE ][17:48:04] Do "playerlist m" or "pl m" to list minions

[NONE ][17:48:04]  ID     | IP              | P | CELLS | SCORE  |   POSITION   | NICK                           
[NONE ][17:48:04] ───────────────────────────────────────────────────────────────────────────────────────────────
[NONE ][17:48:04]       1 | [BOT]           | ? |     8 |   1700 |   -54,   507 | RoYaL                         
[NONE ][17:48:04]       2 | [BOT]           | ? |     1 |   1461 | -4417, -2433 | Cαηαɗα1                       
[NONE ][17:48:04]       3 | [BOT]           | ? |     3 |    145 | -2113,   929 | patriarchy                    
[NONE ][17:48:04]       4 | [BOT]           | ? |     4 |    149 | -1695,  1327 | CY|RatZ 㟼                     
[NONE ][17:48:04]       5 | [BOT]           | ? |     4 |    177 |     5,  -170 | 夔Ɠℳ ERICK                     
[NONE ][17:48:04]      86 | 191.88.73.76    | 6 |     1 |    845 |  1336,  5724 | Zap                           
[NONE ][17:48:07] >m 86 7000
[NONE ][17:48:07] Set mass of Zap to 7000.000
[NONE ][17:48:18] >m 86 15000
[NONE ][17:48:18] Set mass of Zap to 15000.000
[NONE ][17:49:43] >m 86 15000
[NONE ][17:49:43] Set mass of Zap to 15000.000
[NONE ][17:50:36] DISCONNECTED 191.88.73.76:51948, code: 1001, reason: "", name: "Zap"
[NONE ][17:50:40] CONNECTED 191.88.73.76:51965, origin: "http://localhost"
[NONE ][17:51:14] >pl
[NONE ][17:51:14] 
Current players: 21
[NONE ][17:51:14] Do "playerlist m" or "pl m" to list minions

[NONE ][17:51:14]  ID     | IP              | P | CELLS | SCORE  |   POSITION   | NICK                           
[NONE ][17:51:14] ───────────────────────────────────────────────────────────────────────────────────────────────
[NONE ][17:51:14]       1 | [BOT]           | ? |     1 |   3005 | -5738, -5082 | RoYaL                         
[NONE ][17:51:14]       2 | [BOT]           | ? |    11 |   1553 |  -265,  -219 | Cαηαɗα1                       
[NONE ][17:51:14]       3 | [BOT]           | ? |     2 |    370 |  3306,  2810 | patriarchy                    
[NONE ][17:51:14]       4 | [BOT]           | ? |     2 |     47 |  1152,   134 | CY|RatZ 㟼                     
[NONE ][17:51:14]       5 | [BOT]           | ? |     1 |    402 |  6477,  1890 | 夔Ɠℳ ERICK                     
[NONE ][17:51:14]     102 | 191.88.73.76    | 6 |     1 |     95 |  1054,  2197 | Zapphy                        
[NONE ][17:51:17] >m 102 3000
[NONE ][17:51:17] Set mass of Zapphy to 3000.000
[NONE ][17:51:31] DISCONNECTED 191.88.73.76:51965, code: 1001, reason: "", name: "Zapphy"
[NONE ][17:51:33] CONNECTED 191.88.73.76:51981, origin: "http://localhost"
[NONE ][17:51:55] DISCONNECTED 191.88.73.76:51981, code: 1001, reason: "", name: "Zapphy"
[NONE ][17:51:57] CONNECTED 191.88.73.76:51992, origin: "http://localhost"
[NONE ][17:52:34] DISCONNECTED 191.88.73.76:51992, code: 1001, reason: "", name: "Zapphy"
[NONE ][17:52:37] CONNECTED 191.88.73.76:52001, origin: "http://localhost"
[NONE ][17:53:06] DISCONNECTED 191.88.73.76:52001, code: 1001, reason: "", name: "Zapphy"
[NONE ][17:53:08] CONNECTED 191.88.73.76:52010, origin: "http://localhost"
[NONE ][17:56:55] >m 102 3000
[WARN ][17:56:55] That player ID is non-existant!
[NONE ][17:56:56] >pl
[NONE ][17:56:56] 
Current players: 21
[NONE ][17:56:56] Do "playerlist m" or "pl m" to list minions

[NONE ][17:56:56]  ID     | IP              | P | CELLS | SCORE  |   POSITION   | NICK                           
[NONE ][17:56:56] ───────────────────────────────────────────────────────────────────────────────────────────────
[NONE ][17:56:56]       1 | [BOT]           | ? |     2 |     69 |  -901,  3184 | RoYaL                         
[NONE ][17:56:56]       2 | [BOT]           | ? |    10 |   2486 |   -50,   642 | Cαηαɗα1                       
[NONE ][17:56:56]       3 | [BOT]           | ? |     1 |    314 |  6064, -6982 | patriarchy                    
[NONE ][17:56:56]       4 | [BOT]           | ? |     7 |    536 |     0,  -414 | CY|RatZ 㟼                     
[NONE ][17:56:56]       5 | [BOT]           | ? |    11 |   3211 |    -8,  -195 | 夔Ɠℳ ERICK                     
[NONE ][17:56:56]     166 | 191.88.73.76    | 6 |     1 |    357 |  5615, -4483 | An unnamed cell               
[NONE ][17:56:59] >m 166 10000
[NONE ][17:56:59] Set mass of An unnamed cell to 10000.000
[NONE ][17:57:40] >m 166 17000
[NONE ][17:57:40] Set mass of An unnamed cell to 17000.000
[NONE ][18:01:33] DISCONNECTED 191.88.73.76:52010, code: 1001, reason: "", name: ""
[NONE ][18:01:38] CONNECTED 191.88.73.76:52221, origin: "http://localhost"
[NONE ][18:01:46] >pl
[NONE ][18:01:46] 
Current players: 21
[NONE ][18:01:46] Do "playerlist m" or "pl m" to list minions

[NONE ][18:01:46]  ID     | IP              | P | CELLS | SCORE  |   POSITION   | NICK                           
[NONE ][18:01:46] ───────────────────────────────────────────────────────────────────────────────────────────────
[NONE ][18:01:46]       1 | [BOT]           | ? |     1 |    263 | -6844,  6861 | RoYaL                         
[NONE ][18:01:46]       2 | [BOT]           | ? |     1 |   2781 | -4861,  6487 | Cαηαɗα1                       
[NONE ][18:01:46]       3 | [BOT]           | ? |     1 |     64 |  2663, -7030 | patriarchy                    
[NONE ][18:01:46]       4 | [BOT]           | ? |     1 |   1443 |  4150, -6881 | CY|RatZ 㟼                     
[NONE ][18:01:46]       5 | [BOT]           | ? |    16 |   2909 |  -206,  -219 | 夔Ɠℳ ERICK                     
[NONE ][18:01:46]     182 | 191.88.73.76    | 6 |     1 |     67 | -6591,  1235 | Zapphy                        
[NONE ][18:01:50] >m 182 1500
[NONE ][18:01:50] Set mass of Zapphy to 1500.000
[NONE ][18:02:31] >m 182 5000
[NONE ][18:02:31] Set mass of Zapphy to 5000.000
[NONE ][18:03:23] >m 182 9000
[NONE ][18:03:23] Set mass of Zapphy to 9000.000
[NONE ][18:04:37] >m 182 15000
[NONE ][18:04:37] Set mass of Zapphy to 15000.000
[DEBUG][18:07:39] process.exit(1)
=== Shutdown 2018-02-19T18-07-39-091 ===
