=== Started 2018-02-21T14-11-25-673 ===
[INFO ][14:11:25] 0 bad words loaded
[WARN ][14:11:25] User account "Local Moderator" disabled
[WARN ][14:11:25] User account "Local User" disabled
[INFO ][14:11:25] 1 user records loaded.
[INFO ][14:11:25] 1 IP ban records loaded.
[INFO ][14:11:25] [1m[32mMultiOgar-Edited 1.6.1[37m - An open source multi-protocol ogar server[0m
[INFO ][14:11:25] WebSocket: ws
[INFO ][14:11:25] Started stats server on port 88
[INFO ][14:11:25] Listening on port 25565
[INFO ][14:11:25] Current game mode is Free For All
[INFO ][14:11:25] Added 5 player bots
[NONE ][14:11:25]   __  __       _ _   _  ___                        _____    _ _ _           _    _   __    _ 
 |  \/  |_   _| | |_(_)/ _ \  __ _  __ _ _ __     | ____|__| (_) |_ ___  __| |  / | / /_  / |
 | |\/| | | | | | __| | | | |/ _` |/ _` | '__|____|  _| / _` | | __/ _ \/ _` |  | || '_ \ | |
 | |  | | |_| | | |_| | |_| | (_| | (_| | | |_____| |__| (_| | | ||  __/ (_| |  | || (_) || |
 |_|  |_|\__,_|_|\__|_|\___/ \__, |\__,_|_|       |_____\__,_|_|\__\___|\__,_|  |_(_)___(_)_|
                             |___/                                                           
[NONE ][14:11:36] CONNECTED 191.88.73.76:49298, origin: "http://zapphy.epizy.com"
[NONE ][14:11:48] >pl
[NONE ][14:11:48] 
Current players: 21
[NONE ][14:11:48] Do "playerlist m" or "pl m" to list minions

[NONE ][14:11:48]  ID     | IP              | P | CELLS | SCORE  |   POSITION   | NICK                           
[NONE ][14:11:48] â”€â”€â”€â”€â”€â”€â”€â”€â”€â”€â”€â”€â”€â”€â”€â”€â”€â”€â”€â”€â”€â”€â”€â”€â”€â”€â”€â”€â”€â”€â”€â”€â”€â”€â”€â”€â”€â”€â”€â”€â”€â”€â”€â”€â”€â”€â”€â”€â”€â”€â”€â”€â”€â”€â”€â”€â”€â”€â”€â”€â”€â”€â”€â”€â”€â”€â”€â”€â”€â”€â”€â”€â”€â”€â”€â”€â”€â”€â”€â”€â”€â”€â”€â”€â”€â”€â”€â”€â”€â”€â”€â”€â”€â”€â”€
[NONE ][14:11:48]       1 | [BOT]           | ? |     2 |   2479 |  2599,  2746 | MÆ›Æ¦Æ§Ó‡MÐ„Ô¼Ô¼Æ                     
[NONE ][14:11:48]       2 | [BOT]           | ? |     4 |   2508 | -1664,  1576 | à¹–Û£ÛœãŠ—â„£Æ—Å˜Ç¤Ã˜à¼»ä¸€å¦¥æ€                 
[NONE ][14:11:48]       3 | [BOT]           | ? |     4 |   2570 | -1079, -1199 | âž½ ðŸ…¶ðŸ…´ðŸ…½ðŸ…¸ðŸ…´ â–¼                
[NONE ][14:11:48]       4 | [BOT]           | ? |     2 |   2513 |  1991,   -42 | skripts                       
[NONE ][14:11:48]       5 | [BOT]           | ? |     2 |   2508 |  -281, -2420 | LA BRITANY                    
[NONE ][14:11:48]       6 | 191.88.73.76    | 6 |     1 |     37 | -1865,  3773 | Zap                           
[NONE ][14:11:51] >m 6 7000
[NONE ][14:11:51] Set mass of Zap to 7000.000
[NONE ][14:12:27] >m 6 15000
[NONE ][14:12:27] Set mass of Zap to 15000.000
[NONE ][14:14:03] >exit
[WARN ][14:14:03] Closing server...
[DEBUG][14:14:03] process.exit(1)
=== Shutdown 2018-02-21T14-14-03-309 ===
