=== Started 2018-02-19T16-02-36-645 ===
[INFO ][16:02:36] 419 bad words loaded
[WARN ][16:02:36] User account "Local Administrator" disabled
[WARN ][16:02:36] User account "Local Moderator" disabled
[WARN ][16:02:36] User account "Local User" disabled
[INFO ][16:02:36] 0 user records loaded.
[INFO ][16:02:36] 0 IP ban records loaded.
[INFO ][16:02:36] [1m[32mMultiOgar-Edited 1.6.1[37m - An open source multi-protocol ogar server[0m
[INFO ][16:02:36] WebSocket: ws
[INFO ][16:02:36] Started stats server on port 9090
[INFO ][16:02:36] Listening on port 8888
[INFO ][16:02:36] Current game mode is Free For All
[INFO ][16:02:36] Added 5 player bots
[NONE ][16:02:36]   __  __       _ _   _  ___                        _____    _ _ _           _    _   __    _ 
 |  \/  |_   _| | |_(_)/ _ \  __ _  __ _ _ __     | ____|__| (_) |_ ___  __| |  / | / /_  / |
 | |\/| | | | | | __| | | | |/ _` |/ _` | '__|____|  _| / _` | | __/ _ \/ _` |  | || '_ \ | |
 | |  | | |_| | | |_| | |_| | (_| | (_| | | |_____| |__| (_| | | ||  __/ (_| |  | || (_) || |
 |_|  |_|\__,_|_|\__|_|\___/ \__, |\__,_|_|       |_____\__,_|_|\__\___|\__,_|  |_(_)___(_)_|
                             |___/                                                           
[NONE ][16:02:38] CONNECTED 191.88.73.76:51376, origin: "http://localhost"
[NONE ][16:09:00] CONNECTED 201.185.230.177:61091, origin: "http://zapphy.epizy.com"
[NONE ][16:14:44] CONNECTED 201.185.230.177:1571, origin: "http://zapphy.epizy.com"
[DEBUG][16:27:36] process.exit(1)
=== Shutdown 2018-02-19T16-27-36-784 ===
