=== Started 2018-01-22T14-45-28-543 ===
[INFO ][14:45:28] 419 bad words loaded
[WARN ][14:45:28] User account "Local Administrator" disabled
[WARN ][14:45:28] User account "Local Moderator" disabled
[WARN ][14:45:28] User account "Local User" disabled
[INFO ][14:45:28] 0 user records loaded.
[INFO ][14:45:28] 0 IP ban records loaded.
[INFO ][14:45:28] [1m[32mMultiOgar-Edited 1.6.1[37m - An open source multi-protocol ogar server[0m
[INFO ][14:45:28] WebSocket: ws
[INFO ][14:45:28] Started stats server on port 9090
[INFO ][14:45:28] Listening on port 8888
[INFO ][14:45:28] Current game mode is Free For All
[INFO ][14:45:28] Added 15 player bots
[NONE ][14:45:28]   __  __       _ _   _  ___                        _____    _ _ _           _    _   __    _ 
 |  \/  |_   _| | |_(_)/ _ \  __ _  __ _ _ __     | ____|__| (_) |_ ___  __| |  / | / /_  / |
 | |\/| | | | | | __| | | | |/ _` |/ _` | '__|____|  _| / _` | | __/ _ \/ _` |  | || '_ \ | |
 | |  | | |_| | | |_| | |_| | (_| | (_| | | |_____| |__| (_| | | ||  __/ (_| |  | || (_) || |
 |_|  |_|\__,_|_|\__|_|\___/ \__, |\__,_|_|       |_____\__,_|_|\__\___|\__,_|  |_(_)___(_)_|
                             |___/                                                           
[NONE ][14:45:33] CONNECTED 127.0.0.1:49993, origin: "http://localhost"
