=== Started 2018-02-19T14-07-13-186 ===
[INFO ][14:07:13] 419 bad words loaded
[WARN ][14:07:13] User account "Local Administrator" disabled
[WARN ][14:07:13] User account "Local Moderator" disabled
[WARN ][14:07:13] User account "Local User" disabled
[INFO ][14:07:13] 0 user records loaded.
[INFO ][14:07:13] 0 IP ban records loaded.
[INFO ][14:07:13] [1m[32mMultiOgar-Edited 1.6.1[37m - An open source multi-protocol ogar server[0m
[INFO ][14:07:13] WebSocket: ws
[INFO ][14:07:13] Started stats server on port 9090
[INFO ][14:07:13] Listening on port 8888
[INFO ][14:07:13] Current game mode is Free For All
[INFO ][14:07:13] Added 5 player bots
[NONE ][14:07:13]   __  __       _ _   _  ___                        _____    _ _ _           _    _   __    _ 
 |  \/  |_   _| | |_(_)/ _ \  __ _  __ _ _ __     | ____|__| (_) |_ ___  __| |  / | / /_  / |
 | |\/| | | | | | __| | | | |/ _` |/ _` | '__|____|  _| / _` | | __/ _ \/ _` |  | || '_ \ | |
 | |  | | |_| | | |_| | |_| | (_| | (_| | | |_____| |__| (_| | | ||  __/ (_| |  | || (_) || |
 |_|  |_|\__,_|_|\__|_|\___/ \__, |\__,_|_|       |_____\__,_|_|\__\___|\__,_|  |_(_)___(_)_|
                             |___/                                                           
[NONE ][14:07:14] CONNECTED 191.88.73.76:49227, origin: "http://zapphy.epizy.com"
[NONE ][14:07:32] >exit
[WARN ][14:07:32] Closing server...
[DEBUG][14:07:32] process.exit(1)
=== Shutdown 2018-02-19T14-07-32-006 ===
