=== Started 2018-01-20T09-30-48-870 ===
[INFO ][09:30:49] 419 bad words loaded
[WARN ][09:30:49] User account "Local Administrator" disabled
[WARN ][09:30:49] User account "Local Moderator" disabled
[WARN ][09:30:49] User account "Local User" disabled
[INFO ][09:30:49] 0 user records loaded.
[INFO ][09:30:49] 0 IP ban records loaded.
[INFO ][09:30:49] [1m[32mMultiOgar-Edited 1.6.1[37m - An open source multi-protocol ogar server[0m
[INFO ][09:30:49] WebSocket: ws
[INFO ][09:30:49] Started stats server on port 9090
[INFO ][09:30:49] Listening on port 8888
[INFO ][09:30:49] Current game mode is Free For All
[INFO ][09:30:49] Added 15 player bots
[NONE ][09:30:49]   __  __       _ _   _  ___                        _____    _ _ _           _    _   __    _ 
 |  \/  |_   _| | |_(_)/ _ \  __ _  __ _ _ __     | ____|__| (_) |_ ___  __| |  / | / /_  / |
 | |\/| | | | | | __| | | | |/ _` |/ _` | '__|____|  _| / _` | | __/ _ \/ _` |  | || '_ \ | |
 | |  | | |_| | | |_| | |_| | (_| | (_| | | |_____| |__| (_| | | ||  __/ (_| |  | || (_) || |
 |_|  |_|\__,_|_|\__|_|\___/ \__, |\__,_|_|       |_____\__,_|_|\__\___|\__,_|  |_(_)___(_)_|
                             |___/                                                           
[NONE ][09:30:49] CONNECTED 127.0.0.1:56187, origin: "http://zapphy.epizy.com"
[NONE ][09:38:46] DISCONNECTED 127.0.0.1:56187, code: 1006, reason: "", name: " q:v"
