=== Started 2018-01-19T18-38-54-712 ===
[INFO ][18:38:54] 419 bad words loaded
[WARN ][18:38:54] User account "Local Administrator" disabled
[WARN ][18:38:54] User account "Local Moderator" disabled
[WARN ][18:38:54] User account "Local User" disabled
[INFO ][18:38:54] 0 user records loaded.
[INFO ][18:38:54] 0 IP ban records loaded.
[INFO ][18:38:54] [1m[32mMultiOgar-Edited 1.6.1[37m - An open source multi-protocol ogar server[0m
[INFO ][18:38:54] WebSocket: ws
[INFO ][18:38:54] Started stats server on port 9090
[INFO ][18:38:54] Listening on port 8888
[INFO ][18:38:54] Current game mode is Free For All
[NONE ][18:38:54]   __  __       _ _   _  ___                        _____    _ _ _           _    _   __    _ 
 |  \/  |_   _| | |_(_)/ _ \  __ _  __ _ _ __     | ____|__| (_) |_ ___  __| |  / | / /_  / |
 | |\/| | | | | | __| | | | |/ _` |/ _` | '__|____|  _| / _` | | __/ _ \/ _` |  | || '_ \ | |
 | |  | | |_| | | |_| | |_| | (_| | (_| | | |_____| |__| (_| | | ||  __/ (_| |  | || (_) || |
 |_|  |_|\__,_|_|\__|_|\___/ \__, |\__,_|_|       |_____\__,_|_|\__\___|\__,_|  |_(_)___(_)_|
                             |___/                                                           
[NONE ][18:38:55] CONNECTED 127.0.0.1:49464, origin: "http://localhost"
[NONE ][18:39:11] DISCONNECTED 127.0.0.1:49464, code: 1006, reason: "", name: ""
[NONE ][18:39:16] CONNECTED 127.0.0.1:49504, origin: "http://localhost"
[NONE ][18:39:18] >pl
[NONE ][18:39:18] 
Current players: 11
[NONE ][18:39:18] Do "playerlist m" or "pl m" to list minions

[NONE ][18:39:18]  ID     | IP              | P | CELLS | SCORE  |   POSITION   | NICK                           
[NONE ][18:39:18] ───────────────────────────────────────────────────────────────────────────────────────────────
[NONE ][18:39:18]      12 | 127.0.0.1       | 6 |     1 |   2030 | -5956, -5362 | Goblin                        
[NONE ][18:40:28] >m 12 7000
[NONE ][18:40:28] Set mass of Goblin to 7000.000
[NONE ][18:41:05] >m 12 12000
[NONE ][18:41:05] Set mass of Goblin to 12000.000
[NONE ][18:43:21] >m 12 12000
[NONE ][18:43:21] Set mass of Goblin to 12000.000
[NONE ][18:46:21] >m 12 12000
[NONE ][18:46:21] Set mass of Goblin to 12000.000
[NONE ][18:48:00] >m 12 12000
[NONE ][18:48:00] Set mass of Goblin to 12000.000
[NONE ][18:50:05] >m 12 12000
[NONE ][18:50:05] Set mass of Goblin to 12000.000
[NONE ][18:51:37] >m 12 12000
[NONE ][18:51:37] Set mass of Goblin to 12000.000
[NONE ][18:51:56] >k 12
[NONE ][18:51:56] Killed Goblin and removed 16 cells
[NONE ][18:52:02] >rec 12
[NONE ][18:52:02] Goblin is now in rec mode!
[NONE ][18:52:15] >pl m
[NONE ][18:52:15] 
Current players: 11
[NONE ][18:52:15] Do "playerlist m" or "pl m" to list minions

[NONE ][18:52:15]  ID     | IP              | P | CELLS | SCORE  |   POSITION   | NICK                           
[NONE ][18:52:15] ───────────────────────────────────────────────────────────────────────────────────────────────
[NONE ][18:52:15]      12 | 127.0.0.1       | 6 |     2 |   3348 |  -868,  1150 | Goblin                        
[NONE ][18:52:15]      13 | [MINION]        | ? |     4 |  16308 |   -76,   -36 |                               
[NONE ][18:52:15]      14 | [MINION]        | ? |     1 |     38 |  3388,  3398 |                               
[NONE ][18:52:15]      15 | [MINION]        | ? |     1 |     36 | -5412, -2966 |                               
[NONE ][18:52:15]      16 | [MINION]        | ? |     1 |     56 | -1004,  2799 |                               
[NONE ][18:52:15]      17 | [MINION]        | ? |     1 |     37 | -1240, -4258 |                               
[NONE ][18:52:15]      18 | [MINION]        | ? |     1 |     41 |  1778,  3628 |                               
[NONE ][18:52:15]      19 | [MINION]        | ? |     1 |     38 | -1039,  1951 |                               
[NONE ][18:52:15]      20 | [MINION]        | ? |     1 |     42 |  3435,  5438 |                               
[NONE ][18:52:15]      21 | [MINION]        | ? |     1 |     35 | -3814, -2575 |                               
[NONE ][18:52:15]      22 | [MINION]        | ? |     1 |     40 | -2201,  1695 |                               
[NONE ][18:52:38] >pl m
[NONE ][18:52:38] 
Current players: 11
[NONE ][18:52:38] Do "playerlist m" or "pl m" to list minions

[NONE ][18:52:38]  ID     | IP              | P | CELLS | SCORE  |   POSITION   | NICK                           
[NONE ][18:52:38] ───────────────────────────────────────────────────────────────────────────────────────────────
[NONE ][18:52:38]      12 | 127.0.0.1       | 6 |     1 |   9501 | -1091,   309 | Goblin                        
[NONE ][18:52:38]      13 | [MINION]        | ? |     1 |   8200 | -2119,   662 |                               
[NONE ][18:52:38]      14 | [MINION]        | ? |     2 |     35 | -1378,  1495 |                               
[NONE ][18:52:38]      15 | [MINION]        | ? |     2 |     52 |  -814,  1300 |                               
[NONE ][18:52:38]      16 | [MINION]        | ? |     2 |     49 | -2044,  -946 |                               
[NONE ][18:52:38]      17 | [MINION]        | ? |     2 |     41 |   269,  1476 |                               
[NONE ][18:52:38]      18 | [MINION]        | ? |     1 |     31 |  -831,  -953 |                               
[NONE ][18:52:38]      19 | [MINION]        | ? |     1 |     35 |  4369, -1983 |                               
[NONE ][18:52:38]      20 | [MINION]        | ? |     1 |     32 |  1061,   770 |                               
[NONE ][18:52:38]      21 | [MINION]        | ? |     1 |     35 |   857,  5974 |                               
[NONE ][18:52:38]      22 | [MINION]        | ? |     1 |     23 | -5621, -4771 |                               
[NONE ][18:52:40] >rec 12
[NONE ][18:52:40] Goblin is no longer in rec mode
[NONE ][18:54:12] >m 12 12000
[NONE ][18:54:12] Set mass of Goblin to 12000.000
[NONE ][18:55:31] >m 12 12000
[NONE ][18:55:31] Set mass of Goblin to 12000.000
[NONE ][18:57:03] >m 12 12000
[NONE ][18:57:03] Set mass of Goblin to 12000.000
[NONE ][18:58:07] >m 12 16000
[NONE ][18:58:07] Set mass of Goblin to 16000.000
[DEBUG][18:58:54] process.exit(1)
=== Shutdown 2018-01-19T18-58-54-921 ===
