=== Started 2018-02-22T14-28-03-492 ===
[INFO ][14:28:03] 0 bad words loaded
[WARN ][14:28:03] User account "Local Moderator" disabled
[WARN ][14:28:03] User account "Local User" disabled
[INFO ][14:28:03] 1 user records loaded.
[INFO ][14:28:03] 1 IP ban records loaded.
[INFO ][14:28:03] [1m[32mMultiOgar-Edited 1.6.1[37m - An open source multi-protocol ogar server[0m
[INFO ][14:28:03] WebSocket: ws
[INFO ][14:28:03] Started stats server on port 88
[INFO ][14:28:03] Listening on port 25565
[INFO ][14:28:03] Current game mode is Free For All
[INFO ][14:28:03] Added 5 player bots
[NONE ][14:28:03]   __  __       _ _   _  ___                        _____    _ _ _           _    _   __    _ 
 |  \/  |_   _| | |_(_)/ _ \  __ _  __ _ _ __     | ____|__| (_) |_ ___  __| |  / | / /_  / |
 | |\/| | | | | | __| | | | |/ _` |/ _` | '__|____|  _| / _` | | __/ _ \/ _` |  | || '_ \ | |
 | |  | | |_| | | |_| | |_| | (_| | (_| | | |_____| |__| (_| | | ||  __/ (_| |  | || (_) || |
 |_|  |_|\__,_|_|\__|_|\___/ \__, |\__,_|_|       |_____\__,_|_|\__\___|\__,_|  |_(_)___(_)_|
                             |___/                                                           
[NONE ][14:28:59] >pl
[NONE ][14:28:59] 
Current players: 5
[NONE ][14:28:59] Do "playerlist m" or "pl m" to list minions

[NONE ][14:28:59]  ID     | IP              | P | CELLS | SCORE  |   POSITION   | NICK                           
[NONE ][14:28:59] â”€â”€â”€â”€â”€â”€â”€â”€â”€â”€â”€â”€â”€â”€â”€â”€â”€â”€â”€â”€â”€â”€â”€â”€â”€â”€â”€â”€â”€â”€â”€â”€â”€â”€â”€â”€â”€â”€â”€â”€â”€â”€â”€â”€â”€â”€â”€â”€â”€â”€â”€â”€â”€â”€â”€â”€â”€â”€â”€â”€â”€â”€â”€â”€â”€â”€â”€â”€â”€â”€â”€â”€â”€â”€â”€â”€â”€â”€â”€â”€â”€â”€â”€â”€â”€â”€â”€â”€â”€â”€â”€â”€â”€â”€â”€
[NONE ][14:28:59]       1 | [BOT]           | ? |     1 |   2327 | -4892, -5835 | à¹–Ì¶Ì¶Ì¶Û£ÛœÆªÄ±Ê‡ÊŒÊ‡à¹– æ´³ïº¬               
[NONE ][14:28:59]       2 | [BOT]           | ? |     1 |   2411 | -2131,  6655 | Angel                         
[NONE ][14:28:59]       3 | [BOT]           | ? |     1 |   2274 | -5371,  1485 | SCRACK ' Ë¡Âºáµ›áµ‰âž¸â¤               
[NONE ][14:28:59]       4 | [BOT]           | ? |     1 |   2440 |  4218, -1253 | Noob                          
[NONE ][14:28:59]       5 | [BOT]           | ? |     1 |   2407 |   355, -4375 | agar                          
[NONE ][14:29:01] >pl
[NONE ][14:29:01] 
Current players: 5
[NONE ][14:29:01] Do "playerlist m" or "pl m" to list minions

[NONE ][14:29:01]  ID     | IP              | P | CELLS | SCORE  |   POSITION   | NICK                           
[NONE ][14:29:01] â”€â”€â”€â”€â”€â”€â”€â”€â”€â”€â”€â”€â”€â”€â”€â”€â”€â”€â”€â”€â”€â”€â”€â”€â”€â”€â”€â”€â”€â”€â”€â”€â”€â”€â”€â”€â”€â”€â”€â”€â”€â”€â”€â”€â”€â”€â”€â”€â”€â”€â”€â”€â”€â”€â”€â”€â”€â”€â”€â”€â”€â”€â”€â”€â”€â”€â”€â”€â”€â”€â”€â”€â”€â”€â”€â”€â”€â”€â”€â”€â”€â”€â”€â”€â”€â”€â”€â”€â”€â”€â”€â”€â”€â”€â”€
[NONE ][14:29:01]       1 | [BOT]           | ? |     1 |   2323 | -4758, -5591 | à¹–Ì¶Ì¶Ì¶Û£ÛœÆªÄ±Ê‡ÊŒÊ‡à¹– æ´³ïº¬               
[NONE ][14:29:01]       2 | [BOT]           | ? |     1 |   2414 | -1882,  6510 | Angel                         
[NONE ][14:29:01]       3 | [BOT]           | ? |     1 |   2265 | -5371,  1485 | SCRACK ' Ë¡Âºáµ›áµ‰âž¸â¤               
[NONE ][14:29:01]       4 | [BOT]           | ? |     1 |   2430 |  4219, -1251 | Noob                          
[NONE ][14:29:01]       5 | [BOT]           | ? |     1 |   2404 |   581, -4206 | agar                          
[NONE ][14:29:14] >pl
[NONE ][14:29:14] 
Current players: 5
[NONE ][14:29:14] Do "playerlist m" or "pl m" to list minions

[NONE ][14:29:14]  ID     | IP              | P | CELLS | SCORE  |   POSITION   | NICK                           
[NONE ][14:29:14] â”€â”€â”€â”€â”€â”€â”€â”€â”€â”€â”€â”€â”€â”€â”€â”€â”€â”€â”€â”€â”€â”€â”€â”€â”€â”€â”€â”€â”€â”€â”€â”€â”€â”€â”€â”€â”€â”€â”€â”€â”€â”€â”€â”€â”€â”€â”€â”€â”€â”€â”€â”€â”€â”€â”€â”€â”€â”€â”€â”€â”€â”€â”€â”€â”€â”€â”€â”€â”€â”€â”€â”€â”€â”€â”€â”€â”€â”€â”€â”€â”€â”€â”€â”€â”€â”€â”€â”€â”€â”€â”€â”€â”€â”€â”€
[NONE ][14:29:14]       1 | [BOT]           | ? |     1 |   2310 | -4973, -3784 | à¹–Ì¶Ì¶Ì¶Û£ÛœÆªÄ±Ê‡ÊŒÊ‡à¹– æ´³ïº¬               
[NONE ][14:29:14]       2 | [BOT]           | ? |     1 |   2387 |  -732,  5474 | Angel                         
[NONE ][14:29:14]       3 | [BOT]           | ? |     1 |   2212 | -5371,  1485 | SCRACK ' Ë¡Âºáµ›áµ‰âž¸â¤               
[NONE ][14:29:14]       4 | [BOT]           | ? |     1 |   2373 |  4226, -1240 | Noob                          
[NONE ][14:29:14]       5 | [BOT]           | ? |     1 |   2372 |  1113, -3421 | agar                          
[NONE ][14:30:22] CONNECTED 191.88.73.76:60615, origin: "http://agar.io"
[NONE ][14:30:33] >pl
[NONE ][14:30:33] 
Current players: 21
[NONE ][14:30:33] Do "playerlist m" or "pl m" to list minions

[NONE ][14:30:33]  ID     | IP              | P | CELLS | SCORE  |   POSITION   | NICK                           
[NONE ][14:30:33] â”€â”€â”€â”€â”€â”€â”€â”€â”€â”€â”€â”€â”€â”€â”€â”€â”€â”€â”€â”€â”€â”€â”€â”€â”€â”€â”€â”€â”€â”€â”€â”€â”€â”€â”€â”€â”€â”€â”€â”€â”€â”€â”€â”€â”€â”€â”€â”€â”€â”€â”€â”€â”€â”€â”€â”€â”€â”€â”€â”€â”€â”€â”€â”€â”€â”€â”€â”€â”€â”€â”€â”€â”€â”€â”€â”€â”€â”€â”€â”€â”€â”€â”€â”€â”€â”€â”€â”€â”€â”€â”€â”€â”€â”€â”€
[NONE ][14:30:33]       1 | [BOT]           | ? |     1 |   2040 | -4230, -1047 | à¹–Ì¶Ì¶Ì¶Û£ÛœÆªÄ±Ê‡ÊŒÊ‡à¹– æ´³ïº¬               
[NONE ][14:30:33]       2 | [BOT]           | ? |     1 |   2202 |   558,  5622 | Angel                         
[NONE ][14:30:33]       3 | [BOT]           | ? |     1 |   1951 | -4406,  1596 | SCRACK ' Ë¡Âºáµ›áµ‰âž¸â¤               
[NONE ][14:30:33]       4 | [BOT]           | ? |     1 |   2193 |  -974,  2196 | Noob                          
[NONE ][14:30:33]       5 | [BOT]           | ? |     1 |   2130 |  2592, -1317 | agar                          
[NONE ][14:30:33]       6 | 191.88.73.76    | 17 |     1 |   2580 |  1406,  4706 | Cool                          
[NONE ][14:30:35] >m 6 1000
[NONE ][14:30:35] Set mass of Cool to 1000.000
[NONE ][14:30:40] >m 6 5000
[NONE ][14:30:40] Set mass of Cool to 5000.000
[NONE ][14:31:50] >m 6 15000
[NONE ][14:31:50] Set mass of Cool to 15000.000
[NONE ][14:37:13] >m 6 15000
[NONE ][14:37:13] Set mass of Cool to 15000.000
[NONE ][14:42:56] DISCONNECTED 191.88.73.76:60615, code: 1006, reason: "", name: "Cool"
[DEBUG][14:58:03] process.exit(1)
=== Shutdown 2018-02-22T14-58-03-726 ===
