=== Started 2018-02-19T18-07-39-681 ===
[INFO ][18:07:39] 0 bad words loaded
[WARN ][18:07:39] User account "Local Administrator" disabled
[WARN ][18:07:39] User account "Local Moderator" disabled
[WARN ][18:07:39] User account "Local User" disabled
[INFO ][18:07:39] 0 user records loaded.
[INFO ][18:07:39] 0 IP ban records loaded.
[INFO ][18:07:39] [1m[32mMultiOgar-Edited 1.6.1[37m - An open source multi-protocol ogar server[0m
[INFO ][18:07:39] WebSocket: ws
[INFO ][18:07:39] Started stats server on port 9090
[INFO ][18:07:39] Listening on port 8888
[INFO ][18:07:39] Current game mode is Free For All
[INFO ][18:07:39] Added 5 player bots
[NONE ][18:07:39]   __  __       _ _   _  ___                        _____    _ _ _           _    _   __    _ 
 |  \/  |_   _| | |_(_)/ _ \  __ _  __ _ _ __     | ____|__| (_) |_ ___  __| |  / | / /_  / |
 | |\/| | | | | | __| | | | |/ _` |/ _` | '__|____|  _| / _` | | __/ _ \/ _` |  | || '_ \ | |
 | |  | | |_| | | |_| | |_| | (_| | (_| | | |_____| |__| (_| | | ||  __/ (_| |  | || (_) || |
 |_|  |_|\__,_|_|\__|_|\___/ \__, |\__,_|_|       |_____\__,_|_|\__\___|\__,_|  |_(_)___(_)_|
                             |___/                                                           
[NONE ][18:07:40] CONNECTED 191.88.73.76:52261, origin: "http://localhost"
[NONE ][18:07:56] DISCONNECTED 191.88.73.76:52261, code: 1006, reason: "", name: "Zapphy"
[NONE ][18:07:59] CONNECTED 191.88.73.76:52269, origin: "http://zapphy.epizy.com"
[NONE ][18:09:28] DISCONNECTED 191.88.73.76:52269, code: 1006, reason: "undefined", name: "Zap"
