=== Started 2018-02-21T18-29-12-390 ===
[INFO ][18:29:12] 0 bad words loaded
[WARN ][18:29:12] User account "Local Moderator" disabled
[WARN ][18:29:12] User account "Local User" disabled
[INFO ][18:29:12] 1 user records loaded.
[INFO ][18:29:12] 1 IP ban records loaded.
[INFO ][18:29:12] [1m[32mMultiOgar-Edited 1.6.1[37m - An open source multi-protocol ogar server[0m
[INFO ][18:29:12] WebSocket: ws
[INFO ][18:29:12] Started stats server on port 88
[INFO ][18:29:12] Listening on port 25565
[INFO ][18:29:12] Current game mode is Free For All
[INFO ][18:29:12] Added 5 player bots
[NONE ][18:29:12]   __  __       _ _   _  ___                        _____    _ _ _           _    _   __    _ 
 |  \/  |_   _| | |_(_)/ _ \  __ _  __ _ _ __     | ____|__| (_) |_ ___  __| |  / | / /_  / |
 | |\/| | | | | | __| | | | |/ _` |/ _` | '__|____|  _| / _` | | __/ _ \/ _` |  | || '_ \ | |
 | |  | | |_| | | |_| | |_| | (_| | (_| | | |_____| |__| (_| | | ||  __/ (_| |  | || (_) || |
 |_|  |_|\__,_|_|\__|_|\___/ \__, |\__,_|_|       |_____\__,_|_|\__\___|\__,_|  |_(_)___(_)_|
                             |___/                                                           
[NONE ][18:29:13] CONNECTED 191.88.73.76:51308, origin: "http://zapphy.epizy.com"
[NONE ][18:29:29] CONNECTED 190.233.242.184:51300, origin: "http://zapphy.epizy.com"
[NONE ][18:29:42] >pl
[NONE ][18:29:42] 
Current players: 37
[NONE ][18:29:42] Do "playerlist m" or "pl m" to list minions

[NONE ][18:29:42]  ID     | IP              | P | CELLS | SCORE  |   POSITION   | NICK                           
[NONE ][18:29:42] â”€â”€â”€â”€â”€â”€â”€â”€â”€â”€â”€â”€â”€â”€â”€â”€â”€â”€â”€â”€â”€â”€â”€â”€â”€â”€â”€â”€â”€â”€â”€â”€â”€â”€â”€â”€â”€â”€â”€â”€â”€â”€â”€â”€â”€â”€â”€â”€â”€â”€â”€â”€â”€â”€â”€â”€â”€â”€â”€â”€â”€â”€â”€â”€â”€â”€â”€â”€â”€â”€â”€â”€â”€â”€â”€â”€â”€â”€â”€â”€â”€â”€â”€â”€â”€â”€â”€â”€â”€â”€â”€â”€â”€â”€â”€
[NONE ][18:29:42]       1 | [BOT]           | ? |     2 |   4943 | -1164,  2411 | ð”»ðžð“¢ð’»ÉŒÏƒÆ³Ñ”á¹œEL               
[NONE ][18:29:42]       2 | [BOT]           | ? |     4 |   2492 |   794,  -752 | Cxxxxxxçˆ±æƒ…                     
[NONE ][18:29:42]       3 | [BOT]           | ? |     8 |   2576 |  -626,  -526 | Maybe Zeast                   
[NONE ][18:29:42]       4 | [BOT]           | ? |     8 |   2738 |   263,   -49 | Smd                           
[NONE ][18:29:42]       5 | [BOT]           | ? |     8 |   2628 |   -15,    93 | à¼„â“¦âŽ³ð“²ð“¸ð“·ã‚¯ãƒž                   
[NONE ][18:29:42]       6 | 191.88.73.76    | 6 |     1 |    132 |  5087,  5357 | Zapphy                        
[NONE ][18:29:42]      22 | 190.233.242.184 | 6 |     1 |   2799 |  -979,  -539 | noob                          
[NONE ][18:29:47] >m 6 6000
[NONE ][18:29:47] Set mass of Zapphy to 6000.000
[NONE ][18:30:03] >m 6 16000
[NONE ][18:30:03] Set mass of Zapphy to 16000.000
[NONE ][18:30:16] >rec 6
[NONE ][18:30:16] Zapphy is now in rec mode!
[NONE ][18:31:46] >rec 6
[NONE ][18:31:46] Zapphy is no longer in rec mode
[NONE ][18:34:12] DISCONNECTED 190.233.242.184:51300, code: 1001, reason: "", name: "  noob"
