=== Started 2018-01-19T17-27-36-822 ===
[INFO ][17:27:36] 419 bad words loaded
[WARN ][17:27:36] User account "Local Administrator" disabled
[WARN ][17:27:36] User account "Local Moderator" disabled
[WARN ][17:27:36] User account "Local User" disabled
[INFO ][17:27:36] 0 user records loaded.
[INFO ][17:27:36] 0 IP ban records loaded.
[INFO ][17:27:36] [1m[32mMultiOgar-Edited 1.6.1[37m - An open source multi-protocol ogar server[0m
[INFO ][17:27:36] WebSocket: ws
[INFO ][17:27:37] Started stats server on port 9090
[INFO ][17:27:37] Listening on port 8888
[INFO ][17:27:37] Current game mode is Free For All
[NONE ][17:27:37]   __  __       _ _   _  ___                        _____    _ _ _           _    _   __    _ 
 |  \/  |_   _| | |_(_)/ _ \  __ _  __ _ _ __     | ____|__| (_) |_ ___  __| |  / | / /_  / |
 | |\/| | | | | | __| | | | |/ _` |/ _` | '__|____|  _| / _` | | __/ _ \/ _` |  | || '_ \ | |
 | |  | | |_| | | |_| | |_| | (_| | (_| | | |_____| |__| (_| | | ||  __/ (_| |  | || (_) || |
 |_|  |_|\__,_|_|\__|_|\___/ \__, |\__,_|_|       |_____\__,_|_|\__\___|\__,_|  |_(_)___(_)_|
                             |___/                                                           
[NONE ][17:27:38] >exit
[WARN ][17:27:38] Closing server...
[DEBUG][17:27:38] process.exit(1)
=== Shutdown 2018-01-19T17-27-38-529 ===
