=== Started 2018-02-19T13-43-15-163 ===
[INFO ][13:43:15] 419 bad words loaded
[WARN ][13:43:15] User account "Local Administrator" disabled
[WARN ][13:43:15] User account "Local Moderator" disabled
[WARN ][13:43:15] User account "Local User" disabled
[INFO ][13:43:15] 0 user records loaded.
[INFO ][13:43:15] 0 IP ban records loaded.
[INFO ][13:43:15] [1m[32mMultiOgar-Edited 1.6.1[37m - An open source multi-protocol ogar server[0m
[INFO ][13:43:15] WebSocket: ws
[INFO ][13:43:15] Started stats server on port 9090
[INFO ][13:43:15] Listening on port 8888
[INFO ][13:43:15] Current game mode is Free For All
[INFO ][13:43:15] Added 5 player bots
[NONE ][13:43:15]   __  __       _ _   _  ___                        _____    _ _ _           _    _   __    _ 
 |  \/  |_   _| | |_(_)/ _ \  __ _  __ _ _ __     | ____|__| (_) |_ ___  __| |  / | / /_  / |
 | |\/| | | | | | __| | | | |/ _` |/ _` | '__|____|  _| / _` | | __/ _ \/ _` |  | || '_ \ | |
 | |  | | |_| | | |_| | |_| | (_| | (_| | | |_____| |__| (_| | | ||  __/ (_| |  | || (_) || |
 |_|  |_|\__,_|_|\__|_|\___/ \__, |\__,_|_|       |_____\__,_|_|\__\___|\__,_|  |_(_)___(_)_|
                             |___/                                                           
[NONE ][13:43:26] CONNECTED 191.88.73.76:49202, origin: "http://zapphy.epizy.com"
[NONE ][13:44:09] >pl
[NONE ][13:44:09] 
Current players: 21
[NONE ][13:44:09] Do "playerlist m" or "pl m" to list minions

[NONE ][13:44:09]  ID     | IP              | P | CELLS | SCORE  |   POSITION   | NICK                           
[NONE ][13:44:09] ───────────────────────────────────────────────────────────────────────────────────────────────
[NONE ][13:44:09]       1 | [BOT]           | ? |    13 |    999 |    70,  -117 | #PRO TEAM                     
[NONE ][13:44:09]       2 | [BOT]           | ? |     2 |    860 |  1373, -1544 | No skin no skil               
[NONE ][13:44:09]       3 | [BOT]           | ? |    11 |   1154 |   112,   185 | 😈 安傑洛😈                      
[NONE ][13:44:09]       4 | [BOT]           | ? |     2 |    936 |  1299,  3007 | GoldemYT                      
[NONE ][13:44:09]       5 | [BOT]           | ? |     8 |   1059 |  -600,    11 | Trust A T-Rex                 
[NONE ][13:44:09]       6 | 191.88.73.76    | 6 |     1 |    180 | -2132,  4648 | Zap                           
[NONE ][13:44:11] >m 6 5000
[NONE ][13:44:11] Set mass of Zap to 5000.000
[NONE ][13:44:16] >m 6 5000
[NONE ][13:44:16] Set mass of Zap to 5000.000
[NONE ][13:44:45] >m 6 14000
[NONE ][13:44:45] Set mass of Zap to 14000.000
[NONE ][13:45:51] >exit
[WARN ][13:45:51] Closing server...
[DEBUG][13:45:51] process.exit(1)
=== Shutdown 2018-02-19T13-45-51-103 ===
