=== Started 2018-01-24T11-05-16-858 ===
[INFO ][11:05:16] 419 bad words loaded
[WARN ][11:05:16] User account "Local Administrator" disabled
[WARN ][11:05:16] User account "Local Moderator" disabled
[WARN ][11:05:16] User account "Local User" disabled
[INFO ][11:05:16] 0 user records loaded.
[INFO ][11:05:16] 0 IP ban records loaded.
[INFO ][11:05:16] [1m[32mMultiOgar-Edited 1.6.1[37m - An open source multi-protocol ogar server[0m
[INFO ][11:05:16] WebSocket: ws
[INFO ][11:05:17] Started stats server on port 9090
[INFO ][11:05:17] Listening on port 8888
[INFO ][11:05:17] Current game mode is Free For All
[INFO ][11:05:17] Added 15 player bots
[NONE ][11:05:17]   __  __       _ _   _  ___                        _____    _ _ _           _    _   __    _ 
 |  \/  |_   _| | |_(_)/ _ \  __ _  __ _ _ __     | ____|__| (_) |_ ___  __| |  / | / /_  / |
 | |\/| | | | | | __| | | | |/ _` |/ _` | '__|____|  _| / _` | | __/ _ \/ _` |  | || '_ \ | |
 | |  | | |_| | | |_| | |_| | (_| | (_| | | |_____| |__| (_| | | ||  __/ (_| |  | || (_) || |
 |_|  |_|\__,_|_|\__|_|\___/ \__, |\__,_|_|       |_____\__,_|_|\__\___|\__,_|  |_(_)___(_)_|
                             |___/                                                           
[NONE ][11:05:17] CONNECTED 127.0.0.1:63851, origin: "http://zapphy.epizy.com"
[NONE ][11:05:23] >m 16 12000
[NONE ][11:05:23] Set mass of  to 12000.000
[NONE ][11:05:42] >m 16 12000
[NONE ][11:05:42] Set mass of  to 12000.000
[NONE ][11:07:03] >m 16 12000
[NONE ][11:07:03] Set mass of  to 12000.000
[NONE ][11:08:06] >m 16 12000
[NONE ][11:08:06] Set mass of  to 12000.000
[NONE ][11:08:10] >m 16 22000
[NONE ][11:08:10] Set mass of  to 22000.000
[NONE ][11:11:39] >m 16 12000
[NONE ][11:11:39] Set mass of  to 12000.000
[NONE ][11:11:43] >mg 16
[NONE ][11:11:43]  is now force merging
[NONE ][11:11:50] >m 16 12000
[NONE ][11:11:50] Set mass of  to 12000.000
[NONE ][11:11:57] >m 16 12000
[NONE ][11:11:57] Set mass of  to 12000.000
[NONE ][11:12:31] >ka
[NONE ][11:15:07] >m 16 12000
[NONE ][11:15:07] Set mass of  to 12000.000
[NONE ][11:15:46] >m 16 12000
[NONE ][11:15:46] Set mass of  to 12000.000
[NONE ][11:17:43] >m 16 17000
[NONE ][11:17:43] Set mass of  to 17000.000
[NONE ][11:20:02] >m 16 17000
[NONE ][11:20:02] Set mass of  to 17000.000
[NONE ][11:21:25] >m 16 17000
[NONE ][11:21:25] Set mass of  to 17000.000
[NONE ][11:21:28] >mg 16
[NONE ][11:21:28]  is now force merging
[NONE ][11:23:22] DISCONNECTED 127.0.0.1:63851, code: 1006, reason: "", name: " "
[NONE ][11:23:56] CONNECTED 127.0.0.1:64149, origin: "http://localhost"
[NONE ][11:25:13] >exit
[WARN ][11:25:13] Closing server...
[DEBUG][11:25:13] process.exit(1)
=== Shutdown 2018-01-24T11-25-13-784 ===
