=== Started 2018-02-18T20-09-46-566 ===
[INFO ][20:09:46] 419 bad words loaded
[WARN ][20:09:46] User account "Local Administrator" disabled
[WARN ][20:09:46] User account "Local Moderator" disabled
[WARN ][20:09:46] User account "Local User" disabled
[INFO ][20:09:46] 0 user records loaded.
[INFO ][20:09:46] 0 IP ban records loaded.
[INFO ][20:09:46] [1m[32mMultiOgar-Edited 1.6.1[37m - An open source multi-protocol ogar server[0m
[INFO ][20:09:46] WebSocket: ws
[INFO ][20:09:46] Started stats server on port 9090
[INFO ][20:09:46] Listening on port 8888
[INFO ][20:09:46] Current game mode is Free For All
[INFO ][20:09:46] Added 5 player bots
[NONE ][20:09:46]   __  __       _ _   _  ___                        _____    _ _ _           _    _   __    _ 
 |  \/  |_   _| | |_(_)/ _ \  __ _  __ _ _ __     | ____|__| (_) |_ ___  __| |  / | / /_  / |
 | |\/| | | | | | __| | | | |/ _` |/ _` | '__|____|  _| / _` | | __/ _ \/ _` |  | || '_ \ | |
 | |  | | |_| | | |_| | |_| | (_| | (_| | | |_____| |__| (_| | | ||  __/ (_| |  | || (_) || |
 |_|  |_|\__,_|_|\__|_|\___/ \__, |\__,_|_|       |_____\__,_|_|\__\___|\__,_|  |_(_)___(_)_|
                             |___/                                                           
[NONE ][20:09:47] CONNECTED 191.88.73.76:64364, origin: "http://zapphy.epizy.com"
[NONE ][20:09:59] DISCONNECTED 191.88.73.76:64364, code: 1001, reason: "", name: "Crystal"
[DEBUG][20:34:46] process.exit(1)
=== Shutdown 2018-02-18T20-34-46-732 ===
