=== Started 2018-02-24T11-35-20-473 ===
[INFO ][11:35:20] 0 bad words loaded
[WARN ][11:35:20] User account "Local Moderator" disabled
[WARN ][11:35:20] User account "Local User" disabled
[INFO ][11:35:20] 1 user records loaded.
[INFO ][11:35:20] 1 IP ban records loaded.
[INFO ][11:35:20] [1m[32mMultiOgar-Edited 1.6.1[37m - An open source multi-protocol ogar server[0m
[INFO ][11:35:20] WebSocket: ws
[INFO ][11:35:20] Started stats server on port 88
[INFO ][11:35:20] Listening on port 25565
[INFO ][11:35:20] Current game mode is Free For All
[INFO ][11:35:20] Added 5 player bots
[NONE ][11:35:20]   __  __       _ _   _  ___                        _____    _ _ _           _    _   __    _ 
 |  \/  |_   _| | |_(_)/ _ \  __ _  __ _ _ __     | ____|__| (_) |_ ___  __| |  / | / /_  / |
 | |\/| | | | | | __| | | | |/ _` |/ _` | '__|____|  _| / _` | | __/ _ \/ _` |  | || '_ \ | |
 | |  | | |_| | | |_| | |_| | (_| | (_| | | |_____| |__| (_| | | ||  __/ (_| |  | || (_) || |
 |_|  |_|\__,_|_|\__|_|\___/ \__, |\__,_|_|       |_____\__,_|_|\__\___|\__,_|  |_(_)___(_)_|
                             |___/                                                           
[NONE ][11:35:21] CONNECTED 191.88.73.76:53424, origin: "http://localhost"
[NONE ][11:35:46] CONNECTED 127.0.0.1:53426, origin: "file://"
[NONE ][11:37:21] >pl
[NONE ][11:37:21] 
Current players: 37
[NONE ][11:37:21] Do "playerlist m" or "pl m" to list minions

[NONE ][11:37:21]  ID     | IP              | P | CELLS | SCORE  |   POSITION   | NICK                           
[NONE ][11:37:21] â”€â”€â”€â”€â”€â”€â”€â”€â”€â”€â”€â”€â”€â”€â”€â”€â”€â”€â”€â”€â”€â”€â”€â”€â”€â”€â”€â”€â”€â”€â”€â”€â”€â”€â”€â”€â”€â”€â”€â”€â”€â”€â”€â”€â”€â”€â”€â”€â”€â”€â”€â”€â”€â”€â”€â”€â”€â”€â”€â”€â”€â”€â”€â”€â”€â”€â”€â”€â”€â”€â”€â”€â”€â”€â”€â”€â”€â”€â”€â”€â”€â”€â”€â”€â”€â”€â”€â”€â”€â”€â”€â”€â”€â”€â”€
[NONE ][11:37:21]       1 | [BOT]           | ? |     1 |    220 |  6258, -2026 | wW_daniX_Ww                   
[NONE ][11:37:21]       2 | [BOT]           | ? |    14 |   2204 |  -237,   245 | Cryptonnnnnn                  
[NONE ][11:37:21]       3 | [BOT]           | ? |     1 |   2749 | -2396, -4218 | Ið“ƒð“ˆð’¾ð‘”ð’½ð“‰ðŸ¯               
[NONE ][11:37:21]       4 | [BOT]           | ? |     1 |   4477 |  5023,  6033 | patriarchy                    
[NONE ][11:37:21]       5 | [BOT]           | ? |    10 |   1013 |   234,  -615 | +18Ö†Ê€.É®Ö…É®Ë¡áµ‰áµáµ‰â¿â˜                
[NONE ][11:37:21]       6 | 191.88.73.76    | 6 | -------------------------------------------DEAD OR NOT PLAYING
[NONE ][11:37:21]      22 | 127.0.0.1       | 4 |     1 |   1257 |   136,  -789 | An unnamed cell               
[NONE ][11:37:24] >m 22 12000
[NONE ][11:37:24] Set mass of An unnamed cell to 12000.000
[NONE ][11:38:49] >m 22 12000
[NONE ][11:38:49] Set mass of An unnamed cell to 12000.000
[NONE ][11:40:57] >m 22 12000
[NONE ][11:40:57] Set mass of An unnamed cell to 12000.000
[NONE ][11:43:02] >m 22 19000
[NONE ][11:43:02] Set mass of An unnamed cell to 19000.000
[NONE ][11:43:06] >m 22 19000
[NONE ][11:43:06] Set mass of An unnamed cell to 19000.000
[NONE ][11:43:31] >ka
[NONE ][11:45:50] DISCONNECTED 127.0.0.1:53426, code: 1006, reason: "undefined", name: "Zapphire"
[NONE ][11:46:04] CONNECTED 127.0.0.1:53469, origin: "file://"
[NONE ][11:46:54] DISCONNECTED 127.0.0.1:53469, code: 1006, reason: "", name: ""
[NONE ][11:46:56] CONNECTED 127.0.0.1:53471, origin: "file://"
[NONE ][11:47:37] DISCONNECTED 127.0.0.1:53471, code: 1006, reason: "", name: ""
[NONE ][11:47:39] CONNECTED 127.0.0.1:53473, origin: "file://"
[NONE ][11:48:23] >m 22 19000
[WARN ][11:48:23] That player ID is non-existant!
[NONE ][11:48:25] >pl
[NONE ][11:48:25] 
Current players: 37
[NONE ][11:48:25] Do "playerlist m" or "pl m" to list minions

[NONE ][11:48:25]  ID     | IP              | P | CELLS | SCORE  |   POSITION   | NICK                           
[NONE ][11:48:25] â”€â”€â”€â”€â”€â”€â”€â”€â”€â”€â”€â”€â”€â”€â”€â”€â”€â”€â”€â”€â”€â”€â”€â”€â”€â”€â”€â”€â”€â”€â”€â”€â”€â”€â”€â”€â”€â”€â”€â”€â”€â”€â”€â”€â”€â”€â”€â”€â”€â”€â”€â”€â”€â”€â”€â”€â”€â”€â”€â”€â”€â”€â”€â”€â”€â”€â”€â”€â”€â”€â”€â”€â”€â”€â”€â”€â”€â”€â”€â”€â”€â”€â”€â”€â”€â”€â”€â”€â”€â”€â”€â”€â”€â”€â”€
[NONE ][11:48:25]       1 | [BOT]           | ? |     8 |    375 |   -37,  -307 | wW_daniX_Ww                   
[NONE ][11:48:25]       2 | [BOT]           | ? |     7 |    813 |   565,  -420 | Cryptonnnnnn                  
[NONE ][11:48:25]       3 | [BOT]           | ? |     2 |  23297 |    43,   160 | Ið“ƒð“ˆð’¾ð‘”ð’½ð“‰ðŸ¯               
[NONE ][11:48:25]       4 | [BOT]           | ? |    16 |   7102 |   260,    55 | patriarchy                    
[NONE ][11:48:25]       5 | [BOT]           | ? |    16 |   7086 |   262,  -331 | +18Ö†Ê€.É®Ö…É®Ë¡áµ‰áµáµ‰â¿â˜                
[NONE ][11:48:25]       6 | 191.88.73.76    | 6 | -------------------------------------------DEAD OR NOT PLAYING
[NONE ][11:48:25]      70 | 127.0.0.1       | 4 |     1 |    111 | -3020, -1283 | An unnamed cell               
[NONE ][11:48:34] >m 70 10000
[NONE ][11:48:34] Set mass of An unnamed cell to 10000.000
[NONE ][11:49:32] DISCONNECTED 127.0.0.1:53473, code: 1006, reason: "undefined", name: ""
[NONE ][11:55:57] CONNECTED 127.0.0.1:53890, origin: "file://"
[NONE ][11:56:14] >pl
[NONE ][11:56:14] 
Current players: 37
[NONE ][11:56:14] Do "playerlist m" or "pl m" to list minions

[NONE ][11:56:14]  ID     | IP              | P | CELLS | SCORE  |   POSITION   | NICK                           
[NONE ][11:56:14] â”€â”€â”€â”€â”€â”€â”€â”€â”€â”€â”€â”€â”€â”€â”€â”€â”€â”€â”€â”€â”€â”€â”€â”€â”€â”€â”€â”€â”€â”€â”€â”€â”€â”€â”€â”€â”€â”€â”€â”€â”€â”€â”€â”€â”€â”€â”€â”€â”€â”€â”€â”€â”€â”€â”€â”€â”€â”€â”€â”€â”€â”€â”€â”€â”€â”€â”€â”€â”€â”€â”€â”€â”€â”€â”€â”€â”€â”€â”€â”€â”€â”€â”€â”€â”€â”€â”€â”€â”€â”€â”€â”€â”€â”€â”€
[NONE ][11:56:14]       1 | [BOT]           | ? |     2 |   1513 | -3302,   949 | wW_daniX_Ww                   
[NONE ][11:56:14]       2 | [BOT]           | ? |     2 |   9000 |    67,  -171 | Cryptonnnnnn                  
[NONE ][11:56:14]       3 | [BOT]           | ? |     5 |  32267 |   514,   706 | Ið“ƒð“ˆð’¾ð‘”ð’½ð“‰ðŸ¯               
[NONE ][11:56:14]       4 | [BOT]           | ? |     8 |   1222 |  -683,   615 | patriarchy                    
[NONE ][11:56:14]       5 | [BOT]           | ? |    15 |   5136 |  -298,  -323 | +18Ö†Ê€.É®Ö…É®Ë¡áµ‰áµáµ‰â¿â˜                
[NONE ][11:56:14]       6 | 191.88.73.76    | 6 | -------------------------------------------DEAD OR NOT PLAYING
[NONE ][11:56:14]      86 | 127.0.0.1       | 4 |     1 |    538 |  5292,  5898 | An unnamed cell               
[NONE ][11:56:18] >m 86 5000
[NONE ][11:56:18] Set mass of An unnamed cell to 5000.000
[NONE ][11:56:34] >m 86 5000
[NONE ][11:56:34] Set mass of An unnamed cell to 5000.000
[NONE ][11:56:38] >m 86 10000
[NONE ][11:56:38] Set mass of An unnamed cell to 10000.000
[NONE ][11:57:34] >st
[NONE ][11:57:34] Connected players: 37/128
[NONE ][11:57:34] Players: 2 - Bots: 35
[NONE ][11:57:34] Average score: 1863.00
[NONE ][11:57:34] Server has been running for a total of22 minutes
[NONE ][11:57:34] Current memory usage: 28.6/50.4 mb
[NONE ][11:57:34] Current game mode: Free For All
[NONE ][11:57:34] Current update time: 3.288 [ms]  (perfectly smooth)
[NONE ][11:57:39] >pl
[NONE ][11:57:39] 
Current players: 37
[NONE ][11:57:39] Do "playerlist m" or "pl m" to list minions

[NONE ][11:57:39]  ID     | IP              | P | CELLS | SCORE  |   POSITION   | NICK                           
[NONE ][11:57:39] â”€â”€â”€â”€â”€â”€â”€â”€â”€â”€â”€â”€â”€â”€â”€â”€â”€â”€â”€â”€â”€â”€â”€â”€â”€â”€â”€â”€â”€â”€â”€â”€â”€â”€â”€â”€â”€â”€â”€â”€â”€â”€â”€â”€â”€â”€â”€â”€â”€â”€â”€â”€â”€â”€â”€â”€â”€â”€â”€â”€â”€â”€â”€â”€â”€â”€â”€â”€â”€â”€â”€â”€â”€â”€â”€â”€â”€â”€â”€â”€â”€â”€â”€â”€â”€â”€â”€â”€â”€â”€â”€â”€â”€â”€â”€
[NONE ][11:57:39]       1 | [BOT]           | ? |     2 |   5208 | -1390,   437 | wW_daniX_Ww                   
[NONE ][11:57:39]       2 | [BOT]           | ? |    16 |  13434 |  -126,    -2 | Cryptonnnnnn                  
[NONE ][11:57:39]       3 | [BOT]           | ? |    16 |   2731 |   -77,   109 | Ið“ƒð“ˆð’¾ð‘”ð’½ð“‰ðŸ¯               
[NONE ][11:57:39]       4 | [BOT]           | ? |     4 |    569 |  -815,  1009 | patriarchy                    
[NONE ][11:57:39]       5 | [BOT]           | ? |     7 |   2230 |  -441,   418 | +18Ö†Ê€.É®Ö…É®Ë¡áµ‰áµáµ‰â¿â˜                
[NONE ][11:57:39]       6 | 191.88.73.76    | 6 | -------------------------------------------DEAD OR NOT PLAYING
[NONE ][11:57:39]      86 | 127.0.0.1       | 4 |     3 |   7577 |  1660,  1329 | An unnamed cell               
[NONE ][11:57:56] >pl
[NONE ][11:57:56] 
Current players: 37
[NONE ][11:57:56] Do "playerlist m" or "pl m" to list minions

[NONE ][11:57:56]  ID     | IP              | P | CELLS | SCORE  |   POSITION   | NICK                           
[NONE ][11:57:56] â”€â”€â”€â”€â”€â”€â”€â”€â”€â”€â”€â”€â”€â”€â”€â”€â”€â”€â”€â”€â”€â”€â”€â”€â”€â”€â”€â”€â”€â”€â”€â”€â”€â”€â”€â”€â”€â”€â”€â”€â”€â”€â”€â”€â”€â”€â”€â”€â”€â”€â”€â”€â”€â”€â”€â”€â”€â”€â”€â”€â”€â”€â”€â”€â”€â”€â”€â”€â”€â”€â”€â”€â”€â”€â”€â”€â”€â”€â”€â”€â”€â”€â”€â”€â”€â”€â”€â”€â”€â”€â”€â”€â”€â”€â”€
[NONE ][11:57:56]       1 | [BOT]           | ? |     1 |  16408 | -1554,   202 | wW_daniX_Ww                   
[NONE ][11:57:56]       2 | [BOT]           | ? |     8 |   2189 |  -191,  -405 | Cryptonnnnnn                  
[NONE ][11:57:56]       3 | [BOT]           | ? |    16 |   3852 |  -161,   359 | Ið“ƒð“ˆð’¾ð‘”ð’½ð“‰ðŸ¯               
[NONE ][11:57:56]       4 | [BOT]           | ? |     8 |    726 |  -185,   854 | patriarchy                    
[NONE ][11:57:56]       5 | [BOT]           | ? |    10 |   1135 |  -243,   667 | +18Ö†Ê€.É®Ö…É®Ë¡áµ‰áµáµ‰â¿â˜                
[NONE ][11:57:56]       6 | 191.88.73.76    | 6 | -------------------------------------------DEAD OR NOT PLAYING
[NONE ][11:57:56]      86 | 127.0.0.1       | 4 |     2 |  31475 |  2428,  2239 | An unnamed cell               
[NONE ][11:57:57] >pl
[NONE ][11:57:57] 
Current players: 37
[NONE ][11:57:57] Do "playerlist m" or "pl m" to list minions

[NONE ][11:57:57]  ID     | IP              | P | CELLS | SCORE  |   POSITION   | NICK                           
[NONE ][11:57:57] â”€â”€â”€â”€â”€â”€â”€â”€â”€â”€â”€â”€â”€â”€â”€â”€â”€â”€â”€â”€â”€â”€â”€â”€â”€â”€â”€â”€â”€â”€â”€â”€â”€â”€â”€â”€â”€â”€â”€â”€â”€â”€â”€â”€â”€â”€â”€â”€â”€â”€â”€â”€â”€â”€â”€â”€â”€â”€â”€â”€â”€â”€â”€â”€â”€â”€â”€â”€â”€â”€â”€â”€â”€â”€â”€â”€â”€â”€â”€â”€â”€â”€â”€â”€â”€â”€â”€â”€â”€â”€â”€â”€â”€â”€â”€
[NONE ][11:57:57]       1 | [BOT]           | ? |     1 |  16375 | -1504,   199 | wW_daniX_Ww                   
[NONE ][11:57:57]       2 | [BOT]           | ? |     8 |   2185 |  -187,  -420 | Cryptonnnnnn                  
[NONE ][11:57:57]       3 | [BOT]           | ? |    14 |   3783 |  -182,   418 | Ið“ƒð“ˆð’¾ð‘”ð’½ð“‰ðŸ¯               
[NONE ][11:57:57]       4 | [BOT]           | ? |     8 |    724 |  -186,   853 | patriarchy                    
[NONE ][11:57:57]       5 | [BOT]           | ? |    10 |   1194 |  -182,   669 | +18Ö†Ê€.É®Ö…É®Ë¡áµ‰áµáµ‰â¿â˜                
[NONE ][11:57:57]       6 | 191.88.73.76    | 6 | -------------------------------------------DEAD OR NOT PLAYING
[NONE ][11:57:57]      86 | 127.0.0.1       | 4 |     2 |  31412 |  2402,  2239 | An unnamed cell               
[NONE ][11:57:57] >pl
[NONE ][11:57:57] 
Current players: 37
[NONE ][11:57:57] Do "playerlist m" or "pl m" to list minions

[NONE ][11:57:57]  ID     | IP              | P | CELLS | SCORE  |   POSITION   | NICK                           
[NONE ][11:57:57] â”€â”€â”€â”€â”€â”€â”€â”€â”€â”€â”€â”€â”€â”€â”€â”€â”€â”€â”€â”€â”€â”€â”€â”€â”€â”€â”€â”€â”€â”€â”€â”€â”€â”€â”€â”€â”€â”€â”€â”€â”€â”€â”€â”€â”€â”€â”€â”€â”€â”€â”€â”€â”€â”€â”€â”€â”€â”€â”€â”€â”€â”€â”€â”€â”€â”€â”€â”€â”€â”€â”€â”€â”€â”€â”€â”€â”€â”€â”€â”€â”€â”€â”€â”€â”€â”€â”€â”€â”€â”€â”€â”€â”€â”€â”€
[NONE ][11:57:57]       1 | [BOT]           | ? |     1 |  16375 | -1470,   196 | wW_daniX_Ww                   
[NONE ][11:57:57]       2 | [BOT]           | ? |     8 |   2185 |  -185,  -430 | Cryptonnnnnn                  
[NONE ][11:57:57]       3 | [BOT]           | ? |    13 |   3890 |  -159,   490 | Ið“ƒð“ˆð’¾ð‘”ð’½ð“‰ðŸ¯               
[NONE ][11:57:57]       4 | [BOT]           | ? |     8 |    724 |  -174,   853 | patriarchy                    
[NONE ][11:57:57]       5 | [BOT]           | ? |     9 |   1086 |  -196,   742 | +18Ö†Ê€.É®Ö…É®Ë¡áµ‰áµáµ‰â¿â˜                
[NONE ][11:57:57]       6 | 191.88.73.76    | 6 | -------------------------------------------DEAD OR NOT PLAYING
[NONE ][11:57:57]      86 | 127.0.0.1       | 4 |     2 |  31412 |  2385,  2238 | An unnamed cell               
[NONE ][11:59:48] DISCONNECTED 127.0.0.1:53890, code: 1006, reason: "", name: ""
[NONE ][12:00:34] CONNECTED 127.0.0.1:54146, origin: "file://"
[NONE ][12:02:17] >pl
[NONE ][12:02:17] 
Current players: 37
[NONE ][12:02:17] Do "playerlist m" or "pl m" to list minions

[NONE ][12:02:17]  ID     | IP              | P | CELLS | SCORE  |   POSITION   | NICK                           
[NONE ][12:02:17] â”€â”€â”€â”€â”€â”€â”€â”€â”€â”€â”€â”€â”€â”€â”€â”€â”€â”€â”€â”€â”€â”€â”€â”€â”€â”€â”€â”€â”€â”€â”€â”€â”€â”€â”€â”€â”€â”€â”€â”€â”€â”€â”€â”€â”€â”€â”€â”€â”€â”€â”€â”€â”€â”€â”€â”€â”€â”€â”€â”€â”€â”€â”€â”€â”€â”€â”€â”€â”€â”€â”€â”€â”€â”€â”€â”€â”€â”€â”€â”€â”€â”€â”€â”€â”€â”€â”€â”€â”€â”€â”€â”€â”€â”€â”€
[NONE ][12:02:17]       1 | [BOT]           | ? |     1 |   6613 |  -390, -5251 | wW_daniX_Ww                   
[NONE ][12:02:17]       2 | [BOT]           | ? |     1 |   3833 | -3453,  2980 | Cryptonnnnnn                  
[NONE ][12:02:17]       3 | [BOT]           | ? |    16 |   3172 |  -420,   431 | Ið“ƒð“ˆð’¾ð‘”ð’½ð“‰ðŸ¯               
[NONE ][12:02:17]       4 | [BOT]           | ? |     8 |    221 |  -101,   281 | patriarchy                    
[NONE ][12:02:17]       5 | [BOT]           | ? |    16 |   2053 |   258,  -183 | +18Ö†Ê€.É®Ö…É®Ë¡áµ‰áµáµ‰â¿â˜                
[NONE ][12:02:17]       6 | 191.88.73.76    | 6 | -------------------------------------------DEAD OR NOT PLAYING
[NONE ][12:02:17]     102 | 127.0.0.1       | 4 |     1 |   6441 | -2132,  -671 | An unnamed cell               
[NONE ][12:02:25] >m 102 10000
[NONE ][12:02:25] Set mass of An unnamed cell to 10000.000
[NONE ][12:02:31] >m 102 14000
[NONE ][12:02:31] Set mass of An unnamed cell to 14000.000
[NONE ][12:02:50] DISCONNECTED 191.88.73.76:53424, code: 1001, reason: "", name: ""
[NONE ][12:03:49] DISCONNECTED 127.0.0.1:54146, code: 1006, reason: "", name: ""
[NONE ][12:03:51] CONNECTED 127.0.0.1:54289, origin: "file://"
[NONE ][12:04:25] > pl
[WARN ][12:04:25] Invalid Command!
[NONE ][12:04:27] >m 
[WARN ][12:04:27] Please specify a valid player ID!
[NONE ][12:04:27] >pl
[NONE ][12:04:27] 
Current players: 21
[NONE ][12:04:27] Do "playerlist m" or "pl m" to list minions

[NONE ][12:04:27]  ID     | IP              | P | CELLS | SCORE  |   POSITION   | NICK                           
[NONE ][12:04:27] â”€â”€â”€â”€â”€â”€â”€â”€â”€â”€â”€â”€â”€â”€â”€â”€â”€â”€â”€â”€â”€â”€â”€â”€â”€â”€â”€â”€â”€â”€â”€â”€â”€â”€â”€â”€â”€â”€â”€â”€â”€â”€â”€â”€â”€â”€â”€â”€â”€â”€â”€â”€â”€â”€â”€â”€â”€â”€â”€â”€â”€â”€â”€â”€â”€â”€â”€â”€â”€â”€â”€â”€â”€â”€â”€â”€â”€â”€â”€â”€â”€â”€â”€â”€â”€â”€â”€â”€â”€â”€â”€â”€â”€â”€â”€
[NONE ][12:04:27]       1 | [BOT]           | ? |    16 |   6075 |    44,  -422 | wW_daniX_Ww                   
[NONE ][12:04:27]       2 | [BOT]           | ? |     1 |  17935 | -2605, -5794 | Cryptonnnnnn                  
[NONE ][12:04:27]       3 | [BOT]           | ? |     4 |   4657 |   733,  -785 | Ið“ƒð“ˆð’¾ð‘”ð’½ð“‰ðŸ¯               
[NONE ][12:04:27]       4 | [BOT]           | ? |     2 |    448 |  3125,  1013 | patriarchy                    
[NONE ][12:04:27]       5 | [BOT]           | ? |     4 |   1241 |   630,  -807 | +18Ö†Ê€.É®Ö…É®Ë¡áµ‰áµáµ‰â¿â˜                
[NONE ][12:04:27]     118 | 127.0.0.1       | 4 |     1 |    141 | -3905,  4795 | An unnamed cell               
[NONE ][12:04:35] >m 118 10000
[NONE ][12:04:35] Set mass of An unnamed cell to 10000.000
[NONE ][12:04:49] >m 118 16000
[NONE ][12:04:49] Set mass of An unnamed cell to 16000.000
[DEBUG][12:05:20] process.exit(1)
=== Shutdown 2018-02-24T12-05-20-613 ===
