=== Started 2018-02-17T14-50-53-698 ===
[INFO ][14:50:53] 419 bad words loaded
[WARN ][14:50:53] User account "Local Administrator" disabled
[WARN ][14:50:53] User account "Local Moderator" disabled
[WARN ][14:50:53] User account "Local User" disabled
[INFO ][14:50:53] 0 user records loaded.
[INFO ][14:50:53] 0 IP ban records loaded.
[INFO ][14:50:53] [1m[32mMultiOgar-Edited 1.6.1[37m - An open source multi-protocol ogar server[0m
[INFO ][14:50:53] WebSocket: ws
[INFO ][14:50:53] Started stats server on port 9090
[INFO ][14:50:53] Listening on port 8888
[INFO ][14:50:53] Current game mode is Free For All
[INFO ][14:50:53] Added 15 player bots
[NONE ][14:50:53]   __  __       _ _   _  ___                        _____    _ _ _           _    _   __    _ 
 |  \/  |_   _| | |_(_)/ _ \  __ _  __ _ _ __     | ____|__| (_) |_ ___  __| |  / | / /_  / |
 | |\/| | | | | | __| | | | |/ _` |/ _` | '__|____|  _| / _` | | __/ _ \/ _` |  | || '_ \ | |
 | |  | | |_| | | |_| | |_| | (_| | (_| | | |_____| |__| (_| | | ||  __/ (_| |  | || (_) || |
 |_|  |_|\__,_|_|\__|_|\___/ \__, |\__,_|_|       |_____\__,_|_|\__\___|\__,_|  |_(_)___(_)_|
                             |___/                                                           
[NONE ][14:50:55] CONNECTED 127.0.0.1:59987, origin: "http://localhost"
[NONE ][14:52:06] >exit
[WARN ][14:52:06] Closing server...
[DEBUG][14:52:06] process.exit(1)
=== Shutdown 2018-02-17T14-52-06-311 ===
