=== Started 2018-02-21T21-17-24-787 ===
[INFO ][21:17:24] 0 bad words loaded
[WARN ][21:17:24] User account "Local Moderator" disabled
[WARN ][21:17:24] User account "Local User" disabled
[INFO ][21:17:24] 1 user records loaded.
[INFO ][21:17:24] 1 IP ban records loaded.
[INFO ][21:17:24] [1m[32mMultiOgar-Edited 1.6.1[37m - An open source multi-protocol ogar server[0m
[INFO ][21:17:24] WebSocket: ws
[INFO ][21:17:24] Started stats server on port 88
[INFO ][21:17:24] Listening on port 25565
[INFO ][21:17:24] Current game mode is Free For All
[INFO ][21:17:24] Added 5 player bots
[NONE ][21:17:24]   __  __       _ _   _  ___                        _____    _ _ _           _    _   __    _ 
 |  \/  |_   _| | |_(_)/ _ \  __ _  __ _ _ __     | ____|__| (_) |_ ___  __| |  / | / /_  / |
 | |\/| | | | | | __| | | | |/ _` |/ _` | '__|____|  _| / _` | | __/ _ \/ _` |  | || '_ \ | |
 | |  | | |_| | | |_| | |_| | (_| | (_| | | |_____| |__| (_| | | ||  __/ (_| |  | || (_) || |
 |_|  |_|\__,_|_|\__|_|\___/ \__, |\__,_|_|       |_____\__,_|_|\__\___|\__,_|  |_(_)___(_)_|
                             |___/                                                           
[NONE ][21:17:29] CONNECTED 191.88.73.76:49172, origin: "http://zapphy.epizy.com"
[NONE ][21:17:46] CONNECTED 181.54.232.4:51167, origin: "http://zapphy.epizy.com"
[NONE ][21:22:24] CONNECTED 201.251.66.1:4659, origin: "http://zapphy.epizy.com"
[NONE ][21:27:19] DISCONNECTED 191.88.73.76:49172, code: 1006, reason: "", name: ""
