=== Started 2018-01-31T16-14-54-465 ===
[INFO ][16:14:54] 419 bad words loaded
[WARN ][16:14:54] User account "Local Administrator" disabled
[WARN ][16:14:54] User account "Local Moderator" disabled
[WARN ][16:14:54] User account "Local User" disabled
[INFO ][16:14:54] 0 user records loaded.
[INFO ][16:14:54] 0 IP ban records loaded.
[INFO ][16:14:54] [1m[32mMultiOgar-Edited 1.6.1[37m - An open source multi-protocol ogar server[0m
[INFO ][16:14:54] WebSocket: ws
[INFO ][16:14:54] Started stats server on port 9090
[INFO ][16:14:54] Listening on port 8888
[INFO ][16:14:54] Current game mode is Free For All
[INFO ][16:14:54] Added 15 player bots
[NONE ][16:14:54]   __  __       _ _   _  ___                        _____    _ _ _           _    _   __    _ 
 |  \/  |_   _| | |_(_)/ _ \  __ _  __ _ _ __     | ____|__| (_) |_ ___  __| |  / | / /_  / |
 | |\/| | | | | | __| | | | |/ _` |/ _` | '__|____|  _| / _` | | __/ _ \/ _` |  | || '_ \ | |
 | |  | | |_| | | |_| | |_| | (_| | (_| | | |_____| |__| (_| | | ||  __/ (_| |  | || (_) || |
 |_|  |_|\__,_|_|\__|_|\___/ \__, |\__,_|_|       |_____\__,_|_|\__\___|\__,_|  |_(_)___(_)_|
                             |___/                                                           
[NONE ][16:16:00] CONNECTED 127.0.0.1:56918, origin: "http://zapphy.epizy.com"
[NONE ][16:16:12] >pl
[NONE ][16:16:12] 
Current players: 26
[NONE ][16:16:12] Do "playerlist m" or "pl m" to list minions

[NONE ][16:16:12]  ID     | IP              | P | CELLS | SCORE  |   POSITION   | NICK                           
[NONE ][16:16:12] ───────────────────────────────────────────────────────────────────────────────────────────────
[NONE ][16:16:12]       1 | [BOT]           | ? |     1 |    591 | -1723,  -565 | loco                          
[NONE ][16:16:12]       2 | [BOT]           | ? |     1 |    558 | -1392,  6131 | 【Řβ】🍪ＳＵＧＡＲ🍮                 
[NONE ][16:16:12]       3 | [BOT]           | ? |     1 |    578 | -2298, -6360 | Pika-MW                       
[NONE ][16:16:12]       4 | [BOT]           | ? |     2 |    642 |  1031,  1517 | Zeus                          
[NONE ][16:16:12]       5 | [BOT]           | ? |     2 |    621 |   811, -3063 | Advanced:RP                   
[NONE ][16:16:12]       6 | [BOT]           | ? |     1 |    589 |  4656,  4654 | Hit                           
[NONE ][16:16:12]       7 | [BOT]           | ? |     1 |    630 |   216,  5673 | يرج⎝Sͯнιβטκκהι⎠               
[NONE ][16:16:12]       8 | [BOT]           | ? |     1 |    577 | -3895, -4216 | swey                          
[NONE ][16:16:12]       9 | [BOT]           | ? |     4 |    628 |   967,   -18 | stalin                        
[NONE ][16:16:12]      10 | [BOT]           | ? |     1 |    621 | -1602, -4950 | TEAM PRO                      
[NONE ][16:16:12]      11 | [BOT]           | ? |     1 |    557 |   884,   848 | ζ͜͡҈Šȶ༻⇝ＳＴＲＩＣＫＳ               
[NONE ][16:16:12]      12 | [BOT]           | ? |     8 |   1279 |  -604,   -61 | chepa ayuda                   
[NONE ][16:16:12]      13 | [BOT]           | ? |     1 |    614 |  2005, -1460 | ᄿ༺ΛṨḤṪṒṆ༻ᄽ                    
[NONE ][16:16:12]      14 | [BOT]           | ? |     4 |    660 |  -870,   632 | NAVTHEMALG                    
[NONE ][16:16:12]      15 | [BOT]           | ? |     1 |    598 | -6286, -5535 | 「米」χтяємє✧一❥緑🔒               
[NONE ][16:16:12]      16 | 127.0.0.1       | 6 |     1 |    626 | -5891, -6021 | Zapphire ¬¬                   
[NONE ][16:16:15] >m 16 12000
[NONE ][16:16:15] Set mass of Zapphire ¬¬ to 12000.000
[NONE ][16:16:47] >m 16 15000
[NONE ][16:16:47] Set mass of Zapphire ¬¬ to 15000.000
[NONE ][16:17:47] >m 16 15000
[NONE ][16:17:47] Set mass of Zapphire ¬¬ to 15000.000
[NONE ][16:18:20] >m 16 17000
[NONE ][16:18:20] Set mass of Zapphire ¬¬ to 17000.000
[NONE ][16:19:59] >m 16 17000
[NONE ][16:19:59] Set mass of Zapphire ¬¬ to 17000.000
[NONE ][16:20:02] >m 16 19000
[NONE ][16:20:02] Set mass of Zapphire ¬¬ to 19000.000
[NONE ][16:21:25] >m 16 19000
[NONE ][16:21:25] Set mass of Zapphire ¬¬ to 19000.000
[NONE ][16:22:55] >m 16 19000
[NONE ][16:22:55] Set mass of Zapphire ¬¬ to 19000.000
[NONE ][16:24:15] >m 16 19000
[NONE ][16:24:15] Set mass of Zapphire ¬¬ to 19000.000
[NONE ][16:25:52] >m 16 19000
[NONE ][16:25:52] Set mass of Zapphire ¬¬ to 19000.000
[NONE ][16:26:18] >m 16 17000
[NONE ][16:26:18] Set mass of Zapphire ¬¬ to 17000.000
[NONE ][16:29:35] >m 16 17000
[NONE ][16:29:35] Set mass of Zapphire ¬¬ to 17000.000
[NONE ][16:30:37] >m 16 17000
[NONE ][16:30:37] Set mass of Zapphire ¬¬ to 17000.000
[NONE ][16:32:10] >m 16 17000
[NONE ][16:32:10] Set mass of Zapphire ¬¬ to 17000.000
[NONE ][16:32:13] >m 16 22000
[NONE ][16:32:13] Set mass of Zapphire ¬¬ to 22000.000
[NONE ][16:33:50] >m 16 22000
[NONE ][16:33:50] Set mass of Zapphire ¬¬ to 22000.000
[NONE ][16:35:42] >m 16 22000
[NONE ][16:35:42] Set mass of Zapphire ¬¬ to 22000.000
[NONE ][16:38:42] >m 16 22000
[NONE ][16:38:42] Set mass of Zapphire ¬¬ to 22000.000
[NONE ][16:38:44] >m 16 22000
[NONE ][16:38:44] Set mass of Zapphire ¬¬ to 22000.000
[NONE ][16:38:45] >m 16 22000
[NONE ][16:38:45] Set mass of Zapphire ¬¬ to 22000.000
[NONE ][16:38:46] >m 16 22000
[NONE ][16:38:46] Set mass of Zapphire ¬¬ to 22000.000
[NONE ][16:38:47] >m 16 22000
[NONE ][16:38:47] Set mass of Zapphire ¬¬ to 22000.000
[NONE ][16:38:50] >m 16 220000
[NONE ][16:38:50] Set mass of Zapphire ¬¬ to 220000.000
[NONE ][16:38:52] >m 16 220000
[NONE ][16:38:52] Set mass of Zapphire ¬¬ to 220000.000
[NONE ][16:38:53] >m 16 220000
[NONE ][16:38:53] Set mass of Zapphire ¬¬ to 220000.000
[NONE ][16:38:55] >m 16 220000
[NONE ][16:38:55] Set mass of Zapphire ¬¬ to 220000.000
[NONE ][16:38:56] >m 16 220000
[NONE ][16:38:56] Set mass of Zapphire ¬¬ to 220000.000
[NONE ][16:38:57] >m 16 220000
[NONE ][16:38:57] Set mass of Zapphire ¬¬ to 220000.000
[NONE ][16:38:58] >m 16 220000
[NONE ][16:38:58] Set mass of Zapphire ¬¬ to 220000.000
[NONE ][16:38:58] >m 16 220000
[NONE ][16:38:58] Set mass of Zapphire ¬¬ to 220000.000
[NONE ][16:38:59] >m 16 220000
[NONE ][16:38:59] Set mass of Zapphire ¬¬ to 220000.000
[NONE ][16:38:59] >m 16 220000
[NONE ][16:38:59] Set mass of Zapphire ¬¬ to 220000.000
[NONE ][16:38:59] >m 16 220000
[NONE ][16:38:59] Set mass of Zapphire ¬¬ to 220000.000
[NONE ][16:39:00] >m 16 220000
[NONE ][16:39:00] Set mass of Zapphire ¬¬ to 220000.000
[NONE ][16:39:00] >m 16 220000
[NONE ][16:39:00] Set mass of Zapphire ¬¬ to 220000.000
[NONE ][16:39:00] >m 16 220000
[NONE ][16:39:00] Set mass of Zapphire ¬¬ to 220000.000
[NONE ][16:39:00] >m 16 220000
[NONE ][16:39:00] Set mass of Zapphire ¬¬ to 220000.000
[NONE ][16:39:01] >m 16 220000
[NONE ][16:39:01] Set mass of Zapphire ¬¬ to 220000.000
[NONE ][16:39:01] >
[NONE ][16:39:01] >m 16 220000
[NONE ][16:39:01] Set mass of Zapphire ¬¬ to 220000.000
[NONE ][16:39:01] >m 16 220000
[NONE ][16:39:01] Set mass of Zapphire ¬¬ to 220000.000
[NONE ][16:39:02] >m 16 220000
[NONE ][16:39:02] Set mass of Zapphire ¬¬ to 220000.000
[NONE ][16:39:02] >m 16 220000
[NONE ][16:39:02] Set mass of Zapphire ¬¬ to 220000.000
[NONE ][16:39:02] >m 16 220000
[NONE ][16:39:02] Set mass of Zapphire ¬¬ to 220000.000
[NONE ][16:39:03] >m 16 220000
[NONE ][16:39:03] Set mass of Zapphire ¬¬ to 220000.000
[NONE ][16:39:03] >
[NONE ][16:39:03] >m 16 220000
[NONE ][16:39:03] Set mass of Zapphire ¬¬ to 220000.000
[NONE ][16:39:03] >m 16 220000
[NONE ][16:39:03] Set mass of Zapphire ¬¬ to 220000.000
[NONE ][16:39:04] >m 16 220000
[NONE ][16:39:04] Set mass of Zapphire ¬¬ to 220000.000
[NONE ][16:39:04] >m 16 220000
[NONE ][16:39:04] Set mass of Zapphire ¬¬ to 220000.000
[NONE ][16:39:04] >m 16 220000
[NONE ][16:39:04] Set mass of Zapphire ¬¬ to 220000.000
[NONE ][16:39:05] >m 16 220000
[NONE ][16:39:05] Set mass of Zapphire ¬¬ to 220000.000
[NONE ][16:39:05] >m 16 220000
[NONE ][16:39:05] Set mass of Zapphire ¬¬ to 220000.000
[NONE ][16:39:05] >m 16 220000
[NONE ][16:39:05] Set mass of Zapphire ¬¬ to 220000.000
[NONE ][16:39:05] >m 16 220000
[NONE ][16:39:05] Set mass of Zapphire ¬¬ to 220000.000
[NONE ][16:39:06] >m 16 220000
[NONE ][16:39:06] Set mass of Zapphire ¬¬ to 220000.000
[NONE ][16:39:06] >m 16 220000
[NONE ][16:39:06] Set mass of Zapphire ¬¬ to 220000.000
[NONE ][16:39:06] >m 16 220000
[NONE ][16:39:06] Set mass of Zapphire ¬¬ to 220000.000
[NONE ][16:39:06] >m 16 220000
[NONE ][16:39:06] Set mass of Zapphire ¬¬ to 220000.000
[NONE ][16:39:07] >m 16 220000
[NONE ][16:39:07] Set mass of Zapphire ¬¬ to 220000.000
[NONE ][16:39:07] >m 16 220000
[NONE ][16:39:07] Set mass of Zapphire ¬¬ to 220000.000
[NONE ][16:39:07] >m 16 220000
[NONE ][16:39:07] Set mass of Zapphire ¬¬ to 220000.000
[NONE ][16:39:07] >m 16 220000
[NONE ][16:39:07] Set mass of Zapphire ¬¬ to 220000.000
[NONE ][16:39:08] >m 16 220000
[NONE ][16:39:08] Set mass of Zapphire ¬¬ to 220000.000
[NONE ][16:39:08] >m 16 220000
[NONE ][16:39:08] Set mass of Zapphire ¬¬ to 220000.000
[NONE ][16:39:08] >m 16 220000
[NONE ][16:39:08] Set mass of Zapphire ¬¬ to 220000.000
[NONE ][16:39:08] >m 16 220000
[NONE ][16:39:08] Set mass of Zapphire ¬¬ to 220000.000
[NONE ][16:39:08] >m 16 220000
[NONE ][16:39:08] Set mass of Zapphire ¬¬ to 220000.000
[NONE ][16:39:09] >m 16 220000
[NONE ][16:39:09] Set mass of Zapphire ¬¬ to 220000.000
[NONE ][16:39:09] >m 16 220000
[NONE ][16:39:09] Set mass of Zapphire ¬¬ to 220000.000
[NONE ][16:39:17] >rec 16
[NONE ][16:39:17] Zapphire ¬¬ is now in rec mode!
[NONE ][16:39:54] >pl
[NONE ][16:39:54] 
Current players: 26
[NONE ][16:39:54] Do "playerlist m" or "pl m" to list minions

[NONE ][16:39:54]  ID     | IP              | P | CELLS | SCORE  |   POSITION   | NICK                           
[NONE ][16:39:54] ───────────────────────────────────────────────────────────────────────────────────────────────
[NONE ][16:39:54]       1 | [BOT]           | ? |     1 |    524 |  6947, -2617 | loco                          
[NONE ][16:39:54]       2 | [BOT]           | ? |     1 |     45 | -5751, -5661 | 【Řβ】🍪ＳＵＧＡＲ🍮                 
[NONE ][16:39:54]       3 | [BOT]           | ? |     2 |    666 |  1360, -3446 | Pika-MW                       
[NONE ][16:39:54]       4 | [BOT]           | ? |    14 |    906 |  -500,  -287 | Zeus                          
[NONE ][16:39:54]       5 | [BOT]           | ? |     1 |     97 | -7021,  6004 | Advanced:RP                   
[NONE ][16:39:54]       6 | [BOT]           | ? |     1 |    584 |   -85, -6516 | Hit                           
[NONE ][16:39:54]       7 | [BOT]           | ? |     8 |   1431 |  -871,  -451 | يرج⎝Sͯнιβטκκהι⎠               
[NONE ][16:39:54]       8 | [BOT]           | ? |     2 |    662 |  2597,  3376 | swey                          
[NONE ][16:39:54]       9 | [BOT]           | ? |     4 |    691 |  1730,   448 | stalin                        
[NONE ][16:39:54]      10 | [BOT]           | ? |     1 |     59 | -7032,   145 | TEAM PRO                      
[NONE ][16:39:54]      11 | [BOT]           | ? |     1 |    529 |  6948, -2618 | ζ͜͡҈Šȶ༻⇝ＳＴＲＩＣＫＳ               
[NONE ][16:39:54]      12 | [BOT]           | ? |     1 |    624 |  6857, -2937 | chepa ayuda                   
[NONE ][16:39:54]      13 | [BOT]           | ? |     1 |     24 | -7046, -3879 | ᄿ༺ΛṨḤṪṒṆ༻ᄽ                    
[NONE ][16:39:54]      14 | [BOT]           | ? |     1 |    591 | -3286, -5913 | NAVTHEMALG                    
[NONE ][16:39:54]      15 | [BOT]           | ? |     1 |    593 |  4750, -6481 | 「米」χтяємє✧一❥緑🔒               
[NONE ][16:39:54]      16 | 127.0.0.1       | 6 |     3 | 333648 |  1100, -1028 | Zapphire ¬¬                   
[DEBUG][16:39:54] process.exit(1)
=== Shutdown 2018-01-31T16-39-54-747 ===
