=== Started 2018-01-18T18-40-25-000 ===
[INFO ][18:40:25] 419 bad words loaded
[WARN ][18:40:25] User account "Local Administrator" disabled
[WARN ][18:40:25] User account "Local Moderator" disabled
[WARN ][18:40:25] User account "Local User" disabled
[INFO ][18:40:25] 0 user records loaded.
[INFO ][18:40:25] 0 IP ban records loaded.
[INFO ][18:40:25] [1m[32mMultiOgar-Edited 1.6.1[37m - An open source multi-protocol ogar server[0m
[INFO ][18:40:25] WebSocket: ws
[INFO ][18:40:25] Started stats server on port 9090
[INFO ][18:40:25] Listening on port 8888
[INFO ][18:40:25] Current game mode is Free For All
[NONE ][18:40:25]   __  __       _ _   _  ___                        _____    _ _ _           _    _   __    _ 
 |  \/  |_   _| | |_(_)/ _ \  __ _  __ _ _ __     | ____|__| (_) |_ ___  __| |  / | / /_  / |
 | |\/| | | | | | __| | | | |/ _` |/ _` | '__|____|  _| / _` | | __/ _ \/ _` |  | || '_ \ | |
 | |  | | |_| | | |_| | |_| | (_| | (_| | | |_____| |__| (_| | | ||  __/ (_| |  | || (_) || |
 |_|  |_|\__,_|_|\__|_|\___/ \__, |\__,_|_|       |_____\__,_|_|\__\___|\__,_|  |_(_)___(_)_|
                             |___/                                                           
[NONE ][18:40:25] CONNECTED 127.0.0.1:58513, origin: "http://localhost"
[NONE ][18:51:42] >
[NONE ][18:51:44] >pl
[NONE ][18:51:44] 
Current players: 11
[NONE ][18:51:44] Do "playerlist m" or "pl m" to list minions

[NONE ][18:51:44]  ID     | IP              | P | CELLS | SCORE  |   POSITION   | NICK                           
[NONE ][18:51:44] ───────────────────────────────────────────────────────────────────────────────────────────────
[NONE ][18:51:44]       1 | 127.0.0.1       | 6 |     1 |   1129 |  -109,  4177 | Goblin                        
[NONE ][18:51:46] >m 1 12000
[NONE ][18:51:46] Set mass of Goblin to 12000.000
[NONE ][18:52:31] >m 1 16000
[NONE ][18:52:31] Set mass of Goblin to 16000.000
[NONE ][18:54:06] >m 1 22000
[NONE ][18:54:06] Set mass of Goblin to 22000.000
[NONE ][18:55:30] >m 1 22000
[NONE ][18:55:30] Set mass of Goblin to 22000.000
[NONE ][18:56:38] >m 1 22000
[NONE ][18:56:38] Set mass of Goblin to 22000.000
[NONE ][18:57:16] >m 1 22000
[NONE ][18:57:16] Set mass of Goblin to 22000.000
[NONE ][18:59:38] >m 1 22000
[NONE ][18:59:38] Set mass of Goblin to 22000.000
[DEBUG][19:00:25] process.exit(1)
=== Shutdown 2018-01-18T19-00-25-160 ===
