=== Started 2018-03-03T17-29-14-793 ===
[INFO ][17:29:14] 0 bad words loaded
[WARN ][17:29:14] User account "Local Moderator" disabled
[WARN ][17:29:14] User account "Local User" disabled
[INFO ][17:29:14] 1 user records loaded.
[INFO ][17:29:14] 1 IP ban records loaded.
[INFO ][17:29:14] [1m[32mMultiOgar-Edited 1.6.1[37m - An open source multi-protocol ogar server[0m
[INFO ][17:29:14] WebSocket: ws
[INFO ][17:29:14] Started stats server on port 1052
[INFO ][17:29:14] Listening on port 8888
[INFO ][17:29:14] Current game mode is Free For All
[INFO ][17:29:15] Added 2 player bots
[NONE ][17:29:15]   __  __       _ _   _  ___                        _____    _ _ _           _    _   __    _ 
 |  \/  |_   _| | |_(_)/ _ \  __ _  __ _ _ __     | ____|__| (_) |_ ___  __| |  / | / /_  / |
 | |\/| | | | | | __| | | | |/ _` |/ _` | '__|____|  _| / _` | | __/ _ \/ _` |  | || '_ \ | |
 | |  | | |_| | | |_| | |_| | (_| | (_| | | |_____| |__| (_| | | ||  __/ (_| |  | || (_) || |
 |_|  |_|\__,_|_|\__|_|\___/ \__, |\__,_|_|       |_____\__,_|_|\__\___|\__,_|  |_(_)___(_)_|
                             |___/                                                           
[NONE ][17:29:16] CONNECTED 127.0.0.1:20982, origin: "http://zapphy.epizy.com"
[NONE ][17:29:18] >plk
[WARN ][17:29:18] Invalid Command!
[NONE ][17:29:19] >pl
[NONE ][17:29:19] 
Current players: 23
[NONE ][17:29:19] Do "playerlist m" or "pl m" to list minions

[NONE ][17:29:19]  ID     | IP              | P | CELLS | SCORE  |   POSITION   | NICK                           
[NONE ][17:29:19] â”€â”€â”€â”€â”€â”€â”€â”€â”€â”€â”€â”€â”€â”€â”€â”€â”€â”€â”€â”€â”€â”€â”€â”€â”€â”€â”€â”€â”€â”€â”€â”€â”€â”€â”€â”€â”€â”€â”€â”€â”€â”€â”€â”€â”€â”€â”€â”€â”€â”€â”€â”€â”€â”€â”€â”€â”€â”€â”€â”€â”€â”€â”€â”€â”€â”€â”€â”€â”€â”€â”€â”€â”€â”€â”€â”€â”€â”€â”€â”€â”€â”€â”€â”€â”€â”€â”€â”€â”€â”€â”€â”€â”€â”€â”€
[NONE ][17:29:19]       1 | [BOT]           | ? |     4 |   2556 | -1032,  1039 | FAME ACEMÄ°LERÄ°                
[NONE ][17:29:19]       2 | [BOT]           | ? |     1 |   2471 | -1058,  5592 | GoblinsYTä¸€ï¿½ä¸œåŒ—ðŸ³               
[NONE ][17:29:19]       3 | 127.0.0.1       | 6 |     1 |   2485 |  5927,  4495 | Zapphire                      
[NONE ][17:29:21] >m 3 12000
[NONE ][17:29:21] Set mass of Zapphire to 12000.000
[NONE ][17:29:41] >pl
[NONE ][17:29:41] 
Current players: 23
[NONE ][17:29:41] Do "playerlist m" or "pl m" to list minions

[NONE ][17:29:41]  ID     | IP              | P | CELLS | SCORE  |   POSITION   | NICK                           
[NONE ][17:29:41] â”€â”€â”€â”€â”€â”€â”€â”€â”€â”€â”€â”€â”€â”€â”€â”€â”€â”€â”€â”€â”€â”€â”€â”€â”€â”€â”€â”€â”€â”€â”€â”€â”€â”€â”€â”€â”€â”€â”€â”€â”€â”€â”€â”€â”€â”€â”€â”€â”€â”€â”€â”€â”€â”€â”€â”€â”€â”€â”€â”€â”€â”€â”€â”€â”€â”€â”€â”€â”€â”€â”€â”€â”€â”€â”€â”€â”€â”€â”€â”€â”€â”€â”€â”€â”€â”€â”€â”€â”€â”€â”€â”€â”€â”€â”€
[NONE ][17:29:41]       1 | [BOT]           | ? |     8 |   2460 |  -824,   582 | FAME ACEMÄ°LERÄ°                
[NONE ][17:29:41]       2 | [BOT]           | ? |     8 |   2473 |  -755,   597 | GoblinsYTä¸€ï¿½ä¸œåŒ—ðŸ³               
[NONE ][17:29:41]       3 | 127.0.0.1       | 6 |     1 |    672 |  3899,  3636 | Zapphire                      
[NONE ][17:29:43] >m 3 12000
[NONE ][17:29:43] Set mass of Zapphire to 12000.000
[NONE ][17:30:40] >m 3 16000
[NONE ][17:30:40] Set mass of Zapphire to 16000.000
[NONE ][17:48:29] >k 3
[NONE ][17:48:29] Killed Zapphire and removed 1 cells
[NONE ][17:50:14] DISCONNECTED 127.0.0.1:20982, code: 1006, reason: "", name: "Zapphire"
[NONE ][17:50:24] CONNECTED 127.0.0.1:21035, origin: "http://zapphy.epizy.com"
[NONE ][17:52:10] >m 3 10000
[WARN ][17:52:10] That player ID is non-existant!
[NONE ][17:52:12] >pl
[NONE ][17:52:12] 
Current players: 23
[NONE ][17:52:12] Do "playerlist m" or "pl m" to list minions

[NONE ][17:52:12]  ID     | IP              | P | CELLS | SCORE  |   POSITION   | NICK                           
[NONE ][17:52:12] â”€â”€â”€â”€â”€â”€â”€â”€â”€â”€â”€â”€â”€â”€â”€â”€â”€â”€â”€â”€â”€â”€â”€â”€â”€â”€â”€â”€â”€â”€â”€â”€â”€â”€â”€â”€â”€â”€â”€â”€â”€â”€â”€â”€â”€â”€â”€â”€â”€â”€â”€â”€â”€â”€â”€â”€â”€â”€â”€â”€â”€â”€â”€â”€â”€â”€â”€â”€â”€â”€â”€â”€â”€â”€â”€â”€â”€â”€â”€â”€â”€â”€â”€â”€â”€â”€â”€â”€â”€â”€â”€â”€â”€â”€â”€
[NONE ][17:52:12]       1 | [BOT]           | ? |     2 |   3497 | -1474, -2996 | FAME ACEMÄ°LERÄ°                
[NONE ][17:52:12]       2 | [BOT]           | ? |     1 |    201 | -5184,  6549 | GoblinsYTä¸€ï¿½ä¸œåŒ—ðŸ³               
[NONE ][17:52:12]      24 | 127.0.0.1       | 6 |     1 |    141 |  -997,  4705 | Zapphire                      
[NONE ][17:52:15] >m 24 12000
[NONE ][17:52:15] Set mass of Zapphire to 12000.000
[NONE ][17:52:51] >exit
[WARN ][17:52:51] Closing server...
[DEBUG][17:52:51] process.exit(1)
=== Shutdown 2018-03-03T17-52-51-703 ===
