=== Started 2018-01-19T17-52-49-095 ===
[INFO ][17:52:49] 419 bad words loaded
[WARN ][17:52:49] User account "Local Administrator" disabled
[WARN ][17:52:49] User account "Local Moderator" disabled
[WARN ][17:52:49] User account "Local User" disabled
[INFO ][17:52:49] 0 user records loaded.
[INFO ][17:52:49] 0 IP ban records loaded.
[INFO ][17:52:49] [1m[32mMultiOgar-Edited 1.6.1[37m - An open source multi-protocol ogar server[0m
[INFO ][17:52:49] WebSocket: ws
[INFO ][17:52:49] Started stats server on port 9090
[INFO ][17:52:49] Listening on port 8888
[INFO ][17:52:49] Current game mode is Free For All
[NONE ][17:52:49]   __  __       _ _   _  ___                        _____    _ _ _           _    _   __    _ 
 |  \/  |_   _| | |_(_)/ _ \  __ _  __ _ _ __     | ____|__| (_) |_ ___  __| |  / | / /_  / |
 | |\/| | | | | | __| | | | |/ _` |/ _` | '__|____|  _| / _` | | __/ _ \/ _` |  | || '_ \ | |
 | |  | | |_| | | |_| | |_| | (_| | (_| | | |_____| |__| (_| | | ||  __/ (_| |  | || (_) || |
 |_|  |_|\__,_|_|\__|_|\___/ \__, |\__,_|_|       |_____\__,_|_|\__\___|\__,_|  |_(_)___(_)_|
                             |___/                                                           
[NONE ][17:52:51] CONNECTED 127.0.0.1:62888, origin: "http://zapphy.epizy.com"
[NONE ][17:52:55] >m 1 12000
[NONE ][17:52:55] Set mass of zÎ±ÏÏĞ½Î¹ÑÑ” to 12000.000
[NONE ][17:53:04] >m 1 12000
[NONE ][17:53:04] Set mass of zÎ±ÏÏĞ½Î¹ÑÑ” to 12000.000
[NONE ][17:55:36] >m 1 12000
[NONE ][17:55:36] Set mass of zÎ±ÏÏĞ½Î¹ÑÑ” to 12000.000
