=== Started 2018-03-03T18-34-13-797 ===
[INFO ][18:34:13] 0 bad words loaded
[WARN ][18:34:13] User account "Local Moderator" disabled
[WARN ][18:34:13] User account "Local User" disabled
[INFO ][18:34:13] 1 user records loaded.
[INFO ][18:34:13] 1 IP ban records loaded.
[INFO ][18:34:13] [1m[32mMultiOgar-Edited 1.6.1[37m - An open source multi-protocol ogar server[0m
[INFO ][18:34:13] WebSocket: ws
[INFO ][18:34:13] Started stats server on port 1052
[INFO ][18:34:13] Listening on port 8888
[INFO ][18:34:13] Current game mode is Free For All
[INFO ][18:34:13] Added 2 player bots
[NONE ][18:34:13]   __  __       _ _   _  ___                        _____    _ _ _           _    _   __    _ 
 |  \/  |_   _| | |_(_)/ _ \  __ _  __ _ _ __     | ____|__| (_) |_ ___  __| |  / | / /_  / |
 | |\/| | | | | | __| | | | |/ _` |/ _` | '__|____|  _| / _` | | __/ _ \/ _` |  | || '_ \ | |
 | |  | | |_| | | |_| | |_| | (_| | (_| | | |_____| |__| (_| | | ||  __/ (_| |  | || (_) || |
 |_|  |_|\__,_|_|\__|_|\___/ \__, |\__,_|_|       |_____\__,_|_|\__\___|\__,_|  |_(_)___(_)_|
                             |___/                                                           
[NONE ][18:40:25] CONNECTED 127.0.0.1:24157, origin: "http://zapphy.epizy.com"
[NONE ][18:40:28] >pl
[NONE ][18:40:28] 
Current players: 23
[NONE ][18:40:28] Do "playerlist m" or "pl m" to list minions

[NONE ][18:40:28]  ID     | IP              | P | CELLS | SCORE  |   POSITION   | NICK                           
[NONE ][18:40:28] â”€â”€â”€â”€â”€â”€â”€â”€â”€â”€â”€â”€â”€â”€â”€â”€â”€â”€â”€â”€â”€â”€â”€â”€â”€â”€â”€â”€â”€â”€â”€â”€â”€â”€â”€â”€â”€â”€â”€â”€â”€â”€â”€â”€â”€â”€â”€â”€â”€â”€â”€â”€â”€â”€â”€â”€â”€â”€â”€â”€â”€â”€â”€â”€â”€â”€â”€â”€â”€â”€â”€â”€â”€â”€â”€â”€â”€â”€â”€â”€â”€â”€â”€â”€â”€â”€â”€â”€â”€â”€â”€â”€â”€â”€â”€
[NONE ][18:40:28]       1 | [BOT]           | ? |     1 |   1129 | -5549, -6249 | OmgItsÊ³áµ‰áµ›áµƒâ¿ #3k               
[NONE ][18:40:28]       2 | [BOT]           | ? |     1 |   1354 |  3825,  4926 | click                         
[NONE ][18:40:28]       3 | 127.0.0.1       | 6 | -------------------------------------------DEAD OR NOT PLAYING
[NONE ][18:40:32] >pl
[NONE ][18:40:32] 
Current players: 23
[NONE ][18:40:32] Do "playerlist m" or "pl m" to list minions

[NONE ][18:40:32]  ID     | IP              | P | CELLS | SCORE  |   POSITION   | NICK                           
[NONE ][18:40:32] â”€â”€â”€â”€â”€â”€â”€â”€â”€â”€â”€â”€â”€â”€â”€â”€â”€â”€â”€â”€â”€â”€â”€â”€â”€â”€â”€â”€â”€â”€â”€â”€â”€â”€â”€â”€â”€â”€â”€â”€â”€â”€â”€â”€â”€â”€â”€â”€â”€â”€â”€â”€â”€â”€â”€â”€â”€â”€â”€â”€â”€â”€â”€â”€â”€â”€â”€â”€â”€â”€â”€â”€â”€â”€â”€â”€â”€â”€â”€â”€â”€â”€â”€â”€â”€â”€â”€â”€â”€â”€â”€â”€â”€â”€â”€
[NONE ][18:40:32]       1 | [BOT]           | ? |     1 |   1121 | -6031, -6246 | OmgItsÊ³áµ‰áµ›áµƒâ¿ #3k               
[NONE ][18:40:32]       2 | [BOT]           | ? |     1 |   1347 |  3914,  4334 | click                         
[NONE ][18:40:32]       3 | 127.0.0.1       | 6 |     1 |   2497 |  1295,  4585 | Zapphire                      
[NONE ][18:40:34] >m 3 10000
[NONE ][18:40:34] Set mass of Zapphire to 10000.000
[NONE ][18:40:50] >m 3 17000
[NONE ][18:40:50] Set mass of Zapphire to 17000.000
[NONE ][18:48:49] DISCONNECTED 127.0.0.1:24157, code: 1000, reason: "", name: "Zapphire"
