=== Started 2018-01-28T10-52-22-833 ===
[INFO ][10:52:22] 419 bad words loaded
[WARN ][10:52:22] User account "Local Administrator" disabled
[WARN ][10:52:22] User account "Local Moderator" disabled
[WARN ][10:52:22] User account "Local User" disabled
[INFO ][10:52:22] 0 user records loaded.
[INFO ][10:52:22] 0 IP ban records loaded.
[INFO ][10:52:22] [1m[32mMultiOgar-Edited 1.6.1[37m - An open source multi-protocol ogar server[0m
[INFO ][10:52:22] WebSocket: ws
[INFO ][10:52:23] Started stats server on port 9090
[INFO ][10:52:23] Listening on port 8888
[INFO ][10:52:23] Current game mode is Free For All
[INFO ][10:52:23] Added 15 player bots
[NONE ][10:52:23]   __  __       _ _   _  ___                        _____    _ _ _           _    _   __    _ 
 |  \/  |_   _| | |_(_)/ _ \  __ _  __ _ _ __     | ____|__| (_) |_ ___  __| |  / | / /_  / |
 | |\/| | | | | | __| | | | |/ _` |/ _` | '__|____|  _| / _` | | __/ _ \/ _` |  | || '_ \ | |
 | |  | | |_| | | |_| | |_| | (_| | (_| | | |_____| |__| (_| | | ||  __/ (_| |  | || (_) || |
 |_|  |_|\__,_|_|\__|_|\___/ \__, |\__,_|_|       |_____\__,_|_|\__\___|\__,_|  |_(_)___(_)_|
                             |___/                                                           
[NONE ][10:52:23] CONNECTED 127.0.0.1:50110, origin: "http://localhost"
[NONE ][10:52:33] >m 16 7000
[NONE ][10:52:33] Set mass of  to 7000.000
[NONE ][10:52:47] >m 16 13000
[NONE ][10:52:47] Set mass of  to 13000.000
[NONE ][10:54:13] >m 16 13000
[NONE ][10:54:13] Set mass of  to 13000.000
[NONE ][10:55:20] >m 16 13000
[NONE ][10:55:20] Set mass of  to 13000.000
[NONE ][10:57:29] >m 16 16000
[NONE ][10:57:29] Set mass of  to 16000.000
[NONE ][10:57:32] >mg 16
[NONE ][10:57:32]  is now force merging
[NONE ][10:59:43] >m 16 13000
[NONE ][10:59:43] Set mass of  to 13000.000
[NONE ][11:01:23] >m 16 13000
[NONE ][11:01:23] Set mass of  to 13000.000
[NONE ][11:02:06] >k 16
[NONE ][11:02:06] Killed  and removed 1 cells
[NONE ][11:02:31] >k 16
[NONE ][11:02:31] Killed  and removed 4 cells
[NONE ][11:03:36] >m 16 13000
[NONE ][11:03:36] Set mass of  to 13000.000
[NONE ][11:04:00] >m 16 13000
[NONE ][11:04:00] Set mass of  to 13000.000
[NONE ][11:05:28] >m 16 13000
[NONE ][11:05:28] Set mass of  to 13000.000
[NONE ][11:06:39] >m 16 13000
[NONE ][11:06:39] Set mass of  to 13000.000
[NONE ][11:06:43] >m 16 22000
[NONE ][11:06:43] Set mass of  to 22000.000
[NONE ][11:07:01] >m 16 22000
[NONE ][11:07:01] Set mass of  to 22000.000
[NONE ][11:10:29] >m 16 13000
[NONE ][11:10:29] Set mass of  to 13000.000
[NONE ][11:10:50] >m 16 22000
[NONE ][11:10:50] Set mass of  to 22000.000
[NONE ][11:12:19] >m 16 22000
[NONE ][11:12:19] Set mass of  to 22000.000
[NONE ][11:13:13] >reload
[INFO ][11:13:13] 419 bad words loaded
[WARN ][11:13:13] User account "Local Administrator" disabled
[WARN ][11:13:13] User account "Local Moderator" disabled
[WARN ][11:13:13] User account "Local User" disabled
[INFO ][11:13:13] 0 user records loaded.
[INFO ][11:13:13] 0 IP ban records loaded.
[NONE ][11:13:13] Reloaded files successfully
[NONE ][11:14:45] >k 16
[NONE ][11:14:45] Killed  and removed 16 cells
