=== Started 2018-02-18T18-28-59-784 ===
[INFO ][18:28:59] 419 bad words loaded
[WARN ][18:28:59] User account "Local Administrator" disabled
[WARN ][18:28:59] User account "Local Moderator" disabled
[WARN ][18:28:59] User account "Local User" disabled
[INFO ][18:28:59] 0 user records loaded.
[INFO ][18:28:59] 0 IP ban records loaded.
[INFO ][18:28:59] [1m[32mMultiOgar-Edited 1.6.1[37m - An open source multi-protocol ogar server[0m
[INFO ][18:28:59] WebSocket: ws
[INFO ][18:28:59] Started stats server on port 9090
[INFO ][18:28:59] Listening on port 8888
[INFO ][18:28:59] Current game mode is Free For All
[INFO ][18:28:59] Added 5 player bots
[NONE ][18:29:00]   __  __       _ _   _  ___                        _____    _ _ _           _    _   __    _ 
 |  \/  |_   _| | |_(_)/ _ \  __ _  __ _ _ __     | ____|__| (_) |_ ___  __| |  / | / /_  / |
 | |\/| | | | | | __| | | | |/ _` |/ _` | '__|____|  _| / _` | | __/ _ \/ _` |  | || '_ \ | |
 | |  | | |_| | | |_| | |_| | (_| | (_| | | |_____| |__| (_| | | ||  __/ (_| |  | || (_) || |
 |_|  |_|\__,_|_|\__|_|\___/ \__, |\__,_|_|       |_____\__,_|_|\__\___|\__,_|  |_(_)___(_)_|
                             |___/                                                           
[NONE ][18:29:00] CONNECTED 191.88.73.76:60648, origin: "http://zapphy.epizy.com"
[NONE ][18:29:07] >m 6 10000
[NONE ][18:29:07] Set mass of Crystal to 10000.000
[NONE ][18:29:14] >m 6 15000
[NONE ][18:29:14] Set mass of Crystal to 15000.000
[NONE ][18:30:08] >m 6 15000
[NONE ][18:30:08] Set mass of Crystal to 15000.000
[NONE ][18:30:14] >exit
[WARN ][18:30:14] Closing server...
[DEBUG][18:30:14] process.exit(1)
=== Shutdown 2018-02-18T18-30-14-633 ===
