=== Started 2018-01-19T18-58-55-610 ===
[INFO ][18:58:55] 419 bad words loaded
[WARN ][18:58:55] User account "Local Administrator" disabled
[WARN ][18:58:55] User account "Local Moderator" disabled
[WARN ][18:58:55] User account "Local User" disabled
[INFO ][18:58:55] 0 user records loaded.
[INFO ][18:58:55] 0 IP ban records loaded.
[INFO ][18:58:55] [1m[32mMultiOgar-Edited 1.6.1[37m - An open source multi-protocol ogar server[0m
[INFO ][18:58:55] WebSocket: ws
[INFO ][18:58:55] Started stats server on port 9090
[INFO ][18:58:55] Listening on port 8888
[INFO ][18:58:55] Current game mode is Free For All
[INFO ][18:58:55] Added 15 player bots
[NONE ][18:58:55]   __  __       _ _   _  ___                        _____    _ _ _           _    _   __    _ 
 |  \/  |_   _| | |_(_)/ _ \  __ _  __ _ _ __     | ____|__| (_) |_ ___  __| |  / | / /_  / |
 | |\/| | | | | | __| | | | |/ _` |/ _` | '__|____|  _| / _` | | __/ _ \/ _` |  | || '_ \ | |
 | |  | | |_| | | |_| | |_| | (_| | (_| | | |_____| |__| (_| | | ||  __/ (_| |  | || (_) || |
 |_|  |_|\__,_|_|\__|_|\___/ \__, |\__,_|_|       |_____\__,_|_|\__\___|\__,_|  |_(_)___(_)_|
                             |___/                                                           
[NONE ][18:58:56] CONNECTED 127.0.0.1:51175, origin: "http://localhost"
[NONE ][19:02:11] DISCONNECTED 127.0.0.1:51175, code: 1006, reason: "undefined", name: ""
