=== Started 2018-01-18T18-02-25-660 ===
[INFO ][18:02:25] 419 bad words loaded
[WARN ][18:02:25] User account "Local Administrator" disabled
[WARN ][18:02:25] User account "Local Moderator" disabled
[WARN ][18:02:25] User account "Local User" disabled
[INFO ][18:02:25] 0 user records loaded.
[INFO ][18:02:25] 0 IP ban records loaded.
[INFO ][18:02:25] [1m[32mMultiOgar-Edited 1.6.1[37m - An open source multi-protocol ogar server[0m
[INFO ][18:02:25] WebSocket: ws
[INFO ][18:02:25] Started stats server on port 9090
[INFO ][18:02:25] Listening on port 8888
[INFO ][18:02:25] Current game mode is Free For All
[NONE ][18:02:25]   __  __       _ _   _  ___                        _____    _ _ _           _    _   __    _ 
 |  \/  |_   _| | |_(_)/ _ \  __ _  __ _ _ __     | ____|__| (_) |_ ___  __| |  / | / /_  / |
 | |\/| | | | | | __| | | | |/ _` |/ _` | '__|____|  _| / _` | | __/ _ \/ _` |  | || '_ \ | |
 | |  | | |_| | | |_| | |_| | (_| | (_| | | |_____| |__| (_| | | ||  __/ (_| |  | || (_) || |
 |_|  |_|\__,_|_|\__|_|\___/ \__, |\__,_|_|       |_____\__,_|_|\__\___|\__,_|  |_(_)___(_)_|
                             |___/                                                           
[NONE ][18:02:27] CONNECTED 127.0.0.1:57031, origin: "http://localhost"
[DEBUG][18:40:20] process.exit(1)
=== Shutdown 2018-01-18T18-40-20-507 ===
