=== Started 2018-02-17T14-52-06-707 ===
[INFO ][14:52:06] 419 bad words loaded
[WARN ][14:52:06] User account "Local Administrator" disabled
[WARN ][14:52:06] User account "Local Moderator" disabled
[WARN ][14:52:06] User account "Local User" disabled
[INFO ][14:52:06] 0 user records loaded.
[INFO ][14:52:06] 0 IP ban records loaded.
[INFO ][14:52:06] [1m[32mMultiOgar-Edited 1.6.1[37m - An open source multi-protocol ogar server[0m
[INFO ][14:52:06] WebSocket: ws
[INFO ][14:52:06] Started stats server on port 9090
[INFO ][14:52:06] Listening on port 8888
[INFO ][14:52:06] Current game mode is Free For All
[INFO ][14:52:06] Added 15 player bots
[NONE ][14:52:06]   __  __       _ _   _  ___                        _____    _ _ _           _    _   __    _ 
 |  \/  |_   _| | |_(_)/ _ \  __ _  __ _ _ __     | ____|__| (_) |_ ___  __| |  / | / /_  / |
 | |\/| | | | | | __| | | | |/ _` |/ _` | '__|____|  _| / _` | | __/ _ \/ _` |  | || '_ \ | |
 | |  | | |_| | | |_| | |_| | (_| | (_| | | |_____| |__| (_| | | ||  __/ (_| |  | || (_) || |
 |_|  |_|\__,_|_|\__|_|\___/ \__, |\__,_|_|       |_____\__,_|_|\__\___|\__,_|  |_(_)___(_)_|
                             |___/                                                           
[NONE ][14:52:08] CONNECTED 127.0.0.1:59989, origin: "http://localhost"
[NONE ][14:52:31] >exit
[WARN ][14:52:31] Closing server...
[DEBUG][14:52:31] process.exit(1)
=== Shutdown 2018-02-17T14-52-31-837 ===
