=== Started 2018-03-03T17-57-20-389 ===
[INFO ][17:57:20] 0 bad words loaded
[WARN ][17:57:20] User account "Local Moderator" disabled
[WARN ][17:57:20] User account "Local User" disabled
[INFO ][17:57:20] 1 user records loaded.
[INFO ][17:57:20] 1 IP ban records loaded.
[INFO ][17:57:20] [1m[32mMultiOgar-Edited 1.6.1[37m - An open source multi-protocol ogar server[0m
[INFO ][17:57:20] WebSocket: ws
[INFO ][17:57:20] Started stats server on port 1052
[INFO ][17:57:20] Listening on port 8888
[INFO ][17:57:20] Current game mode is Free For All
[INFO ][17:57:20] Added 2 player bots
[NONE ][17:57:20]   __  __       _ _   _  ___                        _____    _ _ _           _    _   __    _ 
 |  \/  |_   _| | |_(_)/ _ \  __ _  __ _ _ __     | ____|__| (_) |_ ___  __| |  / | / /_  / |
 | |\/| | | | | | __| | | | |/ _` |/ _` | '__|____|  _| / _` | | __/ _ \/ _` |  | || '_ \ | |
 | |  | | |_| | | |_| | |_| | (_| | (_| | | |_____| |__| (_| | | ||  __/ (_| |  | || (_) || |
 |_|  |_|\__,_|_|\__|_|\___/ \__, |\__,_|_|       |_____\__,_|_|\__\___|\__,_|  |_(_)___(_)_|
                             |___/                                                           
[NONE ][17:57:21] CONNECTED 127.0.0.1:21118, origin: "http://zapphy.epizy.com"
[NONE ][17:57:34] >m 3 10000
[NONE ][17:57:34] Set mass of An unnamed cell to 10000.000
[NONE ][17:57:52] >m 3 12000
[NONE ][17:57:52] Set mass of An unnamed cell to 12000.000
[NONE ][17:59:09] >m 3 12000
[NONE ][17:59:09] Set mass of An unnamed cell to 12000.000
[NONE ][18:00:38] >m 3 17000
[NONE ][18:00:38] Set mass of An unnamed cell to 17000.000
[NONE ][18:03:36] >m 3 22000
[NONE ][18:03:36] Set mass of An unnamed cell to 22000.000
[NONE ][18:04:12] >exit
[WARN ][18:04:12] Closing server...
[DEBUG][18:04:12] process.exit(1)
=== Shutdown 2018-03-03T18-04-12-732 ===
