=== Started 2018-03-02T23-10-03-019 ===
[INFO ][23:10:03] 0 bad words loaded
[WARN ][23:10:03] User account "Local Moderator" disabled
[WARN ][23:10:03] User account "Local User" disabled
[INFO ][23:10:03] 1 user records loaded.
[INFO ][23:10:03] 1 IP ban records loaded.
[INFO ][23:10:03] [1m[32mMultiOgar-Edited 1.6.1[37m - An open source multi-protocol ogar server[0m
[INFO ][23:10:03] WebSocket: ws
[INFO ][23:10:03] Started stats server on port 88
[INFO ][23:10:03] Listening on port 25565
[INFO ][23:10:03] Current game mode is Free For All
[INFO ][23:10:03] Added 5 player bots
[NONE ][23:10:03]   __  __       _ _   _  ___                        _____    _ _ _           _    _   __    _ 
 |  \/  |_   _| | |_(_)/ _ \  __ _  __ _ _ __     | ____|__| (_) |_ ___  __| |  / | / /_  / |
 | |\/| | | | | | __| | | | |/ _` |/ _` | '__|____|  _| / _` | | __/ _ \/ _` |  | || '_ \ | |
 | |  | | |_| | | |_| | |_| | (_| | (_| | | |_____| |__| (_| | | ||  __/ (_| |  | || (_) || |
 |_|  |_|\__,_|_|\__|_|\___/ \__, |\__,_|_|       |_____\__,_|_|\__\___|\__,_|  |_(_)___(_)_|
                             |___/                                                           
[NONE ][23:10:19] >st
[NONE ][23:10:19] Connected players: 5/128
[NONE ][23:10:19] Players: 0 - Bots: 5
[NONE ][23:10:19] Average score: 2466.62
[NONE ][23:10:19] Server has been running for a total of0 minutes
[NONE ][23:10:19] Current memory usage: 11.1/17.4 mb
[NONE ][23:10:19] Current game mode: Free For All
[NONE ][23:10:19] Current update time: 0.478 [ms]  (perfectly smooth)
[NONE ][23:10:32] >exit
[WARN ][23:10:32] Closing server...
[DEBUG][23:10:32] process.exit(1)
=== Shutdown 2018-03-02T23-10-32-975 ===
