=== Started 2017-12-20T11-04-38-875 ===
[INFO ][11:04:38] 419 bad words loaded
[WARN ][11:04:38] User account "Local Moderator" disabled
[INFO ][11:04:38] 2 user records loaded.
[INFO ][11:04:38] 0 IP ban records loaded.
[INFO ][11:04:38] [1m[32mMultiOgar-Edited 1.6.1[37m - An open source multi-protocol ogar server[0m
[INFO ][11:04:38] WebSocket: ws
[INFO ][11:04:39] Started stats server on port 88
[INFO ][11:04:39] Listening on port 8888
[INFO ][11:04:39] Current game mode is Free For All
[NONE ][11:04:39]   __  __       _ _   _  ___                        _____    _ _ _           _    _   __    _ 
 |  \/  |_   _| | |_(_)/ _ \  __ _  __ _ _ __     | ____|__| (_) |_ ___  __| |  / | / /_  / |
 | |\/| | | | | | __| | | | |/ _` |/ _` | '__|____|  _| / _` | | __/ _ \/ _` |  | || '_ \ | |
 | |  | | |_| | | |_| | |_| | (_| | (_| | | |_____| |__| (_| | | ||  __/ (_| |  | || (_) || |
 |_|  |_|\__,_|_|\__|_|\___/ \__, |\__,_|_|       |_____\__,_|_|\__\___|\__,_|  |_(_)___(_)_|
                             |___/                                                           
[NONE ][11:04:44] >exit
[WARN ][11:04:44] Closing server...
[DEBUG][11:04:44] process.exit(1)
=== Shutdown 2017-12-20T11-04-44-651 ===
